Reading pref.tcl

# 2023.2

# vsim -c ReLU_tb -do "run -all; quit" 
# Start time: 00:58:01 on May 12,2026
# ** Note: (vsim-3812) Design is being optimized...
# //  Questa Sim-64
# //  Version 2023.2 linux_x86_64 Apr 11 2023
# //
# //  Copyright 1991-2023 Mentor Graphics Corporation
# //  All Rights Reserved.
# //
# //  QuestaSim and its associated documentation contain trade
# //  secrets and commercial or financial information that are the property of
# //  Mentor Graphics Corporation and are privileged, confidential,
# //  and exempt from disclosure under the Freedom of Information Act,
# //  5 U.S.C. Section 552. Furthermore, this information
# //  is prohibited from disclosure under the Trade Secrets Act,
# //  18 U.S.C. Section 1905.
# //
# Loading sv_std.std
# Loading work.ReLU_tb(fast)
# run -all
# ALL TESTS PASSED: 5 tests run
# ** Note: $finish    : ../tb/ReLU_tb.sv(51)
#    Time: 5 ns  Iteration: 0  Instance: /ReLU_tb
# End time: 00:58:01 on May 12,2026, Elapsed time: 0:00:00
# Errors: 0, Warnings: 0
