###############################################################
#  Generated by:      Cadence Innovus 21.19-s058_1
#  OS:                Linux x86_64(Host ID compute3.eng.umd.edu)
#  Generated on:      Wed Jul  1 21:08:47 2026
#  Design:            resi_block
#  Command:           report_design > reports/final_design.rpt
###############################################################

	 View : view_typical
     +-----------------------------------------+ 
     |     Design Property      |    Value     | 
     |--------------------------+--------------| 
     | Design Name              |   resi_block | 
     | Operating Condition Name | tt_025C_1v80 | 
     | Process                  |        1.000 | 
     | Voltage                  |        1.800 | 
     | Temperature              |       25.000 | 
     | Tree Type                |     balanced | 
     +-----------------------------------------+ 
     +-------------------------+ 
     |   Design Rule   | Value | 
     |-----------------+-------| 
     | Max Transition  | 1.500 | 
     | Min Transition  |    NA | 
     | Max Capacitance |    NA | 
     | Min Capacitance |    NA | 
     | Max Fanout      |    NA | 
     | Min Fanout      |    NA | 
     +-------------------------+ 
