###############################################################
#  Generated by:      Cadence Innovus 21.19-s058_1
#  OS:                Linux x86_64(Host ID compute3.eng.umd.edu)
#  Generated on:      Wed Jul  1 21:08:47 2026
#  Design:            resi_block
#  Command:           report_analysis_summary > reports/final_analysis_summary.rpt
###############################################################

REPORT ANALYSIS SUMMARY (View:view_typical) (EL:Setup)
=========================================================================================================================================================================================================

GroupType:Async
=========================================================================================================================================================================================================

         All                             IN2REG                          IN2OUT                           REG2REG                              REG2OUT
    -----------------------------------------------------------------------------------------------------------------------------------------------------------------------------------------------------  
     WNS:TNS:#VIO                     WNS:TNS:#VIO                     WNS:TNS:#VIO                     WNS:TNS:#VIO                     WNS:TNS:#VIO                     FromClk->ToClk                   
    -----------------------------------------------------------------------------------------------------------------------------------------------------------------------------------------------------  
    -159.719:-91244.763:800          -159.719:-91244.763:800          0.000:0.000:0                    0.000:0.000:0                    0.000:0.000:0                    *->*
    -----------------------------------------------------------------------------------------------------------------------------------------------------------------------------------------------------

GroupType:Standard
=========================================================================================================================================================================================================

         All                             IN2REG                          IN2OUT                           REG2REG                              REG2OUT
    -----------------------------------------------------------------------------------------------------------------------------------------------------------------------------------------------------  
     WNS:TNS:#VIO                     WNS:TNS:#VIO                     WNS:TNS:#VIO                     WNS:TNS:#VIO                     WNS:TNS:#VIO                     FromClk->ToClk                   
    -----------------------------------------------------------------------------------------------------------------------------------------------------------------------------------------------------  
    -59.333:-34382.605:2780          -59.333:-26112.971:1459          0.000:0.000:0                    -34.441:-6267.890:1192           -30.931:-2001.744:129            *->clk
    -----------------------------------------------------------------------------------------------------------------------------------------------------------------------------------------------------
