###############################################################
#  Generated by:      Cadence Innovus 21.19-s058_1
#  OS:                Linux x86_64(Host ID compute3.eng.umd.edu)
#  Generated on:      Wed Jul  1 19:56:08 2026
#  Design:            resi_block
#  Command:           report_timing -path_type full_clock -max_paths 20 > reports/place_timing.rpt
###############################################################
Path 1: VIOLATED Setup Check with Pin resi_reg_reg[0][10][4]/CLK 
Endpoint:   resi_reg_reg[0][10][4]/D (v) checked with  leading edge of 'clk'
Beginpoint: mac1_active_reg/Q        (^) triggered by  leading edge of 'clk'
Path Groups: {clk}
Analysis View: view_typical
Other End Arrival Time          0.000
- Setup                         0.560
+ Phase Shift                   5.000
= Required Time                 4.440
- Arrival Time                 62.409
= Slack Time                  -57.969
     Clock Rise Edge                      0.000
     = Beginpoint Arrival Time            0.000
     Timing Path:
     +-------------------------------------------------------------------------------------------------+ 
     |        Instance        |     Arc      |           Cell            |  Delay | Arrival | Required | 
     |                        |              |                           |        |  Time   |   Time   | 
     |------------------------+--------------+---------------------------+--------+---------+----------| 
     |                        | clk ^        |                           |        |   0.000 |  -57.969 | 
     | mac1_active_reg        | CLK ^ -> Q ^ | sky130_fd_sc_hd__dfrtp_1  |  8.118 |   8.118 |  -49.850 | 
     | U5010                  | A ^ -> Y v   | sky130_fd_sc_hd__clkinv_1 | 12.718 |  20.836 |  -37.133 | 
     | U13181                 | A v -> Y ^   | sky130_fd_sc_hd__nand2_1  | 17.631 |  38.466 |  -19.502 | 
     | FE_DBTC0_n23113        | A ^ -> Y v   | sky130_fd_sc_hd__inv_2    | 13.834 |  52.300 |   -5.669 | 
     | U25642                 | A v -> Y ^   | sky130_fd_sc_hd__nand2_1  |  9.588 |  61.888 |    3.919 | 
     | U25643                 | B1 ^ -> Y v  | sky130_fd_sc_hd__o21ai_1  |  0.521 |  62.409 |    4.440 | 
     | resi_reg_reg[0][10][4] | D v          | sky130_fd_sc_hd__dfrtp_1  |  0.000 |  62.409 |    4.440 | 
     +-------------------------------------------------------------------------------------------------+ 
     Clock Rise Edge                      0.000
     = Beginpoint Arrival Time            0.000
     Other End Path:
     +----------------------------------------------------------------------------------------+ 
     |        Instance        |  Arc  |           Cell           | Delay | Arrival | Required | 
     |                        |       |                          |       |  Time   |   Time   | 
     |------------------------+-------+--------------------------+-------+---------+----------| 
     |                        | clk ^ |                          |       |   0.000 |   57.969 | 
     | resi_reg_reg[0][10][4] | CLK ^ | sky130_fd_sc_hd__dfrtp_1 | 0.000 |   0.000 |   57.969 | 
     +----------------------------------------------------------------------------------------+ 
Path 2: VIOLATED Setup Check with Pin resi_reg_reg[0][10][7]/CLK 
Endpoint:   resi_reg_reg[0][10][7]/D (v) checked with  leading edge of 'clk'
Beginpoint: mac1_active_reg/Q        (^) triggered by  leading edge of 'clk'
Path Groups: {clk}
Analysis View: view_typical
Other End Arrival Time          0.000
- Setup                         0.553
+ Phase Shift                   5.000
= Required Time                 4.447
- Arrival Time                 60.652
= Slack Time                  -56.205
     Clock Rise Edge                      0.000
     = Beginpoint Arrival Time            0.000
     Timing Path:
     +-------------------------------------------------------------------------------------------------+ 
     |        Instance        |     Arc      |           Cell            |  Delay | Arrival | Required | 
     |                        |              |                           |        |  Time   |   Time   | 
     |------------------------+--------------+---------------------------+--------+---------+----------| 
     |                        | clk ^        |                           |        |   0.000 |  -56.205 | 
     | mac1_active_reg        | CLK ^ -> Q ^ | sky130_fd_sc_hd__dfrtp_1  |  8.118 |   8.118 |  -48.087 | 
     | U5010                  | A ^ -> Y v   | sky130_fd_sc_hd__clkinv_1 | 12.718 |  20.836 |  -35.370 | 
     | U13181                 | A v -> Y ^   | sky130_fd_sc_hd__nand2_1  | 17.631 |  38.466 |  -17.739 | 
     | FE_DBTC0_n23113        | A ^ -> Y v   | sky130_fd_sc_hd__inv_2    | 13.834 |  52.300 |   -3.905 | 
     | U25648                 | A v -> Y ^   | sky130_fd_sc_hd__nand2_1  |  8.156 |  60.456 |    4.251 | 
     | U25649                 | B1 ^ -> Y v  | sky130_fd_sc_hd__o21ai_1  |  0.196 |  60.652 |    4.447 | 
     | resi_reg_reg[0][10][7] | D v          | sky130_fd_sc_hd__dfrtp_1  |  0.000 |  60.652 |    4.447 | 
     +-------------------------------------------------------------------------------------------------+ 
     Clock Rise Edge                      0.000
     = Beginpoint Arrival Time            0.000
     Other End Path:
     +----------------------------------------------------------------------------------------+ 
     |        Instance        |  Arc  |           Cell           | Delay | Arrival | Required | 
     |                        |       |                          |       |  Time   |   Time   | 
     |------------------------+-------+--------------------------+-------+---------+----------| 
     |                        | clk ^ |                          |       |   0.000 |   56.205 | 
     | resi_reg_reg[0][10][7] | CLK ^ | sky130_fd_sc_hd__dfrtp_1 | 0.000 |   0.000 |   56.205 | 
     +----------------------------------------------------------------------------------------+ 
Path 3: VIOLATED Setup Check with Pin resi_reg_reg[2][5][6]/CLK 
Endpoint:   resi_reg_reg[2][5][6]/D (v) checked with  leading edge of 'clk'
Beginpoint: mac1_active_reg/Q       (^) triggered by  leading edge of 'clk'
Path Groups: {clk}
Analysis View: view_typical
Other End Arrival Time          0.000
- Setup                         0.605
+ Phase Shift                   5.000
= Required Time                 4.395
- Arrival Time                 59.003
= Slack Time                  -54.609
     Clock Rise Edge                      0.000
     = Beginpoint Arrival Time            0.000
     Timing Path:
     +------------------------------------------------------------------------------------------------+ 
     |       Instance        |     Arc      |           Cell            |  Delay | Arrival | Required | 
     |                       |              |                           |        |  Time   |   Time   | 
     |-----------------------+--------------+---------------------------+--------+---------+----------| 
     |                       | clk ^        |                           |        |   0.000 |  -54.609 | 
     | mac1_active_reg       | CLK ^ -> Q ^ | sky130_fd_sc_hd__dfrtp_1  |  8.118 |   8.118 |  -46.490 | 
     | U5010                 | A ^ -> Y v   | sky130_fd_sc_hd__clkinv_1 | 12.718 |  20.836 |  -33.773 | 
     | U13181                | A v -> Y ^   | sky130_fd_sc_hd__nand2_1  | 17.631 |  38.466 |  -16.142 | 
     | FE_DBTC0_n23113       | A ^ -> Y v   | sky130_fd_sc_hd__inv_2    | 13.834 |  52.300 |   -2.309 | 
     | U25076                | A v -> Y ^   | sky130_fd_sc_hd__nand2_1  |  6.436 |  58.736 |    4.128 | 
     | U25077                | B1 ^ -> Y v  | sky130_fd_sc_hd__o21ai_1  |  0.267 |  59.003 |    4.394 | 
     | resi_reg_reg[2][5][6] | D v          | sky130_fd_sc_hd__dfrtp_1  |  0.000 |  59.003 |    4.395 | 
     +------------------------------------------------------------------------------------------------+ 
     Clock Rise Edge                      0.000
     = Beginpoint Arrival Time            0.000
     Other End Path:
     +---------------------------------------------------------------------------------------+ 
     |       Instance        |  Arc  |           Cell           | Delay | Arrival | Required | 
     |                       |       |                          |       |  Time   |   Time   | 
     |-----------------------+-------+--------------------------+-------+---------+----------| 
     |                       | clk ^ |                          |       |   0.000 |   54.609 | 
     | resi_reg_reg[2][5][6] | CLK ^ | sky130_fd_sc_hd__dfrtp_1 | 0.000 |   0.000 |   54.609 | 
     +---------------------------------------------------------------------------------------+ 
Path 4: VIOLATED Setup Check with Pin resi_reg_reg[2][5][5]/CLK 
Endpoint:   resi_reg_reg[2][5][5]/D (v) checked with  leading edge of 'clk'
Beginpoint: mac1_active_reg/Q       (^) triggered by  leading edge of 'clk'
Path Groups: {clk}
Analysis View: view_typical
Other End Arrival Time          0.000
- Setup                         0.590
+ Phase Shift                   5.000
= Required Time                 4.410
- Arrival Time                 58.724
= Slack Time                  -54.314
     Clock Rise Edge                      0.000
     = Beginpoint Arrival Time            0.000
     Timing Path:
     +------------------------------------------------------------------------------------------------+ 
     |       Instance        |     Arc      |           Cell            |  Delay | Arrival | Required | 
     |                       |              |                           |        |  Time   |   Time   | 
     |-----------------------+--------------+---------------------------+--------+---------+----------| 
     |                       | clk ^        |                           |        |   0.000 |  -54.314 | 
     | mac1_active_reg       | CLK ^ -> Q ^ | sky130_fd_sc_hd__dfrtp_1  |  8.118 |   8.118 |  -46.196 | 
     | U5010                 | A ^ -> Y v   | sky130_fd_sc_hd__clkinv_1 | 12.718 |  20.836 |  -33.478 | 
     | U13181                | A v -> Y ^   | sky130_fd_sc_hd__nand2_1  | 17.631 |  38.466 |  -15.848 | 
     | FE_DBTC0_n23113       | A ^ -> Y v   | sky130_fd_sc_hd__inv_2    | 13.834 |  52.300 |   -2.014 | 
     | U25072                | A v -> Y ^   | sky130_fd_sc_hd__nand2_1  |  6.187 |  58.487 |    4.173 | 
     | U25073                | B1 ^ -> Y v  | sky130_fd_sc_hd__o21ai_1  |  0.237 |  58.723 |    4.410 | 
     | resi_reg_reg[2][5][5] | D v          | sky130_fd_sc_hd__dfrtp_1  |  0.000 |  58.724 |    4.410 | 
     +------------------------------------------------------------------------------------------------+ 
     Clock Rise Edge                      0.000
     = Beginpoint Arrival Time            0.000
     Other End Path:
     +---------------------------------------------------------------------------------------+ 
     |       Instance        |  Arc  |           Cell           | Delay | Arrival | Required | 
     |                       |       |                          |       |  Time   |   Time   | 
     |-----------------------+-------+--------------------------+-------+---------+----------| 
     |                       | clk ^ |                          |       |   0.000 |   54.314 | 
     | resi_reg_reg[2][5][5] | CLK ^ | sky130_fd_sc_hd__dfrtp_1 | 0.000 |   0.000 |   54.314 | 
     +---------------------------------------------------------------------------------------+ 
Path 5: VIOLATED Setup Check with Pin resi_reg_reg[2][5][3]/CLK 
Endpoint:   resi_reg_reg[2][5][3]/D (v) checked with  leading edge of 'clk'
Beginpoint: mac1_active_reg/Q       (^) triggered by  leading edge of 'clk'
Path Groups: {clk}
Analysis View: view_typical
Other End Arrival Time          0.000
- Setup                         0.557
+ Phase Shift                   5.000
= Required Time                 4.443
- Arrival Time                 58.647
= Slack Time                  -54.204
     Clock Rise Edge                      0.000
     = Beginpoint Arrival Time            0.000
     Timing Path:
     +------------------------------------------------------------------------------------------------+ 
     |       Instance        |     Arc      |           Cell            |  Delay | Arrival | Required | 
     |                       |              |                           |        |  Time   |   Time   | 
     |-----------------------+--------------+---------------------------+--------+---------+----------| 
     |                       | clk ^        |                           |        |   0.000 |  -54.204 | 
     | mac1_active_reg       | CLK ^ -> Q ^ | sky130_fd_sc_hd__dfrtp_1  |  8.118 |   8.118 |  -46.086 | 
     | U5010                 | A ^ -> Y v   | sky130_fd_sc_hd__clkinv_1 | 12.718 |  20.836 |  -33.368 | 
     | U13181                | A v -> Y ^   | sky130_fd_sc_hd__nand2_1  | 17.631 |  38.466 |  -15.738 | 
     | FE_DBTC0_n23113       | A ^ -> Y v   | sky130_fd_sc_hd__inv_2    | 13.834 |  52.300 |   -1.904 | 
     | U25066                | A v -> Y ^   | sky130_fd_sc_hd__nand2_1  |  6.161 |  58.461 |    4.258 | 
     | U25067                | B1 ^ -> Y v  | sky130_fd_sc_hd__o21ai_1  |  0.185 |  58.647 |    4.443 | 
     | resi_reg_reg[2][5][3] | D v          | sky130_fd_sc_hd__dfrtp_1  |  0.000 |  58.647 |    4.443 | 
     +------------------------------------------------------------------------------------------------+ 
     Clock Rise Edge                      0.000
     = Beginpoint Arrival Time            0.000
     Other End Path:
     +---------------------------------------------------------------------------------------+ 
     |       Instance        |  Arc  |           Cell           | Delay | Arrival | Required | 
     |                       |       |                          |       |  Time   |   Time   | 
     |-----------------------+-------+--------------------------+-------+---------+----------| 
     |                       | clk ^ |                          |       |   0.000 |   54.204 | 
     | resi_reg_reg[2][5][3] | CLK ^ | sky130_fd_sc_hd__dfrtp_1 | 0.000 |   0.000 |   54.204 | 
     +---------------------------------------------------------------------------------------+ 
Path 6: VIOLATED Setup Check with Pin resi_reg_reg[1][11][1]/CLK 
Endpoint:   resi_reg_reg[1][11][1]/D (v) checked with  leading edge of 'clk'
Beginpoint: mac1_active_reg/Q        (^) triggered by  leading edge of 'clk'
Path Groups: {clk}
Analysis View: view_typical
Other End Arrival Time          0.000
- Setup                         0.552
+ Phase Shift                   5.000
= Required Time                 4.448
- Arrival Time                 58.629
= Slack Time                  -54.182
     Clock Rise Edge                      0.000
     = Beginpoint Arrival Time            0.000
     Timing Path:
     +-------------------------------------------------------------------------------------------------+ 
     |        Instance        |     Arc      |           Cell            |  Delay | Arrival | Required | 
     |                        |              |                           |        |  Time   |   Time   | 
     |------------------------+--------------+---------------------------+--------+---------+----------| 
     |                        | clk ^        |                           |        |   0.000 |  -54.182 | 
     | mac1_active_reg        | CLK ^ -> Q ^ | sky130_fd_sc_hd__dfrtp_1  |  8.118 |   8.118 |  -46.063 | 
     | U5010                  | A ^ -> Y v   | sky130_fd_sc_hd__clkinv_1 | 12.718 |  20.836 |  -33.346 | 
     | U13181                 | A v -> Y ^   | sky130_fd_sc_hd__nand2_1  | 17.631 |  38.466 |  -15.715 | 
     | FE_DBTC0_n23113        | A ^ -> Y v   | sky130_fd_sc_hd__inv_2    | 13.834 |  52.300 |   -1.882 | 
     | U25292                 | A v -> Y ^   | sky130_fd_sc_hd__nand2_1  |  6.157 |  58.457 |    4.275 | 
     | U25293                 | B1 ^ -> Y v  | sky130_fd_sc_hd__o21ai_1  |  0.172 |  58.629 |    4.448 | 
     | resi_reg_reg[1][11][1] | D v          | sky130_fd_sc_hd__dfrtp_1  |  0.000 |  58.629 |    4.448 | 
     +-------------------------------------------------------------------------------------------------+ 
     Clock Rise Edge                      0.000
     = Beginpoint Arrival Time            0.000
     Other End Path:
     +----------------------------------------------------------------------------------------+ 
     |        Instance        |  Arc  |           Cell           | Delay | Arrival | Required | 
     |                        |       |                          |       |  Time   |   Time   | 
     |------------------------+-------+--------------------------+-------+---------+----------| 
     |                        | clk ^ |                          |       |   0.000 |   54.182 | 
     | resi_reg_reg[1][11][1] | CLK ^ | sky130_fd_sc_hd__dfrtp_1 | 0.000 |   0.000 |   54.182 | 
     +----------------------------------------------------------------------------------------+ 
Path 7: VIOLATED Setup Check with Pin resi_reg_reg[2][5][2]/CLK 
Endpoint:   resi_reg_reg[2][5][2]/D (v) checked with  leading edge of 'clk'
Beginpoint: mac1_active_reg/Q       (^) triggered by  leading edge of 'clk'
Path Groups: {clk}
Analysis View: view_typical
Other End Arrival Time          0.000
- Setup                         0.598
+ Phase Shift                   5.000
= Required Time                 4.402
- Arrival Time                 58.528
= Slack Time                  -54.126
     Clock Rise Edge                      0.000
     = Beginpoint Arrival Time            0.000
     Timing Path:
     +------------------------------------------------------------------------------------------------+ 
     |       Instance        |     Arc      |           Cell            |  Delay | Arrival | Required | 
     |                       |              |                           |        |  Time   |   Time   | 
     |-----------------------+--------------+---------------------------+--------+---------+----------| 
     |                       | clk ^        |                           |        |   0.000 |  -54.126 | 
     | mac1_active_reg       | CLK ^ -> Q ^ | sky130_fd_sc_hd__dfrtp_1  |  8.118 |   8.118 |  -46.008 | 
     | U5010                 | A ^ -> Y v   | sky130_fd_sc_hd__clkinv_1 | 12.718 |  20.836 |  -33.290 | 
     | U13181                | A v -> Y ^   | sky130_fd_sc_hd__nand2_1  | 17.631 |  38.466 |  -15.659 | 
     | FE_DBTC0_n23113       | A ^ -> Y v   | sky130_fd_sc_hd__inv_2    | 13.834 |  52.300 |   -1.826 | 
     | U25063                | A v -> Y ^   | sky130_fd_sc_hd__nand2_1  |  5.976 |  58.276 |    4.150 | 
     | U25064                | B1 ^ -> Y v  | sky130_fd_sc_hd__o21ai_1  |  0.252 |  58.527 |    4.402 | 
     | resi_reg_reg[2][5][2] | D v          | sky130_fd_sc_hd__dfrtp_1  |  0.000 |  58.528 |    4.402 | 
     +------------------------------------------------------------------------------------------------+ 
     Clock Rise Edge                      0.000
     = Beginpoint Arrival Time            0.000
     Other End Path:
     +---------------------------------------------------------------------------------------+ 
     |       Instance        |  Arc  |           Cell           | Delay | Arrival | Required | 
     |                       |       |                          |       |  Time   |   Time   | 
     |-----------------------+-------+--------------------------+-------+---------+----------| 
     |                       | clk ^ |                          |       |   0.000 |   54.126 | 
     | resi_reg_reg[2][5][2] | CLK ^ | sky130_fd_sc_hd__dfrtp_1 | 0.000 |   0.000 |   54.126 | 
     +---------------------------------------------------------------------------------------+ 
Path 8: VIOLATED Setup Check with Pin resi_reg_reg[2][5][4]/CLK 
Endpoint:   resi_reg_reg[2][5][4]/D (v) checked with  leading edge of 'clk'
Beginpoint: mac1_active_reg/Q       (^) triggered by  leading edge of 'clk'
Path Groups: {clk}
Analysis View: view_typical
Other End Arrival Time          0.000
- Setup                         0.566
+ Phase Shift                   5.000
= Required Time                 4.434
- Arrival Time                 58.465
= Slack Time                  -54.031
     Clock Rise Edge                      0.000
     = Beginpoint Arrival Time            0.000
     Timing Path:
     +------------------------------------------------------------------------------------------------+ 
     |       Instance        |     Arc      |           Cell            |  Delay | Arrival | Required | 
     |                       |              |                           |        |  Time   |   Time   | 
     |-----------------------+--------------+---------------------------+--------+---------+----------| 
     |                       | clk ^        |                           |        |   0.000 |  -54.031 | 
     | mac1_active_reg       | CLK ^ -> Q ^ | sky130_fd_sc_hd__dfrtp_1  |  8.118 |   8.118 |  -45.912 | 
     | U5010                 | A ^ -> Y v   | sky130_fd_sc_hd__clkinv_1 | 12.718 |  20.836 |  -33.195 | 
     | U13181                | A v -> Y ^   | sky130_fd_sc_hd__nand2_1  | 17.631 |  38.466 |  -15.564 | 
     | FE_DBTC0_n23113       | A ^ -> Y v   | sky130_fd_sc_hd__inv_2    | 13.834 |  52.300 |   -1.731 | 
     | U25069                | A v -> Y ^   | sky130_fd_sc_hd__nand2_1  |  5.965 |  58.265 |    4.235 | 
     | U25070                | B1 ^ -> Y v  | sky130_fd_sc_hd__o21ai_1  |  0.199 |  58.465 |    4.434 | 
     | resi_reg_reg[2][5][4] | D v          | sky130_fd_sc_hd__dfrtp_1  |  0.000 |  58.465 |    4.434 | 
     +------------------------------------------------------------------------------------------------+ 
     Clock Rise Edge                      0.000
     = Beginpoint Arrival Time            0.000
     Other End Path:
     +---------------------------------------------------------------------------------------+ 
     |       Instance        |  Arc  |           Cell           | Delay | Arrival | Required | 
     |                       |       |                          |       |  Time   |   Time   | 
     |-----------------------+-------+--------------------------+-------+---------+----------| 
     |                       | clk ^ |                          |       |   0.000 |   54.031 | 
     | resi_reg_reg[2][5][4] | CLK ^ | sky130_fd_sc_hd__dfrtp_1 | 0.000 |   0.000 |   54.031 | 
     +---------------------------------------------------------------------------------------+ 
Path 9: VIOLATED Setup Check with Pin resi_reg_reg[2][11][4]/CLK 
Endpoint:   resi_reg_reg[2][11][4]/D (v) checked with  leading edge of 'clk'
Beginpoint: mac1_active_reg/Q        (^) triggered by  leading edge of 'clk'
Path Groups: {clk}
Analysis View: view_typical
Other End Arrival Time          0.000
- Setup                         0.567
+ Phase Shift                   5.000
= Required Time                 4.433
- Arrival Time                 58.023
= Slack Time                  -53.590
     Clock Rise Edge                      0.000
     = Beginpoint Arrival Time            0.000
     Timing Path:
     +-------------------------------------------------------------------------------------------------+ 
     |        Instance        |     Arc      |           Cell            |  Delay | Arrival | Required | 
     |                        |              |                           |        |  Time   |   Time   | 
     |------------------------+--------------+---------------------------+--------+---------+----------| 
     |                        | clk ^        |                           |        |   0.000 |  -53.590 | 
     | mac1_active_reg        | CLK ^ -> Q ^ | sky130_fd_sc_hd__dfrtp_1  |  8.118 |   8.118 |  -45.472 | 
     | U5010                  | A ^ -> Y v   | sky130_fd_sc_hd__clkinv_1 | 12.718 |  20.836 |  -32.754 | 
     | U13181                 | A v -> Y ^   | sky130_fd_sc_hd__nand2_1  | 17.631 |  38.466 |  -15.124 | 
     | FE_DBTC0_n23113        | A ^ -> Y v   | sky130_fd_sc_hd__inv_2    | 13.834 |  52.300 |   -1.290 | 
     | U24925                 | A v -> Y ^   | sky130_fd_sc_hd__nand2_1  |  5.532 |  57.832 |    4.242 | 
     | U24926                 | B1 ^ -> Y v  | sky130_fd_sc_hd__o21ai_1  |  0.191 |  58.022 |    4.433 | 
     | resi_reg_reg[2][11][4] | D v          | sky130_fd_sc_hd__dfrtp_1  |  0.000 |  58.023 |    4.433 | 
     +-------------------------------------------------------------------------------------------------+ 
     Clock Rise Edge                      0.000
     = Beginpoint Arrival Time            0.000
     Other End Path:
     +----------------------------------------------------------------------------------------+ 
     |        Instance        |  Arc  |           Cell           | Delay | Arrival | Required | 
     |                        |       |                          |       |  Time   |   Time   | 
     |------------------------+-------+--------------------------+-------+---------+----------| 
     |                        | clk ^ |                          |       |   0.000 |   53.590 | 
     | resi_reg_reg[2][11][4] | CLK ^ | sky130_fd_sc_hd__dfrtp_1 | 0.000 |   0.000 |   53.590 | 
     +----------------------------------------------------------------------------------------+ 
Path 10: VIOLATED Setup Check with Pin resi_reg_reg[2][10][7]/CLK 
Endpoint:   resi_reg_reg[2][10][7]/D (v) checked with  leading edge of 'clk'
Beginpoint: mac1_active_reg/Q        (^) triggered by  leading edge of 'clk'
Path Groups: {clk}
Analysis View: view_typical
Other End Arrival Time          0.000
- Setup                         0.566
+ Phase Shift                   5.000
= Required Time                 4.434
- Arrival Time                 57.979
= Slack Time                  -53.544
     Clock Rise Edge                      0.000
     = Beginpoint Arrival Time            0.000
     Timing Path:
     +-------------------------------------------------------------------------------------------------+ 
     |        Instance        |     Arc      |           Cell            |  Delay | Arrival | Required | 
     |                        |              |                           |        |  Time   |   Time   | 
     |------------------------+--------------+---------------------------+--------+---------+----------| 
     |                        | clk ^        |                           |        |   0.000 |  -53.544 | 
     | mac1_active_reg        | CLK ^ -> Q ^ | sky130_fd_sc_hd__dfrtp_1  |  8.118 |   8.118 |  -45.426 | 
     | U5010                  | A ^ -> Y v   | sky130_fd_sc_hd__clkinv_1 | 12.718 |  20.836 |  -32.708 | 
     | U13181                 | A v -> Y ^   | sky130_fd_sc_hd__nand2_1  | 17.631 |  38.466 |  -15.078 | 
     | FE_DBTC0_n23113        | A ^ -> Y v   | sky130_fd_sc_hd__inv_2    | 13.834 |  52.300 |   -1.244 | 
     | U24958                 | A v -> Y ^   | sky130_fd_sc_hd__nand2_1  |  5.501 |  57.801 |    4.256 | 
     | U24959                 | B1 ^ -> Y v  | sky130_fd_sc_hd__o21ai_1  |  0.178 |  57.979 |    4.434 | 
     | resi_reg_reg[2][10][7] | D v          | sky130_fd_sc_hd__dfrtp_1  |  0.000 |  57.979 |    4.434 | 
     +-------------------------------------------------------------------------------------------------+ 
     Clock Rise Edge                      0.000
     = Beginpoint Arrival Time            0.000
     Other End Path:
     +----------------------------------------------------------------------------------------+ 
     |        Instance        |  Arc  |           Cell           | Delay | Arrival | Required | 
     |                        |       |                          |       |  Time   |   Time   | 
     |------------------------+-------+--------------------------+-------+---------+----------| 
     |                        | clk ^ |                          |       |   0.000 |   53.544 | 
     | resi_reg_reg[2][10][7] | CLK ^ | sky130_fd_sc_hd__dfrtp_1 | 0.000 |   0.000 |   53.544 | 
     +----------------------------------------------------------------------------------------+ 
Path 11: VIOLATED Setup Check with Pin resi_reg_reg[1][9][1]/CLK 
Endpoint:   resi_reg_reg[1][9][1]/D (v) checked with  leading edge of 'clk'
Beginpoint: mac1_active_reg/Q       (^) triggered by  leading edge of 'clk'
Path Groups: {clk}
Analysis View: view_typical
Other End Arrival Time          0.000
- Setup                         0.543
+ Phase Shift                   5.000
= Required Time                 4.457
- Arrival Time                 57.998
= Slack Time                  -53.541
     Clock Rise Edge                      0.000
     = Beginpoint Arrival Time            0.000
     Timing Path:
     +------------------------------------------------------------------------------------------------+ 
     |       Instance        |     Arc      |           Cell            |  Delay | Arrival | Required | 
     |                       |              |                           |        |  Time   |   Time   | 
     |-----------------------+--------------+---------------------------+--------+---------+----------| 
     |                       | clk ^        |                           |        |   0.000 |  -53.541 | 
     | mac1_active_reg       | CLK ^ -> Q ^ | sky130_fd_sc_hd__dfrtp_1  |  8.118 |   8.118 |  -45.423 | 
     | U5010                 | A ^ -> Y v   | sky130_fd_sc_hd__clkinv_1 | 12.718 |  20.836 |  -32.705 | 
     | U13181                | A v -> Y ^   | sky130_fd_sc_hd__nand2_1  | 17.631 |  38.466 |  -15.075 | 
     | FE_DBTC0_n23113       | A ^ -> Y v   | sky130_fd_sc_hd__inv_2    | 13.834 |  52.300 |   -1.241 | 
     | U25336                | A v -> Y ^   | sky130_fd_sc_hd__nand2_1  |  5.544 |  57.844 |    4.303 | 
     | U25337                | B1 ^ -> Y v  | sky130_fd_sc_hd__o21ai_1  |  0.154 |  57.998 |    4.457 | 
     | resi_reg_reg[1][9][1] | D v          | sky130_fd_sc_hd__dfrtp_1  |  0.000 |  57.998 |    4.457 | 
     +------------------------------------------------------------------------------------------------+ 
     Clock Rise Edge                      0.000
     = Beginpoint Arrival Time            0.000
     Other End Path:
     +---------------------------------------------------------------------------------------+ 
     |       Instance        |  Arc  |           Cell           | Delay | Arrival | Required | 
     |                       |       |                          |       |  Time   |   Time   | 
     |-----------------------+-------+--------------------------+-------+---------+----------| 
     |                       | clk ^ |                          |       |   0.000 |   53.541 | 
     | resi_reg_reg[1][9][1] | CLK ^ | sky130_fd_sc_hd__dfrtp_1 | 0.000 |   0.000 |   53.541 | 
     +---------------------------------------------------------------------------------------+ 
Path 12: VIOLATED Setup Check with Pin resi_reg_reg[2][11][3]/CLK 
Endpoint:   resi_reg_reg[2][11][3]/D (v) checked with  leading edge of 'clk'
Beginpoint: mac1_active_reg/Q        (^) triggered by  leading edge of 'clk'
Path Groups: {clk}
Analysis View: view_typical
Other End Arrival Time          0.000
- Setup                         0.562
+ Phase Shift                   5.000
= Required Time                 4.438
- Arrival Time                 57.975
= Slack Time                  -53.537
     Clock Rise Edge                      0.000
     = Beginpoint Arrival Time            0.000
     Timing Path:
     +-------------------------------------------------------------------------------------------------+ 
     |        Instance        |     Arc      |           Cell            |  Delay | Arrival | Required | 
     |                        |              |                           |        |  Time   |   Time   | 
     |------------------------+--------------+---------------------------+--------+---------+----------| 
     |                        | clk ^        |                           |        |   0.000 |  -53.537 | 
     | mac1_active_reg        | CLK ^ -> Q ^ | sky130_fd_sc_hd__dfrtp_1  |  8.118 |   8.118 |  -45.418 | 
     | U5010                  | A ^ -> Y v   | sky130_fd_sc_hd__clkinv_1 | 12.718 |  20.836 |  -32.701 | 
     | U13181                 | A v -> Y ^   | sky130_fd_sc_hd__nand2_1  | 17.631 |  38.466 |  -15.070 | 
     | FE_DBTC0_n23113        | A ^ -> Y v   | sky130_fd_sc_hd__inv_2    | 13.834 |  52.300 |   -1.237 | 
     | U24922                 | A v -> Y ^   | sky130_fd_sc_hd__nand2_1  |  5.493 |  57.793 |    4.257 | 
     | U24923                 | B1 ^ -> Y v  | sky130_fd_sc_hd__o21ai_1  |  0.182 |  57.975 |    4.438 | 
     | resi_reg_reg[2][11][3] | D v          | sky130_fd_sc_hd__dfrtp_1  |  0.000 |  57.975 |    4.438 | 
     +-------------------------------------------------------------------------------------------------+ 
     Clock Rise Edge                      0.000
     = Beginpoint Arrival Time            0.000
     Other End Path:
     +----------------------------------------------------------------------------------------+ 
     |        Instance        |  Arc  |           Cell           | Delay | Arrival | Required | 
     |                        |       |                          |       |  Time   |   Time   | 
     |------------------------+-------+--------------------------+-------+---------+----------| 
     |                        | clk ^ |                          |       |   0.000 |   53.537 | 
     | resi_reg_reg[2][11][3] | CLK ^ | sky130_fd_sc_hd__dfrtp_1 | 0.000 |   0.000 |   53.537 | 
     +----------------------------------------------------------------------------------------+ 
Path 13: VIOLATED Setup Check with Pin resi_reg_reg[2][5][7]/CLK 
Endpoint:   resi_reg_reg[2][5][7]/D (v) checked with  leading edge of 'clk'
Beginpoint: mac1_active_reg/Q       (^) triggered by  leading edge of 'clk'
Path Groups: {clk}
Analysis View: view_typical
Other End Arrival Time          0.000
- Setup                         0.569
+ Phase Shift                   5.000
= Required Time                 4.431
- Arrival Time                 57.916
= Slack Time                  -53.485
     Clock Rise Edge                      0.000
     = Beginpoint Arrival Time            0.000
     Timing Path:
     +------------------------------------------------------------------------------------------------+ 
     |       Instance        |     Arc      |           Cell            |  Delay | Arrival | Required | 
     |                       |              |                           |        |  Time   |   Time   | 
     |-----------------------+--------------+---------------------------+--------+---------+----------| 
     |                       | clk ^        |                           |        |   0.000 |  -53.485 | 
     | mac1_active_reg       | CLK ^ -> Q ^ | sky130_fd_sc_hd__dfrtp_1  |  8.118 |   8.118 |  -45.366 | 
     | U5010                 | A ^ -> Y v   | sky130_fd_sc_hd__clkinv_1 | 12.718 |  20.836 |  -32.649 | 
     | U13181                | A v -> Y ^   | sky130_fd_sc_hd__nand2_1  | 17.631 |  38.466 |  -15.018 | 
     | FE_DBTC0_n23113       | A ^ -> Y v   | sky130_fd_sc_hd__inv_2    | 13.834 |  52.300 |   -1.185 | 
     | U25079                | A v -> Y ^   | sky130_fd_sc_hd__nand2_1  |  5.414 |  57.714 |    4.229 | 
     | U25080                | B1 ^ -> Y v  | sky130_fd_sc_hd__o21ai_1  |  0.202 |  57.916 |    4.431 | 
     | resi_reg_reg[2][5][7] | D v          | sky130_fd_sc_hd__dfrtp_1  |  0.000 |  57.916 |    4.431 | 
     +------------------------------------------------------------------------------------------------+ 
     Clock Rise Edge                      0.000
     = Beginpoint Arrival Time            0.000
     Other End Path:
     +---------------------------------------------------------------------------------------+ 
     |       Instance        |  Arc  |           Cell           | Delay | Arrival | Required | 
     |                       |       |                          |       |  Time   |   Time   | 
     |-----------------------+-------+--------------------------+-------+---------+----------| 
     |                       | clk ^ |                          |       |   0.000 |   53.485 | 
     | resi_reg_reg[2][5][7] | CLK ^ | sky130_fd_sc_hd__dfrtp_1 | 0.000 |   0.000 |   53.485 | 
     +---------------------------------------------------------------------------------------+ 
Path 14: VIOLATED Setup Check with Pin resi_reg_reg[2][8][3]/CLK 
Endpoint:   resi_reg_reg[2][8][3]/D (v) checked with  leading edge of 'clk'
Beginpoint: mac1_active_reg/Q       (^) triggered by  leading edge of 'clk'
Path Groups: {clk}
Analysis View: view_typical
Other End Arrival Time          0.000
- Setup                         0.545
+ Phase Shift                   5.000
= Required Time                 4.455
- Arrival Time                 57.840
= Slack Time                  -53.384
     Clock Rise Edge                      0.000
     = Beginpoint Arrival Time            0.000
     Timing Path:
     +------------------------------------------------------------------------------------------------+ 
     |       Instance        |     Arc      |           Cell            |  Delay | Arrival | Required | 
     |                       |              |                           |        |  Time   |   Time   | 
     |-----------------------+--------------+---------------------------+--------+---------+----------| 
     |                       | clk ^        |                           |        |   0.000 |  -53.384 | 
     | mac1_active_reg       | CLK ^ -> Q ^ | sky130_fd_sc_hd__dfrtp_1  |  8.118 |   8.118 |  -45.266 | 
     | U5010                 | A ^ -> Y v   | sky130_fd_sc_hd__clkinv_1 | 12.718 |  20.836 |  -32.548 | 
     | U13181                | A v -> Y ^   | sky130_fd_sc_hd__nand2_1  | 17.631 |  38.466 |  -14.918 | 
     | FE_DBTC0_n23113       | A ^ -> Y v   | sky130_fd_sc_hd__inv_2    | 13.834 |  52.300 |   -1.084 | 
     | U24994                | A v -> Y ^   | sky130_fd_sc_hd__nand2_1  |  5.386 |  57.686 |    4.302 | 
     | U24995                | B1 ^ -> Y v  | sky130_fd_sc_hd__o21ai_1  |  0.154 |  57.840 |    4.455 | 
     | resi_reg_reg[2][8][3] | D v          | sky130_fd_sc_hd__dfrtp_1  |  0.000 |  57.840 |    4.455 | 
     +------------------------------------------------------------------------------------------------+ 
     Clock Rise Edge                      0.000
     = Beginpoint Arrival Time            0.000
     Other End Path:
     +---------------------------------------------------------------------------------------+ 
     |       Instance        |  Arc  |           Cell           | Delay | Arrival | Required | 
     |                       |       |                          |       |  Time   |   Time   | 
     |-----------------------+-------+--------------------------+-------+---------+----------| 
     |                       | clk ^ |                          |       |   0.000 |   53.384 | 
     | resi_reg_reg[2][8][3] | CLK ^ | sky130_fd_sc_hd__dfrtp_1 | 0.000 |   0.000 |   53.384 | 
     +---------------------------------------------------------------------------------------+ 
Path 15: VIOLATED Setup Check with Pin resi_reg_reg[2][8][4]/CLK 
Endpoint:   resi_reg_reg[2][8][4]/D (v) checked with  leading edge of 'clk'
Beginpoint: mac1_active_reg/Q       (^) triggered by  leading edge of 'clk'
Path Groups: {clk}
Analysis View: view_typical
Other End Arrival Time          0.000
- Setup                         0.545
+ Phase Shift                   5.000
= Required Time                 4.455
- Arrival Time                 57.762
= Slack Time                  -53.307
     Clock Rise Edge                      0.000
     = Beginpoint Arrival Time            0.000
     Timing Path:
     +------------------------------------------------------------------------------------------------+ 
     |       Instance        |     Arc      |           Cell            |  Delay | Arrival | Required | 
     |                       |              |                           |        |  Time   |   Time   | 
     |-----------------------+--------------+---------------------------+--------+---------+----------| 
     |                       | clk ^        |                           |        |   0.000 |  -53.307 | 
     | mac1_active_reg       | CLK ^ -> Q ^ | sky130_fd_sc_hd__dfrtp_1  |  8.118 |   8.118 |  -45.189 | 
     | U5010                 | A ^ -> Y v   | sky130_fd_sc_hd__clkinv_1 | 12.718 |  20.836 |  -32.471 | 
     | U13181                | A v -> Y ^   | sky130_fd_sc_hd__nand2_1  | 17.631 |  38.466 |  -14.841 | 
     | FE_DBTC0_n23113       | A ^ -> Y v   | sky130_fd_sc_hd__inv_2    | 13.834 |  52.300 |   -1.007 | 
     | U24997                | A v -> Y ^   | sky130_fd_sc_hd__nand2_1  |  5.310 |  57.610 |    4.303 | 
     | U24998                | B1 ^ -> Y v  | sky130_fd_sc_hd__o21ai_1  |  0.153 |  57.762 |    4.455 | 
     | resi_reg_reg[2][8][4] | D v          | sky130_fd_sc_hd__dfrtp_1  |  0.000 |  57.762 |    4.455 | 
     +------------------------------------------------------------------------------------------------+ 
     Clock Rise Edge                      0.000
     = Beginpoint Arrival Time            0.000
     Other End Path:
     +---------------------------------------------------------------------------------------+ 
     |       Instance        |  Arc  |           Cell           | Delay | Arrival | Required | 
     |                       |       |                          |       |  Time   |   Time   | 
     |-----------------------+-------+--------------------------+-------+---------+----------| 
     |                       | clk ^ |                          |       |   0.000 |   53.307 | 
     | resi_reg_reg[2][8][4] | CLK ^ | sky130_fd_sc_hd__dfrtp_1 | 0.000 |   0.000 |   53.307 | 
     +---------------------------------------------------------------------------------------+ 
Path 16: VIOLATED Setup Check with Pin resi_reg_reg[0][9][7]/CLK 
Endpoint:   resi_reg_reg[0][9][7]/D (v) checked with  leading edge of 'clk'
Beginpoint: mac1_active_reg/Q       (^) triggered by  leading edge of 'clk'
Path Groups: {clk}
Analysis View: view_typical
Other End Arrival Time          0.000
- Setup                         0.575
+ Phase Shift                   5.000
= Required Time                 4.425
- Arrival Time                 57.711
= Slack Time                  -53.287
     Clock Rise Edge                      0.000
     = Beginpoint Arrival Time            0.000
     Timing Path:
     +------------------------------------------------------------------------------------------------+ 
     |       Instance        |     Arc      |           Cell            |  Delay | Arrival | Required | 
     |                       |              |                           |        |  Time   |   Time   | 
     |-----------------------+--------------+---------------------------+--------+---------+----------| 
     |                       | clk ^        |                           |        |   0.000 |  -53.287 | 
     | mac1_active_reg       | CLK ^ -> Q ^ | sky130_fd_sc_hd__dfrtp_1  |  8.118 |   8.118 |  -45.168 | 
     | U5010                 | A ^ -> Y v   | sky130_fd_sc_hd__clkinv_1 | 12.718 |  20.836 |  -32.451 | 
     | U13181                | A v -> Y ^   | sky130_fd_sc_hd__nand2_1  | 17.631 |  38.466 |  -14.820 | 
     | FE_DBTC0_n23113       | A ^ -> Y v   | sky130_fd_sc_hd__inv_2    | 13.834 |  52.300 |   -0.987 | 
     | U25664                | A v -> Y ^   | sky130_fd_sc_hd__nand2_1  |  5.219 |  57.519 |    4.232 | 
     | U25665                | B1 ^ -> Y v  | sky130_fd_sc_hd__o21ai_1  |  0.192 |  57.711 |    4.424 | 
     | resi_reg_reg[0][9][7] | D v          | sky130_fd_sc_hd__dfrtp_1  |  0.000 |  57.711 |    4.425 | 
     +------------------------------------------------------------------------------------------------+ 
     Clock Rise Edge                      0.000
     = Beginpoint Arrival Time            0.000
     Other End Path:
     +---------------------------------------------------------------------------------------+ 
     |       Instance        |  Arc  |           Cell           | Delay | Arrival | Required | 
     |                       |       |                          |       |  Time   |   Time   | 
     |-----------------------+-------+--------------------------+-------+---------+----------| 
     |                       | clk ^ |                          |       |   0.000 |   53.287 | 
     | resi_reg_reg[0][9][7] | CLK ^ | sky130_fd_sc_hd__dfrtp_1 | 0.000 |   0.000 |   53.287 | 
     +---------------------------------------------------------------------------------------+ 
Path 17: VIOLATED Setup Check with Pin resi_reg_reg[1][11][0]/CLK 
Endpoint:   resi_reg_reg[1][11][0]/D (v) checked with  leading edge of 'clk'
Beginpoint: mac1_active_reg/Q        (^) triggered by  leading edge of 'clk'
Path Groups: {clk}
Analysis View: view_typical
Other End Arrival Time          0.000
- Setup                         0.547
+ Phase Shift                   5.000
= Required Time                 4.453
- Arrival Time                 57.661
= Slack Time                  -53.208
     Clock Rise Edge                      0.000
     = Beginpoint Arrival Time            0.000
     Timing Path:
     +-------------------------------------------------------------------------------------------------+ 
     |        Instance        |     Arc      |           Cell            |  Delay | Arrival | Required | 
     |                        |              |                           |        |  Time   |   Time   | 
     |------------------------+--------------+---------------------------+--------+---------+----------| 
     |                        | clk ^        |                           |        |   0.000 |  -53.208 | 
     | mac1_active_reg        | CLK ^ -> Q ^ | sky130_fd_sc_hd__dfrtp_1  |  8.118 |   8.118 |  -45.090 | 
     | U5010                  | A ^ -> Y v   | sky130_fd_sc_hd__clkinv_1 | 12.718 |  20.836 |  -32.372 | 
     | U13181                 | A v -> Y ^   | sky130_fd_sc_hd__nand2_1  | 17.631 |  38.466 |  -14.742 | 
     | FE_DBTC0_n23113        | A ^ -> Y v   | sky130_fd_sc_hd__inv_2    | 13.834 |  52.300 |   -0.908 | 
     | U25290                 | A v -> Y ^   | sky130_fd_sc_hd__nand2_1  |  5.206 |  57.506 |    4.298 | 
     | U25291                 | B1 ^ -> Y v  | sky130_fd_sc_hd__o21ai_1  |  0.155 |  57.661 |    4.453 | 
     | resi_reg_reg[1][11][0] | D v          | sky130_fd_sc_hd__dfrtp_1  |  0.000 |  57.661 |    4.453 | 
     +-------------------------------------------------------------------------------------------------+ 
     Clock Rise Edge                      0.000
     = Beginpoint Arrival Time            0.000
     Other End Path:
     +----------------------------------------------------------------------------------------+ 
     |        Instance        |  Arc  |           Cell           | Delay | Arrival | Required | 
     |                        |       |                          |       |  Time   |   Time   | 
     |------------------------+-------+--------------------------+-------+---------+----------| 
     |                        | clk ^ |                          |       |   0.000 |   53.208 | 
     | resi_reg_reg[1][11][0] | CLK ^ | sky130_fd_sc_hd__dfrtp_1 | 0.000 |   0.000 |   53.208 | 
     +----------------------------------------------------------------------------------------+ 
Path 18: VIOLATED Setup Check with Pin resi_reg_reg[2][11][6]/CLK 
Endpoint:   resi_reg_reg[2][11][6]/D (v) checked with  leading edge of 'clk'
Beginpoint: mac1_active_reg/Q        (^) triggered by  leading edge of 'clk'
Path Groups: {clk}
Analysis View: view_typical
Other End Arrival Time          0.000
- Setup                         0.570
+ Phase Shift                   5.000
= Required Time                 4.430
- Arrival Time                 57.614
= Slack Time                  -53.185
     Clock Rise Edge                      0.000
     = Beginpoint Arrival Time            0.000
     Timing Path:
     +-------------------------------------------------------------------------------------------------+ 
     |        Instance        |     Arc      |           Cell            |  Delay | Arrival | Required | 
     |                        |              |                           |        |  Time   |   Time   | 
     |------------------------+--------------+---------------------------+--------+---------+----------| 
     |                        | clk ^        |                           |        |   0.000 |  -53.185 | 
     | mac1_active_reg        | CLK ^ -> Q ^ | sky130_fd_sc_hd__dfrtp_1  |  8.118 |   8.118 |  -45.066 | 
     | U5010                  | A ^ -> Y v   | sky130_fd_sc_hd__clkinv_1 | 12.718 |  20.836 |  -32.349 | 
     | U13181                 | A v -> Y ^   | sky130_fd_sc_hd__nand2_1  | 17.631 |  38.466 |  -14.718 | 
     | FE_DBTC0_n23113        | A ^ -> Y v   | sky130_fd_sc_hd__inv_2    | 13.834 |  52.300 |   -0.885 | 
     | U24931                 | A v -> Y ^   | sky130_fd_sc_hd__nand2_1  |  5.129 |  57.429 |    4.244 | 
     | U24932                 | B1 ^ -> Y v  | sky130_fd_sc_hd__o21ai_1  |  0.186 |  57.614 |    4.430 | 
     | resi_reg_reg[2][11][6] | D v          | sky130_fd_sc_hd__dfrtp_1  |  0.000 |  57.614 |    4.430 | 
     +-------------------------------------------------------------------------------------------------+ 
     Clock Rise Edge                      0.000
     = Beginpoint Arrival Time            0.000
     Other End Path:
     +----------------------------------------------------------------------------------------+ 
     |        Instance        |  Arc  |           Cell           | Delay | Arrival | Required | 
     |                        |       |                          |       |  Time   |   Time   | 
     |------------------------+-------+--------------------------+-------+---------+----------| 
     |                        | clk ^ |                          |       |   0.000 |   53.185 | 
     | resi_reg_reg[2][11][6] | CLK ^ | sky130_fd_sc_hd__dfrtp_1 | 0.000 |   0.000 |   53.185 | 
     +----------------------------------------------------------------------------------------+ 
Path 19: VIOLATED Setup Check with Pin resi_reg_reg[0][10][2]/CLK 
Endpoint:   resi_reg_reg[0][10][2]/D (^) checked with  leading edge of 'clk'
Beginpoint: mac1_active_reg/Q        (^) triggered by  leading edge of 'clk'
Path Groups: {clk}
Analysis View: view_typical
Other End Arrival Time          0.000
- Setup                         0.249
+ Phase Shift                   5.000
= Required Time                 4.751
- Arrival Time                 57.733
= Slack Time                  -52.982
     Clock Rise Edge                      0.000
     = Beginpoint Arrival Time            0.000
     Timing Path:
     +-------------------------------------------------------------------------------------------------+ 
     |        Instance        |     Arc      |           Cell            |  Delay | Arrival | Required | 
     |                        |              |                           |        |  Time   |   Time   | 
     |------------------------+--------------+---------------------------+--------+---------+----------| 
     |                        | clk ^        |                           |        |   0.000 |  -52.982 | 
     | mac1_active_reg        | CLK ^ -> Q ^ | sky130_fd_sc_hd__dfrtp_1  |  8.118 |   8.118 |  -44.864 | 
     | U5010                  | A ^ -> Y v   | sky130_fd_sc_hd__clkinv_1 | 12.718 |  20.836 |  -32.146 | 
     | U13181                 | A v -> Y ^   | sky130_fd_sc_hd__nand2_1  | 17.631 |  38.466 |  -14.516 | 
     | FE_DBTC0_n23113        | A ^ -> Y v   | sky130_fd_sc_hd__inv_2    | 13.834 |  52.300 |   -0.682 | 
     | U25639                 | A2 v -> Y ^  | sky130_fd_sc_hd__o21ai_1  |  5.433 |  57.733 |    4.751 | 
     | resi_reg_reg[0][10][2] | D ^          | sky130_fd_sc_hd__dfrtp_1  |  0.000 |  57.733 |    4.751 | 
     +-------------------------------------------------------------------------------------------------+ 
     Clock Rise Edge                      0.000
     = Beginpoint Arrival Time            0.000
     Other End Path:
     +----------------------------------------------------------------------------------------+ 
     |        Instance        |  Arc  |           Cell           | Delay | Arrival | Required | 
     |                        |       |                          |       |  Time   |   Time   | 
     |------------------------+-------+--------------------------+-------+---------+----------| 
     |                        | clk ^ |                          |       |   0.000 |   52.982 | 
     | resi_reg_reg[0][10][2] | CLK ^ | sky130_fd_sc_hd__dfrtp_1 | 0.000 |   0.000 |   52.982 | 
     +----------------------------------------------------------------------------------------+ 
Path 20: VIOLATED Setup Check with Pin resi_reg_reg[2][10][4]/CLK 
Endpoint:   resi_reg_reg[2][10][4]/D (^) checked with  leading edge of 'clk'
Beginpoint: mac1_active_reg/Q        (^) triggered by  leading edge of 'clk'
Path Groups: {clk}
Analysis View: view_typical
Other End Arrival Time          0.000
- Setup                         0.227
+ Phase Shift                   5.000
= Required Time                 4.773
- Arrival Time                 57.741
= Slack Time                  -52.968
     Clock Rise Edge                      0.000
     = Beginpoint Arrival Time            0.000
     Timing Path:
     +-------------------------------------------------------------------------------------------------+ 
     |        Instance        |     Arc      |           Cell            |  Delay | Arrival | Required | 
     |                        |              |                           |        |  Time   |   Time   | 
     |------------------------+--------------+---------------------------+--------+---------+----------| 
     |                        | clk ^        |                           |        |   0.000 |  -52.968 | 
     | mac1_active_reg        | CLK ^ -> Q ^ | sky130_fd_sc_hd__dfrtp_1  |  8.118 |   8.118 |  -44.850 | 
     | U5010                  | A ^ -> Y v   | sky130_fd_sc_hd__clkinv_1 | 12.718 |  20.836 |  -32.132 | 
     | U13181                 | A v -> Y ^   | sky130_fd_sc_hd__nand2_1  | 17.631 |  38.466 |  -14.502 | 
     | FE_DBTC0_n23113        | A ^ -> Y v   | sky130_fd_sc_hd__inv_2    | 13.834 |  52.300 |   -0.668 | 
     | U24950                 | A2 v -> Y ^  | sky130_fd_sc_hd__o21ai_1  |  5.441 |  57.741 |    4.773 | 
     | resi_reg_reg[2][10][4] | D ^          | sky130_fd_sc_hd__dfrtp_1  |  0.000 |  57.741 |    4.773 | 
     +-------------------------------------------------------------------------------------------------+ 
     Clock Rise Edge                      0.000
     = Beginpoint Arrival Time            0.000
     Other End Path:
     +----------------------------------------------------------------------------------------+ 
     |        Instance        |  Arc  |           Cell           | Delay | Arrival | Required | 
     |                        |       |                          |       |  Time   |   Time   | 
     |------------------------+-------+--------------------------+-------+---------+----------| 
     |                        | clk ^ |                          |       |   0.000 |   52.968 | 
     | resi_reg_reg[2][10][4] | CLK ^ | sky130_fd_sc_hd__dfrtp_1 | 0.000 |   0.000 |   52.968 | 
     +----------------------------------------------------------------------------------------+ 

