 
****************************************
Report : area
Design : resi_block_mixer
Version: X-2025.06-SP4
Date   : Thu Jul  9 00:49:58 2026
****************************************

Information: Updating design information... (UID-85)
Warning: Design 'resi_block_mixer' contains 1 high-fanout nets. A fanout number of 1000 will be used for delay calculations involving these nets. (TIM-134)
Library(s) Used:

    sky130_fd_sc_hd__tt_025C_1v80 (File: /afs/glue.umd.edu/home/glue/r/g/rgaffere/home/TCN/pdk/sky130_fd_sc_hd__tt_025C_1v80.db)
    sky130_sram_2kbyte_1rw1r_32x512_8_TT_1p8V_25C_lib (File: /afs/glue.umd.edu/home/glue/r/g/rgaffere/home/TCN/pdk/sky130_sram_2kbyte_1rw1r_32x512_8_TT_1p8V_25C.db)

Number of ports:                        13572
Number of nets:                         51572
Number of cells:                        37536
Number of combinational cells:          34408
Number of sequential cells:              3120
Number of macros/black boxes:               8
Number of buf/inv:                       4786
Number of references:                      98

Combinational area:             200965.237242
Buf/Inv area:                    19282.242671
Noncombinational area:           68084.046787
Macro/Black Box area:          2276307.750000
Net Interconnect area:      undefined  (Wire load has zero net area)

Total cell area:               2545357.034029
Total area:                 undefined

Hierarchical area distribution
------------------------------

                                  Global cell area                  Local cell area
                                  ---------------------  ------------------------------------- 
Hierarchical cell                 Absolute      Percent  Combi-       Noncombi-   Black-
                                  Total         Total    national     national    boxes         Design
--------------------------------  ------------  -------  -----------  ----------  ------------  ---------
resi_block_mixer                  2545357.0340    100.0  200965.2372  68084.0468  2276307.7500  resi_block_mixer
--------------------------------  ------------  -------  -----------  ----------  ------------  ---------
Total                                                    200965.2372  68084.0468  2276307.7500

1
