 
****************************************
check_design summary:
Version:     X-2025.06-SP4
Date:        Thu Jul  9 00:43:56 2026
****************************************

                   Name                                            Total
--------------------------------------------------------------------------------
Inputs/Outputs                                                    128
    Unconnected ports (LINT-28)                                   128

Cells                                                             134
    Cells do not drive (LINT-1)                                    54
    Connected to power or ground (LINT-32)                         56
    Nets connected to multiple pins on same cell (LINT-33)         24

Nets                                                              256
    Unloaded nets (LINT-2)                                        256
--------------------------------------------------------------------------------

Warning: In design 'resi_block_mixer', cell 'C4667' does not drive any nets. (LINT-1)
Warning: In design 'resi_block_mixer', cell 'C4668' does not drive any nets. (LINT-1)
Warning: In design 'resi_block_mixer', cell 'C4684' does not drive any nets. (LINT-1)
Warning: In design 'resi_block_mixer', cell 'C4685' does not drive any nets. (LINT-1)
Warning: In design 'resi_block_mixer', cell 'C4736' does not drive any nets. (LINT-1)
Warning: In design 'resi_block_mixer', cell 'C4743' does not drive any nets. (LINT-1)
Warning: In design 'resi_block_mixer', cell 'C4750' does not drive any nets. (LINT-1)
Warning: In design 'resi_block_mixer', cell 'C4757' does not drive any nets. (LINT-1)
Warning: In design 'resi_block_mixer', cell 'C4764' does not drive any nets. (LINT-1)
Warning: In design 'resi_block_mixer', cell 'C4771' does not drive any nets. (LINT-1)
Warning: In design 'resi_block_mixer', cell 'C4778' does not drive any nets. (LINT-1)
Warning: In design 'resi_block_mixer', cell 'C4785' does not drive any nets. (LINT-1)
Warning: In design 'resi_block_mixer', cell 'C4792' does not drive any nets. (LINT-1)
Warning: In design 'resi_block_mixer', cell 'C4799' does not drive any nets. (LINT-1)
Warning: In design 'resi_block_mixer', cell 'C4806' does not drive any nets. (LINT-1)
Warning: In design 'resi_block_mixer', cell 'C4813' does not drive any nets. (LINT-1)
Warning: In design 'resi_block_mixer', cell 'C4820' does not drive any nets. (LINT-1)
Warning: In design 'resi_block_mixer', cell 'C4827' does not drive any nets. (LINT-1)
Warning: In design 'resi_block_mixer', cell 'C4834' does not drive any nets. (LINT-1)
Warning: In design 'resi_block_mixer', cell 'C4841' does not drive any nets. (LINT-1)
Warning: In design 'MAC_array_IN_LEN8_KERNEL_LEN48_NUM_CHANNELS16', cell 'C3511' does not drive any nets. (LINT-1)
Warning: In design 'MAC_array_IN_LEN8_KERNEL_LEN48_NUM_CHANNELS16', cell 'C3512' does not drive any nets. (LINT-1)
Warning: In design 'MAC_array_IN_LEN8_KERNEL_LEN48_NUM_CHANNELS16', cell 'C3519' does not drive any nets. (LINT-1)
Warning: In design 'MAC_array_IN_LEN8_KERNEL_LEN48_NUM_CHANNELS16', cell 'C3520' does not drive any nets. (LINT-1)
Warning: In design 'MAC_array_IN_LEN8_KERNEL_LEN48_NUM_CHANNELS16', cell 'C3527' does not drive any nets. (LINT-1)
Warning: In design 'MAC_array_IN_LEN8_KERNEL_LEN48_NUM_CHANNELS16', cell 'C3528' does not drive any nets. (LINT-1)
Warning: In design 'MAC_array_IN_LEN8_KERNEL_LEN48_NUM_CHANNELS16', cell 'C3535' does not drive any nets. (LINT-1)
Warning: In design 'MAC_array_IN_LEN8_KERNEL_LEN48_NUM_CHANNELS16', cell 'C3536' does not drive any nets. (LINT-1)
Warning: In design 'MAC_array_IN_LEN8_KERNEL_LEN48_NUM_CHANNELS16', cell 'C3543' does not drive any nets. (LINT-1)
Warning: In design 'MAC_array_IN_LEN8_KERNEL_LEN48_NUM_CHANNELS16', cell 'C3544' does not drive any nets. (LINT-1)
Warning: In design 'MAC_array_IN_LEN8_KERNEL_LEN48_NUM_CHANNELS16', cell 'C3551' does not drive any nets. (LINT-1)
Warning: In design 'MAC_array_IN_LEN8_KERNEL_LEN48_NUM_CHANNELS16', cell 'C3552' does not drive any nets. (LINT-1)
Warning: In design 'MAC_array_IN_LEN8_KERNEL_LEN48_NUM_CHANNELS16', cell 'C3559' does not drive any nets. (LINT-1)
Warning: In design 'MAC_array_IN_LEN8_KERNEL_LEN48_NUM_CHANNELS16', cell 'C3560' does not drive any nets. (LINT-1)
Warning: In design 'MAC_array_IN_LEN8_KERNEL_LEN48_NUM_CHANNELS16', cell 'C3567' does not drive any nets. (LINT-1)
Warning: In design 'MAC_array_IN_LEN8_KERNEL_LEN48_NUM_CHANNELS16', cell 'C3568' does not drive any nets. (LINT-1)
Warning: In design 'MAC_array_IN_LEN8_KERNEL_LEN48_NUM_CHANNELS16', cell 'C3575' does not drive any nets. (LINT-1)
Warning: In design 'MAC_array_IN_LEN8_KERNEL_LEN48_NUM_CHANNELS16', cell 'C3576' does not drive any nets. (LINT-1)
Warning: In design 'MAC_array_IN_LEN8_KERNEL_LEN48_NUM_CHANNELS16', cell 'C3583' does not drive any nets. (LINT-1)
Warning: In design 'MAC_array_IN_LEN8_KERNEL_LEN48_NUM_CHANNELS16', cell 'C3584' does not drive any nets. (LINT-1)
Warning: In design 'MAC_array_IN_LEN8_KERNEL_LEN48_NUM_CHANNELS16', cell 'C3591' does not drive any nets. (LINT-1)
Warning: In design 'MAC_array_IN_LEN8_KERNEL_LEN48_NUM_CHANNELS16', cell 'C3592' does not drive any nets. (LINT-1)
Warning: In design 'MAC_array_IN_LEN8_KERNEL_LEN48_NUM_CHANNELS16', cell 'C3599' does not drive any nets. (LINT-1)
Warning: In design 'MAC_array_IN_LEN8_KERNEL_LEN48_NUM_CHANNELS16', cell 'C3600' does not drive any nets. (LINT-1)
Warning: In design 'MAC_array_IN_LEN8_KERNEL_LEN48_NUM_CHANNELS16', cell 'C3607' does not drive any nets. (LINT-1)
Warning: In design 'MAC_array_IN_LEN8_KERNEL_LEN48_NUM_CHANNELS16', cell 'C3608' does not drive any nets. (LINT-1)
Warning: In design 'MAC_array_IN_LEN8_KERNEL_LEN48_NUM_CHANNELS16', cell 'C3615' does not drive any nets. (LINT-1)
Warning: In design 'MAC_array_IN_LEN8_KERNEL_LEN48_NUM_CHANNELS16', cell 'C3616' does not drive any nets. (LINT-1)
Warning: In design 'MAC_array_IN_LEN8_KERNEL_LEN48_NUM_CHANNELS16', cell 'C3623' does not drive any nets. (LINT-1)
Warning: In design 'MAC_array_IN_LEN8_KERNEL_LEN48_NUM_CHANNELS16', cell 'C3624' does not drive any nets. (LINT-1)
Warning: In design 'MAC_array_IN_LEN8_KERNEL_LEN48_NUM_CHANNELS16', cell 'C3631' does not drive any nets. (LINT-1)
Warning: In design 'MAC_array_IN_LEN8_KERNEL_LEN48_NUM_CHANNELS16', cell 'C3632' does not drive any nets. (LINT-1)
Warning: In design 'MAC_array_IN_LEN8_KERNEL_LEN48_NUM_CHANNELS16', cell 'C3642' does not drive any nets. (LINT-1)
Warning: In design 'ring_DEPTH512_DATA_LEN8', cell 'C165' does not drive any nets. (LINT-1)
Warning: In design 'resi_block_mixer', net 'gen_ring_banks[0].ring_bank2/sram_dout0[0]' driven by pin 'gen_ring_banks[0].ring_bank2/u_ring_sram/dout0[0]' has no loads. (LINT-2)
Warning: In design 'resi_block_mixer', net 'gen_ring_banks[0].ring_bank2/sram_dout0[1]' driven by pin 'gen_ring_banks[0].ring_bank2/u_ring_sram/dout0[1]' has no loads. (LINT-2)
Warning: In design 'resi_block_mixer', net 'gen_ring_banks[0].ring_bank2/sram_dout0[2]' driven by pin 'gen_ring_banks[0].ring_bank2/u_ring_sram/dout0[2]' has no loads. (LINT-2)
Warning: In design 'resi_block_mixer', net 'gen_ring_banks[0].ring_bank2/sram_dout0[3]' driven by pin 'gen_ring_banks[0].ring_bank2/u_ring_sram/dout0[3]' has no loads. (LINT-2)
Warning: In design 'resi_block_mixer', net 'gen_ring_banks[0].ring_bank2/sram_dout0[4]' driven by pin 'gen_ring_banks[0].ring_bank2/u_ring_sram/dout0[4]' has no loads. (LINT-2)
Warning: In design 'resi_block_mixer', net 'gen_ring_banks[0].ring_bank2/sram_dout0[5]' driven by pin 'gen_ring_banks[0].ring_bank2/u_ring_sram/dout0[5]' has no loads. (LINT-2)
Warning: In design 'resi_block_mixer', net 'gen_ring_banks[0].ring_bank2/sram_dout0[6]' driven by pin 'gen_ring_banks[0].ring_bank2/u_ring_sram/dout0[6]' has no loads. (LINT-2)
Warning: In design 'resi_block_mixer', net 'gen_ring_banks[0].ring_bank2/sram_dout0[7]' driven by pin 'gen_ring_banks[0].ring_bank2/u_ring_sram/dout0[7]' has no loads. (LINT-2)
Warning: In design 'resi_block_mixer', net 'gen_ring_banks[0].ring_bank2/sram_dout0[8]' driven by pin 'gen_ring_banks[0].ring_bank2/u_ring_sram/dout0[8]' has no loads. (LINT-2)
Warning: In design 'resi_block_mixer', net 'gen_ring_banks[0].ring_bank2/sram_dout0[9]' driven by pin 'gen_ring_banks[0].ring_bank2/u_ring_sram/dout0[9]' has no loads. (LINT-2)
Warning: In design 'resi_block_mixer', net 'gen_ring_banks[0].ring_bank2/sram_dout0[10]' driven by pin 'gen_ring_banks[0].ring_bank2/u_ring_sram/dout0[10]' has no loads. (LINT-2)
Warning: In design 'resi_block_mixer', net 'gen_ring_banks[0].ring_bank2/sram_dout0[11]' driven by pin 'gen_ring_banks[0].ring_bank2/u_ring_sram/dout0[11]' has no loads. (LINT-2)
Warning: In design 'resi_block_mixer', net 'gen_ring_banks[0].ring_bank2/sram_dout0[12]' driven by pin 'gen_ring_banks[0].ring_bank2/u_ring_sram/dout0[12]' has no loads. (LINT-2)
Warning: In design 'resi_block_mixer', net 'gen_ring_banks[0].ring_bank2/sram_dout0[13]' driven by pin 'gen_ring_banks[0].ring_bank2/u_ring_sram/dout0[13]' has no loads. (LINT-2)
Warning: In design 'resi_block_mixer', net 'gen_ring_banks[0].ring_bank2/sram_dout0[14]' driven by pin 'gen_ring_banks[0].ring_bank2/u_ring_sram/dout0[14]' has no loads. (LINT-2)
Warning: In design 'resi_block_mixer', net 'gen_ring_banks[0].ring_bank2/sram_dout0[15]' driven by pin 'gen_ring_banks[0].ring_bank2/u_ring_sram/dout0[15]' has no loads. (LINT-2)
Warning: In design 'resi_block_mixer', net 'gen_ring_banks[0].ring_bank2/sram_dout0[16]' driven by pin 'gen_ring_banks[0].ring_bank2/u_ring_sram/dout0[16]' has no loads. (LINT-2)
Warning: In design 'resi_block_mixer', net 'gen_ring_banks[0].ring_bank2/sram_dout0[17]' driven by pin 'gen_ring_banks[0].ring_bank2/u_ring_sram/dout0[17]' has no loads. (LINT-2)
Warning: In design 'resi_block_mixer', net 'gen_ring_banks[0].ring_bank2/sram_dout0[18]' driven by pin 'gen_ring_banks[0].ring_bank2/u_ring_sram/dout0[18]' has no loads. (LINT-2)
Warning: In design 'resi_block_mixer', net 'gen_ring_banks[0].ring_bank2/sram_dout0[19]' driven by pin 'gen_ring_banks[0].ring_bank2/u_ring_sram/dout0[19]' has no loads. (LINT-2)
Warning: In design 'resi_block_mixer', net 'gen_ring_banks[0].ring_bank2/sram_dout0[20]' driven by pin 'gen_ring_banks[0].ring_bank2/u_ring_sram/dout0[20]' has no loads. (LINT-2)
Warning: In design 'resi_block_mixer', net 'gen_ring_banks[0].ring_bank2/sram_dout0[21]' driven by pin 'gen_ring_banks[0].ring_bank2/u_ring_sram/dout0[21]' has no loads. (LINT-2)
Warning: In design 'resi_block_mixer', net 'gen_ring_banks[0].ring_bank2/sram_dout0[22]' driven by pin 'gen_ring_banks[0].ring_bank2/u_ring_sram/dout0[22]' has no loads. (LINT-2)
Warning: In design 'resi_block_mixer', net 'gen_ring_banks[0].ring_bank2/sram_dout0[23]' driven by pin 'gen_ring_banks[0].ring_bank2/u_ring_sram/dout0[23]' has no loads. (LINT-2)
Warning: In design 'resi_block_mixer', net 'gen_ring_banks[0].ring_bank2/sram_dout0[24]' driven by pin 'gen_ring_banks[0].ring_bank2/u_ring_sram/dout0[24]' has no loads. (LINT-2)
Warning: In design 'resi_block_mixer', net 'gen_ring_banks[0].ring_bank2/sram_dout0[25]' driven by pin 'gen_ring_banks[0].ring_bank2/u_ring_sram/dout0[25]' has no loads. (LINT-2)
Warning: In design 'resi_block_mixer', net 'gen_ring_banks[0].ring_bank2/sram_dout0[26]' driven by pin 'gen_ring_banks[0].ring_bank2/u_ring_sram/dout0[26]' has no loads. (LINT-2)
Warning: In design 'resi_block_mixer', net 'gen_ring_banks[0].ring_bank2/sram_dout0[27]' driven by pin 'gen_ring_banks[0].ring_bank2/u_ring_sram/dout0[27]' has no loads. (LINT-2)
Warning: In design 'resi_block_mixer', net 'gen_ring_banks[0].ring_bank2/sram_dout0[28]' driven by pin 'gen_ring_banks[0].ring_bank2/u_ring_sram/dout0[28]' has no loads. (LINT-2)
Warning: In design 'resi_block_mixer', net 'gen_ring_banks[0].ring_bank2/sram_dout0[29]' driven by pin 'gen_ring_banks[0].ring_bank2/u_ring_sram/dout0[29]' has no loads. (LINT-2)
Warning: In design 'resi_block_mixer', net 'gen_ring_banks[0].ring_bank2/sram_dout0[30]' driven by pin 'gen_ring_banks[0].ring_bank2/u_ring_sram/dout0[30]' has no loads. (LINT-2)
Warning: In design 'resi_block_mixer', net 'gen_ring_banks[0].ring_bank2/sram_dout0[31]' driven by pin 'gen_ring_banks[0].ring_bank2/u_ring_sram/dout0[31]' has no loads. (LINT-2)
Warning: In design 'resi_block_mixer', net 'gen_ring_banks[1].ring_bank1/sram_dout0[0]' driven by pin 'gen_ring_banks[1].ring_bank1/u_ring_sram/dout0[0]' has no loads. (LINT-2)
Warning: In design 'resi_block_mixer', net 'gen_ring_banks[1].ring_bank1/sram_dout0[1]' driven by pin 'gen_ring_banks[1].ring_bank1/u_ring_sram/dout0[1]' has no loads. (LINT-2)
Warning: In design 'resi_block_mixer', net 'gen_ring_banks[1].ring_bank1/sram_dout0[2]' driven by pin 'gen_ring_banks[1].ring_bank1/u_ring_sram/dout0[2]' has no loads. (LINT-2)
Warning: In design 'resi_block_mixer', net 'gen_ring_banks[1].ring_bank1/sram_dout0[3]' driven by pin 'gen_ring_banks[1].ring_bank1/u_ring_sram/dout0[3]' has no loads. (LINT-2)
Warning: In design 'resi_block_mixer', net 'gen_ring_banks[1].ring_bank1/sram_dout0[4]' driven by pin 'gen_ring_banks[1].ring_bank1/u_ring_sram/dout0[4]' has no loads. (LINT-2)
Warning: In design 'resi_block_mixer', net 'gen_ring_banks[1].ring_bank1/sram_dout0[5]' driven by pin 'gen_ring_banks[1].ring_bank1/u_ring_sram/dout0[5]' has no loads. (LINT-2)
Warning: In design 'resi_block_mixer', net 'gen_ring_banks[1].ring_bank1/sram_dout0[6]' driven by pin 'gen_ring_banks[1].ring_bank1/u_ring_sram/dout0[6]' has no loads. (LINT-2)
Warning: In design 'resi_block_mixer', net 'gen_ring_banks[1].ring_bank1/sram_dout0[7]' driven by pin 'gen_ring_banks[1].ring_bank1/u_ring_sram/dout0[7]' has no loads. (LINT-2)
Warning: In design 'resi_block_mixer', net 'gen_ring_banks[1].ring_bank1/sram_dout0[8]' driven by pin 'gen_ring_banks[1].ring_bank1/u_ring_sram/dout0[8]' has no loads. (LINT-2)
Warning: In design 'resi_block_mixer', net 'gen_ring_banks[1].ring_bank1/sram_dout0[9]' driven by pin 'gen_ring_banks[1].ring_bank1/u_ring_sram/dout0[9]' has no loads. (LINT-2)
Warning: In design 'resi_block_mixer', net 'gen_ring_banks[1].ring_bank1/sram_dout0[10]' driven by pin 'gen_ring_banks[1].ring_bank1/u_ring_sram/dout0[10]' has no loads. (LINT-2)
Warning: In design 'resi_block_mixer', net 'gen_ring_banks[1].ring_bank1/sram_dout0[11]' driven by pin 'gen_ring_banks[1].ring_bank1/u_ring_sram/dout0[11]' has no loads. (LINT-2)
Warning: In design 'resi_block_mixer', net 'gen_ring_banks[1].ring_bank1/sram_dout0[12]' driven by pin 'gen_ring_banks[1].ring_bank1/u_ring_sram/dout0[12]' has no loads. (LINT-2)
Warning: In design 'resi_block_mixer', net 'gen_ring_banks[1].ring_bank1/sram_dout0[13]' driven by pin 'gen_ring_banks[1].ring_bank1/u_ring_sram/dout0[13]' has no loads. (LINT-2)
Warning: In design 'resi_block_mixer', net 'gen_ring_banks[1].ring_bank1/sram_dout0[14]' driven by pin 'gen_ring_banks[1].ring_bank1/u_ring_sram/dout0[14]' has no loads. (LINT-2)
Warning: In design 'resi_block_mixer', net 'gen_ring_banks[1].ring_bank1/sram_dout0[15]' driven by pin 'gen_ring_banks[1].ring_bank1/u_ring_sram/dout0[15]' has no loads. (LINT-2)
Warning: In design 'resi_block_mixer', net 'gen_ring_banks[1].ring_bank1/sram_dout0[16]' driven by pin 'gen_ring_banks[1].ring_bank1/u_ring_sram/dout0[16]' has no loads. (LINT-2)
Warning: In design 'resi_block_mixer', net 'gen_ring_banks[1].ring_bank1/sram_dout0[17]' driven by pin 'gen_ring_banks[1].ring_bank1/u_ring_sram/dout0[17]' has no loads. (LINT-2)
Warning: In design 'resi_block_mixer', net 'gen_ring_banks[1].ring_bank1/sram_dout0[18]' driven by pin 'gen_ring_banks[1].ring_bank1/u_ring_sram/dout0[18]' has no loads. (LINT-2)
Warning: In design 'resi_block_mixer', net 'gen_ring_banks[1].ring_bank1/sram_dout0[19]' driven by pin 'gen_ring_banks[1].ring_bank1/u_ring_sram/dout0[19]' has no loads. (LINT-2)
Warning: In design 'resi_block_mixer', net 'gen_ring_banks[1].ring_bank1/sram_dout0[20]' driven by pin 'gen_ring_banks[1].ring_bank1/u_ring_sram/dout0[20]' has no loads. (LINT-2)
Warning: In design 'resi_block_mixer', net 'gen_ring_banks[1].ring_bank1/sram_dout0[21]' driven by pin 'gen_ring_banks[1].ring_bank1/u_ring_sram/dout0[21]' has no loads. (LINT-2)
Warning: In design 'resi_block_mixer', net 'gen_ring_banks[1].ring_bank1/sram_dout0[22]' driven by pin 'gen_ring_banks[1].ring_bank1/u_ring_sram/dout0[22]' has no loads. (LINT-2)
Warning: In design 'resi_block_mixer', net 'gen_ring_banks[1].ring_bank1/sram_dout0[23]' driven by pin 'gen_ring_banks[1].ring_bank1/u_ring_sram/dout0[23]' has no loads. (LINT-2)
Warning: In design 'resi_block_mixer', net 'gen_ring_banks[1].ring_bank1/sram_dout0[24]' driven by pin 'gen_ring_banks[1].ring_bank1/u_ring_sram/dout0[24]' has no loads. (LINT-2)
Warning: In design 'resi_block_mixer', net 'gen_ring_banks[1].ring_bank1/sram_dout0[25]' driven by pin 'gen_ring_banks[1].ring_bank1/u_ring_sram/dout0[25]' has no loads. (LINT-2)
Warning: In design 'resi_block_mixer', net 'gen_ring_banks[1].ring_bank1/sram_dout0[26]' driven by pin 'gen_ring_banks[1].ring_bank1/u_ring_sram/dout0[26]' has no loads. (LINT-2)
Warning: In design 'resi_block_mixer', net 'gen_ring_banks[1].ring_bank1/sram_dout0[27]' driven by pin 'gen_ring_banks[1].ring_bank1/u_ring_sram/dout0[27]' has no loads. (LINT-2)
Warning: In design 'resi_block_mixer', net 'gen_ring_banks[1].ring_bank1/sram_dout0[28]' driven by pin 'gen_ring_banks[1].ring_bank1/u_ring_sram/dout0[28]' has no loads. (LINT-2)
Warning: In design 'resi_block_mixer', net 'gen_ring_banks[1].ring_bank1/sram_dout0[29]' driven by pin 'gen_ring_banks[1].ring_bank1/u_ring_sram/dout0[29]' has no loads. (LINT-2)
Warning: In design 'resi_block_mixer', net 'gen_ring_banks[1].ring_bank1/sram_dout0[30]' driven by pin 'gen_ring_banks[1].ring_bank1/u_ring_sram/dout0[30]' has no loads. (LINT-2)
Warning: In design 'resi_block_mixer', net 'gen_ring_banks[1].ring_bank1/sram_dout0[31]' driven by pin 'gen_ring_banks[1].ring_bank1/u_ring_sram/dout0[31]' has no loads. (LINT-2)
Warning: In design 'resi_block_mixer', net 'gen_ring_banks[1].ring_bank2/sram_dout0[0]' driven by pin 'gen_ring_banks[1].ring_bank2/u_ring_sram/dout0[0]' has no loads. (LINT-2)
Warning: In design 'resi_block_mixer', net 'gen_ring_banks[1].ring_bank2/sram_dout0[1]' driven by pin 'gen_ring_banks[1].ring_bank2/u_ring_sram/dout0[1]' has no loads. (LINT-2)
Warning: In design 'resi_block_mixer', net 'gen_ring_banks[1].ring_bank2/sram_dout0[2]' driven by pin 'gen_ring_banks[1].ring_bank2/u_ring_sram/dout0[2]' has no loads. (LINT-2)
Warning: In design 'resi_block_mixer', net 'gen_ring_banks[1].ring_bank2/sram_dout0[3]' driven by pin 'gen_ring_banks[1].ring_bank2/u_ring_sram/dout0[3]' has no loads. (LINT-2)
Warning: In design 'resi_block_mixer', net 'gen_ring_banks[1].ring_bank2/sram_dout0[4]' driven by pin 'gen_ring_banks[1].ring_bank2/u_ring_sram/dout0[4]' has no loads. (LINT-2)
Warning: In design 'resi_block_mixer', net 'gen_ring_banks[1].ring_bank2/sram_dout0[5]' driven by pin 'gen_ring_banks[1].ring_bank2/u_ring_sram/dout0[5]' has no loads. (LINT-2)
Warning: In design 'resi_block_mixer', net 'gen_ring_banks[1].ring_bank2/sram_dout0[6]' driven by pin 'gen_ring_banks[1].ring_bank2/u_ring_sram/dout0[6]' has no loads. (LINT-2)
Warning: In design 'resi_block_mixer', net 'gen_ring_banks[1].ring_bank2/sram_dout0[7]' driven by pin 'gen_ring_banks[1].ring_bank2/u_ring_sram/dout0[7]' has no loads. (LINT-2)
Warning: In design 'resi_block_mixer', net 'gen_ring_banks[1].ring_bank2/sram_dout0[8]' driven by pin 'gen_ring_banks[1].ring_bank2/u_ring_sram/dout0[8]' has no loads. (LINT-2)
Warning: In design 'resi_block_mixer', net 'gen_ring_banks[1].ring_bank2/sram_dout0[9]' driven by pin 'gen_ring_banks[1].ring_bank2/u_ring_sram/dout0[9]' has no loads. (LINT-2)
Warning: In design 'resi_block_mixer', net 'gen_ring_banks[1].ring_bank2/sram_dout0[10]' driven by pin 'gen_ring_banks[1].ring_bank2/u_ring_sram/dout0[10]' has no loads. (LINT-2)
Warning: In design 'resi_block_mixer', net 'gen_ring_banks[1].ring_bank2/sram_dout0[11]' driven by pin 'gen_ring_banks[1].ring_bank2/u_ring_sram/dout0[11]' has no loads. (LINT-2)
Warning: In design 'resi_block_mixer', net 'gen_ring_banks[1].ring_bank2/sram_dout0[12]' driven by pin 'gen_ring_banks[1].ring_bank2/u_ring_sram/dout0[12]' has no loads. (LINT-2)
Warning: In design 'resi_block_mixer', net 'gen_ring_banks[1].ring_bank2/sram_dout0[13]' driven by pin 'gen_ring_banks[1].ring_bank2/u_ring_sram/dout0[13]' has no loads. (LINT-2)
Warning: In design 'resi_block_mixer', net 'gen_ring_banks[1].ring_bank2/sram_dout0[14]' driven by pin 'gen_ring_banks[1].ring_bank2/u_ring_sram/dout0[14]' has no loads. (LINT-2)
Warning: In design 'resi_block_mixer', net 'gen_ring_banks[1].ring_bank2/sram_dout0[15]' driven by pin 'gen_ring_banks[1].ring_bank2/u_ring_sram/dout0[15]' has no loads. (LINT-2)
Warning: In design 'resi_block_mixer', net 'gen_ring_banks[1].ring_bank2/sram_dout0[16]' driven by pin 'gen_ring_banks[1].ring_bank2/u_ring_sram/dout0[16]' has no loads. (LINT-2)
Warning: In design 'resi_block_mixer', net 'gen_ring_banks[1].ring_bank2/sram_dout0[17]' driven by pin 'gen_ring_banks[1].ring_bank2/u_ring_sram/dout0[17]' has no loads. (LINT-2)
Warning: In design 'resi_block_mixer', net 'gen_ring_banks[1].ring_bank2/sram_dout0[18]' driven by pin 'gen_ring_banks[1].ring_bank2/u_ring_sram/dout0[18]' has no loads. (LINT-2)
Warning: In design 'resi_block_mixer', net 'gen_ring_banks[1].ring_bank2/sram_dout0[19]' driven by pin 'gen_ring_banks[1].ring_bank2/u_ring_sram/dout0[19]' has no loads. (LINT-2)
Warning: In design 'resi_block_mixer', net 'gen_ring_banks[1].ring_bank2/sram_dout0[20]' driven by pin 'gen_ring_banks[1].ring_bank2/u_ring_sram/dout0[20]' has no loads. (LINT-2)
Warning: In design 'resi_block_mixer', net 'gen_ring_banks[1].ring_bank2/sram_dout0[21]' driven by pin 'gen_ring_banks[1].ring_bank2/u_ring_sram/dout0[21]' has no loads. (LINT-2)
Warning: In design 'resi_block_mixer', net 'gen_ring_banks[1].ring_bank2/sram_dout0[22]' driven by pin 'gen_ring_banks[1].ring_bank2/u_ring_sram/dout0[22]' has no loads. (LINT-2)
Warning: In design 'resi_block_mixer', net 'gen_ring_banks[1].ring_bank2/sram_dout0[23]' driven by pin 'gen_ring_banks[1].ring_bank2/u_ring_sram/dout0[23]' has no loads. (LINT-2)
Warning: In design 'resi_block_mixer', net 'gen_ring_banks[1].ring_bank2/sram_dout0[24]' driven by pin 'gen_ring_banks[1].ring_bank2/u_ring_sram/dout0[24]' has no loads. (LINT-2)
Warning: In design 'resi_block_mixer', net 'gen_ring_banks[1].ring_bank2/sram_dout0[25]' driven by pin 'gen_ring_banks[1].ring_bank2/u_ring_sram/dout0[25]' has no loads. (LINT-2)
Warning: In design 'resi_block_mixer', net 'gen_ring_banks[1].ring_bank2/sram_dout0[26]' driven by pin 'gen_ring_banks[1].ring_bank2/u_ring_sram/dout0[26]' has no loads. (LINT-2)
Warning: In design 'resi_block_mixer', net 'gen_ring_banks[1].ring_bank2/sram_dout0[27]' driven by pin 'gen_ring_banks[1].ring_bank2/u_ring_sram/dout0[27]' has no loads. (LINT-2)
Warning: In design 'resi_block_mixer', net 'gen_ring_banks[1].ring_bank2/sram_dout0[28]' driven by pin 'gen_ring_banks[1].ring_bank2/u_ring_sram/dout0[28]' has no loads. (LINT-2)
Warning: In design 'resi_block_mixer', net 'gen_ring_banks[1].ring_bank2/sram_dout0[29]' driven by pin 'gen_ring_banks[1].ring_bank2/u_ring_sram/dout0[29]' has no loads. (LINT-2)
Warning: In design 'resi_block_mixer', net 'gen_ring_banks[1].ring_bank2/sram_dout0[30]' driven by pin 'gen_ring_banks[1].ring_bank2/u_ring_sram/dout0[30]' has no loads. (LINT-2)
Warning: In design 'resi_block_mixer', net 'gen_ring_banks[1].ring_bank2/sram_dout0[31]' driven by pin 'gen_ring_banks[1].ring_bank2/u_ring_sram/dout0[31]' has no loads. (LINT-2)
Warning: In design 'resi_block_mixer', net 'gen_ring_banks[2].ring_bank1/sram_dout0[0]' driven by pin 'gen_ring_banks[2].ring_bank1/u_ring_sram/dout0[0]' has no loads. (LINT-2)
Warning: In design 'resi_block_mixer', net 'gen_ring_banks[2].ring_bank1/sram_dout0[1]' driven by pin 'gen_ring_banks[2].ring_bank1/u_ring_sram/dout0[1]' has no loads. (LINT-2)
Warning: In design 'resi_block_mixer', net 'gen_ring_banks[2].ring_bank1/sram_dout0[2]' driven by pin 'gen_ring_banks[2].ring_bank1/u_ring_sram/dout0[2]' has no loads. (LINT-2)
Warning: In design 'resi_block_mixer', net 'gen_ring_banks[2].ring_bank1/sram_dout0[3]' driven by pin 'gen_ring_banks[2].ring_bank1/u_ring_sram/dout0[3]' has no loads. (LINT-2)
Warning: In design 'resi_block_mixer', net 'gen_ring_banks[2].ring_bank1/sram_dout0[4]' driven by pin 'gen_ring_banks[2].ring_bank1/u_ring_sram/dout0[4]' has no loads. (LINT-2)
Warning: In design 'resi_block_mixer', net 'gen_ring_banks[2].ring_bank1/sram_dout0[5]' driven by pin 'gen_ring_banks[2].ring_bank1/u_ring_sram/dout0[5]' has no loads. (LINT-2)
Warning: In design 'resi_block_mixer', net 'gen_ring_banks[2].ring_bank1/sram_dout0[6]' driven by pin 'gen_ring_banks[2].ring_bank1/u_ring_sram/dout0[6]' has no loads. (LINT-2)
Warning: In design 'resi_block_mixer', net 'gen_ring_banks[2].ring_bank1/sram_dout0[7]' driven by pin 'gen_ring_banks[2].ring_bank1/u_ring_sram/dout0[7]' has no loads. (LINT-2)
Warning: In design 'resi_block_mixer', net 'gen_ring_banks[2].ring_bank1/sram_dout0[8]' driven by pin 'gen_ring_banks[2].ring_bank1/u_ring_sram/dout0[8]' has no loads. (LINT-2)
Warning: In design 'resi_block_mixer', net 'gen_ring_banks[2].ring_bank1/sram_dout0[9]' driven by pin 'gen_ring_banks[2].ring_bank1/u_ring_sram/dout0[9]' has no loads. (LINT-2)
Warning: In design 'resi_block_mixer', net 'gen_ring_banks[2].ring_bank1/sram_dout0[10]' driven by pin 'gen_ring_banks[2].ring_bank1/u_ring_sram/dout0[10]' has no loads. (LINT-2)
Warning: In design 'resi_block_mixer', net 'gen_ring_banks[2].ring_bank1/sram_dout0[11]' driven by pin 'gen_ring_banks[2].ring_bank1/u_ring_sram/dout0[11]' has no loads. (LINT-2)
Warning: In design 'resi_block_mixer', net 'gen_ring_banks[2].ring_bank1/sram_dout0[12]' driven by pin 'gen_ring_banks[2].ring_bank1/u_ring_sram/dout0[12]' has no loads. (LINT-2)
Warning: In design 'resi_block_mixer', net 'gen_ring_banks[2].ring_bank1/sram_dout0[13]' driven by pin 'gen_ring_banks[2].ring_bank1/u_ring_sram/dout0[13]' has no loads. (LINT-2)
Warning: In design 'resi_block_mixer', net 'gen_ring_banks[2].ring_bank1/sram_dout0[14]' driven by pin 'gen_ring_banks[2].ring_bank1/u_ring_sram/dout0[14]' has no loads. (LINT-2)
Warning: In design 'resi_block_mixer', net 'gen_ring_banks[2].ring_bank1/sram_dout0[15]' driven by pin 'gen_ring_banks[2].ring_bank1/u_ring_sram/dout0[15]' has no loads. (LINT-2)
Warning: In design 'resi_block_mixer', net 'gen_ring_banks[2].ring_bank1/sram_dout0[16]' driven by pin 'gen_ring_banks[2].ring_bank1/u_ring_sram/dout0[16]' has no loads. (LINT-2)
Warning: In design 'resi_block_mixer', net 'gen_ring_banks[2].ring_bank1/sram_dout0[17]' driven by pin 'gen_ring_banks[2].ring_bank1/u_ring_sram/dout0[17]' has no loads. (LINT-2)
Warning: In design 'resi_block_mixer', net 'gen_ring_banks[2].ring_bank1/sram_dout0[18]' driven by pin 'gen_ring_banks[2].ring_bank1/u_ring_sram/dout0[18]' has no loads. (LINT-2)
Warning: In design 'resi_block_mixer', net 'gen_ring_banks[2].ring_bank1/sram_dout0[19]' driven by pin 'gen_ring_banks[2].ring_bank1/u_ring_sram/dout0[19]' has no loads. (LINT-2)
Warning: In design 'resi_block_mixer', net 'gen_ring_banks[2].ring_bank1/sram_dout0[20]' driven by pin 'gen_ring_banks[2].ring_bank1/u_ring_sram/dout0[20]' has no loads. (LINT-2)
Warning: In design 'resi_block_mixer', net 'gen_ring_banks[2].ring_bank1/sram_dout0[21]' driven by pin 'gen_ring_banks[2].ring_bank1/u_ring_sram/dout0[21]' has no loads. (LINT-2)
Warning: In design 'resi_block_mixer', net 'gen_ring_banks[2].ring_bank1/sram_dout0[22]' driven by pin 'gen_ring_banks[2].ring_bank1/u_ring_sram/dout0[22]' has no loads. (LINT-2)
Warning: In design 'resi_block_mixer', net 'gen_ring_banks[2].ring_bank1/sram_dout0[23]' driven by pin 'gen_ring_banks[2].ring_bank1/u_ring_sram/dout0[23]' has no loads. (LINT-2)
Warning: In design 'resi_block_mixer', net 'gen_ring_banks[2].ring_bank1/sram_dout0[24]' driven by pin 'gen_ring_banks[2].ring_bank1/u_ring_sram/dout0[24]' has no loads. (LINT-2)
Warning: In design 'resi_block_mixer', net 'gen_ring_banks[2].ring_bank1/sram_dout0[25]' driven by pin 'gen_ring_banks[2].ring_bank1/u_ring_sram/dout0[25]' has no loads. (LINT-2)
Warning: In design 'resi_block_mixer', net 'gen_ring_banks[2].ring_bank1/sram_dout0[26]' driven by pin 'gen_ring_banks[2].ring_bank1/u_ring_sram/dout0[26]' has no loads. (LINT-2)
Warning: In design 'resi_block_mixer', net 'gen_ring_banks[2].ring_bank1/sram_dout0[27]' driven by pin 'gen_ring_banks[2].ring_bank1/u_ring_sram/dout0[27]' has no loads. (LINT-2)
Warning: In design 'resi_block_mixer', net 'gen_ring_banks[2].ring_bank1/sram_dout0[28]' driven by pin 'gen_ring_banks[2].ring_bank1/u_ring_sram/dout0[28]' has no loads. (LINT-2)
Warning: In design 'resi_block_mixer', net 'gen_ring_banks[2].ring_bank1/sram_dout0[29]' driven by pin 'gen_ring_banks[2].ring_bank1/u_ring_sram/dout0[29]' has no loads. (LINT-2)
Warning: In design 'resi_block_mixer', net 'gen_ring_banks[2].ring_bank1/sram_dout0[30]' driven by pin 'gen_ring_banks[2].ring_bank1/u_ring_sram/dout0[30]' has no loads. (LINT-2)
Warning: In design 'resi_block_mixer', net 'gen_ring_banks[2].ring_bank1/sram_dout0[31]' driven by pin 'gen_ring_banks[2].ring_bank1/u_ring_sram/dout0[31]' has no loads. (LINT-2)
Warning: In design 'resi_block_mixer', net 'gen_ring_banks[2].ring_bank2/sram_dout0[0]' driven by pin 'gen_ring_banks[2].ring_bank2/u_ring_sram/dout0[0]' has no loads. (LINT-2)
Warning: In design 'resi_block_mixer', net 'gen_ring_banks[2].ring_bank2/sram_dout0[1]' driven by pin 'gen_ring_banks[2].ring_bank2/u_ring_sram/dout0[1]' has no loads. (LINT-2)
Warning: In design 'resi_block_mixer', net 'gen_ring_banks[2].ring_bank2/sram_dout0[2]' driven by pin 'gen_ring_banks[2].ring_bank2/u_ring_sram/dout0[2]' has no loads. (LINT-2)
Warning: In design 'resi_block_mixer', net 'gen_ring_banks[2].ring_bank2/sram_dout0[3]' driven by pin 'gen_ring_banks[2].ring_bank2/u_ring_sram/dout0[3]' has no loads. (LINT-2)
Warning: In design 'resi_block_mixer', net 'gen_ring_banks[2].ring_bank2/sram_dout0[4]' driven by pin 'gen_ring_banks[2].ring_bank2/u_ring_sram/dout0[4]' has no loads. (LINT-2)
Warning: In design 'resi_block_mixer', net 'gen_ring_banks[2].ring_bank2/sram_dout0[5]' driven by pin 'gen_ring_banks[2].ring_bank2/u_ring_sram/dout0[5]' has no loads. (LINT-2)
Warning: In design 'resi_block_mixer', net 'gen_ring_banks[2].ring_bank2/sram_dout0[6]' driven by pin 'gen_ring_banks[2].ring_bank2/u_ring_sram/dout0[6]' has no loads. (LINT-2)
Warning: In design 'resi_block_mixer', net 'gen_ring_banks[2].ring_bank2/sram_dout0[7]' driven by pin 'gen_ring_banks[2].ring_bank2/u_ring_sram/dout0[7]' has no loads. (LINT-2)
Warning: In design 'resi_block_mixer', net 'gen_ring_banks[2].ring_bank2/sram_dout0[8]' driven by pin 'gen_ring_banks[2].ring_bank2/u_ring_sram/dout0[8]' has no loads. (LINT-2)
Warning: In design 'resi_block_mixer', net 'gen_ring_banks[2].ring_bank2/sram_dout0[9]' driven by pin 'gen_ring_banks[2].ring_bank2/u_ring_sram/dout0[9]' has no loads. (LINT-2)
Warning: In design 'resi_block_mixer', net 'gen_ring_banks[2].ring_bank2/sram_dout0[10]' driven by pin 'gen_ring_banks[2].ring_bank2/u_ring_sram/dout0[10]' has no loads. (LINT-2)
Warning: In design 'resi_block_mixer', net 'gen_ring_banks[2].ring_bank2/sram_dout0[11]' driven by pin 'gen_ring_banks[2].ring_bank2/u_ring_sram/dout0[11]' has no loads. (LINT-2)
Warning: In design 'resi_block_mixer', net 'gen_ring_banks[2].ring_bank2/sram_dout0[12]' driven by pin 'gen_ring_banks[2].ring_bank2/u_ring_sram/dout0[12]' has no loads. (LINT-2)
Warning: In design 'resi_block_mixer', net 'gen_ring_banks[2].ring_bank2/sram_dout0[13]' driven by pin 'gen_ring_banks[2].ring_bank2/u_ring_sram/dout0[13]' has no loads. (LINT-2)
Warning: In design 'resi_block_mixer', net 'gen_ring_banks[2].ring_bank2/sram_dout0[14]' driven by pin 'gen_ring_banks[2].ring_bank2/u_ring_sram/dout0[14]' has no loads. (LINT-2)
Warning: In design 'resi_block_mixer', net 'gen_ring_banks[2].ring_bank2/sram_dout0[15]' driven by pin 'gen_ring_banks[2].ring_bank2/u_ring_sram/dout0[15]' has no loads. (LINT-2)
Warning: In design 'resi_block_mixer', net 'gen_ring_banks[2].ring_bank2/sram_dout0[16]' driven by pin 'gen_ring_banks[2].ring_bank2/u_ring_sram/dout0[16]' has no loads. (LINT-2)
Warning: In design 'resi_block_mixer', net 'gen_ring_banks[2].ring_bank2/sram_dout0[17]' driven by pin 'gen_ring_banks[2].ring_bank2/u_ring_sram/dout0[17]' has no loads. (LINT-2)
Warning: In design 'resi_block_mixer', net 'gen_ring_banks[2].ring_bank2/sram_dout0[18]' driven by pin 'gen_ring_banks[2].ring_bank2/u_ring_sram/dout0[18]' has no loads. (LINT-2)
Warning: In design 'resi_block_mixer', net 'gen_ring_banks[2].ring_bank2/sram_dout0[19]' driven by pin 'gen_ring_banks[2].ring_bank2/u_ring_sram/dout0[19]' has no loads. (LINT-2)
Warning: In design 'resi_block_mixer', net 'gen_ring_banks[2].ring_bank2/sram_dout0[20]' driven by pin 'gen_ring_banks[2].ring_bank2/u_ring_sram/dout0[20]' has no loads. (LINT-2)
Warning: In design 'resi_block_mixer', net 'gen_ring_banks[2].ring_bank2/sram_dout0[21]' driven by pin 'gen_ring_banks[2].ring_bank2/u_ring_sram/dout0[21]' has no loads. (LINT-2)
Warning: In design 'resi_block_mixer', net 'gen_ring_banks[2].ring_bank2/sram_dout0[22]' driven by pin 'gen_ring_banks[2].ring_bank2/u_ring_sram/dout0[22]' has no loads. (LINT-2)
Warning: In design 'resi_block_mixer', net 'gen_ring_banks[2].ring_bank2/sram_dout0[23]' driven by pin 'gen_ring_banks[2].ring_bank2/u_ring_sram/dout0[23]' has no loads. (LINT-2)
Warning: In design 'resi_block_mixer', net 'gen_ring_banks[2].ring_bank2/sram_dout0[24]' driven by pin 'gen_ring_banks[2].ring_bank2/u_ring_sram/dout0[24]' has no loads. (LINT-2)
Warning: In design 'resi_block_mixer', net 'gen_ring_banks[2].ring_bank2/sram_dout0[25]' driven by pin 'gen_ring_banks[2].ring_bank2/u_ring_sram/dout0[25]' has no loads. (LINT-2)
Warning: In design 'resi_block_mixer', net 'gen_ring_banks[2].ring_bank2/sram_dout0[26]' driven by pin 'gen_ring_banks[2].ring_bank2/u_ring_sram/dout0[26]' has no loads. (LINT-2)
Warning: In design 'resi_block_mixer', net 'gen_ring_banks[2].ring_bank2/sram_dout0[27]' driven by pin 'gen_ring_banks[2].ring_bank2/u_ring_sram/dout0[27]' has no loads. (LINT-2)
Warning: In design 'resi_block_mixer', net 'gen_ring_banks[2].ring_bank2/sram_dout0[28]' driven by pin 'gen_ring_banks[2].ring_bank2/u_ring_sram/dout0[28]' has no loads. (LINT-2)
Warning: In design 'resi_block_mixer', net 'gen_ring_banks[2].ring_bank2/sram_dout0[29]' driven by pin 'gen_ring_banks[2].ring_bank2/u_ring_sram/dout0[29]' has no loads. (LINT-2)
Warning: In design 'resi_block_mixer', net 'gen_ring_banks[2].ring_bank2/sram_dout0[30]' driven by pin 'gen_ring_banks[2].ring_bank2/u_ring_sram/dout0[30]' has no loads. (LINT-2)
Warning: In design 'resi_block_mixer', net 'gen_ring_banks[2].ring_bank2/sram_dout0[31]' driven by pin 'gen_ring_banks[2].ring_bank2/u_ring_sram/dout0[31]' has no loads. (LINT-2)
Warning: In design 'resi_block_mixer', net 'gen_ring_banks[3].ring_bank1/sram_dout0[0]' driven by pin 'gen_ring_banks[3].ring_bank1/u_ring_sram/dout0[0]' has no loads. (LINT-2)
Warning: In design 'resi_block_mixer', net 'gen_ring_banks[3].ring_bank1/sram_dout0[1]' driven by pin 'gen_ring_banks[3].ring_bank1/u_ring_sram/dout0[1]' has no loads. (LINT-2)
Warning: In design 'resi_block_mixer', net 'gen_ring_banks[3].ring_bank1/sram_dout0[2]' driven by pin 'gen_ring_banks[3].ring_bank1/u_ring_sram/dout0[2]' has no loads. (LINT-2)
Warning: In design 'resi_block_mixer', net 'gen_ring_banks[3].ring_bank1/sram_dout0[3]' driven by pin 'gen_ring_banks[3].ring_bank1/u_ring_sram/dout0[3]' has no loads. (LINT-2)
Warning: In design 'resi_block_mixer', net 'gen_ring_banks[3].ring_bank1/sram_dout0[4]' driven by pin 'gen_ring_banks[3].ring_bank1/u_ring_sram/dout0[4]' has no loads. (LINT-2)
Warning: In design 'resi_block_mixer', net 'gen_ring_banks[3].ring_bank1/sram_dout0[5]' driven by pin 'gen_ring_banks[3].ring_bank1/u_ring_sram/dout0[5]' has no loads. (LINT-2)
Warning: In design 'resi_block_mixer', net 'gen_ring_banks[3].ring_bank1/sram_dout0[6]' driven by pin 'gen_ring_banks[3].ring_bank1/u_ring_sram/dout0[6]' has no loads. (LINT-2)
Warning: In design 'resi_block_mixer', net 'gen_ring_banks[3].ring_bank1/sram_dout0[7]' driven by pin 'gen_ring_banks[3].ring_bank1/u_ring_sram/dout0[7]' has no loads. (LINT-2)
Warning: In design 'resi_block_mixer', net 'gen_ring_banks[3].ring_bank1/sram_dout0[8]' driven by pin 'gen_ring_banks[3].ring_bank1/u_ring_sram/dout0[8]' has no loads. (LINT-2)
Warning: In design 'resi_block_mixer', net 'gen_ring_banks[3].ring_bank1/sram_dout0[9]' driven by pin 'gen_ring_banks[3].ring_bank1/u_ring_sram/dout0[9]' has no loads. (LINT-2)
Warning: In design 'resi_block_mixer', net 'gen_ring_banks[3].ring_bank1/sram_dout0[10]' driven by pin 'gen_ring_banks[3].ring_bank1/u_ring_sram/dout0[10]' has no loads. (LINT-2)
Warning: In design 'resi_block_mixer', net 'gen_ring_banks[3].ring_bank1/sram_dout0[11]' driven by pin 'gen_ring_banks[3].ring_bank1/u_ring_sram/dout0[11]' has no loads. (LINT-2)
Warning: In design 'resi_block_mixer', net 'gen_ring_banks[3].ring_bank1/sram_dout0[12]' driven by pin 'gen_ring_banks[3].ring_bank1/u_ring_sram/dout0[12]' has no loads. (LINT-2)
Warning: In design 'resi_block_mixer', net 'gen_ring_banks[3].ring_bank1/sram_dout0[13]' driven by pin 'gen_ring_banks[3].ring_bank1/u_ring_sram/dout0[13]' has no loads. (LINT-2)
Warning: In design 'resi_block_mixer', net 'gen_ring_banks[3].ring_bank1/sram_dout0[14]' driven by pin 'gen_ring_banks[3].ring_bank1/u_ring_sram/dout0[14]' has no loads. (LINT-2)
Warning: In design 'resi_block_mixer', net 'gen_ring_banks[3].ring_bank1/sram_dout0[15]' driven by pin 'gen_ring_banks[3].ring_bank1/u_ring_sram/dout0[15]' has no loads. (LINT-2)
Warning: In design 'resi_block_mixer', net 'gen_ring_banks[3].ring_bank1/sram_dout0[16]' driven by pin 'gen_ring_banks[3].ring_bank1/u_ring_sram/dout0[16]' has no loads. (LINT-2)
Warning: In design 'resi_block_mixer', net 'gen_ring_banks[3].ring_bank1/sram_dout0[17]' driven by pin 'gen_ring_banks[3].ring_bank1/u_ring_sram/dout0[17]' has no loads. (LINT-2)
Warning: In design 'resi_block_mixer', net 'gen_ring_banks[3].ring_bank1/sram_dout0[18]' driven by pin 'gen_ring_banks[3].ring_bank1/u_ring_sram/dout0[18]' has no loads. (LINT-2)
Warning: In design 'resi_block_mixer', net 'gen_ring_banks[3].ring_bank1/sram_dout0[19]' driven by pin 'gen_ring_banks[3].ring_bank1/u_ring_sram/dout0[19]' has no loads. (LINT-2)
Warning: In design 'resi_block_mixer', net 'gen_ring_banks[3].ring_bank1/sram_dout0[20]' driven by pin 'gen_ring_banks[3].ring_bank1/u_ring_sram/dout0[20]' has no loads. (LINT-2)
Warning: In design 'resi_block_mixer', net 'gen_ring_banks[3].ring_bank1/sram_dout0[21]' driven by pin 'gen_ring_banks[3].ring_bank1/u_ring_sram/dout0[21]' has no loads. (LINT-2)
Warning: In design 'resi_block_mixer', net 'gen_ring_banks[3].ring_bank1/sram_dout0[22]' driven by pin 'gen_ring_banks[3].ring_bank1/u_ring_sram/dout0[22]' has no loads. (LINT-2)
Warning: In design 'resi_block_mixer', net 'gen_ring_banks[3].ring_bank1/sram_dout0[23]' driven by pin 'gen_ring_banks[3].ring_bank1/u_ring_sram/dout0[23]' has no loads. (LINT-2)
Warning: In design 'resi_block_mixer', net 'gen_ring_banks[3].ring_bank1/sram_dout0[24]' driven by pin 'gen_ring_banks[3].ring_bank1/u_ring_sram/dout0[24]' has no loads. (LINT-2)
Warning: In design 'resi_block_mixer', net 'gen_ring_banks[3].ring_bank1/sram_dout0[25]' driven by pin 'gen_ring_banks[3].ring_bank1/u_ring_sram/dout0[25]' has no loads. (LINT-2)
Warning: In design 'resi_block_mixer', net 'gen_ring_banks[3].ring_bank1/sram_dout0[26]' driven by pin 'gen_ring_banks[3].ring_bank1/u_ring_sram/dout0[26]' has no loads. (LINT-2)
Warning: In design 'resi_block_mixer', net 'gen_ring_banks[3].ring_bank1/sram_dout0[27]' driven by pin 'gen_ring_banks[3].ring_bank1/u_ring_sram/dout0[27]' has no loads. (LINT-2)
Warning: In design 'resi_block_mixer', net 'gen_ring_banks[3].ring_bank1/sram_dout0[28]' driven by pin 'gen_ring_banks[3].ring_bank1/u_ring_sram/dout0[28]' has no loads. (LINT-2)
Warning: In design 'resi_block_mixer', net 'gen_ring_banks[3].ring_bank1/sram_dout0[29]' driven by pin 'gen_ring_banks[3].ring_bank1/u_ring_sram/dout0[29]' has no loads. (LINT-2)
Warning: In design 'resi_block_mixer', net 'gen_ring_banks[3].ring_bank1/sram_dout0[30]' driven by pin 'gen_ring_banks[3].ring_bank1/u_ring_sram/dout0[30]' has no loads. (LINT-2)
Warning: In design 'resi_block_mixer', net 'gen_ring_banks[3].ring_bank1/sram_dout0[31]' driven by pin 'gen_ring_banks[3].ring_bank1/u_ring_sram/dout0[31]' has no loads. (LINT-2)
Warning: In design 'resi_block_mixer', net 'gen_ring_banks[3].ring_bank2/sram_dout0[0]' driven by pin 'gen_ring_banks[3].ring_bank2/u_ring_sram/dout0[0]' has no loads. (LINT-2)
Warning: In design 'resi_block_mixer', net 'gen_ring_banks[3].ring_bank2/sram_dout0[1]' driven by pin 'gen_ring_banks[3].ring_bank2/u_ring_sram/dout0[1]' has no loads. (LINT-2)
Warning: In design 'resi_block_mixer', net 'gen_ring_banks[3].ring_bank2/sram_dout0[2]' driven by pin 'gen_ring_banks[3].ring_bank2/u_ring_sram/dout0[2]' has no loads. (LINT-2)
Warning: In design 'resi_block_mixer', net 'gen_ring_banks[3].ring_bank2/sram_dout0[3]' driven by pin 'gen_ring_banks[3].ring_bank2/u_ring_sram/dout0[3]' has no loads. (LINT-2)
Warning: In design 'resi_block_mixer', net 'gen_ring_banks[3].ring_bank2/sram_dout0[4]' driven by pin 'gen_ring_banks[3].ring_bank2/u_ring_sram/dout0[4]' has no loads. (LINT-2)
Warning: In design 'resi_block_mixer', net 'gen_ring_banks[3].ring_bank2/sram_dout0[5]' driven by pin 'gen_ring_banks[3].ring_bank2/u_ring_sram/dout0[5]' has no loads. (LINT-2)
Warning: In design 'resi_block_mixer', net 'gen_ring_banks[3].ring_bank2/sram_dout0[6]' driven by pin 'gen_ring_banks[3].ring_bank2/u_ring_sram/dout0[6]' has no loads. (LINT-2)
Warning: In design 'resi_block_mixer', net 'gen_ring_banks[3].ring_bank2/sram_dout0[7]' driven by pin 'gen_ring_banks[3].ring_bank2/u_ring_sram/dout0[7]' has no loads. (LINT-2)
Warning: In design 'resi_block_mixer', net 'gen_ring_banks[3].ring_bank2/sram_dout0[8]' driven by pin 'gen_ring_banks[3].ring_bank2/u_ring_sram/dout0[8]' has no loads. (LINT-2)
Warning: In design 'resi_block_mixer', net 'gen_ring_banks[3].ring_bank2/sram_dout0[9]' driven by pin 'gen_ring_banks[3].ring_bank2/u_ring_sram/dout0[9]' has no loads. (LINT-2)
Warning: In design 'resi_block_mixer', net 'gen_ring_banks[3].ring_bank2/sram_dout0[10]' driven by pin 'gen_ring_banks[3].ring_bank2/u_ring_sram/dout0[10]' has no loads. (LINT-2)
Warning: In design 'resi_block_mixer', net 'gen_ring_banks[3].ring_bank2/sram_dout0[11]' driven by pin 'gen_ring_banks[3].ring_bank2/u_ring_sram/dout0[11]' has no loads. (LINT-2)
Warning: In design 'resi_block_mixer', net 'gen_ring_banks[3].ring_bank2/sram_dout0[12]' driven by pin 'gen_ring_banks[3].ring_bank2/u_ring_sram/dout0[12]' has no loads. (LINT-2)
Warning: In design 'resi_block_mixer', net 'gen_ring_banks[3].ring_bank2/sram_dout0[13]' driven by pin 'gen_ring_banks[3].ring_bank2/u_ring_sram/dout0[13]' has no loads. (LINT-2)
Warning: In design 'resi_block_mixer', net 'gen_ring_banks[3].ring_bank2/sram_dout0[14]' driven by pin 'gen_ring_banks[3].ring_bank2/u_ring_sram/dout0[14]' has no loads. (LINT-2)
Warning: In design 'resi_block_mixer', net 'gen_ring_banks[3].ring_bank2/sram_dout0[15]' driven by pin 'gen_ring_banks[3].ring_bank2/u_ring_sram/dout0[15]' has no loads. (LINT-2)
Warning: In design 'resi_block_mixer', net 'gen_ring_banks[3].ring_bank2/sram_dout0[16]' driven by pin 'gen_ring_banks[3].ring_bank2/u_ring_sram/dout0[16]' has no loads. (LINT-2)
Warning: In design 'resi_block_mixer', net 'gen_ring_banks[3].ring_bank2/sram_dout0[17]' driven by pin 'gen_ring_banks[3].ring_bank2/u_ring_sram/dout0[17]' has no loads. (LINT-2)
Warning: In design 'resi_block_mixer', net 'gen_ring_banks[3].ring_bank2/sram_dout0[18]' driven by pin 'gen_ring_banks[3].ring_bank2/u_ring_sram/dout0[18]' has no loads. (LINT-2)
Warning: In design 'resi_block_mixer', net 'gen_ring_banks[3].ring_bank2/sram_dout0[19]' driven by pin 'gen_ring_banks[3].ring_bank2/u_ring_sram/dout0[19]' has no loads. (LINT-2)
Warning: In design 'resi_block_mixer', net 'gen_ring_banks[3].ring_bank2/sram_dout0[20]' driven by pin 'gen_ring_banks[3].ring_bank2/u_ring_sram/dout0[20]' has no loads. (LINT-2)
Warning: In design 'resi_block_mixer', net 'gen_ring_banks[3].ring_bank2/sram_dout0[21]' driven by pin 'gen_ring_banks[3].ring_bank2/u_ring_sram/dout0[21]' has no loads. (LINT-2)
Warning: In design 'resi_block_mixer', net 'gen_ring_banks[3].ring_bank2/sram_dout0[22]' driven by pin 'gen_ring_banks[3].ring_bank2/u_ring_sram/dout0[22]' has no loads. (LINT-2)
Warning: In design 'resi_block_mixer', net 'gen_ring_banks[3].ring_bank2/sram_dout0[23]' driven by pin 'gen_ring_banks[3].ring_bank2/u_ring_sram/dout0[23]' has no loads. (LINT-2)
Warning: In design 'resi_block_mixer', net 'gen_ring_banks[3].ring_bank2/sram_dout0[24]' driven by pin 'gen_ring_banks[3].ring_bank2/u_ring_sram/dout0[24]' has no loads. (LINT-2)
Warning: In design 'resi_block_mixer', net 'gen_ring_banks[3].ring_bank2/sram_dout0[25]' driven by pin 'gen_ring_banks[3].ring_bank2/u_ring_sram/dout0[25]' has no loads. (LINT-2)
Warning: In design 'resi_block_mixer', net 'gen_ring_banks[3].ring_bank2/sram_dout0[26]' driven by pin 'gen_ring_banks[3].ring_bank2/u_ring_sram/dout0[26]' has no loads. (LINT-2)
Warning: In design 'resi_block_mixer', net 'gen_ring_banks[3].ring_bank2/sram_dout0[27]' driven by pin 'gen_ring_banks[3].ring_bank2/u_ring_sram/dout0[27]' has no loads. (LINT-2)
Warning: In design 'resi_block_mixer', net 'gen_ring_banks[3].ring_bank2/sram_dout0[28]' driven by pin 'gen_ring_banks[3].ring_bank2/u_ring_sram/dout0[28]' has no loads. (LINT-2)
Warning: In design 'resi_block_mixer', net 'gen_ring_banks[3].ring_bank2/sram_dout0[29]' driven by pin 'gen_ring_banks[3].ring_bank2/u_ring_sram/dout0[29]' has no loads. (LINT-2)
Warning: In design 'resi_block_mixer', net 'gen_ring_banks[3].ring_bank2/sram_dout0[30]' driven by pin 'gen_ring_banks[3].ring_bank2/u_ring_sram/dout0[30]' has no loads. (LINT-2)
Warning: In design 'resi_block_mixer', net 'gen_ring_banks[3].ring_bank2/sram_dout0[31]' driven by pin 'gen_ring_banks[3].ring_bank2/u_ring_sram/dout0[31]' has no loads. (LINT-2)
Warning: In design 'resi_block_mixer', net 'gen_ring_banks[0].ring_bank1/sram_dout0[0]' driven by pin 'gen_ring_banks[0].ring_bank1/u_ring_sram/dout0[0]' has no loads. (LINT-2)
Warning: In design 'resi_block_mixer', net 'gen_ring_banks[0].ring_bank1/sram_dout0[1]' driven by pin 'gen_ring_banks[0].ring_bank1/u_ring_sram/dout0[1]' has no loads. (LINT-2)
Warning: In design 'resi_block_mixer', net 'gen_ring_banks[0].ring_bank1/sram_dout0[2]' driven by pin 'gen_ring_banks[0].ring_bank1/u_ring_sram/dout0[2]' has no loads. (LINT-2)
Warning: In design 'resi_block_mixer', net 'gen_ring_banks[0].ring_bank1/sram_dout0[3]' driven by pin 'gen_ring_banks[0].ring_bank1/u_ring_sram/dout0[3]' has no loads. (LINT-2)
Warning: In design 'resi_block_mixer', net 'gen_ring_banks[0].ring_bank1/sram_dout0[4]' driven by pin 'gen_ring_banks[0].ring_bank1/u_ring_sram/dout0[4]' has no loads. (LINT-2)
Warning: In design 'resi_block_mixer', net 'gen_ring_banks[0].ring_bank1/sram_dout0[5]' driven by pin 'gen_ring_banks[0].ring_bank1/u_ring_sram/dout0[5]' has no loads. (LINT-2)
Warning: In design 'resi_block_mixer', net 'gen_ring_banks[0].ring_bank1/sram_dout0[6]' driven by pin 'gen_ring_banks[0].ring_bank1/u_ring_sram/dout0[6]' has no loads. (LINT-2)
Warning: In design 'resi_block_mixer', net 'gen_ring_banks[0].ring_bank1/sram_dout0[7]' driven by pin 'gen_ring_banks[0].ring_bank1/u_ring_sram/dout0[7]' has no loads. (LINT-2)
Warning: In design 'resi_block_mixer', net 'gen_ring_banks[0].ring_bank1/sram_dout0[8]' driven by pin 'gen_ring_banks[0].ring_bank1/u_ring_sram/dout0[8]' has no loads. (LINT-2)
Warning: In design 'resi_block_mixer', net 'gen_ring_banks[0].ring_bank1/sram_dout0[9]' driven by pin 'gen_ring_banks[0].ring_bank1/u_ring_sram/dout0[9]' has no loads. (LINT-2)
Warning: In design 'resi_block_mixer', net 'gen_ring_banks[0].ring_bank1/sram_dout0[10]' driven by pin 'gen_ring_banks[0].ring_bank1/u_ring_sram/dout0[10]' has no loads. (LINT-2)
Warning: In design 'resi_block_mixer', net 'gen_ring_banks[0].ring_bank1/sram_dout0[11]' driven by pin 'gen_ring_banks[0].ring_bank1/u_ring_sram/dout0[11]' has no loads. (LINT-2)
Warning: In design 'resi_block_mixer', net 'gen_ring_banks[0].ring_bank1/sram_dout0[12]' driven by pin 'gen_ring_banks[0].ring_bank1/u_ring_sram/dout0[12]' has no loads. (LINT-2)
Warning: In design 'resi_block_mixer', net 'gen_ring_banks[0].ring_bank1/sram_dout0[13]' driven by pin 'gen_ring_banks[0].ring_bank1/u_ring_sram/dout0[13]' has no loads. (LINT-2)
Warning: In design 'resi_block_mixer', net 'gen_ring_banks[0].ring_bank1/sram_dout0[14]' driven by pin 'gen_ring_banks[0].ring_bank1/u_ring_sram/dout0[14]' has no loads. (LINT-2)
Warning: In design 'resi_block_mixer', net 'gen_ring_banks[0].ring_bank1/sram_dout0[15]' driven by pin 'gen_ring_banks[0].ring_bank1/u_ring_sram/dout0[15]' has no loads. (LINT-2)
Warning: In design 'resi_block_mixer', net 'gen_ring_banks[0].ring_bank1/sram_dout0[16]' driven by pin 'gen_ring_banks[0].ring_bank1/u_ring_sram/dout0[16]' has no loads. (LINT-2)
Warning: In design 'resi_block_mixer', net 'gen_ring_banks[0].ring_bank1/sram_dout0[17]' driven by pin 'gen_ring_banks[0].ring_bank1/u_ring_sram/dout0[17]' has no loads. (LINT-2)
Warning: In design 'resi_block_mixer', net 'gen_ring_banks[0].ring_bank1/sram_dout0[18]' driven by pin 'gen_ring_banks[0].ring_bank1/u_ring_sram/dout0[18]' has no loads. (LINT-2)
Warning: In design 'resi_block_mixer', net 'gen_ring_banks[0].ring_bank1/sram_dout0[19]' driven by pin 'gen_ring_banks[0].ring_bank1/u_ring_sram/dout0[19]' has no loads. (LINT-2)
Warning: In design 'resi_block_mixer', net 'gen_ring_banks[0].ring_bank1/sram_dout0[20]' driven by pin 'gen_ring_banks[0].ring_bank1/u_ring_sram/dout0[20]' has no loads. (LINT-2)
Warning: In design 'resi_block_mixer', net 'gen_ring_banks[0].ring_bank1/sram_dout0[21]' driven by pin 'gen_ring_banks[0].ring_bank1/u_ring_sram/dout0[21]' has no loads. (LINT-2)
Warning: In design 'resi_block_mixer', net 'gen_ring_banks[0].ring_bank1/sram_dout0[22]' driven by pin 'gen_ring_banks[0].ring_bank1/u_ring_sram/dout0[22]' has no loads. (LINT-2)
Warning: In design 'resi_block_mixer', net 'gen_ring_banks[0].ring_bank1/sram_dout0[23]' driven by pin 'gen_ring_banks[0].ring_bank1/u_ring_sram/dout0[23]' has no loads. (LINT-2)
Warning: In design 'resi_block_mixer', net 'gen_ring_banks[0].ring_bank1/sram_dout0[24]' driven by pin 'gen_ring_banks[0].ring_bank1/u_ring_sram/dout0[24]' has no loads. (LINT-2)
Warning: In design 'resi_block_mixer', net 'gen_ring_banks[0].ring_bank1/sram_dout0[25]' driven by pin 'gen_ring_banks[0].ring_bank1/u_ring_sram/dout0[25]' has no loads. (LINT-2)
Warning: In design 'resi_block_mixer', net 'gen_ring_banks[0].ring_bank1/sram_dout0[26]' driven by pin 'gen_ring_banks[0].ring_bank1/u_ring_sram/dout0[26]' has no loads. (LINT-2)
Warning: In design 'resi_block_mixer', net 'gen_ring_banks[0].ring_bank1/sram_dout0[27]' driven by pin 'gen_ring_banks[0].ring_bank1/u_ring_sram/dout0[27]' has no loads. (LINT-2)
Warning: In design 'resi_block_mixer', net 'gen_ring_banks[0].ring_bank1/sram_dout0[28]' driven by pin 'gen_ring_banks[0].ring_bank1/u_ring_sram/dout0[28]' has no loads. (LINT-2)
Warning: In design 'resi_block_mixer', net 'gen_ring_banks[0].ring_bank1/sram_dout0[29]' driven by pin 'gen_ring_banks[0].ring_bank1/u_ring_sram/dout0[29]' has no loads. (LINT-2)
Warning: In design 'resi_block_mixer', net 'gen_ring_banks[0].ring_bank1/sram_dout0[30]' driven by pin 'gen_ring_banks[0].ring_bank1/u_ring_sram/dout0[30]' has no loads. (LINT-2)
Warning: In design 'resi_block_mixer', net 'gen_ring_banks[0].ring_bank1/sram_dout0[31]' driven by pin 'gen_ring_banks[0].ring_bank1/u_ring_sram/dout0[31]' has no loads. (LINT-2)
Warning: In design 'quant_array', port 'data_in[0][7]' is not connected to any nets. (LINT-28)
Warning: In design 'quant_array', port 'data_in[0][6]' is not connected to any nets. (LINT-28)
Warning: In design 'quant_array', port 'data_in[0][5]' is not connected to any nets. (LINT-28)
Warning: In design 'quant_array', port 'data_in[0][4]' is not connected to any nets. (LINT-28)
Warning: In design 'quant_array', port 'data_in[0][3]' is not connected to any nets. (LINT-28)
Warning: In design 'quant_array', port 'data_in[0][2]' is not connected to any nets. (LINT-28)
Warning: In design 'quant_array', port 'data_in[0][1]' is not connected to any nets. (LINT-28)
Warning: In design 'quant_array', port 'data_in[0][0]' is not connected to any nets. (LINT-28)
Warning: In design 'quant_array', port 'data_in[1][7]' is not connected to any nets. (LINT-28)
Warning: In design 'quant_array', port 'data_in[1][6]' is not connected to any nets. (LINT-28)
Warning: In design 'quant_array', port 'data_in[1][5]' is not connected to any nets. (LINT-28)
Warning: In design 'quant_array', port 'data_in[1][4]' is not connected to any nets. (LINT-28)
Warning: In design 'quant_array', port 'data_in[1][3]' is not connected to any nets. (LINT-28)
Warning: In design 'quant_array', port 'data_in[1][2]' is not connected to any nets. (LINT-28)
Warning: In design 'quant_array', port 'data_in[1][1]' is not connected to any nets. (LINT-28)
Warning: In design 'quant_array', port 'data_in[1][0]' is not connected to any nets. (LINT-28)
Warning: In design 'quant_array', port 'data_in[2][7]' is not connected to any nets. (LINT-28)
Warning: In design 'quant_array', port 'data_in[2][6]' is not connected to any nets. (LINT-28)
Warning: In design 'quant_array', port 'data_in[2][5]' is not connected to any nets. (LINT-28)
Warning: In design 'quant_array', port 'data_in[2][4]' is not connected to any nets. (LINT-28)
Warning: In design 'quant_array', port 'data_in[2][3]' is not connected to any nets. (LINT-28)
Warning: In design 'quant_array', port 'data_in[2][2]' is not connected to any nets. (LINT-28)
Warning: In design 'quant_array', port 'data_in[2][1]' is not connected to any nets. (LINT-28)
Warning: In design 'quant_array', port 'data_in[2][0]' is not connected to any nets. (LINT-28)
Warning: In design 'quant_array', port 'data_in[3][7]' is not connected to any nets. (LINT-28)
Warning: In design 'quant_array', port 'data_in[3][6]' is not connected to any nets. (LINT-28)
Warning: In design 'quant_array', port 'data_in[3][5]' is not connected to any nets. (LINT-28)
Warning: In design 'quant_array', port 'data_in[3][4]' is not connected to any nets. (LINT-28)
Warning: In design 'quant_array', port 'data_in[3][3]' is not connected to any nets. (LINT-28)
Warning: In design 'quant_array', port 'data_in[3][2]' is not connected to any nets. (LINT-28)
Warning: In design 'quant_array', port 'data_in[3][1]' is not connected to any nets. (LINT-28)
Warning: In design 'quant_array', port 'data_in[3][0]' is not connected to any nets. (LINT-28)
Warning: In design 'quant_array', port 'data_in[4][7]' is not connected to any nets. (LINT-28)
Warning: In design 'quant_array', port 'data_in[4][6]' is not connected to any nets. (LINT-28)
Warning: In design 'quant_array', port 'data_in[4][5]' is not connected to any nets. (LINT-28)
Warning: In design 'quant_array', port 'data_in[4][4]' is not connected to any nets. (LINT-28)
Warning: In design 'quant_array', port 'data_in[4][3]' is not connected to any nets. (LINT-28)
Warning: In design 'quant_array', port 'data_in[4][2]' is not connected to any nets. (LINT-28)
Warning: In design 'quant_array', port 'data_in[4][1]' is not connected to any nets. (LINT-28)
Warning: In design 'quant_array', port 'data_in[4][0]' is not connected to any nets. (LINT-28)
Warning: In design 'quant_array', port 'data_in[5][7]' is not connected to any nets. (LINT-28)
Warning: In design 'quant_array', port 'data_in[5][6]' is not connected to any nets. (LINT-28)
Warning: In design 'quant_array', port 'data_in[5][5]' is not connected to any nets. (LINT-28)
Warning: In design 'quant_array', port 'data_in[5][4]' is not connected to any nets. (LINT-28)
Warning: In design 'quant_array', port 'data_in[5][3]' is not connected to any nets. (LINT-28)
Warning: In design 'quant_array', port 'data_in[5][2]' is not connected to any nets. (LINT-28)
Warning: In design 'quant_array', port 'data_in[5][1]' is not connected to any nets. (LINT-28)
Warning: In design 'quant_array', port 'data_in[5][0]' is not connected to any nets. (LINT-28)
Warning: In design 'quant_array', port 'data_in[6][7]' is not connected to any nets. (LINT-28)
Warning: In design 'quant_array', port 'data_in[6][6]' is not connected to any nets. (LINT-28)
Warning: In design 'quant_array', port 'data_in[6][5]' is not connected to any nets. (LINT-28)
Warning: In design 'quant_array', port 'data_in[6][4]' is not connected to any nets. (LINT-28)
Warning: In design 'quant_array', port 'data_in[6][3]' is not connected to any nets. (LINT-28)
Warning: In design 'quant_array', port 'data_in[6][2]' is not connected to any nets. (LINT-28)
Warning: In design 'quant_array', port 'data_in[6][1]' is not connected to any nets. (LINT-28)
Warning: In design 'quant_array', port 'data_in[6][0]' is not connected to any nets. (LINT-28)
Warning: In design 'quant_array', port 'data_in[7][7]' is not connected to any nets. (LINT-28)
Warning: In design 'quant_array', port 'data_in[7][6]' is not connected to any nets. (LINT-28)
Warning: In design 'quant_array', port 'data_in[7][5]' is not connected to any nets. (LINT-28)
Warning: In design 'quant_array', port 'data_in[7][4]' is not connected to any nets. (LINT-28)
Warning: In design 'quant_array', port 'data_in[7][3]' is not connected to any nets. (LINT-28)
Warning: In design 'quant_array', port 'data_in[7][2]' is not connected to any nets. (LINT-28)
Warning: In design 'quant_array', port 'data_in[7][1]' is not connected to any nets. (LINT-28)
Warning: In design 'quant_array', port 'data_in[7][0]' is not connected to any nets. (LINT-28)
Warning: In design 'quant_array', port 'data_in[8][7]' is not connected to any nets. (LINT-28)
Warning: In design 'quant_array', port 'data_in[8][6]' is not connected to any nets. (LINT-28)
Warning: In design 'quant_array', port 'data_in[8][5]' is not connected to any nets. (LINT-28)
Warning: In design 'quant_array', port 'data_in[8][4]' is not connected to any nets. (LINT-28)
Warning: In design 'quant_array', port 'data_in[8][3]' is not connected to any nets. (LINT-28)
Warning: In design 'quant_array', port 'data_in[8][2]' is not connected to any nets. (LINT-28)
Warning: In design 'quant_array', port 'data_in[8][1]' is not connected to any nets. (LINT-28)
Warning: In design 'quant_array', port 'data_in[8][0]' is not connected to any nets. (LINT-28)
Warning: In design 'quant_array', port 'data_in[9][7]' is not connected to any nets. (LINT-28)
Warning: In design 'quant_array', port 'data_in[9][6]' is not connected to any nets. (LINT-28)
Warning: In design 'quant_array', port 'data_in[9][5]' is not connected to any nets. (LINT-28)
Warning: In design 'quant_array', port 'data_in[9][4]' is not connected to any nets. (LINT-28)
Warning: In design 'quant_array', port 'data_in[9][3]' is not connected to any nets. (LINT-28)
Warning: In design 'quant_array', port 'data_in[9][2]' is not connected to any nets. (LINT-28)
Warning: In design 'quant_array', port 'data_in[9][1]' is not connected to any nets. (LINT-28)
Warning: In design 'quant_array', port 'data_in[9][0]' is not connected to any nets. (LINT-28)
Warning: In design 'quant_array', port 'data_in[10][7]' is not connected to any nets. (LINT-28)
Warning: In design 'quant_array', port 'data_in[10][6]' is not connected to any nets. (LINT-28)
Warning: In design 'quant_array', port 'data_in[10][5]' is not connected to any nets. (LINT-28)
Warning: In design 'quant_array', port 'data_in[10][4]' is not connected to any nets. (LINT-28)
Warning: In design 'quant_array', port 'data_in[10][3]' is not connected to any nets. (LINT-28)
Warning: In design 'quant_array', port 'data_in[10][2]' is not connected to any nets. (LINT-28)
Warning: In design 'quant_array', port 'data_in[10][1]' is not connected to any nets. (LINT-28)
Warning: In design 'quant_array', port 'data_in[10][0]' is not connected to any nets. (LINT-28)
Warning: In design 'quant_array', port 'data_in[11][7]' is not connected to any nets. (LINT-28)
Warning: In design 'quant_array', port 'data_in[11][6]' is not connected to any nets. (LINT-28)
Warning: In design 'quant_array', port 'data_in[11][5]' is not connected to any nets. (LINT-28)
Warning: In design 'quant_array', port 'data_in[11][4]' is not connected to any nets. (LINT-28)
Warning: In design 'quant_array', port 'data_in[11][3]' is not connected to any nets. (LINT-28)
Warning: In design 'quant_array', port 'data_in[11][2]' is not connected to any nets. (LINT-28)
Warning: In design 'quant_array', port 'data_in[11][1]' is not connected to any nets. (LINT-28)
Warning: In design 'quant_array', port 'data_in[11][0]' is not connected to any nets. (LINT-28)
Warning: In design 'quant_array', port 'data_in[12][7]' is not connected to any nets. (LINT-28)
Warning: In design 'quant_array', port 'data_in[12][6]' is not connected to any nets. (LINT-28)
Warning: In design 'quant_array', port 'data_in[12][5]' is not connected to any nets. (LINT-28)
Warning: In design 'quant_array', port 'data_in[12][4]' is not connected to any nets. (LINT-28)
Warning: In design 'quant_array', port 'data_in[12][3]' is not connected to any nets. (LINT-28)
Warning: In design 'quant_array', port 'data_in[12][2]' is not connected to any nets. (LINT-28)
Warning: In design 'quant_array', port 'data_in[12][1]' is not connected to any nets. (LINT-28)
Warning: In design 'quant_array', port 'data_in[12][0]' is not connected to any nets. (LINT-28)
Warning: In design 'quant_array', port 'data_in[13][7]' is not connected to any nets. (LINT-28)
Warning: In design 'quant_array', port 'data_in[13][6]' is not connected to any nets. (LINT-28)
Warning: In design 'quant_array', port 'data_in[13][5]' is not connected to any nets. (LINT-28)
Warning: In design 'quant_array', port 'data_in[13][4]' is not connected to any nets. (LINT-28)
Warning: In design 'quant_array', port 'data_in[13][3]' is not connected to any nets. (LINT-28)
Warning: In design 'quant_array', port 'data_in[13][2]' is not connected to any nets. (LINT-28)
Warning: In design 'quant_array', port 'data_in[13][1]' is not connected to any nets. (LINT-28)
Warning: In design 'quant_array', port 'data_in[13][0]' is not connected to any nets. (LINT-28)
Warning: In design 'quant_array', port 'data_in[14][7]' is not connected to any nets. (LINT-28)
Warning: In design 'quant_array', port 'data_in[14][6]' is not connected to any nets. (LINT-28)
Warning: In design 'quant_array', port 'data_in[14][5]' is not connected to any nets. (LINT-28)
Warning: In design 'quant_array', port 'data_in[14][4]' is not connected to any nets. (LINT-28)
Warning: In design 'quant_array', port 'data_in[14][3]' is not connected to any nets. (LINT-28)
Warning: In design 'quant_array', port 'data_in[14][2]' is not connected to any nets. (LINT-28)
Warning: In design 'quant_array', port 'data_in[14][1]' is not connected to any nets. (LINT-28)
Warning: In design 'quant_array', port 'data_in[14][0]' is not connected to any nets. (LINT-28)
Warning: In design 'quant_array', port 'data_in[15][7]' is not connected to any nets. (LINT-28)
Warning: In design 'quant_array', port 'data_in[15][6]' is not connected to any nets. (LINT-28)
Warning: In design 'quant_array', port 'data_in[15][5]' is not connected to any nets. (LINT-28)
Warning: In design 'quant_array', port 'data_in[15][4]' is not connected to any nets. (LINT-28)
Warning: In design 'quant_array', port 'data_in[15][3]' is not connected to any nets. (LINT-28)
Warning: In design 'quant_array', port 'data_in[15][2]' is not connected to any nets. (LINT-28)
Warning: In design 'quant_array', port 'data_in[15][1]' is not connected to any nets. (LINT-28)
Warning: In design 'quant_array', port 'data_in[15][0]' is not connected to any nets. (LINT-28)
Warning: In design 'resi_block_mixer', a pin on submodule 'gen_ring_banks[0].ring_bank1' is connected to logic 1 or logic 0. (LINT-32)
   Pin 'read_offset[8]' is connected to logic 0. 
Warning: In design 'resi_block_mixer', a pin on submodule 'gen_ring_banks[0].ring_bank1' is connected to logic 1 or logic 0. (LINT-32)
   Pin 'read_offset[7]' is connected to logic 0. 
Warning: In design 'resi_block_mixer', a pin on submodule 'gen_ring_banks[0].ring_bank1' is connected to logic 1 or logic 0. (LINT-32)
   Pin 'read_offset[6]' is connected to logic 0. 
Warning: In design 'resi_block_mixer', a pin on submodule 'gen_ring_banks[0].ring_bank1' is connected to logic 1 or logic 0. (LINT-32)
   Pin 'read_offset[5]' is connected to logic 0. 
Warning: In design 'resi_block_mixer', a pin on submodule 'gen_ring_banks[0].ring_bank1' is connected to logic 1 or logic 0. (LINT-32)
   Pin 'read_offset[4]' is connected to logic 0. 
Warning: In design 'resi_block_mixer', a pin on submodule 'gen_ring_banks[0].ring_bank1' is connected to logic 1 or logic 0. (LINT-32)
   Pin 'read_offset[3]' is connected to logic 0. 
Warning: In design 'resi_block_mixer', a pin on submodule 'gen_ring_banks[0].ring_bank1' is connected to logic 1 or logic 0. (LINT-32)
   Pin 'read_offset[2]' is connected to logic 0. 
Warning: In design 'resi_block_mixer', a pin on submodule 'gen_ring_banks[0].ring_bank2' is connected to logic 1 or logic 0. (LINT-32)
   Pin 'read_offset[8]' is connected to logic 0. 
Warning: In design 'resi_block_mixer', a pin on submodule 'gen_ring_banks[0].ring_bank2' is connected to logic 1 or logic 0. (LINT-32)
   Pin 'read_offset[7]' is connected to logic 0. 
Warning: In design 'resi_block_mixer', a pin on submodule 'gen_ring_banks[0].ring_bank2' is connected to logic 1 or logic 0. (LINT-32)
   Pin 'read_offset[6]' is connected to logic 0. 
Warning: In design 'resi_block_mixer', a pin on submodule 'gen_ring_banks[0].ring_bank2' is connected to logic 1 or logic 0. (LINT-32)
   Pin 'read_offset[5]' is connected to logic 0. 
Warning: In design 'resi_block_mixer', a pin on submodule 'gen_ring_banks[0].ring_bank2' is connected to logic 1 or logic 0. (LINT-32)
   Pin 'read_offset[4]' is connected to logic 0. 
Warning: In design 'resi_block_mixer', a pin on submodule 'gen_ring_banks[0].ring_bank2' is connected to logic 1 or logic 0. (LINT-32)
   Pin 'read_offset[3]' is connected to logic 0. 
Warning: In design 'resi_block_mixer', a pin on submodule 'gen_ring_banks[0].ring_bank2' is connected to logic 1 or logic 0. (LINT-32)
   Pin 'read_offset[2]' is connected to logic 0. 
Warning: In design 'resi_block_mixer', a pin on submodule 'gen_ring_banks[1].ring_bank1' is connected to logic 1 or logic 0. (LINT-32)
   Pin 'read_offset[8]' is connected to logic 0. 
Warning: In design 'resi_block_mixer', a pin on submodule 'gen_ring_banks[1].ring_bank1' is connected to logic 1 or logic 0. (LINT-32)
   Pin 'read_offset[7]' is connected to logic 0. 
Warning: In design 'resi_block_mixer', a pin on submodule 'gen_ring_banks[1].ring_bank1' is connected to logic 1 or logic 0. (LINT-32)
   Pin 'read_offset[6]' is connected to logic 0. 
Warning: In design 'resi_block_mixer', a pin on submodule 'gen_ring_banks[1].ring_bank1' is connected to logic 1 or logic 0. (LINT-32)
   Pin 'read_offset[5]' is connected to logic 0. 
Warning: In design 'resi_block_mixer', a pin on submodule 'gen_ring_banks[1].ring_bank1' is connected to logic 1 or logic 0. (LINT-32)
   Pin 'read_offset[4]' is connected to logic 0. 
Warning: In design 'resi_block_mixer', a pin on submodule 'gen_ring_banks[1].ring_bank1' is connected to logic 1 or logic 0. (LINT-32)
   Pin 'read_offset[3]' is connected to logic 0. 
Warning: In design 'resi_block_mixer', a pin on submodule 'gen_ring_banks[1].ring_bank1' is connected to logic 1 or logic 0. (LINT-32)
   Pin 'read_offset[2]' is connected to logic 0. 
Warning: In design 'resi_block_mixer', a pin on submodule 'gen_ring_banks[1].ring_bank2' is connected to logic 1 or logic 0. (LINT-32)
   Pin 'read_offset[8]' is connected to logic 0. 
Warning: In design 'resi_block_mixer', a pin on submodule 'gen_ring_banks[1].ring_bank2' is connected to logic 1 or logic 0. (LINT-32)
   Pin 'read_offset[7]' is connected to logic 0. 
Warning: In design 'resi_block_mixer', a pin on submodule 'gen_ring_banks[1].ring_bank2' is connected to logic 1 or logic 0. (LINT-32)
   Pin 'read_offset[6]' is connected to logic 0. 
Warning: In design 'resi_block_mixer', a pin on submodule 'gen_ring_banks[1].ring_bank2' is connected to logic 1 or logic 0. (LINT-32)
   Pin 'read_offset[5]' is connected to logic 0. 
Warning: In design 'resi_block_mixer', a pin on submodule 'gen_ring_banks[1].ring_bank2' is connected to logic 1 or logic 0. (LINT-32)
   Pin 'read_offset[4]' is connected to logic 0. 
Warning: In design 'resi_block_mixer', a pin on submodule 'gen_ring_banks[1].ring_bank2' is connected to logic 1 or logic 0. (LINT-32)
   Pin 'read_offset[3]' is connected to logic 0. 
Warning: In design 'resi_block_mixer', a pin on submodule 'gen_ring_banks[1].ring_bank2' is connected to logic 1 or logic 0. (LINT-32)
   Pin 'read_offset[2]' is connected to logic 0. 
Warning: In design 'resi_block_mixer', a pin on submodule 'gen_ring_banks[2].ring_bank1' is connected to logic 1 or logic 0. (LINT-32)
   Pin 'read_offset[8]' is connected to logic 0. 
Warning: In design 'resi_block_mixer', a pin on submodule 'gen_ring_banks[2].ring_bank1' is connected to logic 1 or logic 0. (LINT-32)
   Pin 'read_offset[7]' is connected to logic 0. 
Warning: In design 'resi_block_mixer', a pin on submodule 'gen_ring_banks[2].ring_bank1' is connected to logic 1 or logic 0. (LINT-32)
   Pin 'read_offset[6]' is connected to logic 0. 
Warning: In design 'resi_block_mixer', a pin on submodule 'gen_ring_banks[2].ring_bank1' is connected to logic 1 or logic 0. (LINT-32)
   Pin 'read_offset[5]' is connected to logic 0. 
Warning: In design 'resi_block_mixer', a pin on submodule 'gen_ring_banks[2].ring_bank1' is connected to logic 1 or logic 0. (LINT-32)
   Pin 'read_offset[4]' is connected to logic 0. 
Warning: In design 'resi_block_mixer', a pin on submodule 'gen_ring_banks[2].ring_bank1' is connected to logic 1 or logic 0. (LINT-32)
   Pin 'read_offset[3]' is connected to logic 0. 
Warning: In design 'resi_block_mixer', a pin on submodule 'gen_ring_banks[2].ring_bank1' is connected to logic 1 or logic 0. (LINT-32)
   Pin 'read_offset[2]' is connected to logic 0. 
Warning: In design 'resi_block_mixer', a pin on submodule 'gen_ring_banks[2].ring_bank2' is connected to logic 1 or logic 0. (LINT-32)
   Pin 'read_offset[8]' is connected to logic 0. 
Warning: In design 'resi_block_mixer', a pin on submodule 'gen_ring_banks[2].ring_bank2' is connected to logic 1 or logic 0. (LINT-32)
   Pin 'read_offset[7]' is connected to logic 0. 
Warning: In design 'resi_block_mixer', a pin on submodule 'gen_ring_banks[2].ring_bank2' is connected to logic 1 or logic 0. (LINT-32)
   Pin 'read_offset[6]' is connected to logic 0. 
Warning: In design 'resi_block_mixer', a pin on submodule 'gen_ring_banks[2].ring_bank2' is connected to logic 1 or logic 0. (LINT-32)
   Pin 'read_offset[5]' is connected to logic 0. 
Warning: In design 'resi_block_mixer', a pin on submodule 'gen_ring_banks[2].ring_bank2' is connected to logic 1 or logic 0. (LINT-32)
   Pin 'read_offset[4]' is connected to logic 0. 
Warning: In design 'resi_block_mixer', a pin on submodule 'gen_ring_banks[2].ring_bank2' is connected to logic 1 or logic 0. (LINT-32)
   Pin 'read_offset[3]' is connected to logic 0. 
Warning: In design 'resi_block_mixer', a pin on submodule 'gen_ring_banks[2].ring_bank2' is connected to logic 1 or logic 0. (LINT-32)
   Pin 'read_offset[2]' is connected to logic 0. 
Warning: In design 'resi_block_mixer', a pin on submodule 'gen_ring_banks[3].ring_bank1' is connected to logic 1 or logic 0. (LINT-32)
   Pin 'read_offset[8]' is connected to logic 0. 
Warning: In design 'resi_block_mixer', a pin on submodule 'gen_ring_banks[3].ring_bank1' is connected to logic 1 or logic 0. (LINT-32)
   Pin 'read_offset[7]' is connected to logic 0. 
Warning: In design 'resi_block_mixer', a pin on submodule 'gen_ring_banks[3].ring_bank1' is connected to logic 1 or logic 0. (LINT-32)
   Pin 'read_offset[6]' is connected to logic 0. 
Warning: In design 'resi_block_mixer', a pin on submodule 'gen_ring_banks[3].ring_bank1' is connected to logic 1 or logic 0. (LINT-32)
   Pin 'read_offset[5]' is connected to logic 0. 
Warning: In design 'resi_block_mixer', a pin on submodule 'gen_ring_banks[3].ring_bank1' is connected to logic 1 or logic 0. (LINT-32)
   Pin 'read_offset[4]' is connected to logic 0. 
Warning: In design 'resi_block_mixer', a pin on submodule 'gen_ring_banks[3].ring_bank1' is connected to logic 1 or logic 0. (LINT-32)
   Pin 'read_offset[3]' is connected to logic 0. 
Warning: In design 'resi_block_mixer', a pin on submodule 'gen_ring_banks[3].ring_bank1' is connected to logic 1 or logic 0. (LINT-32)
   Pin 'read_offset[2]' is connected to logic 0. 
Warning: In design 'resi_block_mixer', a pin on submodule 'gen_ring_banks[3].ring_bank2' is connected to logic 1 or logic 0. (LINT-32)
   Pin 'read_offset[8]' is connected to logic 0. 
Warning: In design 'resi_block_mixer', a pin on submodule 'gen_ring_banks[3].ring_bank2' is connected to logic 1 or logic 0. (LINT-32)
   Pin 'read_offset[7]' is connected to logic 0. 
Warning: In design 'resi_block_mixer', a pin on submodule 'gen_ring_banks[3].ring_bank2' is connected to logic 1 or logic 0. (LINT-32)
   Pin 'read_offset[6]' is connected to logic 0. 
Warning: In design 'resi_block_mixer', a pin on submodule 'gen_ring_banks[3].ring_bank2' is connected to logic 1 or logic 0. (LINT-32)
   Pin 'read_offset[5]' is connected to logic 0. 
Warning: In design 'resi_block_mixer', a pin on submodule 'gen_ring_banks[3].ring_bank2' is connected to logic 1 or logic 0. (LINT-32)
   Pin 'read_offset[4]' is connected to logic 0. 
Warning: In design 'resi_block_mixer', a pin on submodule 'gen_ring_banks[3].ring_bank2' is connected to logic 1 or logic 0. (LINT-32)
   Pin 'read_offset[3]' is connected to logic 0. 
Warning: In design 'resi_block_mixer', a pin on submodule 'gen_ring_banks[3].ring_bank2' is connected to logic 1 or logic 0. (LINT-32)
   Pin 'read_offset[2]' is connected to logic 0. 
Warning: In design 'resi_block_mixer', the same net is connected to more than one pin on submodule 'init_mac1'. (LINT-33)
   Net 'selectedIn1[7]' is connected to pins 'x[0][7]', 'x[1][7]'', 'x[2][7]', 'x[3][7]', 'x[4][7]', 'x[5][7]', 'x[6][7]', 'x[7][7]', 'x[8][7]', 'x[9][7]', 'x[10][7]', 'x[11][7]', 'x[12][7]', 'x[13][7]', 'x[14][7]', 'x[15][7]'.
Warning: In design 'resi_block_mixer', the same net is connected to more than one pin on submodule 'init_mac1'. (LINT-33)
   Net 'selectedIn1[6]' is connected to pins 'x[0][6]', 'x[1][6]'', 'x[2][6]', 'x[3][6]', 'x[4][6]', 'x[5][6]', 'x[6][6]', 'x[7][6]', 'x[8][6]', 'x[9][6]', 'x[10][6]', 'x[11][6]', 'x[12][6]', 'x[13][6]', 'x[14][6]', 'x[15][6]'.
Warning: In design 'resi_block_mixer', the same net is connected to more than one pin on submodule 'init_mac1'. (LINT-33)
   Net 'selectedIn1[5]' is connected to pins 'x[0][5]', 'x[1][5]'', 'x[2][5]', 'x[3][5]', 'x[4][5]', 'x[5][5]', 'x[6][5]', 'x[7][5]', 'x[8][5]', 'x[9][5]', 'x[10][5]', 'x[11][5]', 'x[12][5]', 'x[13][5]', 'x[14][5]', 'x[15][5]'.
Warning: In design 'resi_block_mixer', the same net is connected to more than one pin on submodule 'init_mac1'. (LINT-33)
   Net 'selectedIn1[4]' is connected to pins 'x[0][4]', 'x[1][4]'', 'x[2][4]', 'x[3][4]', 'x[4][4]', 'x[5][4]', 'x[6][4]', 'x[7][4]', 'x[8][4]', 'x[9][4]', 'x[10][4]', 'x[11][4]', 'x[12][4]', 'x[13][4]', 'x[14][4]', 'x[15][4]'.
Warning: In design 'resi_block_mixer', the same net is connected to more than one pin on submodule 'init_mac1'. (LINT-33)
   Net 'selectedIn1[3]' is connected to pins 'x[0][3]', 'x[1][3]'', 'x[2][3]', 'x[3][3]', 'x[4][3]', 'x[5][3]', 'x[6][3]', 'x[7][3]', 'x[8][3]', 'x[9][3]', 'x[10][3]', 'x[11][3]', 'x[12][3]', 'x[13][3]', 'x[14][3]', 'x[15][3]'.
Warning: In design 'resi_block_mixer', the same net is connected to more than one pin on submodule 'init_mac1'. (LINT-33)
   Net 'selectedIn1[2]' is connected to pins 'x[0][2]', 'x[1][2]'', 'x[2][2]', 'x[3][2]', 'x[4][2]', 'x[5][2]', 'x[6][2]', 'x[7][2]', 'x[8][2]', 'x[9][2]', 'x[10][2]', 'x[11][2]', 'x[12][2]', 'x[13][2]', 'x[14][2]', 'x[15][2]'.
Warning: In design 'resi_block_mixer', the same net is connected to more than one pin on submodule 'init_mac1'. (LINT-33)
   Net 'selectedIn1[1]' is connected to pins 'x[0][1]', 'x[1][1]'', 'x[2][1]', 'x[3][1]', 'x[4][1]', 'x[5][1]', 'x[6][1]', 'x[7][1]', 'x[8][1]', 'x[9][1]', 'x[10][1]', 'x[11][1]', 'x[12][1]', 'x[13][1]', 'x[14][1]', 'x[15][1]'.
Warning: In design 'resi_block_mixer', the same net is connected to more than one pin on submodule 'init_mac1'. (LINT-33)
   Net 'selectedIn1[0]' is connected to pins 'x[0][0]', 'x[1][0]'', 'x[2][0]', 'x[3][0]', 'x[4][0]', 'x[5][0]', 'x[6][0]', 'x[7][0]', 'x[8][0]', 'x[9][0]', 'x[10][0]', 'x[11][0]', 'x[12][0]', 'x[13][0]', 'x[14][0]', 'x[15][0]'.
Warning: In design 'resi_block_mixer', the same net is connected to more than one pin on submodule 'init_mac2'. (LINT-33)
   Net 'selectedIn2[7]' is connected to pins 'x[0][7]', 'x[1][7]'', 'x[2][7]', 'x[3][7]', 'x[4][7]', 'x[5][7]', 'x[6][7]', 'x[7][7]', 'x[8][7]', 'x[9][7]', 'x[10][7]', 'x[11][7]', 'x[12][7]', 'x[13][7]', 'x[14][7]', 'x[15][7]'.
Warning: In design 'resi_block_mixer', the same net is connected to more than one pin on submodule 'init_mac2'. (LINT-33)
   Net 'selectedIn2[6]' is connected to pins 'x[0][6]', 'x[1][6]'', 'x[2][6]', 'x[3][6]', 'x[4][6]', 'x[5][6]', 'x[6][6]', 'x[7][6]', 'x[8][6]', 'x[9][6]', 'x[10][6]', 'x[11][6]', 'x[12][6]', 'x[13][6]', 'x[14][6]', 'x[15][6]'.
Warning: In design 'resi_block_mixer', the same net is connected to more than one pin on submodule 'init_mac2'. (LINT-33)
   Net 'selectedIn2[5]' is connected to pins 'x[0][5]', 'x[1][5]'', 'x[2][5]', 'x[3][5]', 'x[4][5]', 'x[5][5]', 'x[6][5]', 'x[7][5]', 'x[8][5]', 'x[9][5]', 'x[10][5]', 'x[11][5]', 'x[12][5]', 'x[13][5]', 'x[14][5]', 'x[15][5]'.
Warning: In design 'resi_block_mixer', the same net is connected to more than one pin on submodule 'init_mac2'. (LINT-33)
   Net 'selectedIn2[4]' is connected to pins 'x[0][4]', 'x[1][4]'', 'x[2][4]', 'x[3][4]', 'x[4][4]', 'x[5][4]', 'x[6][4]', 'x[7][4]', 'x[8][4]', 'x[9][4]', 'x[10][4]', 'x[11][4]', 'x[12][4]', 'x[13][4]', 'x[14][4]', 'x[15][4]'.
Warning: In design 'resi_block_mixer', the same net is connected to more than one pin on submodule 'init_mac2'. (LINT-33)
   Net 'selectedIn2[3]' is connected to pins 'x[0][3]', 'x[1][3]'', 'x[2][3]', 'x[3][3]', 'x[4][3]', 'x[5][3]', 'x[6][3]', 'x[7][3]', 'x[8][3]', 'x[9][3]', 'x[10][3]', 'x[11][3]', 'x[12][3]', 'x[13][3]', 'x[14][3]', 'x[15][3]'.
Warning: In design 'resi_block_mixer', the same net is connected to more than one pin on submodule 'init_mac2'. (LINT-33)
   Net 'selectedIn2[2]' is connected to pins 'x[0][2]', 'x[1][2]'', 'x[2][2]', 'x[3][2]', 'x[4][2]', 'x[5][2]', 'x[6][2]', 'x[7][2]', 'x[8][2]', 'x[9][2]', 'x[10][2]', 'x[11][2]', 'x[12][2]', 'x[13][2]', 'x[14][2]', 'x[15][2]'.
Warning: In design 'resi_block_mixer', the same net is connected to more than one pin on submodule 'init_mac2'. (LINT-33)
   Net 'selectedIn2[1]' is connected to pins 'x[0][1]', 'x[1][1]'', 'x[2][1]', 'x[3][1]', 'x[4][1]', 'x[5][1]', 'x[6][1]', 'x[7][1]', 'x[8][1]', 'x[9][1]', 'x[10][1]', 'x[11][1]', 'x[12][1]', 'x[13][1]', 'x[14][1]', 'x[15][1]'.
Warning: In design 'resi_block_mixer', the same net is connected to more than one pin on submodule 'init_mac2'. (LINT-33)
   Net 'selectedIn2[0]' is connected to pins 'x[0][0]', 'x[1][0]'', 'x[2][0]', 'x[3][0]', 'x[4][0]', 'x[5][0]', 'x[6][0]', 'x[7][0]', 'x[8][0]', 'x[9][0]', 'x[10][0]', 'x[11][0]', 'x[12][0]', 'x[13][0]', 'x[14][0]', 'x[15][0]'.
Warning: In design 'resi_block_mixer', the same net is connected to more than one pin on submodule 'gen_ring_banks[0].ring_bank1'. (LINT-33)
   Net '*Logic0*' is connected to pins 'read_offset[8]', 'read_offset[7]'', 'read_offset[6]', 'read_offset[5]', 'read_offset[4]', 'read_offset[3]', 'read_offset[2]'.
Warning: In design 'resi_block_mixer', the same net is connected to more than one pin on submodule 'gen_ring_banks[0].ring_bank2'. (LINT-33)
   Net '*Logic0*' is connected to pins 'read_offset[8]', 'read_offset[7]'', 'read_offset[6]', 'read_offset[5]', 'read_offset[4]', 'read_offset[3]', 'read_offset[2]'.
Warning: In design 'resi_block_mixer', the same net is connected to more than one pin on submodule 'gen_ring_banks[1].ring_bank1'. (LINT-33)
   Net '*Logic0*' is connected to pins 'read_offset[8]', 'read_offset[7]'', 'read_offset[6]', 'read_offset[5]', 'read_offset[4]', 'read_offset[3]', 'read_offset[2]'.
Warning: In design 'resi_block_mixer', the same net is connected to more than one pin on submodule 'gen_ring_banks[1].ring_bank2'. (LINT-33)
   Net '*Logic0*' is connected to pins 'read_offset[8]', 'read_offset[7]'', 'read_offset[6]', 'read_offset[5]', 'read_offset[4]', 'read_offset[3]', 'read_offset[2]'.
Warning: In design 'resi_block_mixer', the same net is connected to more than one pin on submodule 'gen_ring_banks[2].ring_bank1'. (LINT-33)
   Net '*Logic0*' is connected to pins 'read_offset[8]', 'read_offset[7]'', 'read_offset[6]', 'read_offset[5]', 'read_offset[4]', 'read_offset[3]', 'read_offset[2]'.
Warning: In design 'resi_block_mixer', the same net is connected to more than one pin on submodule 'gen_ring_banks[2].ring_bank2'. (LINT-33)
   Net '*Logic0*' is connected to pins 'read_offset[8]', 'read_offset[7]'', 'read_offset[6]', 'read_offset[5]', 'read_offset[4]', 'read_offset[3]', 'read_offset[2]'.
Warning: In design 'resi_block_mixer', the same net is connected to more than one pin on submodule 'gen_ring_banks[3].ring_bank1'. (LINT-33)
   Net '*Logic0*' is connected to pins 'read_offset[8]', 'read_offset[7]'', 'read_offset[6]', 'read_offset[5]', 'read_offset[4]', 'read_offset[3]', 'read_offset[2]'.
Warning: In design 'resi_block_mixer', the same net is connected to more than one pin on submodule 'gen_ring_banks[3].ring_bank2'. (LINT-33)
   Net '*Logic0*' is connected to pins 'read_offset[8]', 'read_offset[7]'', 'read_offset[6]', 'read_offset[5]', 'read_offset[4]', 'read_offset[3]', 'read_offset[2]'.
1
