 
****************************************
Report : power
        -analysis_effort low
Design : MAC_combi
Version: X-2025.06-SP4
Date   : Tue May 19 21:11:59 2026
****************************************


Library(s) Used:

    NangateOpenCellLibrary (File: /afs/glue.umd.edu/home/glue/r/g/rgaffere/home/TCN/pdk/NangateOpenCellLibrary_typical.db)


Operating Conditions: typical   Library: NangateOpenCellLibrary
Wire Load Model Mode: top

Design        Wire Load Model            Library
------------------------------------------------
MAC_combi              5K_hvratio_1_1    NangateOpenCellLibrary


Global Operating Voltage = 1.1  
Power-specific unit information :
    Voltage Units = 1V
    Capacitance Units = 1.000000ff
    Time Units = 1ns
    Dynamic Power Units = 1uW    (derived from V,C,T units)
    Leakage Power Units = 1nW


Attributes
----------
i - Including register clock pin internal power


  Cell Internal Power  = 179.0533 uW   (56%)
  Net Switching Power  = 139.2193 uW   (44%)
                         ---------
Total Dynamic Power    = 318.2726 uW  (100%)

Cell Leakage Power     =   8.3359 uW

Information: report_power power group summary does not include estimated clock tree power. (PWR-789)

                 Internal         Switching           Leakage            Total
Power Group      Power            Power               Power              Power   (   %    )  Attrs
--------------------------------------------------------------------------------------------------
io_pad             0.0000            0.0000            0.0000            0.0000  (   0.00%)
memory             0.0000            0.0000            0.0000            0.0000  (   0.00%)
black_box          0.0000            0.0000            0.0000            0.0000  (   0.00%)
clock_network      0.0000            0.0000            0.0000            0.0000  (   0.00%)  i
register           0.0000            0.0000            0.0000            0.0000  (   0.00%)
sequential         0.0000            0.0000            0.0000            0.0000  (   0.00%)
combinational    179.0533          139.2194        8.3359e+03          326.6086  ( 100.00%)
--------------------------------------------------------------------------------------------------
Total            179.0533 uW       139.2194 uW     8.3359e+03 nW       326.6086 uW
1
