Reading pref.tcl

# 2023.2

# vsim -c detect_anomaly_tb -do "run -all; quit" 
# Start time: 23:38:10 on Jul 06,2026
# ** Note: (vsim-3812) Design is being optimized...
# //  Questa Sim-64
# //  Version 2023.2 linux_x86_64 Apr 11 2023
# //
# //  Copyright 1991-2023 Mentor Graphics Corporation
# //  All Rights Reserved.
# //
# //  QuestaSim and its associated documentation contain trade
# //  secrets and commercial or financial information that are the property of
# //  Mentor Graphics Corporation and are privileged, confidential,
# //  and exempt from disclosure under the Freedom of Information Act,
# //  5 U.S.C. Section 552. Furthermore, this information
# //  is prohibited from disclosure under the Trade Secrets Act,
# //  18 U.S.C. Section 1905.
# //
# Loading sv_std.std
# Loading work.detect_anomaly_tb(fast)
# run -all
# 
# ========================================
# Transactions checked : 747
# Scoreboard errors     : 0
# Assertion errors      : 0
# ========================================
# TEST PASSED
# ** Note: $finish    : ../tb/detect_anomaly_tb.sv(212)
#    Time: 10071 ns  Iteration: 0  Instance: /detect_anomaly_tb
# End time: 23:38:10 on Jul 06,2026, Elapsed time: 0:00:00
# Errors: 0, Warnings: 0
