Reading pref.tcl

# 2023.2

# vsim -c dilation_offsets_tb -do "run -all; quit" 
# Start time: 20:39:52 on May 12,2026
# ** Note: (vsim-3812) Design is being optimized...
# //  Questa Sim-64
# //  Version 2023.2 linux_x86_64 Apr 11 2023
# //
# //  Copyright 1991-2023 Mentor Graphics Corporation
# //  All Rights Reserved.
# //
# //  QuestaSim and its associated documentation contain trade
# //  secrets and commercial or financial information that are the property of
# //  Mentor Graphics Corporation and are privileged, confidential,
# //  and exempt from disclosure under the Freedom of Information Act,
# //  5 U.S.C. Section 552. Furthermore, this information
# //  is prohibited from disclosure under the Trade Secrets Act,
# //  18 U.S.C. Section 1905.
# //
# Loading sv_std.std
# Loading work.dilation_offsets_tb(fast)
# run -all
# DILATION_OFFSETS_D1 PASS
# DILATION_OFFSETS_D2 PASS
# DILATION_OFFSETS_D4 PASS
# -----------------------------
# Dilation Offset TB Complete
# Tests run    = 3
# Tests failed = 0
# -----------------------------
# ALL TESTS PASSED
# ** Note: $finish    : ../tb/dilation_offsets_tb.sv(70)
#    Time: 3 ns  Iteration: 0  Instance: /dilation_offsets_tb
# End time: 20:39:53 on May 12,2026, Elapsed time: 0:00:01
# Errors: 0, Warnings: 0
