Reading pref.tcl

# 2023.2

# vsim -c input_block_tb -do "run -all; quit" 
# Start time: 21:24:14 on Jul 14,2026
# ** Note: (vsim-3812) Design is being optimized...
# //  Questa Sim-64
# //  Version 2023.2 linux_x86_64 Apr 11 2023
# //
# //  Copyright 1991-2023 Mentor Graphics Corporation
# //  All Rights Reserved.
# //
# //  QuestaSim and its associated documentation contain trade
# //  secrets and commercial or financial information that are the property of
# //  Mentor Graphics Corporation and are privileged, confidential,
# //  and exempt from disclosure under the Freedom of Information Act,
# //  5 U.S.C. Section 552. Furthermore, this information
# //  is prohibited from disclosure under the Trade Secrets Act,
# //  18 U.S.C. Section 1905.
# //
# Loading sv_std.std
# Loading work.input_block_tb(fast)
# run -all
# input_block standalone randomized test: seed=1229869140 phases=8
#   phase=0 samples=64 stress=0
#   phase=1 samples=64 stress=0
#   phase=2 samples=64 stress=0
#   phase=3 samples=64 stress=0
#   phase=4 samples=64 stress=0
#   phase=5 samples=64 stress=0
#   phase=6 samples=64 stress=1
#   phase=7 samples=608 stress=1
# PASS: input_block passed 1064 standalone sequential samples
# ** Note: $finish    : ../tb/input_block_tb.sv(533)
#    Time: 772135 ns  Iteration: 1  Instance: /input_block_tb
# End time: 21:24:17 on Jul 14,2026, Elapsed time: 0:00:03
# Errors: 0, Warnings: 0
