Reading pref.tcl

# 2023.2

# vsim -c output_block_tb -do "run -all; quit" 
# Start time: 21:24:37 on Jul 14,2026
# ** Note: (vsim-3812) Design is being optimized...
# //  Questa Sim-64
# //  Version 2023.2 linux_x86_64 Apr 11 2023
# //
# //  Copyright 1991-2023 Mentor Graphics Corporation
# //  All Rights Reserved.
# //
# //  QuestaSim and its associated documentation contain trade
# //  secrets and commercial or financial information that are the property of
# //  Mentor Graphics Corporation and are privileged, confidential,
# //  and exempt from disclosure under the Freedom of Information Act,
# //  5 U.S.C. Section 552. Furthermore, this information
# //  is prohibited from disclosure under the Trade Secrets Act,
# //  18 U.S.C. Section 1905.
# //
# Loading sv_std.std
# Loading work.output_block_tb(fast)
# run -all
# PASS output_block vector 0 at cycle 24
# PASS output_block vector 1 at cycle 43
# PASS output_block vector 2 at cycle 62
# PASS output_block vector 3 at cycle 81
# PASS output_block vector 4 at cycle 100
# PASS output_block vector 5 at cycle 119
# PASS output_block vector 0 at cycle 144
# PASS: tb_output_block completed 7 checks with no errors
# ** Note: $finish    : ../tb/output_block_tb.sv(273)
#    Time: 1446 ns  Iteration: 0  Instance: /output_block_tb
# End time: 21:24:38 on Jul 14,2026, Elapsed time: 0:00:01
# Errors: 0, Warnings: 0
