 
****************************************
Report : power
        -analysis_effort low
Design : conv_MAC
Version: X-2025.06-SP4
Date   : Mon May 25 20:27:16 2026
****************************************


Library(s) Used:

    sky130_fd_sc_hd__tt_025C_1v80 (File: /afs/glue.umd.edu/home/glue/r/g/rgaffere/home/TCN/pdk/sky130_fd_sc_hd__tt_025C_1v80.db)


Operating Conditions: tt_025C_1v80   Library: sky130_fd_sc_hd__tt_025C_1v80
Wire Load Model Mode: top

Design        Wire Load Model            Library
------------------------------------------------
conv_MAC               Small             sky130_fd_sc_hd__tt_025C_1v80


Global Operating Voltage = 1.8  
Power-specific unit information :
    Voltage Units = 1V
    Capacitance Units = 1.000000pf
    Time Units = 1ns
    Dynamic Power Units = 1mW    (derived from V,C,T units)
    Leakage Power Units = 1nW


Attributes
----------
i - Including register clock pin internal power


  Cell Internal Power  = 857.8426 uW   (82%)
  Net Switching Power  = 190.0851 uW   (18%)
                         ---------
Total Dynamic Power    =   1.0479 mW  (100%)

Cell Leakage Power     =   2.1814 nW


                 Internal         Switching           Leakage            Total
Power Group      Power            Power               Power              Power   (   %    )  Attrs
--------------------------------------------------------------------------------------------------
io_pad             0.0000            0.0000            0.0000            0.0000  (   0.00%)
memory             0.0000            0.0000            0.0000            0.0000  (   0.00%)
black_box          0.0000            0.0000            0.0000            0.0000  (   0.00%)
clock_network      0.6929            0.0000            0.0000            0.6929  (  66.12%)  i
register       3.2141e-02        1.4856e-02            1.1163        4.6998e-02  (   4.48%)
sequential         0.0000            0.0000            0.0000            0.0000  (   0.00%)
combinational      0.1328            0.1752            1.0651            0.3080  (  29.39%)
--------------------------------------------------------------------------------------------------
Total              0.8578 mW         0.1901 mW         2.1814 nW         1.0479 mW
1
