 
****************************************
Report : area
Design : MAC_pipeline
Version: X-2025.06-SP4
Date   : Tue May 19 21:12:03 2026
****************************************

Information: Updating design information... (UID-85)
Library(s) Used:

    NangateOpenCellLibrary (File: /afs/glue.umd.edu/home/glue/r/g/rgaffere/home/TCN/pdk/NangateOpenCellLibrary_typical.db)

Number of ports:                           84
Number of nets:                           488
Number of cells:                          406
Number of combinational cells:            324
Number of sequential cells:                82
Number of macros/black boxes:               0
Number of buf/inv:                         48
Number of references:                      20

Combinational area:                446.082000
Buf/Inv area:                       25.536000
Noncombinational area:             436.772014
Macro/Black Box area:                0.000000
Net Interconnect area:      undefined  (Wire load has zero net area)

Total cell area:                   882.854014
Total area:                 undefined
1
