 
****************************************
Report : timing
        -path full
        -delay max
        -max_paths 1
Design : MAC_pipeline
Version: X-2025.06-SP4
Date   : Tue May 19 21:12:03 2026
****************************************

Operating Conditions: typical   Library: NangateOpenCellLibrary
Wire Load Model Mode: top

  Startpoint: mul_reg_reg[1]
              (rising edge-triggered flip-flop clocked by clk)
  Endpoint: acc_out_reg[31]
            (rising edge-triggered flip-flop clocked by clk)
  Path Group: clk
  Path Type: max

  Des/Clust/Port     Wire Load Model       Library
  ------------------------------------------------
  MAC_pipeline       5K_hvratio_1_1        NangateOpenCellLibrary

  Point                                    Incr       Path
  -----------------------------------------------------------
  clock clk (rise edge)                    0.00       0.00
  clock network delay (ideal)              0.00       0.00
  mul_reg_reg[1]/CK (DFFR_X1)              0.00       0.00 r
  mul_reg_reg[1]/Q (DFFR_X1)               0.09       0.09 f
  intadd_0/U30/CO (FA_X1)                  0.10       0.19 f
  intadd_0/U29/CO (FA_X1)                  0.10       0.29 f
  U44/ZN (NAND2_X1)                        0.03       0.32 r
  U46/ZN (NAND3_X1)                        0.05       0.37 f
  U48/ZN (NAND2_X1)                        0.04       0.41 r
  U50/ZN (NAND3_X1)                        0.05       0.45 f
  U52/ZN (NAND2_X1)                        0.04       0.49 r
  U54/ZN (NAND3_X1)                        0.05       0.53 f
  U56/ZN (NAND2_X1)                        0.04       0.57 r
  U58/ZN (NAND3_X1)                        0.05       0.62 f
  U60/ZN (NAND2_X1)                        0.04       0.65 r
  U62/ZN (NAND3_X1)                        0.05       0.70 f
  U64/ZN (NAND2_X1)                        0.03       0.73 r
  U33/ZN (AND3_X1)                         0.06       0.79 r
  U11/ZN (OAI21_X1)                        0.04       0.83 f
  U67/ZN (NAND2_X1)                        0.03       0.87 r
  U69/ZN (NAND3_X1)                        0.05       0.91 f
  U71/ZN (NAND2_X1)                        0.04       0.95 r
  U73/ZN (NAND3_X1)                        0.05       1.00 f
  U75/ZN (NAND2_X1)                        0.03       1.03 r
  U4/ZN (AND3_X1)                          0.06       1.09 r
  U6/ZN (OAI21_X1)                         0.04       1.13 f
  U13/ZN (NAND2_X1)                        0.03       1.16 r
  U40/ZN (NAND2_X1)                        0.03       1.19 f
  U77/ZN (NAND2_X1)                        0.03       1.23 r
  U80/ZN (NAND3_X1)                        0.05       1.27 f
  U82/ZN (NAND2_X1)                        0.03       1.31 r
  U7/ZN (AND3_X1)                          0.06       1.37 r
  U35/ZN (OAI21_X1)                        0.04       1.41 f
  U84/ZN (NAND2_X1)                        0.03       1.44 r
  U5/ZN (AND3_X1)                          0.06       1.50 r
  U39/ZN (OAI21_X1)                        0.04       1.54 f
  U88/ZN (NAND2_X1)                        0.03       1.57 r
  U8/ZN (AND3_X1)                          0.06       1.64 r
  U21/ZN (OAI21_X1)                        0.03       1.67 f
  intadd_0/U9/CO (FA_X1)                   0.10       1.77 f
  U94/ZN (NAND2_X1)                        0.03       1.80 r
  U9/ZN (AND3_X1)                          0.06       1.86 r
  U36/ZN (OAI21_X1)                        0.04       1.90 f
  U97/ZN (NAND2_X1)                        0.04       1.94 r
  U99/ZN (NAND3_X1)                        0.04       1.98 f
  U100/ZN (NAND2_X1)                       0.03       2.02 r
  U104/ZN (NAND3_X1)                       0.05       2.06 f
  U106/ZN (NAND2_X1)                       0.04       2.11 r
  U107/ZN (INV_X1)                         0.02       2.13 f
  U108/ZN (NAND2_X1)                       0.02       2.15 r
  U10/ZN (AND3_X1)                         0.06       2.21 r
  U18/ZN (OAI21_X1)                        0.04       2.25 f
  U311/ZN (AOI221_X1)                      0.10       2.36 r
  U312/Z (XOR2_X1)                         0.07       2.42 r
  acc_out_reg[31]/D (DFFR_X1)              0.01       2.43 r
  data arrival time                                   2.43

  clock clk (rise edge)                    2.50       2.50
  clock network delay (ideal)              0.00       2.50
  acc_out_reg[31]/CK (DFFR_X1)             0.00       2.50 r
  library setup time                      -0.04       2.46
  data required time                                  2.46
  -----------------------------------------------------------
  data required time                                  2.46
  data arrival time                                  -2.43
  -----------------------------------------------------------
  slack (MET)                                         0.03


1
