 
****************************************
check_design summary:
Version:     X-2025.06-SP4
Date:        Wed Jul  1 00:58:07 2026
****************************************

                   Name                                            Total
--------------------------------------------------------------------------------
Inputs/Outputs                                                    128
    Unconnected ports (LINT-28)                                   128

Cells                                                             124
    Cells do not drive (LINT-1)                                    52
    Connected to power or ground (LINT-32)                         64
    Nets connected to multiple pins on same cell (LINT-33)          8

Nets                                                              256
    Unloaded nets (LINT-2)                                        256
--------------------------------------------------------------------------------

Warning: In design 'resi_block', cell 'C5104' does not drive any nets. (LINT-1)
Warning: In design 'resi_block', cell 'C5117' does not drive any nets. (LINT-1)
Warning: In design 'resi_block', cell 'C5139' does not drive any nets. (LINT-1)
Warning: In design 'resi_block', cell 'C5146' does not drive any nets. (LINT-1)
Warning: In design 'resi_block', cell 'C5153' does not drive any nets. (LINT-1)
Warning: In design 'resi_block', cell 'C5160' does not drive any nets. (LINT-1)
Warning: In design 'resi_block', cell 'C5167' does not drive any nets. (LINT-1)
Warning: In design 'resi_block', cell 'C5174' does not drive any nets. (LINT-1)
Warning: In design 'resi_block', cell 'C5181' does not drive any nets. (LINT-1)
Warning: In design 'resi_block', cell 'C5188' does not drive any nets. (LINT-1)
Warning: In design 'resi_block', cell 'C5195' does not drive any nets. (LINT-1)
Warning: In design 'resi_block', cell 'C5202' does not drive any nets. (LINT-1)
Warning: In design 'resi_block', cell 'C5209' does not drive any nets. (LINT-1)
Warning: In design 'resi_block', cell 'C5216' does not drive any nets. (LINT-1)
Warning: In design 'resi_block', cell 'C5223' does not drive any nets. (LINT-1)
Warning: In design 'resi_block', cell 'C5230' does not drive any nets. (LINT-1)
Warning: In design 'resi_block', cell 'C5237' does not drive any nets. (LINT-1)
Warning: In design 'resi_block', cell 'C5244' does not drive any nets. (LINT-1)
Warning: In design 'MAC_array', cell 'C3359' does not drive any nets. (LINT-1)
Warning: In design 'MAC_array', cell 'C3360' does not drive any nets. (LINT-1)
Warning: In design 'MAC_array', cell 'C3367' does not drive any nets. (LINT-1)
Warning: In design 'MAC_array', cell 'C3368' does not drive any nets. (LINT-1)
Warning: In design 'MAC_array', cell 'C3375' does not drive any nets. (LINT-1)
Warning: In design 'MAC_array', cell 'C3376' does not drive any nets. (LINT-1)
Warning: In design 'MAC_array', cell 'C3383' does not drive any nets. (LINT-1)
Warning: In design 'MAC_array', cell 'C3384' does not drive any nets. (LINT-1)
Warning: In design 'MAC_array', cell 'C3391' does not drive any nets. (LINT-1)
Warning: In design 'MAC_array', cell 'C3392' does not drive any nets. (LINT-1)
Warning: In design 'MAC_array', cell 'C3399' does not drive any nets. (LINT-1)
Warning: In design 'MAC_array', cell 'C3400' does not drive any nets. (LINT-1)
Warning: In design 'MAC_array', cell 'C3407' does not drive any nets. (LINT-1)
Warning: In design 'MAC_array', cell 'C3408' does not drive any nets. (LINT-1)
Warning: In design 'MAC_array', cell 'C3415' does not drive any nets. (LINT-1)
Warning: In design 'MAC_array', cell 'C3416' does not drive any nets. (LINT-1)
Warning: In design 'MAC_array', cell 'C3423' does not drive any nets. (LINT-1)
Warning: In design 'MAC_array', cell 'C3424' does not drive any nets. (LINT-1)
Warning: In design 'MAC_array', cell 'C3431' does not drive any nets. (LINT-1)
Warning: In design 'MAC_array', cell 'C3432' does not drive any nets. (LINT-1)
Warning: In design 'MAC_array', cell 'C3439' does not drive any nets. (LINT-1)
Warning: In design 'MAC_array', cell 'C3440' does not drive any nets. (LINT-1)
Warning: In design 'MAC_array', cell 'C3447' does not drive any nets. (LINT-1)
Warning: In design 'MAC_array', cell 'C3448' does not drive any nets. (LINT-1)
Warning: In design 'MAC_array', cell 'C3455' does not drive any nets. (LINT-1)
Warning: In design 'MAC_array', cell 'C3456' does not drive any nets. (LINT-1)
Warning: In design 'MAC_array', cell 'C3463' does not drive any nets. (LINT-1)
Warning: In design 'MAC_array', cell 'C3464' does not drive any nets. (LINT-1)
Warning: In design 'MAC_array', cell 'C3471' does not drive any nets. (LINT-1)
Warning: In design 'MAC_array', cell 'C3472' does not drive any nets. (LINT-1)
Warning: In design 'MAC_array', cell 'C3479' does not drive any nets. (LINT-1)
Warning: In design 'MAC_array', cell 'C3480' does not drive any nets. (LINT-1)
Warning: In design 'MAC_array', cell 'C3490' does not drive any nets. (LINT-1)
Warning: In design 'ring_DEPTH512_DATA_LEN8', cell 'C165' does not drive any nets. (LINT-1)
Warning: In design 'resi_block', net 'gen_ring_banks[0].ring_bank2/sram_dout0[0]' driven by pin 'gen_ring_banks[0].ring_bank2/u_ring_sram/dout0[0]' has no loads. (LINT-2)
Warning: In design 'resi_block', net 'gen_ring_banks[0].ring_bank2/sram_dout0[1]' driven by pin 'gen_ring_banks[0].ring_bank2/u_ring_sram/dout0[1]' has no loads. (LINT-2)
Warning: In design 'resi_block', net 'gen_ring_banks[0].ring_bank2/sram_dout0[2]' driven by pin 'gen_ring_banks[0].ring_bank2/u_ring_sram/dout0[2]' has no loads. (LINT-2)
Warning: In design 'resi_block', net 'gen_ring_banks[0].ring_bank2/sram_dout0[3]' driven by pin 'gen_ring_banks[0].ring_bank2/u_ring_sram/dout0[3]' has no loads. (LINT-2)
Warning: In design 'resi_block', net 'gen_ring_banks[0].ring_bank2/sram_dout0[4]' driven by pin 'gen_ring_banks[0].ring_bank2/u_ring_sram/dout0[4]' has no loads. (LINT-2)
Warning: In design 'resi_block', net 'gen_ring_banks[0].ring_bank2/sram_dout0[5]' driven by pin 'gen_ring_banks[0].ring_bank2/u_ring_sram/dout0[5]' has no loads. (LINT-2)
Warning: In design 'resi_block', net 'gen_ring_banks[0].ring_bank2/sram_dout0[6]' driven by pin 'gen_ring_banks[0].ring_bank2/u_ring_sram/dout0[6]' has no loads. (LINT-2)
Warning: In design 'resi_block', net 'gen_ring_banks[0].ring_bank2/sram_dout0[7]' driven by pin 'gen_ring_banks[0].ring_bank2/u_ring_sram/dout0[7]' has no loads. (LINT-2)
Warning: In design 'resi_block', net 'gen_ring_banks[0].ring_bank2/sram_dout0[8]' driven by pin 'gen_ring_banks[0].ring_bank2/u_ring_sram/dout0[8]' has no loads. (LINT-2)
Warning: In design 'resi_block', net 'gen_ring_banks[0].ring_bank2/sram_dout0[9]' driven by pin 'gen_ring_banks[0].ring_bank2/u_ring_sram/dout0[9]' has no loads. (LINT-2)
Warning: In design 'resi_block', net 'gen_ring_banks[0].ring_bank2/sram_dout0[10]' driven by pin 'gen_ring_banks[0].ring_bank2/u_ring_sram/dout0[10]' has no loads. (LINT-2)
Warning: In design 'resi_block', net 'gen_ring_banks[0].ring_bank2/sram_dout0[11]' driven by pin 'gen_ring_banks[0].ring_bank2/u_ring_sram/dout0[11]' has no loads. (LINT-2)
Warning: In design 'resi_block', net 'gen_ring_banks[0].ring_bank2/sram_dout0[12]' driven by pin 'gen_ring_banks[0].ring_bank2/u_ring_sram/dout0[12]' has no loads. (LINT-2)
Warning: In design 'resi_block', net 'gen_ring_banks[0].ring_bank2/sram_dout0[13]' driven by pin 'gen_ring_banks[0].ring_bank2/u_ring_sram/dout0[13]' has no loads. (LINT-2)
Warning: In design 'resi_block', net 'gen_ring_banks[0].ring_bank2/sram_dout0[14]' driven by pin 'gen_ring_banks[0].ring_bank2/u_ring_sram/dout0[14]' has no loads. (LINT-2)
Warning: In design 'resi_block', net 'gen_ring_banks[0].ring_bank2/sram_dout0[15]' driven by pin 'gen_ring_banks[0].ring_bank2/u_ring_sram/dout0[15]' has no loads. (LINT-2)
Warning: In design 'resi_block', net 'gen_ring_banks[0].ring_bank2/sram_dout0[16]' driven by pin 'gen_ring_banks[0].ring_bank2/u_ring_sram/dout0[16]' has no loads. (LINT-2)
Warning: In design 'resi_block', net 'gen_ring_banks[0].ring_bank2/sram_dout0[17]' driven by pin 'gen_ring_banks[0].ring_bank2/u_ring_sram/dout0[17]' has no loads. (LINT-2)
Warning: In design 'resi_block', net 'gen_ring_banks[0].ring_bank2/sram_dout0[18]' driven by pin 'gen_ring_banks[0].ring_bank2/u_ring_sram/dout0[18]' has no loads. (LINT-2)
Warning: In design 'resi_block', net 'gen_ring_banks[0].ring_bank2/sram_dout0[19]' driven by pin 'gen_ring_banks[0].ring_bank2/u_ring_sram/dout0[19]' has no loads. (LINT-2)
Warning: In design 'resi_block', net 'gen_ring_banks[0].ring_bank2/sram_dout0[20]' driven by pin 'gen_ring_banks[0].ring_bank2/u_ring_sram/dout0[20]' has no loads. (LINT-2)
Warning: In design 'resi_block', net 'gen_ring_banks[0].ring_bank2/sram_dout0[21]' driven by pin 'gen_ring_banks[0].ring_bank2/u_ring_sram/dout0[21]' has no loads. (LINT-2)
Warning: In design 'resi_block', net 'gen_ring_banks[0].ring_bank2/sram_dout0[22]' driven by pin 'gen_ring_banks[0].ring_bank2/u_ring_sram/dout0[22]' has no loads. (LINT-2)
Warning: In design 'resi_block', net 'gen_ring_banks[0].ring_bank2/sram_dout0[23]' driven by pin 'gen_ring_banks[0].ring_bank2/u_ring_sram/dout0[23]' has no loads. (LINT-2)
Warning: In design 'resi_block', net 'gen_ring_banks[0].ring_bank2/sram_dout0[24]' driven by pin 'gen_ring_banks[0].ring_bank2/u_ring_sram/dout0[24]' has no loads. (LINT-2)
Warning: In design 'resi_block', net 'gen_ring_banks[0].ring_bank2/sram_dout0[25]' driven by pin 'gen_ring_banks[0].ring_bank2/u_ring_sram/dout0[25]' has no loads. (LINT-2)
Warning: In design 'resi_block', net 'gen_ring_banks[0].ring_bank2/sram_dout0[26]' driven by pin 'gen_ring_banks[0].ring_bank2/u_ring_sram/dout0[26]' has no loads. (LINT-2)
Warning: In design 'resi_block', net 'gen_ring_banks[0].ring_bank2/sram_dout0[27]' driven by pin 'gen_ring_banks[0].ring_bank2/u_ring_sram/dout0[27]' has no loads. (LINT-2)
Warning: In design 'resi_block', net 'gen_ring_banks[0].ring_bank2/sram_dout0[28]' driven by pin 'gen_ring_banks[0].ring_bank2/u_ring_sram/dout0[28]' has no loads. (LINT-2)
Warning: In design 'resi_block', net 'gen_ring_banks[0].ring_bank2/sram_dout0[29]' driven by pin 'gen_ring_banks[0].ring_bank2/u_ring_sram/dout0[29]' has no loads. (LINT-2)
Warning: In design 'resi_block', net 'gen_ring_banks[0].ring_bank2/sram_dout0[30]' driven by pin 'gen_ring_banks[0].ring_bank2/u_ring_sram/dout0[30]' has no loads. (LINT-2)
Warning: In design 'resi_block', net 'gen_ring_banks[0].ring_bank2/sram_dout0[31]' driven by pin 'gen_ring_banks[0].ring_bank2/u_ring_sram/dout0[31]' has no loads. (LINT-2)
Warning: In design 'resi_block', net 'gen_ring_banks[1].ring_bank1/sram_dout0[0]' driven by pin 'gen_ring_banks[1].ring_bank1/u_ring_sram/dout0[0]' has no loads. (LINT-2)
Warning: In design 'resi_block', net 'gen_ring_banks[1].ring_bank1/sram_dout0[1]' driven by pin 'gen_ring_banks[1].ring_bank1/u_ring_sram/dout0[1]' has no loads. (LINT-2)
Warning: In design 'resi_block', net 'gen_ring_banks[1].ring_bank1/sram_dout0[2]' driven by pin 'gen_ring_banks[1].ring_bank1/u_ring_sram/dout0[2]' has no loads. (LINT-2)
Warning: In design 'resi_block', net 'gen_ring_banks[1].ring_bank1/sram_dout0[3]' driven by pin 'gen_ring_banks[1].ring_bank1/u_ring_sram/dout0[3]' has no loads. (LINT-2)
Warning: In design 'resi_block', net 'gen_ring_banks[1].ring_bank1/sram_dout0[4]' driven by pin 'gen_ring_banks[1].ring_bank1/u_ring_sram/dout0[4]' has no loads. (LINT-2)
Warning: In design 'resi_block', net 'gen_ring_banks[1].ring_bank1/sram_dout0[5]' driven by pin 'gen_ring_banks[1].ring_bank1/u_ring_sram/dout0[5]' has no loads. (LINT-2)
Warning: In design 'resi_block', net 'gen_ring_banks[1].ring_bank1/sram_dout0[6]' driven by pin 'gen_ring_banks[1].ring_bank1/u_ring_sram/dout0[6]' has no loads. (LINT-2)
Warning: In design 'resi_block', net 'gen_ring_banks[1].ring_bank1/sram_dout0[7]' driven by pin 'gen_ring_banks[1].ring_bank1/u_ring_sram/dout0[7]' has no loads. (LINT-2)
Warning: In design 'resi_block', net 'gen_ring_banks[1].ring_bank1/sram_dout0[8]' driven by pin 'gen_ring_banks[1].ring_bank1/u_ring_sram/dout0[8]' has no loads. (LINT-2)
Warning: In design 'resi_block', net 'gen_ring_banks[1].ring_bank1/sram_dout0[9]' driven by pin 'gen_ring_banks[1].ring_bank1/u_ring_sram/dout0[9]' has no loads. (LINT-2)
Warning: In design 'resi_block', net 'gen_ring_banks[1].ring_bank1/sram_dout0[10]' driven by pin 'gen_ring_banks[1].ring_bank1/u_ring_sram/dout0[10]' has no loads. (LINT-2)
Warning: In design 'resi_block', net 'gen_ring_banks[1].ring_bank1/sram_dout0[11]' driven by pin 'gen_ring_banks[1].ring_bank1/u_ring_sram/dout0[11]' has no loads. (LINT-2)
Warning: In design 'resi_block', net 'gen_ring_banks[1].ring_bank1/sram_dout0[12]' driven by pin 'gen_ring_banks[1].ring_bank1/u_ring_sram/dout0[12]' has no loads. (LINT-2)
Warning: In design 'resi_block', net 'gen_ring_banks[1].ring_bank1/sram_dout0[13]' driven by pin 'gen_ring_banks[1].ring_bank1/u_ring_sram/dout0[13]' has no loads. (LINT-2)
Warning: In design 'resi_block', net 'gen_ring_banks[1].ring_bank1/sram_dout0[14]' driven by pin 'gen_ring_banks[1].ring_bank1/u_ring_sram/dout0[14]' has no loads. (LINT-2)
Warning: In design 'resi_block', net 'gen_ring_banks[1].ring_bank1/sram_dout0[15]' driven by pin 'gen_ring_banks[1].ring_bank1/u_ring_sram/dout0[15]' has no loads. (LINT-2)
Warning: In design 'resi_block', net 'gen_ring_banks[1].ring_bank1/sram_dout0[16]' driven by pin 'gen_ring_banks[1].ring_bank1/u_ring_sram/dout0[16]' has no loads. (LINT-2)
Warning: In design 'resi_block', net 'gen_ring_banks[1].ring_bank1/sram_dout0[17]' driven by pin 'gen_ring_banks[1].ring_bank1/u_ring_sram/dout0[17]' has no loads. (LINT-2)
Warning: In design 'resi_block', net 'gen_ring_banks[1].ring_bank1/sram_dout0[18]' driven by pin 'gen_ring_banks[1].ring_bank1/u_ring_sram/dout0[18]' has no loads. (LINT-2)
Warning: In design 'resi_block', net 'gen_ring_banks[1].ring_bank1/sram_dout0[19]' driven by pin 'gen_ring_banks[1].ring_bank1/u_ring_sram/dout0[19]' has no loads. (LINT-2)
Warning: In design 'resi_block', net 'gen_ring_banks[1].ring_bank1/sram_dout0[20]' driven by pin 'gen_ring_banks[1].ring_bank1/u_ring_sram/dout0[20]' has no loads. (LINT-2)
Warning: In design 'resi_block', net 'gen_ring_banks[1].ring_bank1/sram_dout0[21]' driven by pin 'gen_ring_banks[1].ring_bank1/u_ring_sram/dout0[21]' has no loads. (LINT-2)
Warning: In design 'resi_block', net 'gen_ring_banks[1].ring_bank1/sram_dout0[22]' driven by pin 'gen_ring_banks[1].ring_bank1/u_ring_sram/dout0[22]' has no loads. (LINT-2)
Warning: In design 'resi_block', net 'gen_ring_banks[1].ring_bank1/sram_dout0[23]' driven by pin 'gen_ring_banks[1].ring_bank1/u_ring_sram/dout0[23]' has no loads. (LINT-2)
Warning: In design 'resi_block', net 'gen_ring_banks[1].ring_bank1/sram_dout0[24]' driven by pin 'gen_ring_banks[1].ring_bank1/u_ring_sram/dout0[24]' has no loads. (LINT-2)
Warning: In design 'resi_block', net 'gen_ring_banks[1].ring_bank1/sram_dout0[25]' driven by pin 'gen_ring_banks[1].ring_bank1/u_ring_sram/dout0[25]' has no loads. (LINT-2)
Warning: In design 'resi_block', net 'gen_ring_banks[1].ring_bank1/sram_dout0[26]' driven by pin 'gen_ring_banks[1].ring_bank1/u_ring_sram/dout0[26]' has no loads. (LINT-2)
Warning: In design 'resi_block', net 'gen_ring_banks[1].ring_bank1/sram_dout0[27]' driven by pin 'gen_ring_banks[1].ring_bank1/u_ring_sram/dout0[27]' has no loads. (LINT-2)
Warning: In design 'resi_block', net 'gen_ring_banks[1].ring_bank1/sram_dout0[28]' driven by pin 'gen_ring_banks[1].ring_bank1/u_ring_sram/dout0[28]' has no loads. (LINT-2)
Warning: In design 'resi_block', net 'gen_ring_banks[1].ring_bank1/sram_dout0[29]' driven by pin 'gen_ring_banks[1].ring_bank1/u_ring_sram/dout0[29]' has no loads. (LINT-2)
Warning: In design 'resi_block', net 'gen_ring_banks[1].ring_bank1/sram_dout0[30]' driven by pin 'gen_ring_banks[1].ring_bank1/u_ring_sram/dout0[30]' has no loads. (LINT-2)
Warning: In design 'resi_block', net 'gen_ring_banks[1].ring_bank1/sram_dout0[31]' driven by pin 'gen_ring_banks[1].ring_bank1/u_ring_sram/dout0[31]' has no loads. (LINT-2)
Warning: In design 'resi_block', net 'gen_ring_banks[1].ring_bank2/sram_dout0[0]' driven by pin 'gen_ring_banks[1].ring_bank2/u_ring_sram/dout0[0]' has no loads. (LINT-2)
Warning: In design 'resi_block', net 'gen_ring_banks[1].ring_bank2/sram_dout0[1]' driven by pin 'gen_ring_banks[1].ring_bank2/u_ring_sram/dout0[1]' has no loads. (LINT-2)
Warning: In design 'resi_block', net 'gen_ring_banks[1].ring_bank2/sram_dout0[2]' driven by pin 'gen_ring_banks[1].ring_bank2/u_ring_sram/dout0[2]' has no loads. (LINT-2)
Warning: In design 'resi_block', net 'gen_ring_banks[1].ring_bank2/sram_dout0[3]' driven by pin 'gen_ring_banks[1].ring_bank2/u_ring_sram/dout0[3]' has no loads. (LINT-2)
Warning: In design 'resi_block', net 'gen_ring_banks[1].ring_bank2/sram_dout0[4]' driven by pin 'gen_ring_banks[1].ring_bank2/u_ring_sram/dout0[4]' has no loads. (LINT-2)
Warning: In design 'resi_block', net 'gen_ring_banks[1].ring_bank2/sram_dout0[5]' driven by pin 'gen_ring_banks[1].ring_bank2/u_ring_sram/dout0[5]' has no loads. (LINT-2)
Warning: In design 'resi_block', net 'gen_ring_banks[1].ring_bank2/sram_dout0[6]' driven by pin 'gen_ring_banks[1].ring_bank2/u_ring_sram/dout0[6]' has no loads. (LINT-2)
Warning: In design 'resi_block', net 'gen_ring_banks[1].ring_bank2/sram_dout0[7]' driven by pin 'gen_ring_banks[1].ring_bank2/u_ring_sram/dout0[7]' has no loads. (LINT-2)
Warning: In design 'resi_block', net 'gen_ring_banks[1].ring_bank2/sram_dout0[8]' driven by pin 'gen_ring_banks[1].ring_bank2/u_ring_sram/dout0[8]' has no loads. (LINT-2)
Warning: In design 'resi_block', net 'gen_ring_banks[1].ring_bank2/sram_dout0[9]' driven by pin 'gen_ring_banks[1].ring_bank2/u_ring_sram/dout0[9]' has no loads. (LINT-2)
Warning: In design 'resi_block', net 'gen_ring_banks[1].ring_bank2/sram_dout0[10]' driven by pin 'gen_ring_banks[1].ring_bank2/u_ring_sram/dout0[10]' has no loads. (LINT-2)
Warning: In design 'resi_block', net 'gen_ring_banks[1].ring_bank2/sram_dout0[11]' driven by pin 'gen_ring_banks[1].ring_bank2/u_ring_sram/dout0[11]' has no loads. (LINT-2)
Warning: In design 'resi_block', net 'gen_ring_banks[1].ring_bank2/sram_dout0[12]' driven by pin 'gen_ring_banks[1].ring_bank2/u_ring_sram/dout0[12]' has no loads. (LINT-2)
Warning: In design 'resi_block', net 'gen_ring_banks[1].ring_bank2/sram_dout0[13]' driven by pin 'gen_ring_banks[1].ring_bank2/u_ring_sram/dout0[13]' has no loads. (LINT-2)
Warning: In design 'resi_block', net 'gen_ring_banks[1].ring_bank2/sram_dout0[14]' driven by pin 'gen_ring_banks[1].ring_bank2/u_ring_sram/dout0[14]' has no loads. (LINT-2)
Warning: In design 'resi_block', net 'gen_ring_banks[1].ring_bank2/sram_dout0[15]' driven by pin 'gen_ring_banks[1].ring_bank2/u_ring_sram/dout0[15]' has no loads. (LINT-2)
Warning: In design 'resi_block', net 'gen_ring_banks[1].ring_bank2/sram_dout0[16]' driven by pin 'gen_ring_banks[1].ring_bank2/u_ring_sram/dout0[16]' has no loads. (LINT-2)
Warning: In design 'resi_block', net 'gen_ring_banks[1].ring_bank2/sram_dout0[17]' driven by pin 'gen_ring_banks[1].ring_bank2/u_ring_sram/dout0[17]' has no loads. (LINT-2)
Warning: In design 'resi_block', net 'gen_ring_banks[1].ring_bank2/sram_dout0[18]' driven by pin 'gen_ring_banks[1].ring_bank2/u_ring_sram/dout0[18]' has no loads. (LINT-2)
Warning: In design 'resi_block', net 'gen_ring_banks[1].ring_bank2/sram_dout0[19]' driven by pin 'gen_ring_banks[1].ring_bank2/u_ring_sram/dout0[19]' has no loads. (LINT-2)
Warning: In design 'resi_block', net 'gen_ring_banks[1].ring_bank2/sram_dout0[20]' driven by pin 'gen_ring_banks[1].ring_bank2/u_ring_sram/dout0[20]' has no loads. (LINT-2)
Warning: In design 'resi_block', net 'gen_ring_banks[1].ring_bank2/sram_dout0[21]' driven by pin 'gen_ring_banks[1].ring_bank2/u_ring_sram/dout0[21]' has no loads. (LINT-2)
Warning: In design 'resi_block', net 'gen_ring_banks[1].ring_bank2/sram_dout0[22]' driven by pin 'gen_ring_banks[1].ring_bank2/u_ring_sram/dout0[22]' has no loads. (LINT-2)
Warning: In design 'resi_block', net 'gen_ring_banks[1].ring_bank2/sram_dout0[23]' driven by pin 'gen_ring_banks[1].ring_bank2/u_ring_sram/dout0[23]' has no loads. (LINT-2)
Warning: In design 'resi_block', net 'gen_ring_banks[1].ring_bank2/sram_dout0[24]' driven by pin 'gen_ring_banks[1].ring_bank2/u_ring_sram/dout0[24]' has no loads. (LINT-2)
Warning: In design 'resi_block', net 'gen_ring_banks[1].ring_bank2/sram_dout0[25]' driven by pin 'gen_ring_banks[1].ring_bank2/u_ring_sram/dout0[25]' has no loads. (LINT-2)
Warning: In design 'resi_block', net 'gen_ring_banks[1].ring_bank2/sram_dout0[26]' driven by pin 'gen_ring_banks[1].ring_bank2/u_ring_sram/dout0[26]' has no loads. (LINT-2)
Warning: In design 'resi_block', net 'gen_ring_banks[1].ring_bank2/sram_dout0[27]' driven by pin 'gen_ring_banks[1].ring_bank2/u_ring_sram/dout0[27]' has no loads. (LINT-2)
Warning: In design 'resi_block', net 'gen_ring_banks[1].ring_bank2/sram_dout0[28]' driven by pin 'gen_ring_banks[1].ring_bank2/u_ring_sram/dout0[28]' has no loads. (LINT-2)
Warning: In design 'resi_block', net 'gen_ring_banks[1].ring_bank2/sram_dout0[29]' driven by pin 'gen_ring_banks[1].ring_bank2/u_ring_sram/dout0[29]' has no loads. (LINT-2)
Warning: In design 'resi_block', net 'gen_ring_banks[1].ring_bank2/sram_dout0[30]' driven by pin 'gen_ring_banks[1].ring_bank2/u_ring_sram/dout0[30]' has no loads. (LINT-2)
Warning: In design 'resi_block', net 'gen_ring_banks[1].ring_bank2/sram_dout0[31]' driven by pin 'gen_ring_banks[1].ring_bank2/u_ring_sram/dout0[31]' has no loads. (LINT-2)
Warning: In design 'resi_block', net 'gen_ring_banks[2].ring_bank1/sram_dout0[0]' driven by pin 'gen_ring_banks[2].ring_bank1/u_ring_sram/dout0[0]' has no loads. (LINT-2)
Warning: In design 'resi_block', net 'gen_ring_banks[2].ring_bank1/sram_dout0[1]' driven by pin 'gen_ring_banks[2].ring_bank1/u_ring_sram/dout0[1]' has no loads. (LINT-2)
Warning: In design 'resi_block', net 'gen_ring_banks[2].ring_bank1/sram_dout0[2]' driven by pin 'gen_ring_banks[2].ring_bank1/u_ring_sram/dout0[2]' has no loads. (LINT-2)
Warning: In design 'resi_block', net 'gen_ring_banks[2].ring_bank1/sram_dout0[3]' driven by pin 'gen_ring_banks[2].ring_bank1/u_ring_sram/dout0[3]' has no loads. (LINT-2)
Warning: In design 'resi_block', net 'gen_ring_banks[2].ring_bank1/sram_dout0[4]' driven by pin 'gen_ring_banks[2].ring_bank1/u_ring_sram/dout0[4]' has no loads. (LINT-2)
Warning: In design 'resi_block', net 'gen_ring_banks[2].ring_bank1/sram_dout0[5]' driven by pin 'gen_ring_banks[2].ring_bank1/u_ring_sram/dout0[5]' has no loads. (LINT-2)
Warning: In design 'resi_block', net 'gen_ring_banks[2].ring_bank1/sram_dout0[6]' driven by pin 'gen_ring_banks[2].ring_bank1/u_ring_sram/dout0[6]' has no loads. (LINT-2)
Warning: In design 'resi_block', net 'gen_ring_banks[2].ring_bank1/sram_dout0[7]' driven by pin 'gen_ring_banks[2].ring_bank1/u_ring_sram/dout0[7]' has no loads. (LINT-2)
Warning: In design 'resi_block', net 'gen_ring_banks[2].ring_bank1/sram_dout0[8]' driven by pin 'gen_ring_banks[2].ring_bank1/u_ring_sram/dout0[8]' has no loads. (LINT-2)
Warning: In design 'resi_block', net 'gen_ring_banks[2].ring_bank1/sram_dout0[9]' driven by pin 'gen_ring_banks[2].ring_bank1/u_ring_sram/dout0[9]' has no loads. (LINT-2)
Warning: In design 'resi_block', net 'gen_ring_banks[2].ring_bank1/sram_dout0[10]' driven by pin 'gen_ring_banks[2].ring_bank1/u_ring_sram/dout0[10]' has no loads. (LINT-2)
Warning: In design 'resi_block', net 'gen_ring_banks[2].ring_bank1/sram_dout0[11]' driven by pin 'gen_ring_banks[2].ring_bank1/u_ring_sram/dout0[11]' has no loads. (LINT-2)
Warning: In design 'resi_block', net 'gen_ring_banks[2].ring_bank1/sram_dout0[12]' driven by pin 'gen_ring_banks[2].ring_bank1/u_ring_sram/dout0[12]' has no loads. (LINT-2)
Warning: In design 'resi_block', net 'gen_ring_banks[2].ring_bank1/sram_dout0[13]' driven by pin 'gen_ring_banks[2].ring_bank1/u_ring_sram/dout0[13]' has no loads. (LINT-2)
Warning: In design 'resi_block', net 'gen_ring_banks[2].ring_bank1/sram_dout0[14]' driven by pin 'gen_ring_banks[2].ring_bank1/u_ring_sram/dout0[14]' has no loads. (LINT-2)
Warning: In design 'resi_block', net 'gen_ring_banks[2].ring_bank1/sram_dout0[15]' driven by pin 'gen_ring_banks[2].ring_bank1/u_ring_sram/dout0[15]' has no loads. (LINT-2)
Warning: In design 'resi_block', net 'gen_ring_banks[2].ring_bank1/sram_dout0[16]' driven by pin 'gen_ring_banks[2].ring_bank1/u_ring_sram/dout0[16]' has no loads. (LINT-2)
Warning: In design 'resi_block', net 'gen_ring_banks[2].ring_bank1/sram_dout0[17]' driven by pin 'gen_ring_banks[2].ring_bank1/u_ring_sram/dout0[17]' has no loads. (LINT-2)
Warning: In design 'resi_block', net 'gen_ring_banks[2].ring_bank1/sram_dout0[18]' driven by pin 'gen_ring_banks[2].ring_bank1/u_ring_sram/dout0[18]' has no loads. (LINT-2)
Warning: In design 'resi_block', net 'gen_ring_banks[2].ring_bank1/sram_dout0[19]' driven by pin 'gen_ring_banks[2].ring_bank1/u_ring_sram/dout0[19]' has no loads. (LINT-2)
Warning: In design 'resi_block', net 'gen_ring_banks[2].ring_bank1/sram_dout0[20]' driven by pin 'gen_ring_banks[2].ring_bank1/u_ring_sram/dout0[20]' has no loads. (LINT-2)
Warning: In design 'resi_block', net 'gen_ring_banks[2].ring_bank1/sram_dout0[21]' driven by pin 'gen_ring_banks[2].ring_bank1/u_ring_sram/dout0[21]' has no loads. (LINT-2)
Warning: In design 'resi_block', net 'gen_ring_banks[2].ring_bank1/sram_dout0[22]' driven by pin 'gen_ring_banks[2].ring_bank1/u_ring_sram/dout0[22]' has no loads. (LINT-2)
Warning: In design 'resi_block', net 'gen_ring_banks[2].ring_bank1/sram_dout0[23]' driven by pin 'gen_ring_banks[2].ring_bank1/u_ring_sram/dout0[23]' has no loads. (LINT-2)
Warning: In design 'resi_block', net 'gen_ring_banks[2].ring_bank1/sram_dout0[24]' driven by pin 'gen_ring_banks[2].ring_bank1/u_ring_sram/dout0[24]' has no loads. (LINT-2)
Warning: In design 'resi_block', net 'gen_ring_banks[2].ring_bank1/sram_dout0[25]' driven by pin 'gen_ring_banks[2].ring_bank1/u_ring_sram/dout0[25]' has no loads. (LINT-2)
Warning: In design 'resi_block', net 'gen_ring_banks[2].ring_bank1/sram_dout0[26]' driven by pin 'gen_ring_banks[2].ring_bank1/u_ring_sram/dout0[26]' has no loads. (LINT-2)
Warning: In design 'resi_block', net 'gen_ring_banks[2].ring_bank1/sram_dout0[27]' driven by pin 'gen_ring_banks[2].ring_bank1/u_ring_sram/dout0[27]' has no loads. (LINT-2)
Warning: In design 'resi_block', net 'gen_ring_banks[2].ring_bank1/sram_dout0[28]' driven by pin 'gen_ring_banks[2].ring_bank1/u_ring_sram/dout0[28]' has no loads. (LINT-2)
Warning: In design 'resi_block', net 'gen_ring_banks[2].ring_bank1/sram_dout0[29]' driven by pin 'gen_ring_banks[2].ring_bank1/u_ring_sram/dout0[29]' has no loads. (LINT-2)
Warning: In design 'resi_block', net 'gen_ring_banks[2].ring_bank1/sram_dout0[30]' driven by pin 'gen_ring_banks[2].ring_bank1/u_ring_sram/dout0[30]' has no loads. (LINT-2)
Warning: In design 'resi_block', net 'gen_ring_banks[2].ring_bank1/sram_dout0[31]' driven by pin 'gen_ring_banks[2].ring_bank1/u_ring_sram/dout0[31]' has no loads. (LINT-2)
Warning: In design 'resi_block', net 'gen_ring_banks[2].ring_bank2/sram_dout0[0]' driven by pin 'gen_ring_banks[2].ring_bank2/u_ring_sram/dout0[0]' has no loads. (LINT-2)
Warning: In design 'resi_block', net 'gen_ring_banks[2].ring_bank2/sram_dout0[1]' driven by pin 'gen_ring_banks[2].ring_bank2/u_ring_sram/dout0[1]' has no loads. (LINT-2)
Warning: In design 'resi_block', net 'gen_ring_banks[2].ring_bank2/sram_dout0[2]' driven by pin 'gen_ring_banks[2].ring_bank2/u_ring_sram/dout0[2]' has no loads. (LINT-2)
Warning: In design 'resi_block', net 'gen_ring_banks[2].ring_bank2/sram_dout0[3]' driven by pin 'gen_ring_banks[2].ring_bank2/u_ring_sram/dout0[3]' has no loads. (LINT-2)
Warning: In design 'resi_block', net 'gen_ring_banks[2].ring_bank2/sram_dout0[4]' driven by pin 'gen_ring_banks[2].ring_bank2/u_ring_sram/dout0[4]' has no loads. (LINT-2)
Warning: In design 'resi_block', net 'gen_ring_banks[2].ring_bank2/sram_dout0[5]' driven by pin 'gen_ring_banks[2].ring_bank2/u_ring_sram/dout0[5]' has no loads. (LINT-2)
Warning: In design 'resi_block', net 'gen_ring_banks[2].ring_bank2/sram_dout0[6]' driven by pin 'gen_ring_banks[2].ring_bank2/u_ring_sram/dout0[6]' has no loads. (LINT-2)
Warning: In design 'resi_block', net 'gen_ring_banks[2].ring_bank2/sram_dout0[7]' driven by pin 'gen_ring_banks[2].ring_bank2/u_ring_sram/dout0[7]' has no loads. (LINT-2)
Warning: In design 'resi_block', net 'gen_ring_banks[2].ring_bank2/sram_dout0[8]' driven by pin 'gen_ring_banks[2].ring_bank2/u_ring_sram/dout0[8]' has no loads. (LINT-2)
Warning: In design 'resi_block', net 'gen_ring_banks[2].ring_bank2/sram_dout0[9]' driven by pin 'gen_ring_banks[2].ring_bank2/u_ring_sram/dout0[9]' has no loads. (LINT-2)
Warning: In design 'resi_block', net 'gen_ring_banks[2].ring_bank2/sram_dout0[10]' driven by pin 'gen_ring_banks[2].ring_bank2/u_ring_sram/dout0[10]' has no loads. (LINT-2)
Warning: In design 'resi_block', net 'gen_ring_banks[2].ring_bank2/sram_dout0[11]' driven by pin 'gen_ring_banks[2].ring_bank2/u_ring_sram/dout0[11]' has no loads. (LINT-2)
Warning: In design 'resi_block', net 'gen_ring_banks[2].ring_bank2/sram_dout0[12]' driven by pin 'gen_ring_banks[2].ring_bank2/u_ring_sram/dout0[12]' has no loads. (LINT-2)
Warning: In design 'resi_block', net 'gen_ring_banks[2].ring_bank2/sram_dout0[13]' driven by pin 'gen_ring_banks[2].ring_bank2/u_ring_sram/dout0[13]' has no loads. (LINT-2)
Warning: In design 'resi_block', net 'gen_ring_banks[2].ring_bank2/sram_dout0[14]' driven by pin 'gen_ring_banks[2].ring_bank2/u_ring_sram/dout0[14]' has no loads. (LINT-2)
Warning: In design 'resi_block', net 'gen_ring_banks[2].ring_bank2/sram_dout0[15]' driven by pin 'gen_ring_banks[2].ring_bank2/u_ring_sram/dout0[15]' has no loads. (LINT-2)
Warning: In design 'resi_block', net 'gen_ring_banks[2].ring_bank2/sram_dout0[16]' driven by pin 'gen_ring_banks[2].ring_bank2/u_ring_sram/dout0[16]' has no loads. (LINT-2)
Warning: In design 'resi_block', net 'gen_ring_banks[2].ring_bank2/sram_dout0[17]' driven by pin 'gen_ring_banks[2].ring_bank2/u_ring_sram/dout0[17]' has no loads. (LINT-2)
Warning: In design 'resi_block', net 'gen_ring_banks[2].ring_bank2/sram_dout0[18]' driven by pin 'gen_ring_banks[2].ring_bank2/u_ring_sram/dout0[18]' has no loads. (LINT-2)
Warning: In design 'resi_block', net 'gen_ring_banks[2].ring_bank2/sram_dout0[19]' driven by pin 'gen_ring_banks[2].ring_bank2/u_ring_sram/dout0[19]' has no loads. (LINT-2)
Warning: In design 'resi_block', net 'gen_ring_banks[2].ring_bank2/sram_dout0[20]' driven by pin 'gen_ring_banks[2].ring_bank2/u_ring_sram/dout0[20]' has no loads. (LINT-2)
Warning: In design 'resi_block', net 'gen_ring_banks[2].ring_bank2/sram_dout0[21]' driven by pin 'gen_ring_banks[2].ring_bank2/u_ring_sram/dout0[21]' has no loads. (LINT-2)
Warning: In design 'resi_block', net 'gen_ring_banks[2].ring_bank2/sram_dout0[22]' driven by pin 'gen_ring_banks[2].ring_bank2/u_ring_sram/dout0[22]' has no loads. (LINT-2)
Warning: In design 'resi_block', net 'gen_ring_banks[2].ring_bank2/sram_dout0[23]' driven by pin 'gen_ring_banks[2].ring_bank2/u_ring_sram/dout0[23]' has no loads. (LINT-2)
Warning: In design 'resi_block', net 'gen_ring_banks[2].ring_bank2/sram_dout0[24]' driven by pin 'gen_ring_banks[2].ring_bank2/u_ring_sram/dout0[24]' has no loads. (LINT-2)
Warning: In design 'resi_block', net 'gen_ring_banks[2].ring_bank2/sram_dout0[25]' driven by pin 'gen_ring_banks[2].ring_bank2/u_ring_sram/dout0[25]' has no loads. (LINT-2)
Warning: In design 'resi_block', net 'gen_ring_banks[2].ring_bank2/sram_dout0[26]' driven by pin 'gen_ring_banks[2].ring_bank2/u_ring_sram/dout0[26]' has no loads. (LINT-2)
Warning: In design 'resi_block', net 'gen_ring_banks[2].ring_bank2/sram_dout0[27]' driven by pin 'gen_ring_banks[2].ring_bank2/u_ring_sram/dout0[27]' has no loads. (LINT-2)
Warning: In design 'resi_block', net 'gen_ring_banks[2].ring_bank2/sram_dout0[28]' driven by pin 'gen_ring_banks[2].ring_bank2/u_ring_sram/dout0[28]' has no loads. (LINT-2)
Warning: In design 'resi_block', net 'gen_ring_banks[2].ring_bank2/sram_dout0[29]' driven by pin 'gen_ring_banks[2].ring_bank2/u_ring_sram/dout0[29]' has no loads. (LINT-2)
Warning: In design 'resi_block', net 'gen_ring_banks[2].ring_bank2/sram_dout0[30]' driven by pin 'gen_ring_banks[2].ring_bank2/u_ring_sram/dout0[30]' has no loads. (LINT-2)
Warning: In design 'resi_block', net 'gen_ring_banks[2].ring_bank2/sram_dout0[31]' driven by pin 'gen_ring_banks[2].ring_bank2/u_ring_sram/dout0[31]' has no loads. (LINT-2)
Warning: In design 'resi_block', net 'gen_ring_banks[3].ring_bank1/sram_dout0[0]' driven by pin 'gen_ring_banks[3].ring_bank1/u_ring_sram/dout0[0]' has no loads. (LINT-2)
Warning: In design 'resi_block', net 'gen_ring_banks[3].ring_bank1/sram_dout0[1]' driven by pin 'gen_ring_banks[3].ring_bank1/u_ring_sram/dout0[1]' has no loads. (LINT-2)
Warning: In design 'resi_block', net 'gen_ring_banks[3].ring_bank1/sram_dout0[2]' driven by pin 'gen_ring_banks[3].ring_bank1/u_ring_sram/dout0[2]' has no loads. (LINT-2)
Warning: In design 'resi_block', net 'gen_ring_banks[3].ring_bank1/sram_dout0[3]' driven by pin 'gen_ring_banks[3].ring_bank1/u_ring_sram/dout0[3]' has no loads. (LINT-2)
Warning: In design 'resi_block', net 'gen_ring_banks[3].ring_bank1/sram_dout0[4]' driven by pin 'gen_ring_banks[3].ring_bank1/u_ring_sram/dout0[4]' has no loads. (LINT-2)
Warning: In design 'resi_block', net 'gen_ring_banks[3].ring_bank1/sram_dout0[5]' driven by pin 'gen_ring_banks[3].ring_bank1/u_ring_sram/dout0[5]' has no loads. (LINT-2)
Warning: In design 'resi_block', net 'gen_ring_banks[3].ring_bank1/sram_dout0[6]' driven by pin 'gen_ring_banks[3].ring_bank1/u_ring_sram/dout0[6]' has no loads. (LINT-2)
Warning: In design 'resi_block', net 'gen_ring_banks[3].ring_bank1/sram_dout0[7]' driven by pin 'gen_ring_banks[3].ring_bank1/u_ring_sram/dout0[7]' has no loads. (LINT-2)
Warning: In design 'resi_block', net 'gen_ring_banks[3].ring_bank1/sram_dout0[8]' driven by pin 'gen_ring_banks[3].ring_bank1/u_ring_sram/dout0[8]' has no loads. (LINT-2)
Warning: In design 'resi_block', net 'gen_ring_banks[3].ring_bank1/sram_dout0[9]' driven by pin 'gen_ring_banks[3].ring_bank1/u_ring_sram/dout0[9]' has no loads. (LINT-2)
Warning: In design 'resi_block', net 'gen_ring_banks[3].ring_bank1/sram_dout0[10]' driven by pin 'gen_ring_banks[3].ring_bank1/u_ring_sram/dout0[10]' has no loads. (LINT-2)
Warning: In design 'resi_block', net 'gen_ring_banks[3].ring_bank1/sram_dout0[11]' driven by pin 'gen_ring_banks[3].ring_bank1/u_ring_sram/dout0[11]' has no loads. (LINT-2)
Warning: In design 'resi_block', net 'gen_ring_banks[3].ring_bank1/sram_dout0[12]' driven by pin 'gen_ring_banks[3].ring_bank1/u_ring_sram/dout0[12]' has no loads. (LINT-2)
Warning: In design 'resi_block', net 'gen_ring_banks[3].ring_bank1/sram_dout0[13]' driven by pin 'gen_ring_banks[3].ring_bank1/u_ring_sram/dout0[13]' has no loads. (LINT-2)
Warning: In design 'resi_block', net 'gen_ring_banks[3].ring_bank1/sram_dout0[14]' driven by pin 'gen_ring_banks[3].ring_bank1/u_ring_sram/dout0[14]' has no loads. (LINT-2)
Warning: In design 'resi_block', net 'gen_ring_banks[3].ring_bank1/sram_dout0[15]' driven by pin 'gen_ring_banks[3].ring_bank1/u_ring_sram/dout0[15]' has no loads. (LINT-2)
Warning: In design 'resi_block', net 'gen_ring_banks[3].ring_bank1/sram_dout0[16]' driven by pin 'gen_ring_banks[3].ring_bank1/u_ring_sram/dout0[16]' has no loads. (LINT-2)
Warning: In design 'resi_block', net 'gen_ring_banks[3].ring_bank1/sram_dout0[17]' driven by pin 'gen_ring_banks[3].ring_bank1/u_ring_sram/dout0[17]' has no loads. (LINT-2)
Warning: In design 'resi_block', net 'gen_ring_banks[3].ring_bank1/sram_dout0[18]' driven by pin 'gen_ring_banks[3].ring_bank1/u_ring_sram/dout0[18]' has no loads. (LINT-2)
Warning: In design 'resi_block', net 'gen_ring_banks[3].ring_bank1/sram_dout0[19]' driven by pin 'gen_ring_banks[3].ring_bank1/u_ring_sram/dout0[19]' has no loads. (LINT-2)
Warning: In design 'resi_block', net 'gen_ring_banks[3].ring_bank1/sram_dout0[20]' driven by pin 'gen_ring_banks[3].ring_bank1/u_ring_sram/dout0[20]' has no loads. (LINT-2)
Warning: In design 'resi_block', net 'gen_ring_banks[3].ring_bank1/sram_dout0[21]' driven by pin 'gen_ring_banks[3].ring_bank1/u_ring_sram/dout0[21]' has no loads. (LINT-2)
Warning: In design 'resi_block', net 'gen_ring_banks[3].ring_bank1/sram_dout0[22]' driven by pin 'gen_ring_banks[3].ring_bank1/u_ring_sram/dout0[22]' has no loads. (LINT-2)
Warning: In design 'resi_block', net 'gen_ring_banks[3].ring_bank1/sram_dout0[23]' driven by pin 'gen_ring_banks[3].ring_bank1/u_ring_sram/dout0[23]' has no loads. (LINT-2)
Warning: In design 'resi_block', net 'gen_ring_banks[3].ring_bank1/sram_dout0[24]' driven by pin 'gen_ring_banks[3].ring_bank1/u_ring_sram/dout0[24]' has no loads. (LINT-2)
Warning: In design 'resi_block', net 'gen_ring_banks[3].ring_bank1/sram_dout0[25]' driven by pin 'gen_ring_banks[3].ring_bank1/u_ring_sram/dout0[25]' has no loads. (LINT-2)
Warning: In design 'resi_block', net 'gen_ring_banks[3].ring_bank1/sram_dout0[26]' driven by pin 'gen_ring_banks[3].ring_bank1/u_ring_sram/dout0[26]' has no loads. (LINT-2)
Warning: In design 'resi_block', net 'gen_ring_banks[3].ring_bank1/sram_dout0[27]' driven by pin 'gen_ring_banks[3].ring_bank1/u_ring_sram/dout0[27]' has no loads. (LINT-2)
Warning: In design 'resi_block', net 'gen_ring_banks[3].ring_bank1/sram_dout0[28]' driven by pin 'gen_ring_banks[3].ring_bank1/u_ring_sram/dout0[28]' has no loads. (LINT-2)
Warning: In design 'resi_block', net 'gen_ring_banks[3].ring_bank1/sram_dout0[29]' driven by pin 'gen_ring_banks[3].ring_bank1/u_ring_sram/dout0[29]' has no loads. (LINT-2)
Warning: In design 'resi_block', net 'gen_ring_banks[3].ring_bank1/sram_dout0[30]' driven by pin 'gen_ring_banks[3].ring_bank1/u_ring_sram/dout0[30]' has no loads. (LINT-2)
Warning: In design 'resi_block', net 'gen_ring_banks[3].ring_bank1/sram_dout0[31]' driven by pin 'gen_ring_banks[3].ring_bank1/u_ring_sram/dout0[31]' has no loads. (LINT-2)
Warning: In design 'resi_block', net 'gen_ring_banks[3].ring_bank2/sram_dout0[0]' driven by pin 'gen_ring_banks[3].ring_bank2/u_ring_sram/dout0[0]' has no loads. (LINT-2)
Warning: In design 'resi_block', net 'gen_ring_banks[3].ring_bank2/sram_dout0[1]' driven by pin 'gen_ring_banks[3].ring_bank2/u_ring_sram/dout0[1]' has no loads. (LINT-2)
Warning: In design 'resi_block', net 'gen_ring_banks[3].ring_bank2/sram_dout0[2]' driven by pin 'gen_ring_banks[3].ring_bank2/u_ring_sram/dout0[2]' has no loads. (LINT-2)
Warning: In design 'resi_block', net 'gen_ring_banks[3].ring_bank2/sram_dout0[3]' driven by pin 'gen_ring_banks[3].ring_bank2/u_ring_sram/dout0[3]' has no loads. (LINT-2)
Warning: In design 'resi_block', net 'gen_ring_banks[3].ring_bank2/sram_dout0[4]' driven by pin 'gen_ring_banks[3].ring_bank2/u_ring_sram/dout0[4]' has no loads. (LINT-2)
Warning: In design 'resi_block', net 'gen_ring_banks[3].ring_bank2/sram_dout0[5]' driven by pin 'gen_ring_banks[3].ring_bank2/u_ring_sram/dout0[5]' has no loads. (LINT-2)
Warning: In design 'resi_block', net 'gen_ring_banks[3].ring_bank2/sram_dout0[6]' driven by pin 'gen_ring_banks[3].ring_bank2/u_ring_sram/dout0[6]' has no loads. (LINT-2)
Warning: In design 'resi_block', net 'gen_ring_banks[3].ring_bank2/sram_dout0[7]' driven by pin 'gen_ring_banks[3].ring_bank2/u_ring_sram/dout0[7]' has no loads. (LINT-2)
Warning: In design 'resi_block', net 'gen_ring_banks[3].ring_bank2/sram_dout0[8]' driven by pin 'gen_ring_banks[3].ring_bank2/u_ring_sram/dout0[8]' has no loads. (LINT-2)
Warning: In design 'resi_block', net 'gen_ring_banks[3].ring_bank2/sram_dout0[9]' driven by pin 'gen_ring_banks[3].ring_bank2/u_ring_sram/dout0[9]' has no loads. (LINT-2)
Warning: In design 'resi_block', net 'gen_ring_banks[3].ring_bank2/sram_dout0[10]' driven by pin 'gen_ring_banks[3].ring_bank2/u_ring_sram/dout0[10]' has no loads. (LINT-2)
Warning: In design 'resi_block', net 'gen_ring_banks[3].ring_bank2/sram_dout0[11]' driven by pin 'gen_ring_banks[3].ring_bank2/u_ring_sram/dout0[11]' has no loads. (LINT-2)
Warning: In design 'resi_block', net 'gen_ring_banks[3].ring_bank2/sram_dout0[12]' driven by pin 'gen_ring_banks[3].ring_bank2/u_ring_sram/dout0[12]' has no loads. (LINT-2)
Warning: In design 'resi_block', net 'gen_ring_banks[3].ring_bank2/sram_dout0[13]' driven by pin 'gen_ring_banks[3].ring_bank2/u_ring_sram/dout0[13]' has no loads. (LINT-2)
Warning: In design 'resi_block', net 'gen_ring_banks[3].ring_bank2/sram_dout0[14]' driven by pin 'gen_ring_banks[3].ring_bank2/u_ring_sram/dout0[14]' has no loads. (LINT-2)
Warning: In design 'resi_block', net 'gen_ring_banks[3].ring_bank2/sram_dout0[15]' driven by pin 'gen_ring_banks[3].ring_bank2/u_ring_sram/dout0[15]' has no loads. (LINT-2)
Warning: In design 'resi_block', net 'gen_ring_banks[3].ring_bank2/sram_dout0[16]' driven by pin 'gen_ring_banks[3].ring_bank2/u_ring_sram/dout0[16]' has no loads. (LINT-2)
Warning: In design 'resi_block', net 'gen_ring_banks[3].ring_bank2/sram_dout0[17]' driven by pin 'gen_ring_banks[3].ring_bank2/u_ring_sram/dout0[17]' has no loads. (LINT-2)
Warning: In design 'resi_block', net 'gen_ring_banks[3].ring_bank2/sram_dout0[18]' driven by pin 'gen_ring_banks[3].ring_bank2/u_ring_sram/dout0[18]' has no loads. (LINT-2)
Warning: In design 'resi_block', net 'gen_ring_banks[3].ring_bank2/sram_dout0[19]' driven by pin 'gen_ring_banks[3].ring_bank2/u_ring_sram/dout0[19]' has no loads. (LINT-2)
Warning: In design 'resi_block', net 'gen_ring_banks[3].ring_bank2/sram_dout0[20]' driven by pin 'gen_ring_banks[3].ring_bank2/u_ring_sram/dout0[20]' has no loads. (LINT-2)
Warning: In design 'resi_block', net 'gen_ring_banks[3].ring_bank2/sram_dout0[21]' driven by pin 'gen_ring_banks[3].ring_bank2/u_ring_sram/dout0[21]' has no loads. (LINT-2)
Warning: In design 'resi_block', net 'gen_ring_banks[3].ring_bank2/sram_dout0[22]' driven by pin 'gen_ring_banks[3].ring_bank2/u_ring_sram/dout0[22]' has no loads. (LINT-2)
Warning: In design 'resi_block', net 'gen_ring_banks[3].ring_bank2/sram_dout0[23]' driven by pin 'gen_ring_banks[3].ring_bank2/u_ring_sram/dout0[23]' has no loads. (LINT-2)
Warning: In design 'resi_block', net 'gen_ring_banks[3].ring_bank2/sram_dout0[24]' driven by pin 'gen_ring_banks[3].ring_bank2/u_ring_sram/dout0[24]' has no loads. (LINT-2)
Warning: In design 'resi_block', net 'gen_ring_banks[3].ring_bank2/sram_dout0[25]' driven by pin 'gen_ring_banks[3].ring_bank2/u_ring_sram/dout0[25]' has no loads. (LINT-2)
Warning: In design 'resi_block', net 'gen_ring_banks[3].ring_bank2/sram_dout0[26]' driven by pin 'gen_ring_banks[3].ring_bank2/u_ring_sram/dout0[26]' has no loads. (LINT-2)
Warning: In design 'resi_block', net 'gen_ring_banks[3].ring_bank2/sram_dout0[27]' driven by pin 'gen_ring_banks[3].ring_bank2/u_ring_sram/dout0[27]' has no loads. (LINT-2)
Warning: In design 'resi_block', net 'gen_ring_banks[3].ring_bank2/sram_dout0[28]' driven by pin 'gen_ring_banks[3].ring_bank2/u_ring_sram/dout0[28]' has no loads. (LINT-2)
Warning: In design 'resi_block', net 'gen_ring_banks[3].ring_bank2/sram_dout0[29]' driven by pin 'gen_ring_banks[3].ring_bank2/u_ring_sram/dout0[29]' has no loads. (LINT-2)
Warning: In design 'resi_block', net 'gen_ring_banks[3].ring_bank2/sram_dout0[30]' driven by pin 'gen_ring_banks[3].ring_bank2/u_ring_sram/dout0[30]' has no loads. (LINT-2)
Warning: In design 'resi_block', net 'gen_ring_banks[3].ring_bank2/sram_dout0[31]' driven by pin 'gen_ring_banks[3].ring_bank2/u_ring_sram/dout0[31]' has no loads. (LINT-2)
Warning: In design 'resi_block', net 'gen_ring_banks[0].ring_bank1/sram_dout0[0]' driven by pin 'gen_ring_banks[0].ring_bank1/u_ring_sram/dout0[0]' has no loads. (LINT-2)
Warning: In design 'resi_block', net 'gen_ring_banks[0].ring_bank1/sram_dout0[1]' driven by pin 'gen_ring_banks[0].ring_bank1/u_ring_sram/dout0[1]' has no loads. (LINT-2)
Warning: In design 'resi_block', net 'gen_ring_banks[0].ring_bank1/sram_dout0[2]' driven by pin 'gen_ring_banks[0].ring_bank1/u_ring_sram/dout0[2]' has no loads. (LINT-2)
Warning: In design 'resi_block', net 'gen_ring_banks[0].ring_bank1/sram_dout0[3]' driven by pin 'gen_ring_banks[0].ring_bank1/u_ring_sram/dout0[3]' has no loads. (LINT-2)
Warning: In design 'resi_block', net 'gen_ring_banks[0].ring_bank1/sram_dout0[4]' driven by pin 'gen_ring_banks[0].ring_bank1/u_ring_sram/dout0[4]' has no loads. (LINT-2)
Warning: In design 'resi_block', net 'gen_ring_banks[0].ring_bank1/sram_dout0[5]' driven by pin 'gen_ring_banks[0].ring_bank1/u_ring_sram/dout0[5]' has no loads. (LINT-2)
Warning: In design 'resi_block', net 'gen_ring_banks[0].ring_bank1/sram_dout0[6]' driven by pin 'gen_ring_banks[0].ring_bank1/u_ring_sram/dout0[6]' has no loads. (LINT-2)
Warning: In design 'resi_block', net 'gen_ring_banks[0].ring_bank1/sram_dout0[7]' driven by pin 'gen_ring_banks[0].ring_bank1/u_ring_sram/dout0[7]' has no loads. (LINT-2)
Warning: In design 'resi_block', net 'gen_ring_banks[0].ring_bank1/sram_dout0[8]' driven by pin 'gen_ring_banks[0].ring_bank1/u_ring_sram/dout0[8]' has no loads. (LINT-2)
Warning: In design 'resi_block', net 'gen_ring_banks[0].ring_bank1/sram_dout0[9]' driven by pin 'gen_ring_banks[0].ring_bank1/u_ring_sram/dout0[9]' has no loads. (LINT-2)
Warning: In design 'resi_block', net 'gen_ring_banks[0].ring_bank1/sram_dout0[10]' driven by pin 'gen_ring_banks[0].ring_bank1/u_ring_sram/dout0[10]' has no loads. (LINT-2)
Warning: In design 'resi_block', net 'gen_ring_banks[0].ring_bank1/sram_dout0[11]' driven by pin 'gen_ring_banks[0].ring_bank1/u_ring_sram/dout0[11]' has no loads. (LINT-2)
Warning: In design 'resi_block', net 'gen_ring_banks[0].ring_bank1/sram_dout0[12]' driven by pin 'gen_ring_banks[0].ring_bank1/u_ring_sram/dout0[12]' has no loads. (LINT-2)
Warning: In design 'resi_block', net 'gen_ring_banks[0].ring_bank1/sram_dout0[13]' driven by pin 'gen_ring_banks[0].ring_bank1/u_ring_sram/dout0[13]' has no loads. (LINT-2)
Warning: In design 'resi_block', net 'gen_ring_banks[0].ring_bank1/sram_dout0[14]' driven by pin 'gen_ring_banks[0].ring_bank1/u_ring_sram/dout0[14]' has no loads. (LINT-2)
Warning: In design 'resi_block', net 'gen_ring_banks[0].ring_bank1/sram_dout0[15]' driven by pin 'gen_ring_banks[0].ring_bank1/u_ring_sram/dout0[15]' has no loads. (LINT-2)
Warning: In design 'resi_block', net 'gen_ring_banks[0].ring_bank1/sram_dout0[16]' driven by pin 'gen_ring_banks[0].ring_bank1/u_ring_sram/dout0[16]' has no loads. (LINT-2)
Warning: In design 'resi_block', net 'gen_ring_banks[0].ring_bank1/sram_dout0[17]' driven by pin 'gen_ring_banks[0].ring_bank1/u_ring_sram/dout0[17]' has no loads. (LINT-2)
Warning: In design 'resi_block', net 'gen_ring_banks[0].ring_bank1/sram_dout0[18]' driven by pin 'gen_ring_banks[0].ring_bank1/u_ring_sram/dout0[18]' has no loads. (LINT-2)
Warning: In design 'resi_block', net 'gen_ring_banks[0].ring_bank1/sram_dout0[19]' driven by pin 'gen_ring_banks[0].ring_bank1/u_ring_sram/dout0[19]' has no loads. (LINT-2)
Warning: In design 'resi_block', net 'gen_ring_banks[0].ring_bank1/sram_dout0[20]' driven by pin 'gen_ring_banks[0].ring_bank1/u_ring_sram/dout0[20]' has no loads. (LINT-2)
Warning: In design 'resi_block', net 'gen_ring_banks[0].ring_bank1/sram_dout0[21]' driven by pin 'gen_ring_banks[0].ring_bank1/u_ring_sram/dout0[21]' has no loads. (LINT-2)
Warning: In design 'resi_block', net 'gen_ring_banks[0].ring_bank1/sram_dout0[22]' driven by pin 'gen_ring_banks[0].ring_bank1/u_ring_sram/dout0[22]' has no loads. (LINT-2)
Warning: In design 'resi_block', net 'gen_ring_banks[0].ring_bank1/sram_dout0[23]' driven by pin 'gen_ring_banks[0].ring_bank1/u_ring_sram/dout0[23]' has no loads. (LINT-2)
Warning: In design 'resi_block', net 'gen_ring_banks[0].ring_bank1/sram_dout0[24]' driven by pin 'gen_ring_banks[0].ring_bank1/u_ring_sram/dout0[24]' has no loads. (LINT-2)
Warning: In design 'resi_block', net 'gen_ring_banks[0].ring_bank1/sram_dout0[25]' driven by pin 'gen_ring_banks[0].ring_bank1/u_ring_sram/dout0[25]' has no loads. (LINT-2)
Warning: In design 'resi_block', net 'gen_ring_banks[0].ring_bank1/sram_dout0[26]' driven by pin 'gen_ring_banks[0].ring_bank1/u_ring_sram/dout0[26]' has no loads. (LINT-2)
Warning: In design 'resi_block', net 'gen_ring_banks[0].ring_bank1/sram_dout0[27]' driven by pin 'gen_ring_banks[0].ring_bank1/u_ring_sram/dout0[27]' has no loads. (LINT-2)
Warning: In design 'resi_block', net 'gen_ring_banks[0].ring_bank1/sram_dout0[28]' driven by pin 'gen_ring_banks[0].ring_bank1/u_ring_sram/dout0[28]' has no loads. (LINT-2)
Warning: In design 'resi_block', net 'gen_ring_banks[0].ring_bank1/sram_dout0[29]' driven by pin 'gen_ring_banks[0].ring_bank1/u_ring_sram/dout0[29]' has no loads. (LINT-2)
Warning: In design 'resi_block', net 'gen_ring_banks[0].ring_bank1/sram_dout0[30]' driven by pin 'gen_ring_banks[0].ring_bank1/u_ring_sram/dout0[30]' has no loads. (LINT-2)
Warning: In design 'resi_block', net 'gen_ring_banks[0].ring_bank1/sram_dout0[31]' driven by pin 'gen_ring_banks[0].ring_bank1/u_ring_sram/dout0[31]' has no loads. (LINT-2)
Warning: In design 'quant_array', port 'data_in[0][7]' is not connected to any nets. (LINT-28)
Warning: In design 'quant_array', port 'data_in[0][6]' is not connected to any nets. (LINT-28)
Warning: In design 'quant_array', port 'data_in[0][5]' is not connected to any nets. (LINT-28)
Warning: In design 'quant_array', port 'data_in[0][4]' is not connected to any nets. (LINT-28)
Warning: In design 'quant_array', port 'data_in[0][3]' is not connected to any nets. (LINT-28)
Warning: In design 'quant_array', port 'data_in[0][2]' is not connected to any nets. (LINT-28)
Warning: In design 'quant_array', port 'data_in[0][1]' is not connected to any nets. (LINT-28)
Warning: In design 'quant_array', port 'data_in[0][0]' is not connected to any nets. (LINT-28)
Warning: In design 'quant_array', port 'data_in[1][7]' is not connected to any nets. (LINT-28)
Warning: In design 'quant_array', port 'data_in[1][6]' is not connected to any nets. (LINT-28)
Warning: In design 'quant_array', port 'data_in[1][5]' is not connected to any nets. (LINT-28)
Warning: In design 'quant_array', port 'data_in[1][4]' is not connected to any nets. (LINT-28)
Warning: In design 'quant_array', port 'data_in[1][3]' is not connected to any nets. (LINT-28)
Warning: In design 'quant_array', port 'data_in[1][2]' is not connected to any nets. (LINT-28)
Warning: In design 'quant_array', port 'data_in[1][1]' is not connected to any nets. (LINT-28)
Warning: In design 'quant_array', port 'data_in[1][0]' is not connected to any nets. (LINT-28)
Warning: In design 'quant_array', port 'data_in[2][7]' is not connected to any nets. (LINT-28)
Warning: In design 'quant_array', port 'data_in[2][6]' is not connected to any nets. (LINT-28)
Warning: In design 'quant_array', port 'data_in[2][5]' is not connected to any nets. (LINT-28)
Warning: In design 'quant_array', port 'data_in[2][4]' is not connected to any nets. (LINT-28)
Warning: In design 'quant_array', port 'data_in[2][3]' is not connected to any nets. (LINT-28)
Warning: In design 'quant_array', port 'data_in[2][2]' is not connected to any nets. (LINT-28)
Warning: In design 'quant_array', port 'data_in[2][1]' is not connected to any nets. (LINT-28)
Warning: In design 'quant_array', port 'data_in[2][0]' is not connected to any nets. (LINT-28)
Warning: In design 'quant_array', port 'data_in[3][7]' is not connected to any nets. (LINT-28)
Warning: In design 'quant_array', port 'data_in[3][6]' is not connected to any nets. (LINT-28)
Warning: In design 'quant_array', port 'data_in[3][5]' is not connected to any nets. (LINT-28)
Warning: In design 'quant_array', port 'data_in[3][4]' is not connected to any nets. (LINT-28)
Warning: In design 'quant_array', port 'data_in[3][3]' is not connected to any nets. (LINT-28)
Warning: In design 'quant_array', port 'data_in[3][2]' is not connected to any nets. (LINT-28)
Warning: In design 'quant_array', port 'data_in[3][1]' is not connected to any nets. (LINT-28)
Warning: In design 'quant_array', port 'data_in[3][0]' is not connected to any nets. (LINT-28)
Warning: In design 'quant_array', port 'data_in[4][7]' is not connected to any nets. (LINT-28)
Warning: In design 'quant_array', port 'data_in[4][6]' is not connected to any nets. (LINT-28)
Warning: In design 'quant_array', port 'data_in[4][5]' is not connected to any nets. (LINT-28)
Warning: In design 'quant_array', port 'data_in[4][4]' is not connected to any nets. (LINT-28)
Warning: In design 'quant_array', port 'data_in[4][3]' is not connected to any nets. (LINT-28)
Warning: In design 'quant_array', port 'data_in[4][2]' is not connected to any nets. (LINT-28)
Warning: In design 'quant_array', port 'data_in[4][1]' is not connected to any nets. (LINT-28)
Warning: In design 'quant_array', port 'data_in[4][0]' is not connected to any nets. (LINT-28)
Warning: In design 'quant_array', port 'data_in[5][7]' is not connected to any nets. (LINT-28)
Warning: In design 'quant_array', port 'data_in[5][6]' is not connected to any nets. (LINT-28)
Warning: In design 'quant_array', port 'data_in[5][5]' is not connected to any nets. (LINT-28)
Warning: In design 'quant_array', port 'data_in[5][4]' is not connected to any nets. (LINT-28)
Warning: In design 'quant_array', port 'data_in[5][3]' is not connected to any nets. (LINT-28)
Warning: In design 'quant_array', port 'data_in[5][2]' is not connected to any nets. (LINT-28)
Warning: In design 'quant_array', port 'data_in[5][1]' is not connected to any nets. (LINT-28)
Warning: In design 'quant_array', port 'data_in[5][0]' is not connected to any nets. (LINT-28)
Warning: In design 'quant_array', port 'data_in[6][7]' is not connected to any nets. (LINT-28)
Warning: In design 'quant_array', port 'data_in[6][6]' is not connected to any nets. (LINT-28)
Warning: In design 'quant_array', port 'data_in[6][5]' is not connected to any nets. (LINT-28)
Warning: In design 'quant_array', port 'data_in[6][4]' is not connected to any nets. (LINT-28)
Warning: In design 'quant_array', port 'data_in[6][3]' is not connected to any nets. (LINT-28)
Warning: In design 'quant_array', port 'data_in[6][2]' is not connected to any nets. (LINT-28)
Warning: In design 'quant_array', port 'data_in[6][1]' is not connected to any nets. (LINT-28)
Warning: In design 'quant_array', port 'data_in[6][0]' is not connected to any nets. (LINT-28)
Warning: In design 'quant_array', port 'data_in[7][7]' is not connected to any nets. (LINT-28)
Warning: In design 'quant_array', port 'data_in[7][6]' is not connected to any nets. (LINT-28)
Warning: In design 'quant_array', port 'data_in[7][5]' is not connected to any nets. (LINT-28)
Warning: In design 'quant_array', port 'data_in[7][4]' is not connected to any nets. (LINT-28)
Warning: In design 'quant_array', port 'data_in[7][3]' is not connected to any nets. (LINT-28)
Warning: In design 'quant_array', port 'data_in[7][2]' is not connected to any nets. (LINT-28)
Warning: In design 'quant_array', port 'data_in[7][1]' is not connected to any nets. (LINT-28)
Warning: In design 'quant_array', port 'data_in[7][0]' is not connected to any nets. (LINT-28)
Warning: In design 'quant_array', port 'data_in[8][7]' is not connected to any nets. (LINT-28)
Warning: In design 'quant_array', port 'data_in[8][6]' is not connected to any nets. (LINT-28)
Warning: In design 'quant_array', port 'data_in[8][5]' is not connected to any nets. (LINT-28)
Warning: In design 'quant_array', port 'data_in[8][4]' is not connected to any nets. (LINT-28)
Warning: In design 'quant_array', port 'data_in[8][3]' is not connected to any nets. (LINT-28)
Warning: In design 'quant_array', port 'data_in[8][2]' is not connected to any nets. (LINT-28)
Warning: In design 'quant_array', port 'data_in[8][1]' is not connected to any nets. (LINT-28)
Warning: In design 'quant_array', port 'data_in[8][0]' is not connected to any nets. (LINT-28)
Warning: In design 'quant_array', port 'data_in[9][7]' is not connected to any nets. (LINT-28)
Warning: In design 'quant_array', port 'data_in[9][6]' is not connected to any nets. (LINT-28)
Warning: In design 'quant_array', port 'data_in[9][5]' is not connected to any nets. (LINT-28)
Warning: In design 'quant_array', port 'data_in[9][4]' is not connected to any nets. (LINT-28)
Warning: In design 'quant_array', port 'data_in[9][3]' is not connected to any nets. (LINT-28)
Warning: In design 'quant_array', port 'data_in[9][2]' is not connected to any nets. (LINT-28)
Warning: In design 'quant_array', port 'data_in[9][1]' is not connected to any nets. (LINT-28)
Warning: In design 'quant_array', port 'data_in[9][0]' is not connected to any nets. (LINT-28)
Warning: In design 'quant_array', port 'data_in[10][7]' is not connected to any nets. (LINT-28)
Warning: In design 'quant_array', port 'data_in[10][6]' is not connected to any nets. (LINT-28)
Warning: In design 'quant_array', port 'data_in[10][5]' is not connected to any nets. (LINT-28)
Warning: In design 'quant_array', port 'data_in[10][4]' is not connected to any nets. (LINT-28)
Warning: In design 'quant_array', port 'data_in[10][3]' is not connected to any nets. (LINT-28)
Warning: In design 'quant_array', port 'data_in[10][2]' is not connected to any nets. (LINT-28)
Warning: In design 'quant_array', port 'data_in[10][1]' is not connected to any nets. (LINT-28)
Warning: In design 'quant_array', port 'data_in[10][0]' is not connected to any nets. (LINT-28)
Warning: In design 'quant_array', port 'data_in[11][7]' is not connected to any nets. (LINT-28)
Warning: In design 'quant_array', port 'data_in[11][6]' is not connected to any nets. (LINT-28)
Warning: In design 'quant_array', port 'data_in[11][5]' is not connected to any nets. (LINT-28)
Warning: In design 'quant_array', port 'data_in[11][4]' is not connected to any nets. (LINT-28)
Warning: In design 'quant_array', port 'data_in[11][3]' is not connected to any nets. (LINT-28)
Warning: In design 'quant_array', port 'data_in[11][2]' is not connected to any nets. (LINT-28)
Warning: In design 'quant_array', port 'data_in[11][1]' is not connected to any nets. (LINT-28)
Warning: In design 'quant_array', port 'data_in[11][0]' is not connected to any nets. (LINT-28)
Warning: In design 'quant_array', port 'data_in[12][7]' is not connected to any nets. (LINT-28)
Warning: In design 'quant_array', port 'data_in[12][6]' is not connected to any nets. (LINT-28)
Warning: In design 'quant_array', port 'data_in[12][5]' is not connected to any nets. (LINT-28)
Warning: In design 'quant_array', port 'data_in[12][4]' is not connected to any nets. (LINT-28)
Warning: In design 'quant_array', port 'data_in[12][3]' is not connected to any nets. (LINT-28)
Warning: In design 'quant_array', port 'data_in[12][2]' is not connected to any nets. (LINT-28)
Warning: In design 'quant_array', port 'data_in[12][1]' is not connected to any nets. (LINT-28)
Warning: In design 'quant_array', port 'data_in[12][0]' is not connected to any nets. (LINT-28)
Warning: In design 'quant_array', port 'data_in[13][7]' is not connected to any nets. (LINT-28)
Warning: In design 'quant_array', port 'data_in[13][6]' is not connected to any nets. (LINT-28)
Warning: In design 'quant_array', port 'data_in[13][5]' is not connected to any nets. (LINT-28)
Warning: In design 'quant_array', port 'data_in[13][4]' is not connected to any nets. (LINT-28)
Warning: In design 'quant_array', port 'data_in[13][3]' is not connected to any nets. (LINT-28)
Warning: In design 'quant_array', port 'data_in[13][2]' is not connected to any nets. (LINT-28)
Warning: In design 'quant_array', port 'data_in[13][1]' is not connected to any nets. (LINT-28)
Warning: In design 'quant_array', port 'data_in[13][0]' is not connected to any nets. (LINT-28)
Warning: In design 'quant_array', port 'data_in[14][7]' is not connected to any nets. (LINT-28)
Warning: In design 'quant_array', port 'data_in[14][6]' is not connected to any nets. (LINT-28)
Warning: In design 'quant_array', port 'data_in[14][5]' is not connected to any nets. (LINT-28)
Warning: In design 'quant_array', port 'data_in[14][4]' is not connected to any nets. (LINT-28)
Warning: In design 'quant_array', port 'data_in[14][3]' is not connected to any nets. (LINT-28)
Warning: In design 'quant_array', port 'data_in[14][2]' is not connected to any nets. (LINT-28)
Warning: In design 'quant_array', port 'data_in[14][1]' is not connected to any nets. (LINT-28)
Warning: In design 'quant_array', port 'data_in[14][0]' is not connected to any nets. (LINT-28)
Warning: In design 'quant_array', port 'data_in[15][7]' is not connected to any nets. (LINT-28)
Warning: In design 'quant_array', port 'data_in[15][6]' is not connected to any nets. (LINT-28)
Warning: In design 'quant_array', port 'data_in[15][5]' is not connected to any nets. (LINT-28)
Warning: In design 'quant_array', port 'data_in[15][4]' is not connected to any nets. (LINT-28)
Warning: In design 'quant_array', port 'data_in[15][3]' is not connected to any nets. (LINT-28)
Warning: In design 'quant_array', port 'data_in[15][2]' is not connected to any nets. (LINT-28)
Warning: In design 'quant_array', port 'data_in[15][1]' is not connected to any nets. (LINT-28)
Warning: In design 'quant_array', port 'data_in[15][0]' is not connected to any nets. (LINT-28)
Warning: In design 'resi_block', a pin on submodule 'gen_ring_banks[0].ring_bank1' is connected to logic 1 or logic 0. (LINT-32)
   Pin 'read_offset[8]' is connected to logic 0. 
Warning: In design 'resi_block', a pin on submodule 'gen_ring_banks[0].ring_bank1' is connected to logic 1 or logic 0. (LINT-32)
   Pin 'read_offset[7]' is connected to logic 0. 
Warning: In design 'resi_block', a pin on submodule 'gen_ring_banks[0].ring_bank1' is connected to logic 1 or logic 0. (LINT-32)
   Pin 'read_offset[6]' is connected to logic 0. 
Warning: In design 'resi_block', a pin on submodule 'gen_ring_banks[0].ring_bank1' is connected to logic 1 or logic 0. (LINT-32)
   Pin 'read_offset[5]' is connected to logic 0. 
Warning: In design 'resi_block', a pin on submodule 'gen_ring_banks[0].ring_bank1' is connected to logic 1 or logic 0. (LINT-32)
   Pin 'read_offset[4]' is connected to logic 0. 
Warning: In design 'resi_block', a pin on submodule 'gen_ring_banks[0].ring_bank1' is connected to logic 1 or logic 0. (LINT-32)
   Pin 'read_offset[3]' is connected to logic 0. 
Warning: In design 'resi_block', a pin on submodule 'gen_ring_banks[0].ring_bank1' is connected to logic 1 or logic 0. (LINT-32)
   Pin 'read_offset[2]' is connected to logic 0. 
Warning: In design 'resi_block', a pin on submodule 'gen_ring_banks[0].ring_bank1' is connected to logic 1 or logic 0. (LINT-32)
   Pin 'read_offset[0]' is connected to logic 0. 
Warning: In design 'resi_block', a pin on submodule 'gen_ring_banks[0].ring_bank2' is connected to logic 1 or logic 0. (LINT-32)
   Pin 'read_offset[8]' is connected to logic 0. 
Warning: In design 'resi_block', a pin on submodule 'gen_ring_banks[0].ring_bank2' is connected to logic 1 or logic 0. (LINT-32)
   Pin 'read_offset[7]' is connected to logic 0. 
Warning: In design 'resi_block', a pin on submodule 'gen_ring_banks[0].ring_bank2' is connected to logic 1 or logic 0. (LINT-32)
   Pin 'read_offset[6]' is connected to logic 0. 
Warning: In design 'resi_block', a pin on submodule 'gen_ring_banks[0].ring_bank2' is connected to logic 1 or logic 0. (LINT-32)
   Pin 'read_offset[5]' is connected to logic 0. 
Warning: In design 'resi_block', a pin on submodule 'gen_ring_banks[0].ring_bank2' is connected to logic 1 or logic 0. (LINT-32)
   Pin 'read_offset[4]' is connected to logic 0. 
Warning: In design 'resi_block', a pin on submodule 'gen_ring_banks[0].ring_bank2' is connected to logic 1 or logic 0. (LINT-32)
   Pin 'read_offset[3]' is connected to logic 0. 
Warning: In design 'resi_block', a pin on submodule 'gen_ring_banks[0].ring_bank2' is connected to logic 1 or logic 0. (LINT-32)
   Pin 'read_offset[2]' is connected to logic 0. 
Warning: In design 'resi_block', a pin on submodule 'gen_ring_banks[0].ring_bank2' is connected to logic 1 or logic 0. (LINT-32)
   Pin 'read_offset[0]' is connected to logic 0. 
Warning: In design 'resi_block', a pin on submodule 'gen_ring_banks[1].ring_bank1' is connected to logic 1 or logic 0. (LINT-32)
   Pin 'read_offset[8]' is connected to logic 0. 
Warning: In design 'resi_block', a pin on submodule 'gen_ring_banks[1].ring_bank1' is connected to logic 1 or logic 0. (LINT-32)
   Pin 'read_offset[7]' is connected to logic 0. 
Warning: In design 'resi_block', a pin on submodule 'gen_ring_banks[1].ring_bank1' is connected to logic 1 or logic 0. (LINT-32)
   Pin 'read_offset[6]' is connected to logic 0. 
Warning: In design 'resi_block', a pin on submodule 'gen_ring_banks[1].ring_bank1' is connected to logic 1 or logic 0. (LINT-32)
   Pin 'read_offset[5]' is connected to logic 0. 
Warning: In design 'resi_block', a pin on submodule 'gen_ring_banks[1].ring_bank1' is connected to logic 1 or logic 0. (LINT-32)
   Pin 'read_offset[4]' is connected to logic 0. 
Warning: In design 'resi_block', a pin on submodule 'gen_ring_banks[1].ring_bank1' is connected to logic 1 or logic 0. (LINT-32)
   Pin 'read_offset[3]' is connected to logic 0. 
Warning: In design 'resi_block', a pin on submodule 'gen_ring_banks[1].ring_bank1' is connected to logic 1 or logic 0. (LINT-32)
   Pin 'read_offset[2]' is connected to logic 0. 
Warning: In design 'resi_block', a pin on submodule 'gen_ring_banks[1].ring_bank1' is connected to logic 1 or logic 0. (LINT-32)
   Pin 'read_offset[0]' is connected to logic 0. 
Warning: In design 'resi_block', a pin on submodule 'gen_ring_banks[1].ring_bank2' is connected to logic 1 or logic 0. (LINT-32)
   Pin 'read_offset[8]' is connected to logic 0. 
Warning: In design 'resi_block', a pin on submodule 'gen_ring_banks[1].ring_bank2' is connected to logic 1 or logic 0. (LINT-32)
   Pin 'read_offset[7]' is connected to logic 0. 
Warning: In design 'resi_block', a pin on submodule 'gen_ring_banks[1].ring_bank2' is connected to logic 1 or logic 0. (LINT-32)
   Pin 'read_offset[6]' is connected to logic 0. 
Warning: In design 'resi_block', a pin on submodule 'gen_ring_banks[1].ring_bank2' is connected to logic 1 or logic 0. (LINT-32)
   Pin 'read_offset[5]' is connected to logic 0. 
Warning: In design 'resi_block', a pin on submodule 'gen_ring_banks[1].ring_bank2' is connected to logic 1 or logic 0. (LINT-32)
   Pin 'read_offset[4]' is connected to logic 0. 
Warning: In design 'resi_block', a pin on submodule 'gen_ring_banks[1].ring_bank2' is connected to logic 1 or logic 0. (LINT-32)
   Pin 'read_offset[3]' is connected to logic 0. 
Warning: In design 'resi_block', a pin on submodule 'gen_ring_banks[1].ring_bank2' is connected to logic 1 or logic 0. (LINT-32)
   Pin 'read_offset[2]' is connected to logic 0. 
Warning: In design 'resi_block', a pin on submodule 'gen_ring_banks[1].ring_bank2' is connected to logic 1 or logic 0. (LINT-32)
   Pin 'read_offset[0]' is connected to logic 0. 
Warning: In design 'resi_block', a pin on submodule 'gen_ring_banks[2].ring_bank1' is connected to logic 1 or logic 0. (LINT-32)
   Pin 'read_offset[8]' is connected to logic 0. 
Warning: In design 'resi_block', a pin on submodule 'gen_ring_banks[2].ring_bank1' is connected to logic 1 or logic 0. (LINT-32)
   Pin 'read_offset[7]' is connected to logic 0. 
Warning: In design 'resi_block', a pin on submodule 'gen_ring_banks[2].ring_bank1' is connected to logic 1 or logic 0. (LINT-32)
   Pin 'read_offset[6]' is connected to logic 0. 
Warning: In design 'resi_block', a pin on submodule 'gen_ring_banks[2].ring_bank1' is connected to logic 1 or logic 0. (LINT-32)
   Pin 'read_offset[5]' is connected to logic 0. 
Warning: In design 'resi_block', a pin on submodule 'gen_ring_banks[2].ring_bank1' is connected to logic 1 or logic 0. (LINT-32)
   Pin 'read_offset[4]' is connected to logic 0. 
Warning: In design 'resi_block', a pin on submodule 'gen_ring_banks[2].ring_bank1' is connected to logic 1 or logic 0. (LINT-32)
   Pin 'read_offset[3]' is connected to logic 0. 
Warning: In design 'resi_block', a pin on submodule 'gen_ring_banks[2].ring_bank1' is connected to logic 1 or logic 0. (LINT-32)
   Pin 'read_offset[2]' is connected to logic 0. 
Warning: In design 'resi_block', a pin on submodule 'gen_ring_banks[2].ring_bank1' is connected to logic 1 or logic 0. (LINT-32)
   Pin 'read_offset[0]' is connected to logic 0. 
Warning: In design 'resi_block', a pin on submodule 'gen_ring_banks[2].ring_bank2' is connected to logic 1 or logic 0. (LINT-32)
   Pin 'read_offset[8]' is connected to logic 0. 
Warning: In design 'resi_block', a pin on submodule 'gen_ring_banks[2].ring_bank2' is connected to logic 1 or logic 0. (LINT-32)
   Pin 'read_offset[7]' is connected to logic 0. 
Warning: In design 'resi_block', a pin on submodule 'gen_ring_banks[2].ring_bank2' is connected to logic 1 or logic 0. (LINT-32)
   Pin 'read_offset[6]' is connected to logic 0. 
Warning: In design 'resi_block', a pin on submodule 'gen_ring_banks[2].ring_bank2' is connected to logic 1 or logic 0. (LINT-32)
   Pin 'read_offset[5]' is connected to logic 0. 
Warning: In design 'resi_block', a pin on submodule 'gen_ring_banks[2].ring_bank2' is connected to logic 1 or logic 0. (LINT-32)
   Pin 'read_offset[4]' is connected to logic 0. 
Warning: In design 'resi_block', a pin on submodule 'gen_ring_banks[2].ring_bank2' is connected to logic 1 or logic 0. (LINT-32)
   Pin 'read_offset[3]' is connected to logic 0. 
Warning: In design 'resi_block', a pin on submodule 'gen_ring_banks[2].ring_bank2' is connected to logic 1 or logic 0. (LINT-32)
   Pin 'read_offset[2]' is connected to logic 0. 
Warning: In design 'resi_block', a pin on submodule 'gen_ring_banks[2].ring_bank2' is connected to logic 1 or logic 0. (LINT-32)
   Pin 'read_offset[0]' is connected to logic 0. 
Warning: In design 'resi_block', a pin on submodule 'gen_ring_banks[3].ring_bank1' is connected to logic 1 or logic 0. (LINT-32)
   Pin 'read_offset[8]' is connected to logic 0. 
Warning: In design 'resi_block', a pin on submodule 'gen_ring_banks[3].ring_bank1' is connected to logic 1 or logic 0. (LINT-32)
   Pin 'read_offset[7]' is connected to logic 0. 
Warning: In design 'resi_block', a pin on submodule 'gen_ring_banks[3].ring_bank1' is connected to logic 1 or logic 0. (LINT-32)
   Pin 'read_offset[6]' is connected to logic 0. 
Warning: In design 'resi_block', a pin on submodule 'gen_ring_banks[3].ring_bank1' is connected to logic 1 or logic 0. (LINT-32)
   Pin 'read_offset[5]' is connected to logic 0. 
Warning: In design 'resi_block', a pin on submodule 'gen_ring_banks[3].ring_bank1' is connected to logic 1 or logic 0. (LINT-32)
   Pin 'read_offset[4]' is connected to logic 0. 
Warning: In design 'resi_block', a pin on submodule 'gen_ring_banks[3].ring_bank1' is connected to logic 1 or logic 0. (LINT-32)
   Pin 'read_offset[3]' is connected to logic 0. 
Warning: In design 'resi_block', a pin on submodule 'gen_ring_banks[3].ring_bank1' is connected to logic 1 or logic 0. (LINT-32)
   Pin 'read_offset[2]' is connected to logic 0. 
Warning: In design 'resi_block', a pin on submodule 'gen_ring_banks[3].ring_bank1' is connected to logic 1 or logic 0. (LINT-32)
   Pin 'read_offset[0]' is connected to logic 0. 
Warning: In design 'resi_block', a pin on submodule 'gen_ring_banks[3].ring_bank2' is connected to logic 1 or logic 0. (LINT-32)
   Pin 'read_offset[8]' is connected to logic 0. 
Warning: In design 'resi_block', a pin on submodule 'gen_ring_banks[3].ring_bank2' is connected to logic 1 or logic 0. (LINT-32)
   Pin 'read_offset[7]' is connected to logic 0. 
Warning: In design 'resi_block', a pin on submodule 'gen_ring_banks[3].ring_bank2' is connected to logic 1 or logic 0. (LINT-32)
   Pin 'read_offset[6]' is connected to logic 0. 
Warning: In design 'resi_block', a pin on submodule 'gen_ring_banks[3].ring_bank2' is connected to logic 1 or logic 0. (LINT-32)
   Pin 'read_offset[5]' is connected to logic 0. 
Warning: In design 'resi_block', a pin on submodule 'gen_ring_banks[3].ring_bank2' is connected to logic 1 or logic 0. (LINT-32)
   Pin 'read_offset[4]' is connected to logic 0. 
Warning: In design 'resi_block', a pin on submodule 'gen_ring_banks[3].ring_bank2' is connected to logic 1 or logic 0. (LINT-32)
   Pin 'read_offset[3]' is connected to logic 0. 
Warning: In design 'resi_block', a pin on submodule 'gen_ring_banks[3].ring_bank2' is connected to logic 1 or logic 0. (LINT-32)
   Pin 'read_offset[2]' is connected to logic 0. 
Warning: In design 'resi_block', a pin on submodule 'gen_ring_banks[3].ring_bank2' is connected to logic 1 or logic 0. (LINT-32)
   Pin 'read_offset[0]' is connected to logic 0. 
Warning: In design 'resi_block', the same net is connected to more than one pin on submodule 'gen_ring_banks[0].ring_bank1'. (LINT-33)
   Net '*Logic0*' is connected to pins 'read_offset[8]', 'read_offset[7]'', 'read_offset[6]', 'read_offset[5]', 'read_offset[4]', 'read_offset[3]', 'read_offset[2]', 'read_offset[0]'.
Warning: In design 'resi_block', the same net is connected to more than one pin on submodule 'gen_ring_banks[0].ring_bank2'. (LINT-33)
   Net '*Logic0*' is connected to pins 'read_offset[8]', 'read_offset[7]'', 'read_offset[6]', 'read_offset[5]', 'read_offset[4]', 'read_offset[3]', 'read_offset[2]', 'read_offset[0]'.
Warning: In design 'resi_block', the same net is connected to more than one pin on submodule 'gen_ring_banks[1].ring_bank1'. (LINT-33)
   Net '*Logic0*' is connected to pins 'read_offset[8]', 'read_offset[7]'', 'read_offset[6]', 'read_offset[5]', 'read_offset[4]', 'read_offset[3]', 'read_offset[2]', 'read_offset[0]'.
Warning: In design 'resi_block', the same net is connected to more than one pin on submodule 'gen_ring_banks[1].ring_bank2'. (LINT-33)
   Net '*Logic0*' is connected to pins 'read_offset[8]', 'read_offset[7]'', 'read_offset[6]', 'read_offset[5]', 'read_offset[4]', 'read_offset[3]', 'read_offset[2]', 'read_offset[0]'.
Warning: In design 'resi_block', the same net is connected to more than one pin on submodule 'gen_ring_banks[2].ring_bank1'. (LINT-33)
   Net '*Logic0*' is connected to pins 'read_offset[8]', 'read_offset[7]'', 'read_offset[6]', 'read_offset[5]', 'read_offset[4]', 'read_offset[3]', 'read_offset[2]', 'read_offset[0]'.
Warning: In design 'resi_block', the same net is connected to more than one pin on submodule 'gen_ring_banks[2].ring_bank2'. (LINT-33)
   Net '*Logic0*' is connected to pins 'read_offset[8]', 'read_offset[7]'', 'read_offset[6]', 'read_offset[5]', 'read_offset[4]', 'read_offset[3]', 'read_offset[2]', 'read_offset[0]'.
Warning: In design 'resi_block', the same net is connected to more than one pin on submodule 'gen_ring_banks[3].ring_bank1'. (LINT-33)
   Net '*Logic0*' is connected to pins 'read_offset[8]', 'read_offset[7]'', 'read_offset[6]', 'read_offset[5]', 'read_offset[4]', 'read_offset[3]', 'read_offset[2]', 'read_offset[0]'.
Warning: In design 'resi_block', the same net is connected to more than one pin on submodule 'gen_ring_banks[3].ring_bank2'. (LINT-33)
   Net '*Logic0*' is connected to pins 'read_offset[8]', 'read_offset[7]'', 'read_offset[6]', 'read_offset[5]', 'read_offset[4]', 'read_offset[3]', 'read_offset[2]', 'read_offset[0]'.
1
