
################################################################################
#
# This file has been generated by SpyGlass:
#     Report Name      : moresimple
#     Report Created by: rgaffere
#     Report Created on:  Wed Jul  1 02:51:06 2026
#     Working Directory: /afs/glue.umd.edu/home/glue/r/g/rgaffere/home/TCN/spyglass
#     SpyGlass Version : SpyGlass_vR-2020.12-SP1-1
#     Policy Name      : SpyGlass(SpyGlass_vR-2020.12-SP1-01)
#                        clock-reset(SpyGlass_vR-2020.12-SP1-01)
#                        erc(SpyGlass_vR-2020.12-SP1-01)
#                        latch(SpyGlass_vR-2020.12-SP1-01)
#                        lint(SpyGlass_vR-2020.12-SP1-01)
#                        morelint(SpyGlass_vR-2020.12-SP1-01)
#                        openmore(SpyGlass_vR-2020.12-SP1-01)
#                        power_est(SpyGlass_vR-2020.12)
#                        simulation(SpyGlass_vR-2020.12-SP1-01)
#                        starc(SpyGlass_vR-2020.12-SP1-01)
#                        starc2005(SpyGlass_vR-2020.12-SP1-01)
#                        txv(SpyGlass_vR-2020.12-SP1-01)
#
#     Total Number of Generated Messages :         17
#     Number of Waived Messages          :          0
#     Number of Reported Messages        :         17
#     Number of Overlimit Messages       :          0
#
#
################################################################################

+++++++++++++++++++++++++++++++++++++++++++++++++++++++++++++++++++++++
MORESIMPLE REPORT:


############### BuiltIn -> RuleGroup=Blackbox Resolution ###############
+++++++++++++++++++++++++++++++++++++++++++++++++++++++++++++++++++++++++++++++++++++++
ID       Rule               Alias              Severity    File                  Line    Wt    Message
======================================================================================
[A2]     WarnAnalyzeBBox    WarnAnalyzeBBox    Warning     ./sram_blackbox.sv    1       10    Design Unit 'sky130_sram_2kbyte_1rw1r_32x512_8' has empty definition
+++++++++++++++++++++++++++++++++++++++++++++++++++++++++++++++++++++++++++++++++++++++


############### BuiltIn -> RuleGroup=Command-line read ###############
+++++++++++++++++++++++++++++++++++++++++++++++++++++++++++++++++++++++++++++++++++++++
ID       Rule                 Alias              Severity    File    Line    Wt    Message
======================================================================================
[0]      checkCMD_ignore01    OptionWOCmdOnly    Info        N.A.    0       10    Option 'enableSV' ignored as another option(s) 'enableSV09' have been specified
+++++++++++++++++++++++++++++++++++++++++++++++++++++++++++++++++++++++++++++++++++++++


############### BuiltIn -> RuleGroup=Design Read ###############
+++++++++++++++++++++++++++++++++++++++++++++++++++++++++++++++++++++++++++++++++++++++
ID       Rule                    Alias                   Severity    File                                                                                     Line    Wt    Message
======================================================================================
[2]      DetectTopDesignUnits    DetectTopDesignUnits    Info        ../rtl/common/resi_block.sv                                                              1       2     Module resi_block is a top level design unit
[1]      ElabSummary             ElabSummary             Info        ./work/resi_block/resi_block/lint/lint_rtl/spyglass_reports/SpyGlass/elab_summary.rpt    0       2     Please refer file './work/resi_block/resi_block/lint/lint_rtl/spyglass_reports/SpyGlass/elab_summary.rpt' for elab summary report
+++++++++++++++++++++++++++++++++++++++++++++++++++++++++++++++++++++++++++++++++++++++


############### Non-BuiltIn -> Goal=lint/lint_rtl ###############
+++++++++++++++++++++++++++++++++++++++++++++++++++++++++++++++++++++++++++++++++++++++
ID       Rule     Alias    Severity    File                                                                                      Line    Wt    Message
======================================================================================
[8]      W240              Warning     ./sram_blackbox.sv                                                                        7       10    Input 'clk0' declared but not read.[Hierarchy: ':resi_block:\gen_ring_banks[0].ring_bank1 @ring:u_ring_sram@sky130_sram_2kbyte_1rw1r_32x512_8']
[A]      W240              Warning     ./sram_blackbox.sv                                                                        8       10    Input 'csb0' declared but not read.[Hierarchy: ':resi_block:\gen_ring_banks[0].ring_bank1 @ring:u_ring_sram@sky130_sram_2kbyte_1rw1r_32x512_8']
[C]      W240              Warning     ./sram_blackbox.sv                                                                        9       10    Input 'web0' declared but not read.[Hierarchy: ':resi_block:\gen_ring_banks[0].ring_bank1 @ring:u_ring_sram@sky130_sram_2kbyte_1rw1r_32x512_8']
[D]      W240              Warning     ./sram_blackbox.sv                                                                        10      10    Input 'wmask0[3:0]' declared but not read.[Hierarchy: ':resi_block:\gen_ring_banks[0].ring_bank1 @ring:u_ring_sram@sky130_sram_2kbyte_1rw1r_32x512_8']
[10]     W240              Warning     ./sram_blackbox.sv                                                                        11      10    Input 'addr0[8:0]' declared but not read.[Hierarchy: ':resi_block:\gen_ring_banks[0].ring_bank1 @ring:u_ring_sram@sky130_sram_2kbyte_1rw1r_32x512_8']
[E]      W240              Warning     ./sram_blackbox.sv                                                                        12      10    Input 'din0[31:0]' declared but not read.[Hierarchy: ':resi_block:\gen_ring_banks[0].ring_bank1 @ring:u_ring_sram@sky130_sram_2kbyte_1rw1r_32x512_8']
[9]      W240              Warning     ./sram_blackbox.sv                                                                        15      10    Input 'clk1' declared but not read.[Hierarchy: ':resi_block:\gen_ring_banks[0].ring_bank1 @ring:u_ring_sram@sky130_sram_2kbyte_1rw1r_32x512_8']
[B]      W240              Warning     ./sram_blackbox.sv                                                                        16      10    Input 'csb1' declared but not read.[Hierarchy: ':resi_block:\gen_ring_banks[0].ring_bank1 @ring:u_ring_sram@sky130_sram_2kbyte_1rw1r_32x512_8']
[F]      W240              Warning     ./sram_blackbox.sv                                                                        17      10    Input 'addr1[8:0]' declared but not read.[Hierarchy: ':resi_block:\gen_ring_banks[0].ring_bank1 @ring:u_ring_sram@sky130_sram_2kbyte_1rw1r_32x512_8']
[3]      W415a             Warning     ../rtl/common/resi_block.sv                                                               230     5     Signal resi_reg[0][ch] is being assigned multiple times ( previous assignment at line 225 ) in same always block [Hierarchy: ':resi_block']
[6]      W528              Warning     ../rtl/common/ring.sv                                                                     80      10    Variable 'sram_dout0[31:0]' set but not read.[Hierarchy: ':resi_block:\gen_ring_banks[0].ring_bank1 @ring']
[7]      W240              Info        ./work/resi_block/resi_block/lint/lint_rtl/spyglass_reports/lint/SignalUsageReport.rpt    0       10    Please refer to 'SignalUsageReport.rpt' for details of violating bits
[5]      W528              Info        ./work/resi_block/resi_block/lint/lint_rtl/spyglass_reports/lint/SignalUsageReport.rpt    0       10    Please refer to 'SignalUsageReport.rpt' for details of violating bits
+++++++++++++++++++++++++++++++++++++++++++++++++++++++++++++++++++++++++++++++++++++++
