
                        SpyGlass Predictive Analyzer (R)
                              Synopsys TestMAX(TM)

              Version R-2020.12-SP1-1 for linux64 - Apr 21, 2021 

                    Copyright (c) 2001 - 2021 Synopsys, Inc.
   This software and the associated documentation are proprietary to Synopsys,
 Inc. This software may only be used in accordance with the terms and conditions
 of a written license agreement with Synopsys, Inc. All other use, reproduction,
            or distribution of this software is strictly prohibited.


INFO [SPG#1044]: Running in batch mode...
set_option incdir { ../rtl/common }
read_file -type hdl ../rtl/common/MAC_array.sv
read_file -type hdl ../rtl/common/ReLU_array.sv
read_file -type hdl ../rtl/common/quant_array.sv
read_file -type hdl ./sram_blackbox.sv
read_file -type hdl ../rtl/common/ring.sv
read_file -type hdl ../rtl/common/resi_block.sv
current_methodology: info: methodology is now `/tmp/rgaffere/spyglass/vc_static/R-2020.12-SP1-1/SG_COMPAT/SPYGLASS_HOME/GuideWare/2017.12/block/initial_rtl'
current_goal: info: removed current goals (sg_shell is now back to methodology scope)
                    (selected methodology is `/tmp/rgaffere/spyglass/vc_static/R-2020.12-SP1-1/SG_COMPAT/SPYGLASS_HOME/GuideWare/2017.12/block/initial_rtl')
current_goal: info: loading goal `lint/lint_rtl' with top `resi_block' (in progress)
current_goal: info: finished loading goal `lint/lint_rtl' (ok)

INFO:    SpyGlass will run goal(s) 'lint/lint_rtl'.


RULE-CHECKING IN MIXED MODE
Loading spyglass (SpyGlass_vR-2020.12-SP1-01) ... (picked from /tmp/rgaffere/spyglass/vc_static/R-2020.12-SP1-1/SG_COMPAT/SPYGLASS_HOME/policies/spyglass)
Loading openmore (SpyGlass_vR-2020.12-SP1-01) ... (picked from /tmp/rgaffere/spyglass/vc_static/R-2020.12-SP1-1/SG_COMPAT/SPYGLASS_HOME/policies/openmore)
Loading starc (SpyGlass_vR-2020.12-SP1-01) ... (picked from /tmp/rgaffere/spyglass/vc_static/R-2020.12-SP1-1/SG_COMPAT/SPYGLASS_HOME/policies/starc)
Loading starc2005 (SpyGlass_vR-2020.12-SP1-01) ... (picked from /tmp/rgaffere/spyglass/vc_static/R-2020.12-SP1-1/SG_COMPAT/SPYGLASS_HOME/policies/starc2005)
Loading erc (SpyGlass_vR-2020.12-SP1-01) ... (picked from /tmp/rgaffere/spyglass/vc_static/R-2020.12-SP1-1/SG_COMPAT/SPYGLASS_HOME/policies/erc)
Loading simulation (SpyGlass_vR-2020.12-SP1-01) ... (picked from /tmp/rgaffere/spyglass/vc_static/R-2020.12-SP1-1/SG_COMPAT/SPYGLASS_HOME/policies/simulation)
Loading lint (SpyGlass_vR-2020.12-SP1-01) ... (picked from /tmp/rgaffere/spyglass/vc_static/R-2020.12-SP1-1/SG_COMPAT/SPYGLASS_HOME/policies/lint)
Loading latch (SpyGlass_vR-2020.12-SP1-01) ... (picked from /tmp/rgaffere/spyglass/vc_static/R-2020.12-SP1-1/SG_COMPAT/SPYGLASS_HOME/policies/latch)
Loading morelint (SpyGlass_vR-2020.12-SP1-01) ... (picked from /tmp/rgaffere/spyglass/vc_static/R-2020.12-SP1-1/SG_COMPAT/SPYGLASS_HOME/policies/morelint)
Loading timing (SpyGlass_vR-2020.12-SP1-01) ... (picked from /tmp/rgaffere/spyglass/vc_static/R-2020.12-SP1-1/SG_COMPAT/SPYGLASS_HOME/policies/timing)
Loading starc2002 (SpyGlass_vR-2020.12-SP1-01) ... (picked from /tmp/rgaffere/spyglass/vc_static/R-2020.12-SP1-1/SG_COMPAT/SPYGLASS_HOME/policies/starc2002)
Loading Audits (SpyGlass_vR-2020.12-SP1-01) ... (picked from /tmp/rgaffere/spyglass/vc_static/R-2020.12-SP1-1/SG_COMPAT/SPYGLASS_HOME/policies/Audits)
Loading area (SpyGlass_vR-2020.12-SP1-01) ... (picked from /tmp/rgaffere/spyglass/vc_static/R-2020.12-SP1-1/SG_COMPAT/SPYGLASS_HOME/policies/area)
Loading miscellaneous (SpyGlass_vR-2020.12-SP1-01) ... (picked from /tmp/rgaffere/spyglass/vc_static/R-2020.12-SP1-1/SG_COMPAT/SPYGLASS_HOME/policies/miscellaneous)
Loading starcad-21 (SpyGlass_vR-2020.12-SP1-01) ... (picked from /tmp/rgaffere/spyglass/vc_static/R-2020.12-SP1-1/SG_COMPAT/SPYGLASS_HOME/policies/starcad-21)
Loading txv (SpyGlass_vR-2020.12-SP1-01) ... (picked from /tmp/rgaffere/spyglass/vc_static/R-2020.12-SP1-1/SG_COMPAT/SPYGLASS_HOME/policies/txv)

TXV_INFO Parameter txv_extract_domain will be renamed to txv_domain_mode in future!

Loading power_est (SpyGlass_vR-2020.12) ... (picked from /tmp/rgaffere/spyglass/vc_static/R-2020.12-SP1-1/SG_COMPAT/SPYGLASS_HOME/policies/power_est)
Loading lowpower (5.6.1) ... (picked from /tmp/rgaffere/spyglass/vc_static/R-2020.12-SP1-1/SG_COMPAT/SPYGLASS_HOME/policies/lowpower)
Loading dft_dsm (SpyGlass_vR-2020.12-SP1-01) ... (picked from /tmp/rgaffere/spyglass/vc_static/R-2020.12-SP1-1/SG_COMPAT/SPYGLASS_HOME/policies/dft_dsm)
Loading dft (SpyGlass_vR-2020.12-SP1-01) ... (picked from /tmp/rgaffere/spyglass/vc_static/R-2020.12-SP1-1/SG_COMPAT/SPYGLASS_HOME/policies/dft)
Loading constraints (SpyGlass_vR-2020.12-SP1-01) ... (picked from /tmp/rgaffere/spyglass/vc_static/R-2020.12-SP1-1/SG_COMPAT/SPYGLASS_HOME/policies/constraints)
Loading const_intern1 (SpyGlass_vR-2020.12-SP1-01) ... (picked from /tmp/rgaffere/spyglass/vc_static/R-2020.12-SP1-1/SG_COMPAT/SPYGLASS_HOME/policies/constraints)
Loading clock-reset (SpyGlass_vR-2020.12-SP1-01) ... (picked from /tmp/rgaffere/spyglass/vc_static/R-2020.12-SP1-1/SG_COMPAT/SPYGLASS_HOME/policies/clock)

INFO [6]    Work Directory './work/resi_block/resi_block/WORK' does not exist.

INFO [75]    Creating the Work Directory './work/resi_block/resi_block/WORK/64' for 64bit  precompiled dump.
Checking Rule SGDC_power_est29 (Rule 1 of total 287) .... done (Time = 0.00s, Memory = 0.0K)
Checking Rule PECHECK04 (Rule 2 of total 287) .... done (Time = 0.00s, Memory = 8.0K)
Checking Rule PECHECK18 (Rule 3 of total 287) .... done (Time = 0.00s, Memory = 0.0K)
Checking Rule PEMVDD01 (Rule 4 of total 287) .... done (Time = 0.00s, Memory = 0.0K)
Checking Rule PrecompileLibCheck01 (Rule 5 of total 287) .... done (Time = 0.00s, Memory = 0.0K)
Checking Rule PrecompileLibCheck02 (Rule 6 of total 287) .... done (Time = 0.00s, Memory = 0.0K)
Checking Rule PrecompileLibCheck03 (Rule 7 of total 287) .... done (Time = 0.00s, Memory = 0.0K)
Checking Rule PrecompileLibCheck04 (Rule 8 of total 287) .... done (Time = 0.00s, Memory = 0.0K)
Checking Rule AbstractInterface (Rule 9 of total 287) .... done (Time = 0.00s, Memory = 0.0K)
Checking Rule SGDC_assume_path01 (Rule 10 of total 287) .... done (Time = 0.00s, Memory = 0.0K)
Checking Rule SGDC_sdcschema02 (Rule 11 of total 287) .... done (Time = 0.00s, Memory = 32.0K)
Checking Rule SGDC_clock05 (Rule 12 of total 287) .... done (Time = 0.00s, Memory = 0.0K)
Checking Rule SGDC_clock09 (Rule 13 of total 287) .... done (Time = 0.00s, Memory = 0.0K)
Checking Rule SGDC_force_ta05 (Rule 14 of total 287) .... done (Time = 0.00s, Memory = 0.0K)
Checking Rule SGDC_require_path03 (Rule 15 of total 287) .... done (Time = 0.00s, Memory = 32.0K)
Checking Rule SGDC_require_value03 (Rule 16 of total 287) .... done (Time = 0.00s, Memory = 0.0K)
Checking Rule SGDC_voltagedomain05 (Rule 17 of total 287) .... done (Time = 0.00s, Memory = -24.0K)
Checking Rule SGDC_voltagedomain06 (Rule 18 of total 287) .... done (Time = 0.00s, Memory = 0.0K)
Checking Rule SGDC_voltagedomain07 (Rule 19 of total 287) .... done (Time = 0.00s, Memory = 8.0K)
Checking Rule SGDC_powerdomainoutputs02 (Rule 20 of total 287) .... done (Time = 0.00s, Memory = 8.0K)
Checking Rule SGDC_supply01 (Rule 21 of total 287) .... done (Time = 0.00s, Memory = 8.0K)
Checking Rule SGDC_waive01 (Rule 22 of total 287) .... done (Time = 0.00s, Memory = 0.0K)
Checking Rule SGDC_waive02 (Rule 23 of total 287) .... done (Time = 0.00s, Memory = 0.0K)
Checking Rule SGDC_waive03 (Rule 24 of total 287) .... done (Time = 0.00s, Memory = 0.0K)
Checking Rule SGDC_waive04 (Rule 25 of total 287) .... done (Time = 0.00s, Memory = 0.0K)
Checking Rule SGDC_waive05 (Rule 26 of total 287) .... done (Time = 0.00s, Memory = 0.0K)
Checking Rule SGDC_waive06 (Rule 27 of total 287) .... done (Time = 0.00s, Memory = 0.0K)
Checking Rule SGDC_waive07 (Rule 28 of total 287) .... done (Time = 0.00s, Memory = 0.0K)
Checking Rule SGDC_waive08 (Rule 29 of total 287) .... done (Time = 0.00s, Memory = 0.0K)
Checking Rule SGDC_waive09 (Rule 30 of total 287) .... done (Time = 0.00s, Memory = 0.0K)
Checking Rule SGDC_waive10 (Rule 31 of total 287) .... done (Time = 0.00s, Memory = 0.0K)
Checking Rule SGDC_waive11 (Rule 32 of total 287) .... done (Time = 0.00s, Memory = 0.0K)
Checking Rule SGDC_waive12 (Rule 33 of total 287) .... done (Time = 0.00s, Memory = 0.0K)
Checking Rule SGDC_waive13 (Rule 34 of total 287) .... done (Time = 0.00s, Memory = 0.0K)
Checking Rule SGDC_waive21 (Rule 35 of total 287) .... done (Time = 0.00s, Memory = 0.0K)
Checking Rule SGDC_waive22 (Rule 36 of total 287) .... done (Time = 0.00s, Memory = 0.0K)
Checking Rule SGDC_waive30 (Rule 37 of total 287) .... done (Time = 0.00s, Memory = 0.0K)
Checking Rule SGDC_waive32 (Rule 38 of total 287) .... done (Time = 0.00s, Memory = 0.0K)
Checking Rule SGDC_waive33 (Rule 39 of total 287) .... done (Time = 0.00s, Memory = 0.0K)
Checking Rule SGDC_waive36 (Rule 40 of total 287) .... done (Time = 0.00s, Memory = 0.0K)
Checking Rule SGDC_waive38 (Rule 41 of total 287) .... done (Time = 0.00s, Memory = 0.0K)
Checking Rule SGDC_fifo01 (Rule 42 of total 287) .... done (Time = 0.00s, Memory = 0.0K)
Checking Rule SGDC_libgroup01 (Rule 43 of total 287) .... done (Time = 0.00s, Memory = 0.0K)
Checking Rule SGDC_libgroup02 (Rule 44 of total 287) .... done (Time = 0.00s, Memory = 0.0K)
Checking Rule SGDC_libgroup04 (Rule 45 of total 287) .... done (Time = 0.00s, Memory = 0.0K)
Checking Rule SGDC_power_data01 (Rule 46 of total 287) .... done (Time = 0.00s, Memory = -24.0K)
Checking Rule SGDC_ungroup01 (Rule 47 of total 287) .... done (Time = 0.00s, Memory = 0.0K)
Checking Rule SGDC_abstract_port06 (Rule 48 of total 287) .... done (Time = 0.00s, Memory = 8.0K)
Checking Rule SGDC_abstract_port14 (Rule 49 of total 287) .... done (Time = 0.00s, Memory = 0.0K)
Checking Rule SGDC_abstract_port15 (Rule 50 of total 287) .... done (Time = 0.00s, Memory = 8.0K)
Checking Rule SGDC_abstract_port18 (Rule 51 of total 287) .... done (Time = 0.00s, Memory = 0.0K)
Checking Rule sdc_init_rule (Rule 52 of total 287) .... done (Time = 0.00s, Memory = 48.0K)
Checking Rule CMD_ignorelibs01 (Rule 53 of total 287) .... done (Time = 0.00s, Memory = 0.0K)
Checking Rule ReportRuleNotRun (Rule 54 of total 287) .... done (Time = 0.01s, Memory = 0.0K)
Checking Rule STARC05-2.3.1.2c (Rule 55 of total 287) .... done (Time = 0.00s, Memory = 0.0K)
Checking Rule W442a (Rule 56 of total 287) .... done (Time = 0.00s, Memory = 0.0K)
Checking Rule W442b (Rule 57 of total 287) .... done (Time = 0.00s, Memory = 0.0K)
Checking Rule W442c (Rule 58 of total 287) .... done (Time = 0.00s, Memory = 0.0K)
Checking Rule W442f (Rule 59 of total 287) .... done (Time = 0.00s, Memory = 0.0K)
Checking Rule mixedsenselist (Rule 60 of total 287) .... done (Time = 0.00s, Memory = 0.0K)
Checking Rule badimplicitSM1 (Rule 61 of total 287) .... done (Time = 0.00s, Memory = 0.0K)
Checking Rule badimplicitSM2 (Rule 62 of total 287) .... done (Time = 0.00s, Memory = 0.0K)
Checking Rule badimplicitSM4 (Rule 63 of total 287) .... done (Time = 0.00s, Memory = 0.0K)
Checking Rule bothedges (Rule 64 of total 287) .... done (Time = 0.00s, Memory = 0.0K)
Checking Rule BlockHeader (Rule 65 of total 287) .... done (Time = 0.00s, Memory = 0.0K)
Checking Rule W421 (Rule 66 of total 287) .... done (Time = 0.00s, Memory = 0.0K)
Checking Rule STARC05-2.1.6.5 (Rule 67 of total 287) .... done (Time = 0.00s, Memory = 0.0K)
Checking Rule ReportStopSummary (Rule 68 of total 287) .... done (Time = 0.00s, Memory = 0.0K)
Checking Rule ReportIgnoreSummary (Rule 69 of total 287) .... done (Time = 0.00s, Memory = 0.0K)
 Analyzing source file "../rtl/common/MAC_array.sv" ....
 Analyzing source file "../rtl/common/ReLU_array.sv" ....
 Analyzing source file "../rtl/common/quant_array.sv" ....
 Analyzing source file "./sram_blackbox.sv" ....
 Analyzing source file "../rtl/common/ring.sv" ....
 Analyzing source file "../rtl/common/resi_block.sv" ....
 Elaborating Top Verilog Design Unit 'resi_block' ..... done
Checking Rule ElabSummary (Rule 70 of total 287) .... done (Time = 0.00s, Memory = 0.0K)
Checking Rule ReportCheckDataSummary (Rule 71 of total 287) .... done (Time = 0.00s, Memory = 0.0K)
 Reading waiver file "./work/resi_block/resi_block/lint/lint_rtl/spyglass_spysch/constraint/spg_autogenerated_waivers.sgdc" ...
 Generating SGDC file "./work/resi_block/resi_block/lint/lint_rtl/spyglass_spysch/constraint/pragma2Constraint.sgdc" from pragmas in HDL source files ....
 Generating WAIVER file "./work/resi_block/resi_block/lint/lint_rtl/spyglass_spysch/waiver/pragma2Waiver.swl" from pragmas in HDL source files ....
Checking Rule DetectTopDesignUnits (Rule 72 of total 287)
 Detected 1 top level design units:
     resi_block
 .... done (Time = 0.00s, Memory = 0.0K)
Performing semantic checks on SGDC contents
Checking Rule SGDC_testmode03 (Rule 73 of total 287) .... done (Time = 0.00s, Memory = 0.0K)
Checking Rule PECHECK09 (Rule 74 of total 287) .... done (Time = 0.00s, Memory = 0.0K)
Checking Rule Ac_multitop01 (Rule 75 of total 287) .... done (Time = 0.00s, Memory = 0.0K)
Checking Rule ReportObsoletePragmas (Rule 76 of total 287) .... done (Time = 0.00s, Memory = 0.0K)
Checking Rule ReportCksum (Rule 77 of total 287) .... done (Time = 0.00s, Memory = 0.0K)
Checking Rule GenerateConfMap (Rule 78 of total 287) .... done (Time = 0.00s, Memory = -32.0K)
Checking Rule HdlLibDuCheck (Rule 79 of total 287) .... done (Time = 0.00s, Memory = 0.0K)
Checking Rule RtlDesignInfo (Rule 80 of total 287) .... done (Time = 0.00s, Memory = 0.0K)
Checking Rule W339a (Rule 81 of total 287) .... done (Time = 0.00s, Memory = 0.0K)
Checking Rule W416 (Rule 82 of total 287) .... done (Time = 0.00s, Memory = 0.0K)
Checking Rule mixedsenselist (Rule 83 of total 287) .... done (Time = 0.00s, Memory = 0.0K)
Checking Rule W110a (Rule 84 of total 287) .... done (Time = 0.00s, Memory = 0.0K)
Checking Rule Pragma_setupa (Rule 85 of total 287) .... done (Time = 0.00s, Memory = 0.0K)
Checking Rule _deltaDelay (Rule 86 of total 287) .... done (Time = 0.00s, Memory = 0.0K)
Checking Rule _deltaDelay (Rule 87 of total 287) .... done (Time = 0.00s, Memory = 0.0K)
Checking Rule preReq_ConsCase (Rule 88 of total 287) .... done (Time = 0.00s, Memory = 0.0K)
Checking Rule CheckCelldefine (Rule 89 of total 287) .... done (Time = 0.00s, Memory = 0.0K)
Checking Rule SGDC_waive23 (Rule 90 of total 287) .... done (Time = 0.00s, Memory = 0.0K)
Checking Rule SGDC_waive26 (Rule 91 of total 287) .... done (Time = 0.00s, Memory = 0.0K)
Checking Rule SGDC_waive27 (Rule 92 of total 287) .... done (Time = 0.00s, Memory = 0.0K)
Checking Rule SGDC_waive29 (Rule 93 of total 287) .... done (Time = 0.00s, Memory = 0.0K)
Checking Rule STARC05-2.1.4.5 (Rule 94 of total 287) .... done (Time = 0.00s, Memory = 0.0K)
Checking Rule STARC05-2.3.1.5b (Rule 95 of total 287) .... done (Time = 0.00s, Memory = 0.0K)
Checking Rule STARC05-2.3.3.1 (Rule 96 of total 287) .... done (Time = 0.00s, Memory = 0.0K)
Checking Rule STARC05-2.3.3.1 (Rule 97 of total 287) .... done (Time = 0.00s, Memory = 0.0K)
Checking Rule STARC05-2.11.3.1 (Rule 98 of total 287) .... done (Time = 0.00s, Memory = 0.0K)
Checking Rule Prereqs_STARC05-1.6.2.1 (Rule 99 of total 287) .... done (Time = 0.00s, Memory = 0.0K)
Checking Rule Prereqs_STARC-1.6.2.1 (Rule 100 of total 287) .... done (Time = 0.00s, Memory = 0.0K)
Checking Rule W317 (Rule 101 of total 287) .... done (Time = 0.00s, Memory = 0.0K)
Checking Rule W422 (Rule 102 of total 287) .... done (Time = 0.00s, Memory = 0.0K)
Checking Rule W426 (Rule 103 of total 287) .... done (Time = 0.00s, Memory = 0.0K)
Checking Rule W480 (Rule 104 of total 287) .... done (Time = 0.00s, Memory = 0.0K)
Checking Rule W481a (Rule 105 of total 287) .... done (Time = 0.00s, Memory = 0.0K)
Checking Rule W481b (Rule 106 of total 287) .... done (Time = 0.00s, Memory = 0.0K)
Checking Rule W422 (Rule 107 of total 287) .... done (Time = 0.00s, Memory = 0.0K)
Checking Rule W292 (Rule 108 of total 287) .... done (Time = 0.00s, Memory = 0.0K)
Checking Rule W71 (Rule 109 of total 287) .... done (Time = 0.00s, Memory = 0.0K)
Checking Rule W287b (Rule 110 of total 287) .... done (Time = 0.00s, Memory = 0.0K)
Checking Rule W293 (Rule 111 of total 287) .... done (Time = 0.00s, Memory = 0.0K)
Checking Rule W398 (Rule 112 of total 287) .... done (Time = 0.00s, Memory = 0.0K)
Checking Rule W421 (Rule 113 of total 287) .... done (Time = 0.00s, Memory = 0.0K)
Checking Rule W424 (Rule 114 of total 287) .... done (Time = 0.00s, Memory = 0.0K)
Checking Rule W467 (Rule 115 of total 287) .... done (Time = 0.00s, Memory = 0.0K)
Checking Rule Prereqs_RegInputOutputs (Rule 116 of total 287) .... done (Time = 0.00s, Memory = 0.0K)
Checking Rule PragmaComments-ML (Rule 117 of total 287) .... done (Time = 0.00s, Memory = 8.0K)
Checking Rule PragmaComments-ML (Rule 118 of total 287) .... done (Time = 0.01s, Memory = 0.0K)
Checking Rule CheckDelayTimescale-ML (Rule 119 of total 287) .... done (Time = 0.00s, Memory = 8.0K)
Checking Rule Prereqs_CheckTimeUnitandPrecision-ML (Rule 120 of total 287) .... done (Time = 0.00s, Memory = 0.0K)
Checking ELABDU Rules for designUnit resi_block
    Checking Rule Ac_classify_param01 (Rule 121 of total 287) .... done (Time = 0.00s, Memory = 0.0K)
    Checking Rule AcOvlRtl (Rule 122 of total 287) .... done (Time = 0.00s, Memory = 0.0K)
    Checking Rule AcOvlRtl (Rule 123 of total 287) .... done (Time = 0.00s, Memory = 32.0K)
    Checking Rule GenTopLevelBlocksForAutoSoc (Rule 124 of total 287) .... done (Time = 0.00s, Memory = 0.0K)
    Checking Rule Prereqs_InferLatch (Rule 125 of total 287) .... done (Time = 0.00s, Memory = 0.0K)
    Checking Rule STARC05-2.1.5.3 (Rule 126 of total 287) .... done (Time = 0.01s, Memory = 0.0K)
    Checking Rule STARC05-2.2.3.3 (Rule 127 of total 287) .... done (Time = 0.00s, Memory = 0.0K)
    Checking Rule STARC05-2.3.1.6 (Rule 128 of total 287) .... done (Time = 0.00s, Memory = 0.0K)
    Checking Rule STARC05-2.10.2.3 (Rule 129 of total 287) .... done (Time = 0.00s, Memory = 0.0K)
    Checking Rule STARC05-2.10.3.2a (Rule 130 of total 287) .... done (Time = 0.00s, Memory = 0.0K)
    Checking Rule STARC05-2.11.3.1 (Rule 131 of total 287) .... done (Time = 0.00s, Memory = 0.0K)
    Checking Rule STARC05-2.1.3.1 (Rule 132 of total 287) .... done (Time = 0.00s, Memory = 0.0K)
    Checking Rule STARC05-2.10.1.4a (Rule 133 of total 287) .... done (Time = 0.00s, Memory = 0.0K)
    Checking Rule STARC05-2.10.1.4b (Rule 134 of total 287) .... done (Time = 0.00s, Memory = 0.0K)
    Checking Rule sim_race02 (Rule 135 of total 287) .... done (Time = 0.00s, Memory = 0.0K)
    Checking Rule W110 (Rule 136 of total 287) .... done (Time = 0.00s, Memory = 0.0K)
    Checking Rule W122 (Rule 137 of total 287) .... done (Time = 0.00s, Memory = 0.0K)
    Checking Rule W496a (Rule 138 of total 287) .... done (Time = 0.00s, Memory = 0.0K)
    Checking Rule W496b (Rule 139 of total 287) .... done (Time = 0.00s, Memory = 0.0K)
    Checking Rule W19 (Rule 140 of total 287) .... done (Time = 0.00s, Memory = 0.0K)
    Checking Rule W66 (Rule 141 of total 287) .... done (Time = 0.00s, Memory = 0.0K)
    Checking Rule W116 (Rule 142 of total 287) .... done (Time = 0.00s, Memory = 0.0K)
    Checking Rule W123 (Rule 143 of total 287) .... done (Time = 0.00s, Memory = 24.0K)
    Checking Rule W156 (Rule 144 of total 287) .... done (Time = 0.00s, Memory = 0.0K)
    Checking Rule W215 (Rule 145 of total 287) .... done (Time = 0.00s, Memory = 0.0K)
    Checking Rule W216 (Rule 146 of total 287) .... done (Time = 0.00s, Memory = 0.0K)
    Checking Rule W218 (Rule 147 of total 287) .... done (Time = 0.00s, Memory = 0.0K)
    Checking Rule W224 (Rule 148 of total 287) .... done (Time = 0.00s, Memory = 0.0K)
    Checking Rule W263 (Rule 149 of total 287) .... done (Time = 0.00s, Memory = 0.0K)
    Checking Rule W289 (Rule 150 of total 287) .... done (Time = 0.00s, Memory = 0.0K)
    Checking Rule W337 (Rule 151 of total 287) .... done (Time = 0.00s, Memory = 0.0K)
    Checking Rule W416 (Rule 152 of total 287) .... done (Time = 0.00s, Memory = 0.0K)
    Checking Rule W352 (Rule 153 of total 287) .... done (Time = 0.00s, Memory = 0.0K)
    Checking Rule W362 (Rule 154 of total 287) .... done (Time = 0.00s, Memory = 0.0K)
    Checking Rule W415a (Rule 155 of total 287) .... done (Time = 0.00s, Memory = 32.0K)
    Checking Rule W486 (Rule 156 of total 287) .... done (Time = 0.00s, Memory = 0.0K)
    Checking Rule W499 (Rule 157 of total 287) .... done (Time = 0.00s, Memory = 0.0K)
    Checking Rule W502 (Rule 158 of total 287) .... done (Time = 0.00s, Memory = 0.0K)
    Checking Rule W116 (Rule 159 of total 287) .... done (Time = 0.00s, Memory = 0.0K)
    Checking Rule W122 (Rule 160 of total 287) .... done (Time = 0.00s, Memory = 0.0K)
    Checking Rule W123 (Rule 161 of total 287) .... done (Time = 0.00s, Memory = 0.0K)
    Checking Rule W156 (Rule 162 of total 287) .... done (Time = 0.00s, Memory = 0.0K)
    Checking Rule W71 (Rule 163 of total 287) .... done (Time = 0.00s, Memory = 0.0K)
    Checking Rule W240 (Rule 164 of total 287) .... done (Time = 0.01s, Memory = 0.0K)
    Checking Rule W240 (Rule 165 of total 287) .... done (Time = 0.00s, Memory = 0.0K)
    Checking Rule W287a (Rule 166 of total 287) .... done (Time = 0.00s, Memory = 16.0K)
    Checking Rule W293 (Rule 167 of total 287) .... done (Time = 0.00s, Memory = 0.0K)
    Checking Rule W398 (Rule 168 of total 287) .... done (Time = 0.00s, Memory = 0.0K)
    Checking Rule W424 (Rule 169 of total 287) .... done (Time = 0.00s, Memory = 0.0K)
    Checking Rule W467 (Rule 170 of total 287) .... done (Time = 0.00s, Memory = 0.0K)
    Checking Rule W505 (Rule 171 of total 287) .... done (Time = 0.00s, Memory = 0.0K)
    Checking Rule W505 (Rule 172 of total 287) .... done (Time = 0.00s, Memory = 0.0K)
    Checking Rule W528 (Rule 173 of total 287) .... done (Time = 0.00s, Memory = 0.0K)
    Checking Rule W528 (Rule 174 of total 287) .... done (Time = 0.00s, Memory = 608.0K)
    Checking Rule Prereqs_Usage (Rule 175 of total 287) .... done (Time = 0.00s, Memory = -16.0K)
    Checking Rule Prereqs_ConstantInput-ML (Rule 176 of total 287) .... done (Time = 0.00s, Memory = 32.0K)
    Checking Rule ReportPortInfo-ML (Rule 177 of total 287) .... done (Time = 0.00s, Memory = 8.0K)
    Checking Rule Prereqs_ReportPortInfo-ML (Rule 178 of total 287) .... done (Time = 0.00s, Memory = 0.0K)
    Checking Rule Prereqs_ReportPortInfo-ML (Rule 179 of total 287) .... done (Time = 0.00s, Memory = 0.0K)
    Checking Rule NoAssignX-ML (Rule 180 of total 287) .... done (Time = 0.00s, Memory = 0.0K)
    Checking Rule ParamWidthMismatch-ML (Rule 181 of total 287) .... done (Time = 0.00s, Memory = 0.0K)
    Checking Rule Postreqs_Usage_ML (Rule 182 of total 287) .... done (Time = 0.00s, Memory = 0.0K)
    Checking Rule NoXInCase-ML (Rule 183 of total 287) .... done (Time = 0.00s, Memory = 0.0K)
Checking ELABDU Rules for designUnit MAC_array
    Checking Rule Ac_classify_param01 (Rule 121 of total 287) .... done (Time = 0.00s, Memory = 0.0K)
    Checking Rule AcOvlRtl (Rule 122 of total 287) .... done (Time = 0.00s, Memory = 0.0K)
    Checking Rule AcOvlRtl (Rule 123 of total 287) .... done (Time = 0.00s, Memory = 32.0K)
    Checking Rule GenTopLevelBlocksForAutoSoc (Rule 124 of total 287) .... done (Time = 0.00s, Memory = 0.0K)
    Checking Rule Prereqs_InferLatch (Rule 125 of total 287) .... done (Time = 0.00s, Memory = 0.0K)
    Checking Rule STARC05-2.1.5.3 (Rule 126 of total 287) .... done (Time = 0.00s, Memory = 0.0K)
    Checking Rule STARC05-2.2.3.3 (Rule 127 of total 287) .... done (Time = 0.00s, Memory = 0.0K)
    Checking Rule STARC05-2.3.1.6 (Rule 128 of total 287) .... done (Time = 0.00s, Memory = 0.0K)
    Checking Rule STARC05-2.10.2.3 (Rule 129 of total 287) .... done (Time = 0.00s, Memory = 0.0K)
    Checking Rule STARC05-2.10.3.2a (Rule 130 of total 287) .... done (Time = 0.00s, Memory = 0.0K)
    Checking Rule STARC05-2.11.3.1 (Rule 131 of total 287) .... done (Time = 0.00s, Memory = 0.0K)
    Checking Rule STARC05-2.1.3.1 (Rule 132 of total 287) .... done (Time = 0.00s, Memory = 0.0K)
    Checking Rule STARC05-2.10.1.4a (Rule 133 of total 287) .... done (Time = 0.00s, Memory = 0.0K)
    Checking Rule STARC05-2.10.1.4b (Rule 134 of total 287) .... done (Time = 0.00s, Memory = 0.0K)
    Checking Rule sim_race02 (Rule 135 of total 287) .... done (Time = 0.00s, Memory = 0.0K)
    Checking Rule W110 (Rule 136 of total 287) .... done (Time = 0.00s, Memory = 0.0K)
    Checking Rule W122 (Rule 137 of total 287) .... done (Time = 0.00s, Memory = 0.0K)
    Checking Rule W496a (Rule 138 of total 287) .... done (Time = 0.00s, Memory = 0.0K)
    Checking Rule W496b (Rule 139 of total 287) .... done (Time = 0.00s, Memory = 0.0K)
    Checking Rule W19 (Rule 140 of total 287) .... done (Time = 0.00s, Memory = 0.0K)
    Checking Rule W66 (Rule 141 of total 287) .... done (Time = 0.00s, Memory = 0.0K)
    Checking Rule W116 (Rule 142 of total 287) .... done (Time = 0.00s, Memory = 0.0K)
    Checking Rule W123 (Rule 143 of total 287) .... done (Time = 0.00s, Memory = 16.0K)
    Checking Rule W156 (Rule 144 of total 287) .... done (Time = 0.00s, Memory = 0.0K)
    Checking Rule W215 (Rule 145 of total 287) .... done (Time = 0.00s, Memory = 0.0K)
    Checking Rule W216 (Rule 146 of total 287) .... done (Time = 0.00s, Memory = 0.0K)
    Checking Rule W218 (Rule 147 of total 287) .... done (Time = 0.00s, Memory = 0.0K)
    Checking Rule W224 (Rule 148 of total 287) .... done (Time = 0.00s, Memory = 0.0K)
    Checking Rule W263 (Rule 149 of total 287) .... done (Time = 0.00s, Memory = 0.0K)
    Checking Rule W289 (Rule 150 of total 287) .... done (Time = 0.00s, Memory = 0.0K)
    Checking Rule W337 (Rule 151 of total 287) .... done (Time = 0.00s, Memory = 0.0K)
    Checking Rule W416 (Rule 152 of total 287) .... done (Time = 0.00s, Memory = 0.0K)
    Checking Rule W352 (Rule 153 of total 287) .... done (Time = 0.00s, Memory = 0.0K)
    Checking Rule W362 (Rule 154 of total 287) .... done (Time = 0.00s, Memory = 0.0K)
    Checking Rule W415a (Rule 155 of total 287) .... done (Time = 0.00s, Memory = 0.0K)
    Checking Rule W486 (Rule 156 of total 287) .... done (Time = 0.00s, Memory = 0.0K)
    Checking Rule W499 (Rule 157 of total 287) .... done (Time = 0.00s, Memory = 0.0K)
    Checking Rule W502 (Rule 158 of total 287) .... done (Time = 0.00s, Memory = 0.0K)
    Checking Rule W116 (Rule 159 of total 287) .... done (Time = 0.00s, Memory = 0.0K)
    Checking Rule W122 (Rule 160 of total 287) .... done (Time = 0.00s, Memory = 0.0K)
    Checking Rule W123 (Rule 161 of total 287) .... done (Time = 0.00s, Memory = 0.0K)
    Checking Rule W156 (Rule 162 of total 287) .... done (Time = 0.00s, Memory = 0.0K)
    Checking Rule W71 (Rule 163 of total 287) .... done (Time = 0.00s, Memory = 0.0K)
    Checking Rule W240 (Rule 164 of total 287) .... done (Time = 0.00s, Memory = 0.0K)
    Checking Rule W240 (Rule 165 of total 287) .... done (Time = 0.00s, Memory = 0.0K)
    Checking Rule W287a (Rule 166 of total 287) .... done (Time = 0.00s, Memory = 0.0K)
    Checking Rule W293 (Rule 167 of total 287) .... done (Time = 0.00s, Memory = 0.0K)
    Checking Rule W398 (Rule 168 of total 287) .... done (Time = 0.00s, Memory = 0.0K)
    Checking Rule W424 (Rule 169 of total 287) .... done (Time = 0.01s, Memory = 0.0K)
    Checking Rule W467 (Rule 170 of total 287) .... done (Time = 0.00s, Memory = 0.0K)
    Checking Rule W505 (Rule 171 of total 287) .... done (Time = 0.00s, Memory = 0.0K)
    Checking Rule W505 (Rule 172 of total 287) .... done (Time = 0.00s, Memory = 0.0K)
    Checking Rule W528 (Rule 173 of total 287) .... done (Time = 0.00s, Memory = 0.0K)
    Checking Rule W528 (Rule 174 of total 287) .... done (Time = 0.00s, Memory = 608.0K)
    Checking Rule Prereqs_Usage (Rule 175 of total 287) .... done (Time = 0.00s, Memory = -16.0K)
    Checking Rule Prereqs_ConstantInput-ML (Rule 176 of total 287) .... done (Time = 0.00s, Memory = 32.0K)
    Checking Rule ReportPortInfo-ML (Rule 177 of total 287) .... done (Time = 0.00s, Memory = 0.0K)
    Checking Rule Prereqs_ReportPortInfo-ML (Rule 178 of total 287) .... done (Time = 0.00s, Memory = 0.0K)
    Checking Rule Prereqs_ReportPortInfo-ML (Rule 179 of total 287) .... done (Time = 0.00s, Memory = 0.0K)
    Checking Rule NoAssignX-ML (Rule 180 of total 287) .... done (Time = 0.00s, Memory = 0.0K)
    Checking Rule ParamWidthMismatch-ML (Rule 181 of total 287) .... done (Time = 0.00s, Memory = 0.0K)
    Checking Rule Postreqs_Usage_ML (Rule 182 of total 287) .... done (Time = 0.00s, Memory = 0.0K)
    Checking Rule NoXInCase-ML (Rule 183 of total 287) .... done (Time = 0.00s, Memory = 0.0K)
Checking ELABDU Rules for designUnit ReLU_array
    Checking Rule Ac_classify_param01 (Rule 121 of total 287) .... done (Time = 0.00s, Memory = 0.0K)
    Checking Rule AcOvlRtl (Rule 122 of total 287) .... done (Time = 0.00s, Memory = 0.0K)
    Checking Rule AcOvlRtl (Rule 123 of total 287) .... done (Time = 0.00s, Memory = 32.0K)
    Checking Rule GenTopLevelBlocksForAutoSoc (Rule 124 of total 287) .... done (Time = 0.00s, Memory = 0.0K)
    Checking Rule Prereqs_InferLatch (Rule 125 of total 287) .... done (Time = 0.00s, Memory = 0.0K)
    Checking Rule STARC05-2.1.5.3 (Rule 126 of total 287) .... done (Time = 0.00s, Memory = 0.0K)
    Checking Rule STARC05-2.2.3.3 (Rule 127 of total 287) .... done (Time = 0.00s, Memory = 0.0K)
    Checking Rule STARC05-2.3.1.6 (Rule 128 of total 287) .... done (Time = 0.00s, Memory = 0.0K)
    Checking Rule STARC05-2.10.2.3 (Rule 129 of total 287) .... done (Time = 0.00s, Memory = 0.0K)
    Checking Rule STARC05-2.10.3.2a (Rule 130 of total 287) .... done (Time = 0.00s, Memory = 0.0K)
    Checking Rule STARC05-2.11.3.1 (Rule 131 of total 287) .... done (Time = 0.00s, Memory = 0.0K)
    Checking Rule STARC05-2.1.3.1 (Rule 132 of total 287) .... done (Time = 0.00s, Memory = 0.0K)
    Checking Rule STARC05-2.10.1.4a (Rule 133 of total 287) .... done (Time = 0.00s, Memory = 0.0K)
    Checking Rule STARC05-2.10.1.4b (Rule 134 of total 287) .... done (Time = 0.00s, Memory = 0.0K)
    Checking Rule sim_race02 (Rule 135 of total 287) .... done (Time = 0.00s, Memory = 0.0K)
    Checking Rule W110 (Rule 136 of total 287) .... done (Time = 0.00s, Memory = 0.0K)
    Checking Rule W122 (Rule 137 of total 287) .... done (Time = 0.00s, Memory = 0.0K)
    Checking Rule W496a (Rule 138 of total 287) .... done (Time = 0.00s, Memory = 0.0K)
    Checking Rule W496b (Rule 139 of total 287) .... done (Time = 0.00s, Memory = 0.0K)
    Checking Rule W19 (Rule 140 of total 287) .... done (Time = 0.00s, Memory = 0.0K)
    Checking Rule W66 (Rule 141 of total 287) .... done (Time = 0.00s, Memory = 0.0K)
    Checking Rule W116 (Rule 142 of total 287) .... done (Time = 0.00s, Memory = 0.0K)
    Checking Rule W123 (Rule 143 of total 287) .... done (Time = 0.00s, Memory = 16.0K)
    Checking Rule W156 (Rule 144 of total 287) .... done (Time = 0.00s, Memory = 0.0K)
    Checking Rule W215 (Rule 145 of total 287) .... done (Time = 0.00s, Memory = 0.0K)
    Checking Rule W216 (Rule 146 of total 287) .... done (Time = 0.00s, Memory = 0.0K)
    Checking Rule W218 (Rule 147 of total 287) .... done (Time = 0.00s, Memory = 0.0K)
    Checking Rule W224 (Rule 148 of total 287) .... done (Time = 0.00s, Memory = 0.0K)
    Checking Rule W263 (Rule 149 of total 287) .... done (Time = 0.00s, Memory = 0.0K)
    Checking Rule W289 (Rule 150 of total 287) .... done (Time = 0.00s, Memory = 0.0K)
    Checking Rule W337 (Rule 151 of total 287) .... done (Time = 0.00s, Memory = 0.0K)
    Checking Rule W416 (Rule 152 of total 287) .... done (Time = 0.00s, Memory = 0.0K)
    Checking Rule W352 (Rule 153 of total 287) .... done (Time = 0.00s, Memory = 0.0K)
    Checking Rule W362 (Rule 154 of total 287) .... done (Time = 0.00s, Memory = 0.0K)
    Checking Rule W415a (Rule 155 of total 287) .... done (Time = 0.00s, Memory = 0.0K)
    Checking Rule W486 (Rule 156 of total 287) .... done (Time = 0.00s, Memory = 0.0K)
    Checking Rule W499 (Rule 157 of total 287) .... done (Time = 0.00s, Memory = 0.0K)
    Checking Rule W502 (Rule 158 of total 287) .... done (Time = 0.00s, Memory = 0.0K)
    Checking Rule W116 (Rule 159 of total 287) .... done (Time = 0.00s, Memory = 0.0K)
    Checking Rule W122 (Rule 160 of total 287) .... done (Time = 0.00s, Memory = 0.0K)
    Checking Rule W123 (Rule 161 of total 287) .... done (Time = 0.00s, Memory = 0.0K)
    Checking Rule W156 (Rule 162 of total 287) .... done (Time = 0.00s, Memory = 0.0K)
    Checking Rule W71 (Rule 163 of total 287) .... done (Time = 0.00s, Memory = 0.0K)
    Checking Rule W240 (Rule 164 of total 287) .... done (Time = 0.00s, Memory = 0.0K)
    Checking Rule W240 (Rule 165 of total 287) .... done (Time = 0.00s, Memory = 0.0K)
    Checking Rule W287a (Rule 166 of total 287) .... done (Time = 0.00s, Memory = 0.0K)
    Checking Rule W293 (Rule 167 of total 287) .... done (Time = 0.00s, Memory = 0.0K)
    Checking Rule W398 (Rule 168 of total 287) .... done (Time = 0.00s, Memory = 0.0K)
    Checking Rule W424 (Rule 169 of total 287) .... done (Time = 0.00s, Memory = 0.0K)
    Checking Rule W467 (Rule 170 of total 287) .... done (Time = 0.00s, Memory = 0.0K)
    Checking Rule W505 (Rule 171 of total 287) .... done (Time = 0.00s, Memory = 0.0K)
    Checking Rule W505 (Rule 172 of total 287) .... done (Time = 0.00s, Memory = 0.0K)
    Checking Rule W528 (Rule 173 of total 287) .... done (Time = 0.00s, Memory = 0.0K)
    Checking Rule W528 (Rule 174 of total 287) .... done (Time = 0.00s, Memory = 608.0K)
    Checking Rule Prereqs_Usage (Rule 175 of total 287) .... done (Time = 0.00s, Memory = -16.0K)
    Checking Rule Prereqs_ConstantInput-ML (Rule 176 of total 287) .... done (Time = 0.00s, Memory = 32.0K)
    Checking Rule ReportPortInfo-ML (Rule 177 of total 287) .... done (Time = 0.00s, Memory = 0.0K)
    Checking Rule Prereqs_ReportPortInfo-ML (Rule 178 of total 287) .... done (Time = 0.00s, Memory = 0.0K)
    Checking Rule Prereqs_ReportPortInfo-ML (Rule 179 of total 287) .... done (Time = 0.00s, Memory = 0.0K)
    Checking Rule NoAssignX-ML (Rule 180 of total 287) .... done (Time = 0.00s, Memory = 0.0K)
    Checking Rule ParamWidthMismatch-ML (Rule 181 of total 287) .... done (Time = 0.00s, Memory = 0.0K)
    Checking Rule Postreqs_Usage_ML (Rule 182 of total 287) .... done (Time = 0.00s, Memory = 0.0K)
    Checking Rule NoXInCase-ML (Rule 183 of total 287) .... done (Time = 0.00s, Memory = 0.0K)
Checking ELABDU Rules for designUnit quant_array
    Checking Rule Ac_classify_param01 (Rule 121 of total 287) .... done (Time = 0.00s, Memory = 0.0K)
    Checking Rule AcOvlRtl (Rule 122 of total 287) .... done (Time = 0.00s, Memory = 0.0K)
    Checking Rule AcOvlRtl (Rule 123 of total 287) .... done (Time = 0.00s, Memory = 32.0K)
    Checking Rule GenTopLevelBlocksForAutoSoc (Rule 124 of total 287) .... done (Time = 0.00s, Memory = 0.0K)
    Checking Rule Prereqs_InferLatch (Rule 125 of total 287) .... done (Time = 0.00s, Memory = 0.0K)
    Checking Rule STARC05-2.1.5.3 (Rule 126 of total 287) .... done (Time = 0.00s, Memory = 0.0K)
    Checking Rule STARC05-2.2.3.3 (Rule 127 of total 287) .... done (Time = 0.00s, Memory = 0.0K)
    Checking Rule STARC05-2.3.1.6 (Rule 128 of total 287) .... done (Time = 0.00s, Memory = 0.0K)
    Checking Rule STARC05-2.10.2.3 (Rule 129 of total 287) .... done (Time = 0.00s, Memory = 0.0K)
    Checking Rule STARC05-2.10.3.2a (Rule 130 of total 287) .... done (Time = 0.00s, Memory = 0.0K)
    Checking Rule STARC05-2.11.3.1 (Rule 131 of total 287) .... done (Time = 0.00s, Memory = 0.0K)
    Checking Rule STARC05-2.1.3.1 (Rule 132 of total 287) .... done (Time = 0.00s, Memory = 0.0K)
    Checking Rule STARC05-2.10.1.4a (Rule 133 of total 287) .... done (Time = 0.00s, Memory = 0.0K)
    Checking Rule STARC05-2.10.1.4b (Rule 134 of total 287) .... done (Time = 0.00s, Memory = 0.0K)
    Checking Rule sim_race02 (Rule 135 of total 287) .... done (Time = 0.00s, Memory = 0.0K)
    Checking Rule W110 (Rule 136 of total 287) .... done (Time = 0.00s, Memory = 0.0K)
    Checking Rule W122 (Rule 137 of total 287) .... done (Time = 0.00s, Memory = 0.0K)
    Checking Rule W496a (Rule 138 of total 287) .... done (Time = 0.00s, Memory = 0.0K)
    Checking Rule W496b (Rule 139 of total 287) .... done (Time = 0.00s, Memory = 0.0K)
    Checking Rule W19 (Rule 140 of total 287) .... done (Time = 0.00s, Memory = 0.0K)
    Checking Rule W66 (Rule 141 of total 287) .... done (Time = 0.00s, Memory = 0.0K)
    Checking Rule W116 (Rule 142 of total 287) .... done (Time = 0.00s, Memory = 0.0K)
    Checking Rule W123 (Rule 143 of total 287) .... done (Time = 0.00s, Memory = 16.0K)
    Checking Rule W156 (Rule 144 of total 287) .... done (Time = 0.00s, Memory = 0.0K)
    Checking Rule W215 (Rule 145 of total 287) .... done (Time = 0.00s, Memory = 0.0K)
    Checking Rule W216 (Rule 146 of total 287) .... done (Time = 0.00s, Memory = 0.0K)
    Checking Rule W218 (Rule 147 of total 287) .... done (Time = 0.00s, Memory = 0.0K)
    Checking Rule W224 (Rule 148 of total 287) .... done (Time = 0.00s, Memory = 0.0K)
    Checking Rule W263 (Rule 149 of total 287) .... done (Time = 0.00s, Memory = 0.0K)
    Checking Rule W289 (Rule 150 of total 287) .... done (Time = 0.00s, Memory = 0.0K)
    Checking Rule W337 (Rule 151 of total 287) .... done (Time = 0.00s, Memory = 0.0K)
    Checking Rule W416 (Rule 152 of total 287) .... done (Time = 0.00s, Memory = 0.0K)
    Checking Rule W352 (Rule 153 of total 287) .... done (Time = 0.00s, Memory = 0.0K)
    Checking Rule W362 (Rule 154 of total 287) .... done (Time = 0.00s, Memory = 0.0K)
    Checking Rule W415a (Rule 155 of total 287) .... done (Time = 0.00s, Memory = 0.0K)
    Checking Rule W486 (Rule 156 of total 287) .... done (Time = 0.00s, Memory = 0.0K)
    Checking Rule W499 (Rule 157 of total 287) .... done (Time = 0.00s, Memory = 0.0K)
    Checking Rule W502 (Rule 158 of total 287) .... done (Time = 0.00s, Memory = 0.0K)
    Checking Rule W116 (Rule 159 of total 287) .... done (Time = 0.00s, Memory = 0.0K)
    Checking Rule W122 (Rule 160 of total 287) .... done (Time = 0.00s, Memory = 0.0K)
    Checking Rule W123 (Rule 161 of total 287) .... done (Time = 0.00s, Memory = 0.0K)
    Checking Rule W156 (Rule 162 of total 287) .... done (Time = 0.00s, Memory = 0.0K)
    Checking Rule W71 (Rule 163 of total 287) .... done (Time = 0.00s, Memory = 0.0K)
    Checking Rule W240 (Rule 164 of total 287) .... done (Time = 0.00s, Memory = 0.0K)
    Checking Rule W240 (Rule 165 of total 287) .... done (Time = 0.00s, Memory = 0.0K)
    Checking Rule W287a (Rule 166 of total 287) .... done (Time = 0.00s, Memory = 0.0K)
    Checking Rule W293 (Rule 167 of total 287) .... done (Time = 0.00s, Memory = 0.0K)
    Checking Rule W398 (Rule 168 of total 287) .... done (Time = 0.00s, Memory = 0.0K)
    Checking Rule W424 (Rule 169 of total 287) .... done (Time = 0.00s, Memory = 0.0K)
    Checking Rule W467 (Rule 170 of total 287) .... done (Time = 0.00s, Memory = 0.0K)
    Checking Rule W505 (Rule 171 of total 287) .... done (Time = 0.00s, Memory = 0.0K)
    Checking Rule W505 (Rule 172 of total 287) .... done (Time = 0.00s, Memory = 0.0K)
    Checking Rule W528 (Rule 173 of total 287) .... done (Time = 0.00s, Memory = 0.0K)
    Checking Rule W528 (Rule 174 of total 287) .... done (Time = 0.00s, Memory = 608.0K)
    Checking Rule Prereqs_Usage (Rule 175 of total 287) .... done (Time = 0.00s, Memory = -16.0K)
    Checking Rule Prereqs_ConstantInput-ML (Rule 176 of total 287) .... done (Time = 0.00s, Memory = 32.0K)
    Checking Rule ReportPortInfo-ML (Rule 177 of total 287) .... done (Time = 0.00s, Memory = 0.0K)
    Checking Rule Prereqs_ReportPortInfo-ML (Rule 178 of total 287) .... done (Time = 0.00s, Memory = 0.0K)
    Checking Rule Prereqs_ReportPortInfo-ML (Rule 179 of total 287) .... done (Time = 0.00s, Memory = 0.0K)
    Checking Rule NoAssignX-ML (Rule 180 of total 287) .... done (Time = 0.00s, Memory = 0.0K)
    Checking Rule ParamWidthMismatch-ML (Rule 181 of total 287) .... done (Time = 0.00s, Memory = 0.0K)
    Checking Rule Postreqs_Usage_ML (Rule 182 of total 287) .... done (Time = 0.00s, Memory = 0.0K)
    Checking Rule NoXInCase-ML (Rule 183 of total 287) .... done (Time = 0.00s, Memory = 0.0K)
Checking ELABDU Rules for designUnit ring
    Checking Rule Ac_classify_param01 (Rule 121 of total 287) .... done (Time = 0.00s, Memory = 0.0K)
    Checking Rule AcOvlRtl (Rule 122 of total 287) .... done (Time = 0.00s, Memory = 0.0K)
    Checking Rule AcOvlRtl (Rule 123 of total 287) .... done (Time = 0.00s, Memory = 32.0K)
    Checking Rule GenTopLevelBlocksForAutoSoc (Rule 124 of total 287) .... done (Time = 0.00s, Memory = 0.0K)
    Checking Rule Prereqs_InferLatch (Rule 125 of total 287) .... done (Time = 0.00s, Memory = 0.0K)
    Checking Rule STARC05-2.1.5.3 (Rule 126 of total 287) .... done (Time = 0.00s, Memory = 0.0K)
    Checking Rule STARC05-2.2.3.3 (Rule 127 of total 287) .... done (Time = 0.00s, Memory = 0.0K)
    Checking Rule STARC05-2.3.1.6 (Rule 128 of total 287) .... done (Time = 0.00s, Memory = 0.0K)
    Checking Rule STARC05-2.10.2.3 (Rule 129 of total 287) .... done (Time = 0.00s, Memory = 0.0K)
    Checking Rule STARC05-2.10.3.2a (Rule 130 of total 287) .... done (Time = 0.00s, Memory = 0.0K)
    Checking Rule STARC05-2.11.3.1 (Rule 131 of total 287) .... done (Time = 0.00s, Memory = 0.0K)
    Checking Rule STARC05-2.1.3.1 (Rule 132 of total 287) .... done (Time = 0.00s, Memory = 0.0K)
    Checking Rule STARC05-2.10.1.4a (Rule 133 of total 287) .... done (Time = 0.00s, Memory = 0.0K)
    Checking Rule STARC05-2.10.1.4b (Rule 134 of total 287) .... done (Time = 0.00s, Memory = 0.0K)
    Checking Rule sim_race02 (Rule 135 of total 287) .... done (Time = 0.00s, Memory = 0.0K)
    Checking Rule W110 (Rule 136 of total 287) .... done (Time = 0.00s, Memory = 0.0K)
    Checking Rule W122 (Rule 137 of total 287) .... done (Time = 0.00s, Memory = 0.0K)
    Checking Rule W496a (Rule 138 of total 287) .... done (Time = 0.00s, Memory = 0.0K)
    Checking Rule W496b (Rule 139 of total 287) .... done (Time = 0.00s, Memory = 0.0K)
    Checking Rule W19 (Rule 140 of total 287) .... done (Time = 0.00s, Memory = 0.0K)
    Checking Rule W66 (Rule 141 of total 287) .... done (Time = 0.00s, Memory = 0.0K)
    Checking Rule W116 (Rule 142 of total 287) .... done (Time = 0.00s, Memory = 0.0K)
    Checking Rule W123 (Rule 143 of total 287) .... done (Time = 0.00s, Memory = 16.0K)
    Checking Rule W156 (Rule 144 of total 287) .... done (Time = 0.00s, Memory = 0.0K)
    Checking Rule W215 (Rule 145 of total 287) .... done (Time = 0.00s, Memory = 0.0K)
    Checking Rule W216 (Rule 146 of total 287) .... done (Time = 0.00s, Memory = 0.0K)
    Checking Rule W218 (Rule 147 of total 287) .... done (Time = 0.00s, Memory = 0.0K)
    Checking Rule W224 (Rule 148 of total 287) .... done (Time = 0.00s, Memory = 0.0K)
    Checking Rule W263 (Rule 149 of total 287) .... done (Time = 0.00s, Memory = 0.0K)
    Checking Rule W289 (Rule 150 of total 287) .... done (Time = 0.00s, Memory = 0.0K)
    Checking Rule W337 (Rule 151 of total 287) .... done (Time = 0.00s, Memory = 0.0K)
    Checking Rule W416 (Rule 152 of total 287) .... done (Time = 0.00s, Memory = 0.0K)
    Checking Rule W352 (Rule 153 of total 287) .... done (Time = 0.00s, Memory = 0.0K)
    Checking Rule W362 (Rule 154 of total 287) .... done (Time = 0.00s, Memory = 0.0K)
    Checking Rule W415a (Rule 155 of total 287) .... done (Time = 0.00s, Memory = 0.0K)
    Checking Rule W486 (Rule 156 of total 287) .... done (Time = 0.00s, Memory = 0.0K)
    Checking Rule W499 (Rule 157 of total 287) .... done (Time = 0.00s, Memory = 0.0K)
    Checking Rule W502 (Rule 158 of total 287) .... done (Time = 0.00s, Memory = 0.0K)
    Checking Rule W116 (Rule 159 of total 287) .... done (Time = 0.00s, Memory = 0.0K)
    Checking Rule W122 (Rule 160 of total 287) .... done (Time = 0.00s, Memory = 0.0K)
    Checking Rule W123 (Rule 161 of total 287) .... done (Time = 0.00s, Memory = 0.0K)
    Checking Rule W156 (Rule 162 of total 287) .... done (Time = 0.00s, Memory = 0.0K)
    Checking Rule W71 (Rule 163 of total 287) .... done (Time = 0.00s, Memory = 0.0K)
    Checking Rule W240 (Rule 164 of total 287) .... done (Time = 0.00s, Memory = 0.0K)
    Checking Rule W240 (Rule 165 of total 287) .... done (Time = 0.00s, Memory = 0.0K)
    Checking Rule W287a (Rule 166 of total 287) .... done (Time = 0.00s, Memory = 0.0K)
    Checking Rule W293 (Rule 167 of total 287) .... done (Time = 0.00s, Memory = 0.0K)
    Checking Rule W398 (Rule 168 of total 287) .... done (Time = 0.00s, Memory = 0.0K)
    Checking Rule W424 (Rule 169 of total 287) .... done (Time = 0.00s, Memory = 0.0K)
    Checking Rule W467 (Rule 170 of total 287) .... done (Time = 0.00s, Memory = 0.0K)
    Checking Rule W505 (Rule 171 of total 287) .... done (Time = 0.00s, Memory = 0.0K)
    Checking Rule W505 (Rule 172 of total 287) .... done (Time = 0.00s, Memory = 0.0K)
    Checking Rule W528 (Rule 173 of total 287) .... done (Time = 0.00s, Memory = 8.0K)
    Checking Rule W528 (Rule 174 of total 287) .... done (Time = 0.00s, Memory = 608.0K)
    Checking Rule Prereqs_Usage (Rule 175 of total 287) .... done (Time = 0.00s, Memory = -16.0K)
    Checking Rule Prereqs_ConstantInput-ML (Rule 176 of total 287) .... done (Time = 0.00s, Memory = 32.0K)
    Checking Rule ReportPortInfo-ML (Rule 177 of total 287) .... done (Time = 0.00s, Memory = 0.0K)
    Checking Rule Prereqs_ReportPortInfo-ML (Rule 178 of total 287) .... done (Time = 0.00s, Memory = 0.0K)
    Checking Rule Prereqs_ReportPortInfo-ML (Rule 179 of total 287) .... done (Time = 0.00s, Memory = 0.0K)
    Checking Rule NoAssignX-ML (Rule 180 of total 287) .... done (Time = 0.00s, Memory = 0.0K)
    Checking Rule ParamWidthMismatch-ML (Rule 181 of total 287) .... done (Time = 0.00s, Memory = 0.0K)
    Checking Rule Postreqs_Usage_ML (Rule 182 of total 287) .... done (Time = 0.00s, Memory = 0.0K)
    Checking Rule NoXInCase-ML (Rule 183 of total 287) .... done (Time = 0.00s, Memory = 0.0K)
Checking ELABDU Rules for designUnit sky130_sram_2kbyte_1rw1r_32x512_8
    Checking Rule Ac_classify_param01 (Rule 121 of total 287) .... done (Time = 0.00s, Memory = 0.0K)
    Checking Rule AcOvlRtl (Rule 122 of total 287) .... done (Time = 0.00s, Memory = 0.0K)
    Checking Rule AcOvlRtl (Rule 123 of total 287) .... done (Time = 0.00s, Memory = 32.0K)
    Checking Rule GenTopLevelBlocksForAutoSoc (Rule 124 of total 287) .... done (Time = 0.00s, Memory = 0.0K)
    Checking Rule Prereqs_InferLatch (Rule 125 of total 287) .... done (Time = 0.00s, Memory = 0.0K)
    Checking Rule STARC05-2.1.5.3 (Rule 126 of total 287) .... done (Time = 0.00s, Memory = 0.0K)
    Checking Rule STARC05-2.2.3.3 (Rule 127 of total 287) .... done (Time = 0.00s, Memory = -16.0K)
    Checking Rule STARC05-2.3.1.6 (Rule 128 of total 287) .... done (Time = 0.00s, Memory = 0.0K)
    Checking Rule STARC05-2.10.2.3 (Rule 129 of total 287) .... done (Time = 0.00s, Memory = 0.0K)
    Checking Rule STARC05-2.10.3.2a (Rule 130 of total 287) .... done (Time = 0.00s, Memory = 0.0K)
    Checking Rule STARC05-2.11.3.1 (Rule 131 of total 287) .... done (Time = 0.00s, Memory = 0.0K)
    Checking Rule STARC05-2.1.3.1 (Rule 132 of total 287) .... done (Time = 0.00s, Memory = 0.0K)
    Checking Rule STARC05-2.10.1.4a (Rule 133 of total 287) .... done (Time = 0.00s, Memory = 0.0K)
    Checking Rule STARC05-2.10.1.4b (Rule 134 of total 287) .... done (Time = 0.00s, Memory = 0.0K)
    Checking Rule sim_race02 (Rule 135 of total 287) .... done (Time = 0.00s, Memory = 0.0K)
    Checking Rule W110 (Rule 136 of total 287) .... done (Time = 0.00s, Memory = 0.0K)
    Checking Rule W122 (Rule 137 of total 287) .... done (Time = 0.00s, Memory = 0.0K)
    Checking Rule W496a (Rule 138 of total 287) .... done (Time = 0.00s, Memory = 0.0K)
    Checking Rule W496b (Rule 139 of total 287) .... done (Time = 0.00s, Memory = 0.0K)
    Checking Rule W19 (Rule 140 of total 287) .... done (Time = 0.00s, Memory = 0.0K)
    Checking Rule W66 (Rule 141 of total 287) .... done (Time = 0.00s, Memory = 0.0K)
    Checking Rule W116 (Rule 142 of total 287) .... done (Time = 0.00s, Memory = 0.0K)
    Checking Rule W123 (Rule 143 of total 287) .... done (Time = 0.00s, Memory = 16.0K)
    Checking Rule W156 (Rule 144 of total 287) .... done (Time = 0.00s, Memory = 0.0K)
    Checking Rule W215 (Rule 145 of total 287) .... done (Time = 0.00s, Memory = 0.0K)
    Checking Rule W216 (Rule 146 of total 287) .... done (Time = 0.00s, Memory = 0.0K)
    Checking Rule W218 (Rule 147 of total 287) .... done (Time = 0.00s, Memory = 0.0K)
    Checking Rule W224 (Rule 148 of total 287) .... done (Time = 0.00s, Memory = 0.0K)
    Checking Rule W263 (Rule 149 of total 287) .... done (Time = 0.00s, Memory = 0.0K)
    Checking Rule W289 (Rule 150 of total 287) .... done (Time = 0.00s, Memory = 0.0K)
    Checking Rule W337 (Rule 151 of total 287) .... done (Time = 0.00s, Memory = 0.0K)
    Checking Rule W416 (Rule 152 of total 287) .... done (Time = 0.00s, Memory = 0.0K)
    Checking Rule W352 (Rule 153 of total 287) .... done (Time = 0.00s, Memory = 0.0K)
    Checking Rule W362 (Rule 154 of total 287) .... done (Time = 0.00s, Memory = 0.0K)
    Checking Rule W415a (Rule 155 of total 287) .... done (Time = 0.00s, Memory = 0.0K)
    Checking Rule W486 (Rule 156 of total 287) .... done (Time = 0.00s, Memory = 0.0K)
    Checking Rule W499 (Rule 157 of total 287) .... done (Time = 0.00s, Memory = 0.0K)
    Checking Rule W502 (Rule 158 of total 287) .... done (Time = 0.00s, Memory = 0.0K)
    Checking Rule W116 (Rule 159 of total 287) .... done (Time = 0.00s, Memory = 0.0K)
    Checking Rule W122 (Rule 160 of total 287) .... done (Time = 0.00s, Memory = 0.0K)
    Checking Rule W123 (Rule 161 of total 287) .... done (Time = 0.00s, Memory = 0.0K)
    Checking Rule W156 (Rule 162 of total 287) .... done (Time = 0.00s, Memory = 0.0K)
    Checking Rule W71 (Rule 163 of total 287) .... done (Time = 0.00s, Memory = 0.0K)
    Checking Rule W240 (Rule 164 of total 287) .... done (Time = 0.00s, Memory = 0.0K)
    Checking Rule W240 (Rule 165 of total 287) .... done (Time = 0.00s, Memory = 0.0K)
    Checking Rule W287a (Rule 166 of total 287) .... done (Time = 0.00s, Memory = 0.0K)
    Checking Rule W293 (Rule 167 of total 287) .... done (Time = 0.00s, Memory = 0.0K)
    Checking Rule W398 (Rule 168 of total 287) .... done (Time = 0.00s, Memory = 0.0K)
    Checking Rule W424 (Rule 169 of total 287) .... done (Time = 0.00s, Memory = 0.0K)
    Checking Rule W467 (Rule 170 of total 287) .... done (Time = 0.00s, Memory = 0.0K)
    Checking Rule W505 (Rule 171 of total 287) .... done (Time = 0.00s, Memory = 0.0K)
    Checking Rule W505 (Rule 172 of total 287) .... done (Time = 0.00s, Memory = 0.0K)
    Checking Rule W528 (Rule 173 of total 287) .... done (Time = 0.00s, Memory = 0.0K)
    Checking Rule W528 (Rule 174 of total 287) .... done (Time = 0.00s, Memory = 608.0K)
    Checking Rule Prereqs_Usage (Rule 175 of total 287) .... done (Time = 0.00s, Memory = -16.0K)
    Checking Rule Prereqs_ConstantInput-ML (Rule 176 of total 287) .... done (Time = 0.00s, Memory = 32.0K)
    Checking Rule ReportPortInfo-ML (Rule 177 of total 287) .... done (Time = 0.00s, Memory = 0.0K)
    Checking Rule Prereqs_ReportPortInfo-ML (Rule 178 of total 287) .... done (Time = 0.00s, Memory = 0.0K)
    Checking Rule Prereqs_ReportPortInfo-ML (Rule 179 of total 287) .... done (Time = 0.00s, Memory = 0.0K)
    Checking Rule NoAssignX-ML (Rule 180 of total 287) .... done (Time = 0.00s, Memory = 0.0K)
    Checking Rule ParamWidthMismatch-ML (Rule 181 of total 287) .... done (Time = 0.00s, Memory = 0.0K)
    Checking Rule Postreqs_Usage_ML (Rule 182 of total 287) .... done (Time = 0.00s, Memory = 0.0K)
    Checking Rule NoXInCase-ML (Rule 183 of total 287) .... done (Time = 0.00s, Memory = 0.0K)
Checking ELABDU Rules for designUnit resi_block
Checking ELABDU Rules for designUnit MAC_array
Checking ELABDU Rules for designUnit ReLU_array
Checking ELABDU Rules for designUnit quant_array
Checking ELABDU Rules for designUnit ring
Checking ELABDU Rules for designUnit sky130_sram_2kbyte_1rw1r_32x512_8
Checking Rule PECHECK56 (Rule 184 of total 287) .... done (Time = 0.00s, Memory = 0.0K)
Checking Rule SGDC_meta_design_hier01 (Rule 185 of total 287) .... done (Time = 0.00s, Memory = 0.0K)
Checking Rule SGDC_waive24 (Rule 186 of total 287) .... done (Time = 0.00s, Memory = 0.0K)
Checking Rule SGDC_waive25 (Rule 187 of total 287) .... done (Time = 0.00s, Memory = 0.0K)
Checking Rule SGDC_waive31 (Rule 188 of total 287) .... done (Time = 0.00s, Memory = 0.0K)
Checking Rule SGDC_waive35 (Rule 189 of total 287) .... done (Time = 0.00s, Memory = 0.0K)
 Synthesizing module: sky130_sram_2kbyte_1rw1r_32x512_8 (elaborated name: sky130_sram_2kbyte_1rw1r_32x512_8) ... (Module 1 of total 6)  done 
 Synthesizing module: ring (elaborated name: ring) ... (Module 2 of total 6)  done 
 Synthesizing module: quant_array (elaborated name: quant_array) ... (Module 3 of total 6)  done 
 Synthesizing module: ReLU_array (elaborated name: ReLU_array) ... (Module 4 of total 6)  done 
 Synthesizing module: MAC_array (elaborated name: MAC_array) ... (Module 5 of total 6)  done 
 Synthesizing module: resi_block (elaborated name: resi_block) ... (Module 6 of total 6)  done 
 Synthesis completed.
Checking Rule InferBlackBox (Rule 190 of total 287) .... done (Time = 0.00s, Memory = 0.0K)
Checking Rule checkCMD_mthresh (Rule 191 of total 287) .... done (Time = 0.00s, Memory = 0.0K)

INFO [234]    Saving design database in directory './work/resi_block/resi_block/.SG_SaveRestoreDB/autogenerated__default_snapshot' ...
              done

Checking Rule SGDC_waive37 (Rule 192 of total 287) .... done (Time = 0.00s, Memory = 0.0K)
Checking Rule Txv_SvaSetup01 for module sky130_sram_2kbyte_1rw1r_32x512_8 (Rule 193 of total 287) .... done (Time = 0.00s, Memory = 0.0K)
Checking Rule PESVASETUP01 for module sky130_sram_2kbyte_1rw1r_32x512_8 (Rule 194 of total 287) .... done (Time = 0.00s, Memory = 0.0K)
Checking Rule _cdc_save_license01 for module sky130_sram_2kbyte_1rw1r_32x512_8 (Rule 195 of total 287) .... done (Time = 0.00s, Memory = 0.0K)
Checking Rule _syncResetStyleRTL for module sky130_sram_2kbyte_1rw1r_32x512_8 (Rule 196 of total 287) .... done (Time = 0.00s, Memory = 0.0K)
Checking Rule _meta_delay01 for module sky130_sram_2kbyte_1rw1r_32x512_8 (Rule 197 of total 287) .... done (Time = 0.00s, Memory = 0.0K)
Checking Rule Ac_svasetup01 for module sky130_sram_2kbyte_1rw1r_32x512_8 (Rule 198 of total 287) .... done (Time = 0.00s, Memory = 0.0K)
Checking Rule Prereq_IntClock for module sky130_sram_2kbyte_1rw1r_32x512_8 (Rule 199 of total 287) .... done (Time = 0.00s, Memory = 0.0K)
Checking Rule W336 for module sky130_sram_2kbyte_1rw1r_32x512_8 (Rule 200 of total 287) .... done (Time = 0.00s, Memory = 0.0K)
Checking Rule W414 for module sky130_sram_2kbyte_1rw1r_32x512_8 (Rule 201 of total 287) .... done (Time = 0.00s, Memory = 0.0K)
Checking Rule W450L for module sky130_sram_2kbyte_1rw1r_32x512_8 (Rule 202 of total 287) .... done (Time = 0.00s, Memory = 0.0K)
Checking Rule HangingNetPreReq-ML for module sky130_sram_2kbyte_1rw1r_32x512_8 (Rule 203 of total 287) .... done (Time = 0.00s, Memory = 0.0K)
Checking Rule RegInputOutput-ML for module sky130_sram_2kbyte_1rw1r_32x512_8 (Rule 204 of total 287) .... done (Time = 0.00s, Memory = 0.0K)
Checking Rule STARC05-2.5.1.7 for module sky130_sram_2kbyte_1rw1r_32x512_8 (Rule 205 of total 287) .... done (Time = 0.00s, Memory = 0.0K)
Checking Rule STARC05-2.5.1.9 for module sky130_sram_2kbyte_1rw1r_32x512_8 (Rule 206 of total 287) .... done (Time = 0.00s, Memory = 0.0K)
Checking Rule Txv_SvaSetup01 for module ring (Rule 193 of total 287) .... done (Time = 0.00s, Memory = 0.0K)
Checking Rule PESVASETUP01 for module ring (Rule 194 of total 287) .... done (Time = 0.00s, Memory = 0.0K)
Checking Rule _cdc_save_license01 for module ring (Rule 195 of total 287) .... done (Time = 0.00s, Memory = 0.0K)
Checking Rule _syncResetStyleRTL for module ring (Rule 196 of total 287) .... done (Time = 0.00s, Memory = 0.0K)
Checking Rule _meta_delay01 for module ring (Rule 197 of total 287) .... done (Time = 0.00s, Memory = 0.0K)
Checking Rule Ac_svasetup01 for module ring (Rule 198 of total 287) .... done (Time = 0.00s, Memory = 0.0K)
Checking Rule Prereq_IntClock for module ring (Rule 199 of total 287) .... done (Time = 0.00s, Memory = 0.0K)
Checking Rule W336 for module ring (Rule 200 of total 287) .... done (Time = 0.00s, Memory = 0.0K)
Checking Rule W414 for module ring (Rule 201 of total 287) .... done (Time = 0.00s, Memory = 0.0K)
Checking Rule W450L for module ring (Rule 202 of total 287) .... done (Time = 0.00s, Memory = 0.0K)
Checking Rule HangingNetPreReq-ML for module ring (Rule 203 of total 287) .... done (Time = 0.00s, Memory = 0.0K)
Checking Rule RegInputOutput-ML for module ring (Rule 204 of total 287) .... done (Time = 0.00s, Memory = 0.0K)
Checking Rule STARC05-2.5.1.7 for module ring (Rule 205 of total 287) .... done (Time = 0.00s, Memory = 0.0K)
Checking Rule STARC05-2.5.1.9 for module ring (Rule 206 of total 287) .... done (Time = 0.00s, Memory = 0.0K)
Checking Rule Txv_SvaSetup01 for module quant_array (Rule 193 of total 287) .... done (Time = 0.00s, Memory = 0.0K)
Checking Rule PESVASETUP01 for module quant_array (Rule 194 of total 287) .... done (Time = 0.00s, Memory = 0.0K)
Checking Rule _cdc_save_license01 for module quant_array (Rule 195 of total 287) .... done (Time = 0.00s, Memory = 0.0K)
Checking Rule _syncResetStyleRTL for module quant_array (Rule 196 of total 287) .... done (Time = 0.00s, Memory = 0.0K)
Checking Rule _meta_delay01 for module quant_array (Rule 197 of total 287) .... done (Time = 0.00s, Memory = 0.0K)
Checking Rule Ac_svasetup01 for module quant_array (Rule 198 of total 287) .... done (Time = 0.00s, Memory = 0.0K)
Checking Rule Prereq_IntClock for module quant_array (Rule 199 of total 287) .... done (Time = 0.00s, Memory = 0.0K)
Checking Rule W336 for module quant_array (Rule 200 of total 287) .... done (Time = 0.00s, Memory = 0.0K)
Checking Rule W414 for module quant_array (Rule 201 of total 287) .... done (Time = 0.00s, Memory = 0.0K)
Checking Rule W450L for module quant_array (Rule 202 of total 287) .... done (Time = 0.00s, Memory = 0.0K)
Checking Rule HangingNetPreReq-ML for module quant_array (Rule 203 of total 287) .... done (Time = 0.00s, Memory = 0.0K)
Checking Rule RegInputOutput-ML for module quant_array (Rule 204 of total 287) .... done (Time = 0.00s, Memory = 0.0K)
Checking Rule STARC05-2.5.1.7 for module quant_array (Rule 205 of total 287) .... done (Time = 0.00s, Memory = 0.0K)
Checking Rule STARC05-2.5.1.9 for module quant_array (Rule 206 of total 287) .... done (Time = 0.00s, Memory = 0.0K)
Checking Rule Txv_SvaSetup01 for module ReLU_array (Rule 193 of total 287) .... done (Time = 0.00s, Memory = 0.0K)
Checking Rule PESVASETUP01 for module ReLU_array (Rule 194 of total 287) .... done (Time = 0.00s, Memory = 0.0K)
Checking Rule _cdc_save_license01 for module ReLU_array (Rule 195 of total 287) .... done (Time = 0.00s, Memory = 0.0K)
Checking Rule _syncResetStyleRTL for module ReLU_array (Rule 196 of total 287) .... done (Time = 0.00s, Memory = 0.0K)
Checking Rule _meta_delay01 for module ReLU_array (Rule 197 of total 287) .... done (Time = 0.00s, Memory = 0.0K)
Checking Rule Ac_svasetup01 for module ReLU_array (Rule 198 of total 287) .... done (Time = 0.00s, Memory = 0.0K)
Checking Rule Prereq_IntClock for module ReLU_array (Rule 199 of total 287) .... done (Time = 0.00s, Memory = 0.0K)
Checking Rule W336 for module ReLU_array (Rule 200 of total 287) .... done (Time = 0.00s, Memory = 0.0K)
Checking Rule W414 for module ReLU_array (Rule 201 of total 287) .... done (Time = 0.00s, Memory = 0.0K)
Checking Rule W450L for module ReLU_array (Rule 202 of total 287) .... done (Time = 0.00s, Memory = 0.0K)
Checking Rule HangingNetPreReq-ML for module ReLU_array (Rule 203 of total 287) .... done (Time = 0.00s, Memory = 0.0K)
Checking Rule RegInputOutput-ML for module ReLU_array (Rule 204 of total 287) .... done (Time = 0.00s, Memory = 0.0K)
Checking Rule STARC05-2.5.1.7 for module ReLU_array (Rule 205 of total 287) .... done (Time = 0.00s, Memory = 0.0K)
Checking Rule STARC05-2.5.1.9 for module ReLU_array (Rule 206 of total 287) .... done (Time = 0.00s, Memory = 0.0K)
Checking Rule Txv_SvaSetup01 for module MAC_array (Rule 193 of total 287) .... done (Time = 0.00s, Memory = 0.0K)
Checking Rule PESVASETUP01 for module MAC_array (Rule 194 of total 287) .... done (Time = 0.00s, Memory = 0.0K)
Checking Rule _cdc_save_license01 for module MAC_array (Rule 195 of total 287) .... done (Time = 0.00s, Memory = 0.0K)
Checking Rule _syncResetStyleRTL for module MAC_array (Rule 196 of total 287) .... done (Time = 0.00s, Memory = 0.0K)
Checking Rule _meta_delay01 for module MAC_array (Rule 197 of total 287) .... done (Time = 0.00s, Memory = 0.0K)
Checking Rule Ac_svasetup01 for module MAC_array (Rule 198 of total 287) .... done (Time = 0.00s, Memory = 0.0K)
Checking Rule Prereq_IntClock for module MAC_array (Rule 199 of total 287) .... done (Time = 0.00s, Memory = 0.0K)
Checking Rule W336 for module MAC_array (Rule 200 of total 287) .... done (Time = 0.00s, Memory = 0.0K)
Checking Rule W414 for module MAC_array (Rule 201 of total 287) .... done (Time = 0.00s, Memory = 0.0K)
Checking Rule W450L for module MAC_array (Rule 202 of total 287) .... done (Time = 0.00s, Memory = 0.0K)
Checking Rule HangingNetPreReq-ML for module MAC_array (Rule 203 of total 287) .... done (Time = 0.00s, Memory = 0.0K)
Checking Rule RegInputOutput-ML for module MAC_array (Rule 204 of total 287) .... done (Time = 0.00s, Memory = 0.0K)
Checking Rule STARC05-2.5.1.7 for module MAC_array (Rule 205 of total 287) .... done (Time = 0.00s, Memory = 0.0K)
Checking Rule STARC05-2.5.1.9 for module MAC_array (Rule 206 of total 287) .... done (Time = 0.00s, Memory = 0.0K)
Checking Rule Txv_SvaSetup01 for module resi_block (Rule 193 of total 287) .... done (Time = 0.00s, Memory = 0.0K)
Checking Rule PESVASETUP01 for module resi_block (Rule 194 of total 287) .... done (Time = 0.00s, Memory = 0.0K)
Checking Rule _cdc_save_license01 for module resi_block (Rule 195 of total 287) .... done (Time = 0.00s, Memory = 0.0K)
Checking Rule _syncResetStyleRTL for module resi_block (Rule 196 of total 287) .... done (Time = 0.00s, Memory = 0.0K)
Checking Rule _meta_delay01 for module resi_block (Rule 197 of total 287) .... done (Time = 0.00s, Memory = 0.0K)
Checking Rule Ac_svasetup01 for module resi_block (Rule 198 of total 287) .... done (Time = 0.00s, Memory = 0.0K)
Checking Rule Prereq_IntClock for module resi_block (Rule 199 of total 287) .... done (Time = 0.00s, Memory = 0.0K)
Checking Rule W336 for module resi_block (Rule 200 of total 287) .... done (Time = 0.00s, Memory = 0.0K)
Checking Rule W414 for module resi_block (Rule 201 of total 287) .... done (Time = 0.00s, Memory = 0.0K)
Checking Rule W450L for module resi_block (Rule 202 of total 287) .... done (Time = 0.00s, Memory = 0.0K)
Checking Rule HangingNetPreReq-ML for module resi_block (Rule 203 of total 287) .... done (Time = 0.00s, Memory = 0.0K)
Checking Rule RegInputOutput-ML for module resi_block (Rule 204 of total 287) .... done (Time = 0.00s, Memory = 0.0K)
Checking Rule STARC05-2.5.1.7 for module resi_block (Rule 205 of total 287) .... done (Time = 0.00s, Memory = 0.0K)
Checking Rule STARC05-2.5.1.9 for module resi_block (Rule 206 of total 287) .... done (Time = 0.00s, Memory = 0.0K)
Performing semantic checks on SGDC contents
Checking Rule SGDC_testmode03 (Rule 73 of total 287) .... done (Time = 0.00s, Memory = 0.0K)
Checking Rule checkSGDC_01 (Rule 207 of total 287) .... done (Time = 0.00s, Memory = 0.0K)
Checking Rule checkSGDC_03 (Rule 208 of total 287) .... done (Time = 0.00s, Memory = 0.0K)
Checking Rule checkSGDC_08 (Rule 209 of total 287) .... done (Time = 0.00s, Memory = 0.0K)
Checking Rule SGDC_memorywritepin04 (Rule 210 of total 287) .... done (Time = 0.00s, Memory = -24.0K)
Checking Rule SGDC_reset02 (Rule 211 of total 287) .... done (Time = 0.00s, Memory = 8.0K)
Checking Rule SGDC_reset03 (Rule 212 of total 287) .... done (Time = 0.00s, Memory = 0.0K)
Checking Rule SGDC_libgroup03 (Rule 213 of total 287) .... done (Time = 0.00s, Memory = 0.0K)
Checking Rule SGDC_ungroup02 (Rule 214 of total 287) .... done (Time = 0.00s, Memory = 0.0K)
Checking Rule _abstractPortSGDC (Rule 215 of total 287) .... done (Time = 0.00s, Memory = 0.0K)
Checking Rule SGDC_abstract_port03 (Rule 216 of total 287) .... done (Time = 0.00s, Memory = 0.0K)
Checking Rule SGDC_abstract_port04 (Rule 217 of total 287) .... done (Time = 0.00s, Memory = 0.0K)
Checking Rule SGDC_abstract_port05 (Rule 218 of total 287) .... done (Time = 0.00s, Memory = 0.0K)
Checking Rule SGDC_abstract_port07 (Rule 219 of total 287) .... done (Time = 0.00s, Memory = 0.0K)
Checking Rule SGDC_abstract_port08 (Rule 220 of total 287) .... done (Time = 0.00s, Memory = 0.0K)
Checking Rule SGDC_abstract_port10 (Rule 221 of total 287) .... done (Time = 0.00s, Memory = 0.0K)
Checking Rule SGDC_abstract_port11 (Rule 222 of total 287) .... done (Time = 0.00s, Memory = 0.0K)
Checking Rule SGDC_abstract_port12 (Rule 223 of total 287) .... done (Time = 0.00s, Memory = 8.0K)
Checking Rule SGDC_abstract_port13 (Rule 224 of total 287) .... done (Time = 0.00s, Memory = 0.0K)
Checking Rule ReportUngroup (Rule 225 of total 287) .... done (Time = 0.00s, Memory = 0.0K)
Checking Rule LINT_portReten (Rule 226 of total 287) .... done (Time = 0.00s, Memory = 0.0K)
Checking Rule SGDC_abstract_port21 (Rule 227 of total 287) .... done (Time = 0.00s, Memory = 0.0K)
Checking Rule InferLatch (Rule 228 of total 287) .... done (Time = 0.00s, Memory = 32.0K)
Checking Rule UndrivenInTerm-ML (Rule 229 of total 287) .... done (Time = 0.07s, Memory = -32.0K)
Checking Rule SGDC_assume_path05 (Rule 230 of total 287) .... done (Time = 0.00s, Memory = 0.0K)
 Flattening resi_block (.lib instances separately flattened) ....
 Flattening completed
Checking Rule SGDC_set_case_analysis_LC (Rule 231 of total 287) .... done (Time = 0.00s, Memory = 0.0K)
Checking Rule BufClock (Rule 232 of total 287) .... done (Time = 0.03s, Memory = 1680.0K)
Checking Rule CombLoop (Rule 233 of total 287) .... done (Time = 0.02s, Memory = 768.0K)
Checking Rule STARC05-2.5.1.2 (Rule 234 of total 287) .... done (Time = 0.00s, Memory = 0.0K)
Checking Rule STARC05-1.3.1.3 (Rule 235 of total 287) .... done (Time = 0.00s, Memory = 0.0K)
Checking Rule STARC05-1.4.3.4 (Rule 236 of total 287) .... done (Time = 0.01s, Memory = 8.0K)
Checking Rule FlopClockConstant (Rule 237 of total 287) .... done (Time = 0.00s, Memory = 0.0K)
Checking Rule FlopSRConst (Rule 238 of total 287) .... done (Time = 0.00s, Memory = 0.0K)
Checking Rule FlopEConst (Rule 239 of total 287) .... done (Time = 0.01s, Memory = 0.0K)
Checking Rule checkPinConnectedToSupply (Rule 240 of total 287) .... done (Time = 0.01s, Memory = 0.0K)
Checking Rule W392 (Rule 241 of total 287) .... done (Time = 0.00s, Memory = 128.0K)
Checking Rule W415 (Rule 242 of total 287) .... done (Time = 0.01s, Memory = 0.0K)
Checking Rule LatchFeedback (Rule 243 of total 287) .... done (Time = 0.02s, Memory = 0.0K)
Checking Rule STARC05-2.4.1.5 (Rule 244 of total 287) .... done (Time = 0.00s, Memory = 0.0K)
Checking Rule STARC05-1.2.1.2 (Rule 245 of total 287) .... done (Time = 0.01s, Memory = 64.0K)
Checking Rule AnalyzeBBox (Rule 246 of total 287) .... done (Time = 0.00s, Memory = 0.0K)
Checking Rule ReportCheckDataSummary (Rule 71 of total 287) .... done (Time = 0.00s, Memory = 0.0K)

Generating data for Console...

SpyGlass Rule Checking Complete.

Generating moresimple report from './work/resi_block/resi_block/lint/lint_rtl/spyglass.vdb' to './work/resi_block/resi_block/lint/lint_rtl/spyglass_reports/moresimple.rpt' ....

Generating runsummary report from './work/resi_block/resi_block/lint/lint_rtl/spyglass.vdb' ....

Generating no_msg_reporting_rules report from './work/resi_block/resi_block/lint/lint_rtl/spyglass.vdb' to './work/resi_block/resi_block/lint/lint_rtl/spyglass_reports/no_msg_reporting_rules.rpt' ....

Generating W415_Report report from './work/resi_block/resi_block/lint/lint_rtl/spyglass.vdb' to './work/resi_block/resi_block/lint/lint_rtl/spyglass_reports/lint/W415_Report.rpt' ....

Policy specific data (reports) are present in the directory './work/resi_block/resi_block/lint/lint_rtl/spyglass_reports'.

SpyGlass critical reports for the current run are present in directory './work/resi_block/consolidated_reports/resi_block_lint_lint_rtl/'.

---------------------------------------------------------------------------------------------
Results Summary:
---------------------------------------------------------------------------------------------
   Goal Run           :      lint/lint_rtl
   Command-line read  :      0 error,      0 warning,      1 information message 
   Design Read        :      0 error,      0 warning,      2 information messages
      Found 1 top module:
         resi_block   (file: ../rtl/common/resi_block.sv)

   Blackbox Resolution:      0 error,      1 warning,      0 information message 
   SGDC Checks        :      0 error,      0 warning,      0 information message 
   Policy lint        :      0 error,     11 warnings,     2 information messages
   -------------------------------------------------------------------------------------
   Total              :      0 error,     12 warnings,     5 information messages

  Total Number of Generated Messages     :        17 (0 error, 12 warnings, 5 Infos)
  Number of Reported Messages            :        17 (0 error, 12 warnings, 5 Infos)

---------------------------------------------------------------------------------------------


run_goal: info: setting design top `resi_block' as current_design
SpyGlass Exit Code 0 (Rule-checking completed with warnings)
exit: warning: design query data not saved for last active goal `lint/lint_rtl'
               (Enable `auto_save' option in the project to save design query data for goals to be run subsequently)
updating spyglass.log with goal summary
---------------------------------------------------------------------------------------------------
Results Summary:
---------------------------------------------------------------------------------------------------
   Goal Run           :      lint/lint_rtl
   Top Module         :      resi_block
---------------------------------------------------------------------------------------------------
   Reports Directory: 
   /afs/glue.umd.edu/home/glue/r/g/rgaffere/home/TCN/spyglass/work/resi_block/consolidated_reports/resi_block_lint_lint_rtl/ 

   SpyGlass LogFile: 
    /afs/glue.umd.edu/home/glue/r/g/rgaffere/home/TCN/spyglass/work/resi_block/resi_block/lint/lint_rtl/spyglass.log 

   Standard Reports: 
     moresimple.rpt          no_msg_reporting_rules.rpt       

   HTML report:
    /afs/glue.umd.edu/home/glue/r/g/rgaffere/home/TCN/spyglass/work/resi_block/html_reports/goals_summary.html
  

   Technology Reports:  
     <Not Available>
   
   
---------------------------------------------------------------------------------------------------
   Goal Violation Summary:
       Waived   Messages:                      0 Errors,      0 Warnings,      0 Infos
       Reported Messages:         0 Fatals,    0 Errors,     12 Warnings,      5 Infos
---------------------------------------------------------------------------------------------------
   
---------------------------------------------------------------------------------------------------
 
spyglass.log successfully updated with goal summary
Report 'dashboard' created.
  File: /afs/glue.umd.edu/home/glue/r/g/rgaffere/home/TCN/spyglass/work/resi_block/html_reports/dashboard.html 
Report 'datasheet' created.
  File: /afs/glue.umd.edu/home/glue/r/g/rgaffere/home/TCN/spyglass/work/resi_block/html_reports/datasheet.html 
Report 'goals_summary' created.
  File: /afs/glue.umd.edu/home/glue/r/g/rgaffere/home/TCN/spyglass/work/resi_block/html_reports/goals_summary.html 
