 
****************************************
Report : timing
        -path full
        -delay max
        -max_paths 1
Design : conv_MAC
Version: X-2025.06-SP4
Date   : Mon May 25 20:27:16 2026
****************************************

Operating Conditions: tt_025C_1v80   Library: sky130_fd_sc_hd__tt_025C_1v80
Wire Load Model Mode: top

  Startpoint: prod_reg_reg[1]
              (rising edge-triggered flip-flop clocked by clk)
  Endpoint: acc_reg_reg[31]
            (rising edge-triggered flip-flop clocked by clk)
  Path Group: clk
  Path Type: max

  Des/Clust/Port     Wire Load Model       Library
  ------------------------------------------------
  conv_MAC           Small                 sky130_fd_sc_hd__tt_025C_1v80

  Point                                                   Incr       Path
  --------------------------------------------------------------------------
  clock clk (rise edge)                                   0.00       0.00
  clock network delay (ideal)                             0.00       0.00
  prod_reg_reg[1]/CLK (sky130_fd_sc_hd__dfrtp_1)          0.00       0.00 r
  prod_reg_reg[1]/Q (sky130_fd_sc_hd__dfrtp_1)            0.37       0.37 f
  U241/Y (sky130_fd_sc_hd__nor2_1)                        0.14       0.50 r
  U243/Y (sky130_fd_sc_hd__o21ai_1)                       0.09       0.60 f
  U247/Y (sky130_fd_sc_hd__a21oi_1)                       0.20       0.79 r
  U255/Y (sky130_fd_sc_hd__o21ai_1)                       0.10       0.89 f
  U274/Y (sky130_fd_sc_hd__a21oi_1)                       0.20       1.09 r
  U276/Y (sky130_fd_sc_hd__o21ai_1)                       0.12       1.21 f
  U280/Y (sky130_fd_sc_hd__a21oi_1)                       0.20       1.41 r
  U282/Y (sky130_fd_sc_hd__o21ai_1)                       0.12       1.53 f
  U286/Y (sky130_fd_sc_hd__a21oi_1)                       0.21       1.74 r
  U288/Y (sky130_fd_sc_hd__o21ai_1)                       0.12       1.85 f
  U292/Y (sky130_fd_sc_hd__a21oi_1)                       0.21       2.06 r
  U294/Y (sky130_fd_sc_hd__o21ai_1)                       0.12       2.17 f
  U298/Y (sky130_fd_sc_hd__a21oi_1)                       0.21       2.38 r
  U300/Y (sky130_fd_sc_hd__o21ai_1)                       0.12       2.50 f
  U304/Y (sky130_fd_sc_hd__a21oi_1)                       0.21       2.70 r
  U306/Y (sky130_fd_sc_hd__o21ai_1)                       0.12       2.82 f
  U310/Y (sky130_fd_sc_hd__a21oi_1)                       0.21       3.02 r
  U312/Y (sky130_fd_sc_hd__o21ai_1)                       0.12       3.14 f
  U316/Y (sky130_fd_sc_hd__a21oi_1)                       0.21       3.34 r
  U318/Y (sky130_fd_sc_hd__o21ai_1)                       0.12       3.46 f
  U322/Y (sky130_fd_sc_hd__a21oi_1)                       0.21       3.67 r
  U324/Y (sky130_fd_sc_hd__o21ai_1)                       0.10       3.77 f
  U328/COUT (sky130_fd_sc_hd__fa_1)                       0.39       4.15 f
  U325/Y (sky130_fd_sc_hd__xnor2_1)                       0.19       4.35 r
  U327/Y (sky130_fd_sc_hd__o21ai_1)                       0.08       4.42 f
  acc_reg_reg[31]/D (sky130_fd_sc_hd__dfrtp_1)            0.00       4.43 f
  data arrival time                                                  4.43

  clock clk (rise edge)                                   5.00       5.00
  clock network delay (ideal)                             0.00       5.00
  acc_reg_reg[31]/CLK (sky130_fd_sc_hd__dfrtp_1)          0.00       5.00 r
  library setup time                                     -0.18       4.82
  data required time                                                 4.82
  --------------------------------------------------------------------------
  data required time                                                 4.82
  data arrival time                                                 -4.43
  --------------------------------------------------------------------------
  slack (MET)                                                        0.39


1
