 
****************************************
check_design summary:
Version:     X-2025.06-SP4
Date:        Mon May 25 20:21:43 2026
****************************************

                   Name                                            Total
--------------------------------------------------------------------------------
Inputs/Outputs                                                     84
    Unconnected ports (LINT-28)                                    24
    Feedthrough (LINT-29)                                           8
    Shorted outputs (LINT-31)                                      25
    Constant outputs (LINT-52)                                     27

Cells                                                               5
    Cells do not drive (LINT-1)                                     5

Nets                                                               56
    Unloaded nets (LINT-2)                                         56
--------------------------------------------------------------------------------

Warning: In design 'conv', cell 'C102' does not drive any nets. (LINT-1)
Warning: In design 'conv_MAC', cell 'C438' does not drive any nets. (LINT-1)
Warning: In design 'conv_MAC', cell 'C445' does not drive any nets. (LINT-1)
Warning: In design 'conv_MAC', cell 'C446' does not drive any nets. (LINT-1)
Warning: In design 'ring', cell 'C149' does not drive any nets. (LINT-1)
Warning: In design 'conv', net 'init_ring/sram_dout0[0]' driven by pin 'init_ring/u_ring_sram/dout0[0]' has no loads. (LINT-2)
Warning: In design 'conv', net 'init_ring/sram_dout0[1]' driven by pin 'init_ring/u_ring_sram/dout0[1]' has no loads. (LINT-2)
Warning: In design 'conv', net 'init_ring/sram_dout0[2]' driven by pin 'init_ring/u_ring_sram/dout0[2]' has no loads. (LINT-2)
Warning: In design 'conv', net 'init_ring/sram_dout0[3]' driven by pin 'init_ring/u_ring_sram/dout0[3]' has no loads. (LINT-2)
Warning: In design 'conv', net 'init_ring/sram_dout0[4]' driven by pin 'init_ring/u_ring_sram/dout0[4]' has no loads. (LINT-2)
Warning: In design 'conv', net 'init_ring/sram_dout0[5]' driven by pin 'init_ring/u_ring_sram/dout0[5]' has no loads. (LINT-2)
Warning: In design 'conv', net 'init_ring/sram_dout0[6]' driven by pin 'init_ring/u_ring_sram/dout0[6]' has no loads. (LINT-2)
Warning: In design 'conv', net 'init_ring/sram_dout0[7]' driven by pin 'init_ring/u_ring_sram/dout0[7]' has no loads. (LINT-2)
Warning: In design 'conv', net 'init_ring/sram_dout0[8]' driven by pin 'init_ring/u_ring_sram/dout0[8]' has no loads. (LINT-2)
Warning: In design 'conv', net 'init_ring/sram_dout0[9]' driven by pin 'init_ring/u_ring_sram/dout0[9]' has no loads. (LINT-2)
Warning: In design 'conv', net 'init_ring/sram_dout0[10]' driven by pin 'init_ring/u_ring_sram/dout0[10]' has no loads. (LINT-2)
Warning: In design 'conv', net 'init_ring/sram_dout0[11]' driven by pin 'init_ring/u_ring_sram/dout0[11]' has no loads. (LINT-2)
Warning: In design 'conv', net 'init_ring/sram_dout0[12]' driven by pin 'init_ring/u_ring_sram/dout0[12]' has no loads. (LINT-2)
Warning: In design 'conv', net 'init_ring/sram_dout0[13]' driven by pin 'init_ring/u_ring_sram/dout0[13]' has no loads. (LINT-2)
Warning: In design 'conv', net 'init_ring/sram_dout0[14]' driven by pin 'init_ring/u_ring_sram/dout0[14]' has no loads. (LINT-2)
Warning: In design 'conv', net 'init_ring/sram_dout0[15]' driven by pin 'init_ring/u_ring_sram/dout0[15]' has no loads. (LINT-2)
Warning: In design 'conv', net 'init_ring/sram_dout0[16]' driven by pin 'init_ring/u_ring_sram/dout0[16]' has no loads. (LINT-2)
Warning: In design 'conv', net 'init_ring/sram_dout0[17]' driven by pin 'init_ring/u_ring_sram/dout0[17]' has no loads. (LINT-2)
Warning: In design 'conv', net 'init_ring/sram_dout0[18]' driven by pin 'init_ring/u_ring_sram/dout0[18]' has no loads. (LINT-2)
Warning: In design 'conv', net 'init_ring/sram_dout0[19]' driven by pin 'init_ring/u_ring_sram/dout0[19]' has no loads. (LINT-2)
Warning: In design 'conv', net 'init_ring/sram_dout0[20]' driven by pin 'init_ring/u_ring_sram/dout0[20]' has no loads. (LINT-2)
Warning: In design 'conv', net 'init_ring/sram_dout0[21]' driven by pin 'init_ring/u_ring_sram/dout0[21]' has no loads. (LINT-2)
Warning: In design 'conv', net 'init_ring/sram_dout0[22]' driven by pin 'init_ring/u_ring_sram/dout0[22]' has no loads. (LINT-2)
Warning: In design 'conv', net 'init_ring/sram_dout0[23]' driven by pin 'init_ring/u_ring_sram/dout0[23]' has no loads. (LINT-2)
Warning: In design 'conv', net 'init_ring/sram_dout0[24]' driven by pin 'init_ring/u_ring_sram/dout0[24]' has no loads. (LINT-2)
Warning: In design 'conv', net 'init_ring/sram_dout0[25]' driven by pin 'init_ring/u_ring_sram/dout0[25]' has no loads. (LINT-2)
Warning: In design 'conv', net 'init_ring/sram_dout0[26]' driven by pin 'init_ring/u_ring_sram/dout0[26]' has no loads. (LINT-2)
Warning: In design 'conv', net 'init_ring/sram_dout0[27]' driven by pin 'init_ring/u_ring_sram/dout0[27]' has no loads. (LINT-2)
Warning: In design 'conv', net 'init_ring/sram_dout0[28]' driven by pin 'init_ring/u_ring_sram/dout0[28]' has no loads. (LINT-2)
Warning: In design 'conv', net 'init_ring/sram_dout0[29]' driven by pin 'init_ring/u_ring_sram/dout0[29]' has no loads. (LINT-2)
Warning: In design 'conv', net 'init_ring/sram_dout0[30]' driven by pin 'init_ring/u_ring_sram/dout0[30]' has no loads. (LINT-2)
Warning: In design 'conv', net 'init_ring/sram_dout0[31]' driven by pin 'init_ring/u_ring_sram/dout0[31]' has no loads. (LINT-2)
Warning: In design 'conv', net 'init_ring/sram_dout1[8]' driven by pin 'init_ring/u_ring_sram/dout1[8]' has no loads. (LINT-2)
Warning: In design 'conv', net 'init_ring/sram_dout1[9]' driven by pin 'init_ring/u_ring_sram/dout1[9]' has no loads. (LINT-2)
Warning: In design 'conv', net 'init_ring/sram_dout1[10]' driven by pin 'init_ring/u_ring_sram/dout1[10]' has no loads. (LINT-2)
Warning: In design 'conv', net 'init_ring/sram_dout1[11]' driven by pin 'init_ring/u_ring_sram/dout1[11]' has no loads. (LINT-2)
Warning: In design 'conv', net 'init_ring/sram_dout1[12]' driven by pin 'init_ring/u_ring_sram/dout1[12]' has no loads. (LINT-2)
Warning: In design 'conv', net 'init_ring/sram_dout1[13]' driven by pin 'init_ring/u_ring_sram/dout1[13]' has no loads. (LINT-2)
Warning: In design 'conv', net 'init_ring/sram_dout1[14]' driven by pin 'init_ring/u_ring_sram/dout1[14]' has no loads. (LINT-2)
Warning: In design 'conv', net 'init_ring/sram_dout1[15]' driven by pin 'init_ring/u_ring_sram/dout1[15]' has no loads. (LINT-2)
Warning: In design 'conv', net 'init_ring/sram_dout1[16]' driven by pin 'init_ring/u_ring_sram/dout1[16]' has no loads. (LINT-2)
Warning: In design 'conv', net 'init_ring/sram_dout1[17]' driven by pin 'init_ring/u_ring_sram/dout1[17]' has no loads. (LINT-2)
Warning: In design 'conv', net 'init_ring/sram_dout1[18]' driven by pin 'init_ring/u_ring_sram/dout1[18]' has no loads. (LINT-2)
Warning: In design 'conv', net 'init_ring/sram_dout1[19]' driven by pin 'init_ring/u_ring_sram/dout1[19]' has no loads. (LINT-2)
Warning: In design 'conv', net 'init_ring/sram_dout1[20]' driven by pin 'init_ring/u_ring_sram/dout1[20]' has no loads. (LINT-2)
Warning: In design 'conv', net 'init_ring/sram_dout1[21]' driven by pin 'init_ring/u_ring_sram/dout1[21]' has no loads. (LINT-2)
Warning: In design 'conv', net 'init_ring/sram_dout1[22]' driven by pin 'init_ring/u_ring_sram/dout1[22]' has no loads. (LINT-2)
Warning: In design 'conv', net 'init_ring/sram_dout1[23]' driven by pin 'init_ring/u_ring_sram/dout1[23]' has no loads. (LINT-2)
Warning: In design 'conv', net 'init_ring/sram_dout1[24]' driven by pin 'init_ring/u_ring_sram/dout1[24]' has no loads. (LINT-2)
Warning: In design 'conv', net 'init_ring/sram_dout1[25]' driven by pin 'init_ring/u_ring_sram/dout1[25]' has no loads. (LINT-2)
Warning: In design 'conv', net 'init_ring/sram_dout1[26]' driven by pin 'init_ring/u_ring_sram/dout1[26]' has no loads. (LINT-2)
Warning: In design 'conv', net 'init_ring/sram_dout1[27]' driven by pin 'init_ring/u_ring_sram/dout1[27]' has no loads. (LINT-2)
Warning: In design 'conv', net 'init_ring/sram_dout1[28]' driven by pin 'init_ring/u_ring_sram/dout1[28]' has no loads. (LINT-2)
Warning: In design 'conv', net 'init_ring/sram_dout1[29]' driven by pin 'init_ring/u_ring_sram/dout1[29]' has no loads. (LINT-2)
Warning: In design 'conv', net 'init_ring/sram_dout1[30]' driven by pin 'init_ring/u_ring_sram/dout1[30]' has no loads. (LINT-2)
Warning: In design 'conv', net 'init_ring/sram_dout1[31]' driven by pin 'init_ring/u_ring_sram/dout1[31]' has no loads. (LINT-2)
Warning: In design 'quant', port 'data_in[31]' is not connected to any nets. (LINT-28)
Warning: In design 'quant', port 'data_in[30]' is not connected to any nets. (LINT-28)
Warning: In design 'quant', port 'data_in[29]' is not connected to any nets. (LINT-28)
Warning: In design 'quant', port 'data_in[28]' is not connected to any nets. (LINT-28)
Warning: In design 'quant', port 'data_in[27]' is not connected to any nets. (LINT-28)
Warning: In design 'quant', port 'data_in[26]' is not connected to any nets. (LINT-28)
Warning: In design 'quant', port 'data_in[25]' is not connected to any nets. (LINT-28)
Warning: In design 'quant', port 'data_in[24]' is not connected to any nets. (LINT-28)
Warning: In design 'quant', port 'data_in[23]' is not connected to any nets. (LINT-28)
Warning: In design 'quant', port 'data_in[22]' is not connected to any nets. (LINT-28)
Warning: In design 'quant', port 'data_in[21]' is not connected to any nets. (LINT-28)
Warning: In design 'quant', port 'data_in[20]' is not connected to any nets. (LINT-28)
Warning: In design 'quant', port 'data_in[19]' is not connected to any nets. (LINT-28)
Warning: In design 'quant', port 'data_in[18]' is not connected to any nets. (LINT-28)
Warning: In design 'quant', port 'data_in[17]' is not connected to any nets. (LINT-28)
Warning: In design 'quant', port 'data_in[16]' is not connected to any nets. (LINT-28)
Warning: In design 'quant', port 'data_in[7]' is not connected to any nets. (LINT-28)
Warning: In design 'quant', port 'data_in[6]' is not connected to any nets. (LINT-28)
Warning: In design 'quant', port 'data_in[5]' is not connected to any nets. (LINT-28)
Warning: In design 'quant', port 'data_in[4]' is not connected to any nets. (LINT-28)
Warning: In design 'quant', port 'data_in[3]' is not connected to any nets. (LINT-28)
Warning: In design 'quant', port 'data_in[2]' is not connected to any nets. (LINT-28)
Warning: In design 'quant', port 'data_in[1]' is not connected to any nets. (LINT-28)
Warning: In design 'quant', port 'data_in[0]' is not connected to any nets. (LINT-28)
Warning: In design 'quant', input port 'data_in[15]' is connected directly to output port 'data_out[7]'. (LINT-29)
Warning: In design 'quant', input port 'data_in[14]' is connected directly to output port 'data_out[6]'. (LINT-29)
Warning: In design 'quant', input port 'data_in[13]' is connected directly to output port 'data_out[5]'. (LINT-29)
Warning: In design 'quant', input port 'data_in[12]' is connected directly to output port 'data_out[4]'. (LINT-29)
Warning: In design 'quant', input port 'data_in[11]' is connected directly to output port 'data_out[3]'. (LINT-29)
Warning: In design 'quant', input port 'data_in[10]' is connected directly to output port 'data_out[2]'. (LINT-29)
Warning: In design 'quant', input port 'data_in[9]' is connected directly to output port 'data_out[1]'. (LINT-29)
Warning: In design 'quant', input port 'data_in[8]' is connected directly to output port 'data_out[0]'. (LINT-29)
Warning: In design 'dilation_offsets', output port 'read_offsets[0][8]' is connected directly to output port 'read_offsets[2][0]'. (LINT-31)
Warning: In design 'dilation_offsets', output port 'read_offsets[0][8]' is connected directly to output port 'read_offsets[2][2]'. (LINT-31)
Warning: In design 'dilation_offsets', output port 'read_offsets[0][8]' is connected directly to output port 'read_offsets[2][3]'. (LINT-31)
Warning: In design 'dilation_offsets', output port 'read_offsets[0][8]' is connected directly to output port 'read_offsets[2][4]'. (LINT-31)
Warning: In design 'dilation_offsets', output port 'read_offsets[0][8]' is connected directly to output port 'read_offsets[2][5]'. (LINT-31)
Warning: In design 'dilation_offsets', output port 'read_offsets[0][8]' is connected directly to output port 'read_offsets[2][6]'. (LINT-31)
Warning: In design 'dilation_offsets', output port 'read_offsets[0][8]' is connected directly to output port 'read_offsets[2][7]'. (LINT-31)
Warning: In design 'dilation_offsets', output port 'read_offsets[0][8]' is connected directly to output port 'read_offsets[2][8]'. (LINT-31)
Warning: In design 'dilation_offsets', output port 'read_offsets[0][8]' is connected directly to output port 'read_offsets[1][1]'. (LINT-31)
Warning: In design 'dilation_offsets', output port 'read_offsets[0][8]' is connected directly to output port 'read_offsets[1][2]'. (LINT-31)
Warning: In design 'dilation_offsets', output port 'read_offsets[0][8]' is connected directly to output port 'read_offsets[1][3]'. (LINT-31)
Warning: In design 'dilation_offsets', output port 'read_offsets[0][8]' is connected directly to output port 'read_offsets[1][4]'. (LINT-31)
Warning: In design 'dilation_offsets', output port 'read_offsets[0][8]' is connected directly to output port 'read_offsets[1][5]'. (LINT-31)
Warning: In design 'dilation_offsets', output port 'read_offsets[0][8]' is connected directly to output port 'read_offsets[1][6]'. (LINT-31)
Warning: In design 'dilation_offsets', output port 'read_offsets[0][8]' is connected directly to output port 'read_offsets[1][7]'. (LINT-31)
Warning: In design 'dilation_offsets', output port 'read_offsets[0][8]' is connected directly to output port 'read_offsets[1][8]'. (LINT-31)
Warning: In design 'dilation_offsets', output port 'read_offsets[0][8]' is connected directly to output port 'read_offsets[0][0]'. (LINT-31)
Warning: In design 'dilation_offsets', output port 'read_offsets[0][8]' is connected directly to output port 'read_offsets[0][1]'. (LINT-31)
Warning: In design 'dilation_offsets', output port 'read_offsets[0][8]' is connected directly to output port 'read_offsets[0][2]'. (LINT-31)
Warning: In design 'dilation_offsets', output port 'read_offsets[0][8]' is connected directly to output port 'read_offsets[0][3]'. (LINT-31)
Warning: In design 'dilation_offsets', output port 'read_offsets[0][8]' is connected directly to output port 'read_offsets[0][4]'. (LINT-31)
Warning: In design 'dilation_offsets', output port 'read_offsets[0][8]' is connected directly to output port 'read_offsets[0][5]'. (LINT-31)
Warning: In design 'dilation_offsets', output port 'read_offsets[0][8]' is connected directly to output port 'read_offsets[0][6]'. (LINT-31)
Warning: In design 'dilation_offsets', output port 'read_offsets[0][8]' is connected directly to output port 'read_offsets[0][7]'. (LINT-31)
Warning: In design 'dilation_offsets', output port 'read_offsets[1][0]' is connected directly to output port 'read_offsets[2][1]'. (LINT-31)
Warning: In design 'dilation_offsets', output port 'read_offsets[0][8]' is connected directly to 'logic 0'. (LINT-52)
Warning: In design 'dilation_offsets', output port 'read_offsets[0][7]' is connected directly to 'logic 0'. (LINT-52)
Warning: In design 'dilation_offsets', output port 'read_offsets[0][6]' is connected directly to 'logic 0'. (LINT-52)
Warning: In design 'dilation_offsets', output port 'read_offsets[0][5]' is connected directly to 'logic 0'. (LINT-52)
Warning: In design 'dilation_offsets', output port 'read_offsets[0][4]' is connected directly to 'logic 0'. (LINT-52)
Warning: In design 'dilation_offsets', output port 'read_offsets[0][3]' is connected directly to 'logic 0'. (LINT-52)
Warning: In design 'dilation_offsets', output port 'read_offsets[0][2]' is connected directly to 'logic 0'. (LINT-52)
Warning: In design 'dilation_offsets', output port 'read_offsets[0][1]' is connected directly to 'logic 0'. (LINT-52)
Warning: In design 'dilation_offsets', output port 'read_offsets[0][0]' is connected directly to 'logic 0'. (LINT-52)
Warning: In design 'dilation_offsets', output port 'read_offsets[1][8]' is connected directly to 'logic 0'. (LINT-52)
Warning: In design 'dilation_offsets', output port 'read_offsets[1][7]' is connected directly to 'logic 0'. (LINT-52)
Warning: In design 'dilation_offsets', output port 'read_offsets[1][6]' is connected directly to 'logic 0'. (LINT-52)
Warning: In design 'dilation_offsets', output port 'read_offsets[1][5]' is connected directly to 'logic 0'. (LINT-52)
Warning: In design 'dilation_offsets', output port 'read_offsets[1][4]' is connected directly to 'logic 0'. (LINT-52)
Warning: In design 'dilation_offsets', output port 'read_offsets[1][3]' is connected directly to 'logic 0'. (LINT-52)
Warning: In design 'dilation_offsets', output port 'read_offsets[1][2]' is connected directly to 'logic 0'. (LINT-52)
Warning: In design 'dilation_offsets', output port 'read_offsets[1][1]' is connected directly to 'logic 0'. (LINT-52)
Warning: In design 'dilation_offsets', output port 'read_offsets[1][0]' is connected directly to 'logic 1'. (LINT-52)
Warning: In design 'dilation_offsets', output port 'read_offsets[2][8]' is connected directly to 'logic 0'. (LINT-52)
Warning: In design 'dilation_offsets', output port 'read_offsets[2][7]' is connected directly to 'logic 0'. (LINT-52)
Warning: In design 'dilation_offsets', output port 'read_offsets[2][6]' is connected directly to 'logic 0'. (LINT-52)
Warning: In design 'dilation_offsets', output port 'read_offsets[2][5]' is connected directly to 'logic 0'. (LINT-52)
Warning: In design 'dilation_offsets', output port 'read_offsets[2][4]' is connected directly to 'logic 0'. (LINT-52)
Warning: In design 'dilation_offsets', output port 'read_offsets[2][3]' is connected directly to 'logic 0'. (LINT-52)
Warning: In design 'dilation_offsets', output port 'read_offsets[2][2]' is connected directly to 'logic 0'. (LINT-52)
Warning: In design 'dilation_offsets', output port 'read_offsets[2][1]' is connected directly to 'logic 1'. (LINT-52)
Warning: In design 'dilation_offsets', output port 'read_offsets[2][0]' is connected directly to 'logic 0'. (LINT-52)
1
