 
****************************************
Report : power
        -analysis_effort low
Design : MAC_pipeline
Version: X-2025.06-SP4
Date   : Tue May 19 21:12:03 2026
****************************************


Library(s) Used:

    NangateOpenCellLibrary (File: /afs/glue.umd.edu/home/glue/r/g/rgaffere/home/TCN/pdk/NangateOpenCellLibrary_typical.db)


Operating Conditions: typical   Library: NangateOpenCellLibrary
Wire Load Model Mode: top

Design        Wire Load Model            Library
------------------------------------------------
MAC_pipeline           5K_hvratio_1_1    NangateOpenCellLibrary


Global Operating Voltage = 1.1  
Power-specific unit information :
    Voltage Units = 1V
    Capacitance Units = 1.000000ff
    Time Units = 1ns
    Dynamic Power Units = 1uW    (derived from V,C,T units)
    Leakage Power Units = 1nW


Attributes
----------
i - Including register clock pin internal power


  Cell Internal Power  = 313.3551 uW   (82%)
  Net Switching Power  =  68.1199 uW   (18%)
                         ---------
Total Dynamic Power    = 381.4750 uW  (100%)

Cell Leakage Power     =  16.3695 uW


                 Internal         Switching           Leakage            Total
Power Group      Power            Power               Power              Power   (   %    )  Attrs
--------------------------------------------------------------------------------------------------
io_pad             0.0000            0.0000            0.0000            0.0000  (   0.00%)
memory             0.0000            0.0000            0.0000            0.0000  (   0.00%)
black_box          0.0000            0.0000            0.0000            0.0000  (   0.00%)
clock_network    201.0127            0.0000            0.0000          201.0127  (  50.53%)  i
register          45.1324           12.5711        6.9956e+03           64.6992  (  16.26%)
sequential         0.0000            0.0000            0.0000            0.0000  (   0.00%)
combinational     67.2100           55.5488        9.3738e+03          132.1326  (  33.21%)
--------------------------------------------------------------------------------------------------
Total            313.3551 uW        68.1199 uW     1.6369e+04 nW       397.8445 uW
1
