 
****************************************
Report : timing
        -path full
        -delay max
        -max_paths 1
Design : MAC_pipeline
Version: X-2025.06-SP4
Date   : Wed May 13 00:38:20 2026
****************************************

Operating Conditions: nom_pvt   Library: lsi_10k
Wire Load Model Mode: top

  Startpoint: acc_in_reg_reg[0]
              (rising edge-triggered flip-flop clocked by clk)
  Endpoint: acc_out_reg[23]
            (rising edge-triggered flip-flop clocked by clk)
  Path Group: clk
  Path Type: max

  Point                                    Incr       Path
  -----------------------------------------------------------
  clock clk (rise edge)                    0.00       0.00
  clock network delay (ideal)              0.00       0.00
  acc_in_reg_reg[0]/CP (FD2)               0.00       0.00 r
  acc_in_reg_reg[0]/Q (FD2)                1.53       1.53 f
  U89/Z (AN2P)                             0.98       2.51 f
  U90/Z (MUX21LP)                          1.06       3.56 r
  U91/Z (MUX21L)                           0.96       4.52 r
  U92/Z (MUX21L)                           0.96       5.48 r
  U93/Z (MUX21LP)                          1.06       6.53 r
  U94/Z (MUX21LP)                          1.42       7.96 r
  U186/Z (EO)                              1.13       9.08 f
  acc_out_reg[23]/D (FD2)                  0.00       9.08 f
  data arrival time                                   9.08

  clock clk (rise edge)                   10.00      10.00
  clock network delay (ideal)              0.00      10.00
  acc_out_reg[23]/CP (FD2)                 0.00      10.00 r
  library setup time                      -0.85       9.15
  data required time                                  9.15
  -----------------------------------------------------------
  data required time                                  9.15
  data arrival time                                  -9.08
  -----------------------------------------------------------
  slack (MET)                                         0.07


1
