 
****************************************
Report : constraint
        -all_violators
Design : resi_block
Version: X-2025.06-SP4
Date   : Wed Jul  1 01:01:09 2026
****************************************


   max_transition

                             Required        Actual
   Net                      Transition     Transition        Slack
   -----------------------------------------------------------------
   n24509                       0.50           0.66          -0.16  (VIOLATED)
       PIN :   gen_ring_banks[0].ring_bank1/u_ring_sram/web0
                                0.50           0.66          -0.16  (VIOLATED)
   n24508                       0.50           0.66          -0.16  (VIOLATED)
       PIN :   gen_ring_banks[3].ring_bank1/u_ring_sram/csb0
                                0.50           0.66          -0.16  (VIOLATED)
   n24510                       0.50           0.66          -0.16  (VIOLATED)
       PIN :   gen_ring_banks[3].ring_bank1/u_ring_sram/web0
                                0.50           0.66          -0.16  (VIOLATED)
       PIN :   gen_ring_banks[0].ring_bank1/u_ring_sram/csb0
                                0.50           0.66          -0.16  (VIOLATED)
   n24511                       0.50           0.55          -0.05  (VIOLATED)
       PIN :   gen_ring_banks[0].ring_bank2/u_ring_sram/web0
                                0.50           0.55          -0.05  (VIOLATED)
       PIN :   gen_ring_banks[0].ring_bank2/u_ring_sram/csb0
                                0.50           0.55          -0.05  (VIOLATED)
       PIN :   gen_ring_banks[1].ring_bank2/u_ring_sram/web0
                                0.50           0.55          -0.05  (VIOLATED)
       PIN :   gen_ring_banks[1].ring_bank2/u_ring_sram/csb0
                                0.50           0.55          -0.05  (VIOLATED)
       PIN :   gen_ring_banks[2].ring_bank2/u_ring_sram/web0
                                0.50           0.55          -0.05  (VIOLATED)
       PIN :   gen_ring_banks[2].ring_bank2/u_ring_sram/csb0
                                0.50           0.55          -0.05  (VIOLATED)
       PIN :   gen_ring_banks[3].ring_bank2/u_ring_sram/web0
                                0.50           0.55          -0.05  (VIOLATED)
       PIN :   gen_ring_banks[3].ring_bank2/u_ring_sram/csb0
                                0.50           0.55          -0.05  (VIOLATED)
   n23626                       1.50           1.54          -0.04  (VIOLATED)
       PIN :   U26064/B         1.50           1.54          -0.04  (VIOLATED)
       PIN :   U26065/B2        1.50           1.54          -0.04  (VIOLATED)
       PIN :   U26073/B         1.50           1.54          -0.04  (VIOLATED)
       PIN :   U26074/B2        1.50           1.54          -0.04  (VIOLATED)
       PIN :   U26086/B2        1.50           1.54          -0.04  (VIOLATED)
       PIN :   U26088/B2        1.50           1.54          -0.04  (VIOLATED)
       PIN :   U26090/B         1.50           1.54          -0.04  (VIOLATED)
       PIN :   U26107/B2        1.50           1.54          -0.04  (VIOLATED)
       PIN :   U26111/B         1.50           1.54          -0.04  (VIOLATED)
       PIN :   U26140/B2        1.50           1.54          -0.04  (VIOLATED)
       PIN :   U26144/B         1.50           1.54          -0.04  (VIOLATED)
       PIN :   U26165/B         1.50           1.54          -0.04  (VIOLATED)
       PIN :   U26182/B2        1.50           1.54          -0.04  (VIOLATED)
       PIN :   U26186/B         1.50           1.54          -0.04  (VIOLATED)
       PIN :   U26195/B2        1.50           1.54          -0.04  (VIOLATED)
       PIN :   U26201/B2        1.50           1.54          -0.04  (VIOLATED)
       PIN :   U26207/B         1.50           1.54          -0.04  (VIOLATED)
       PIN :   U26208/B2        1.50           1.54          -0.04  (VIOLATED)
       PIN :   U26220/B2        1.50           1.54          -0.04  (VIOLATED)
       PIN :   U26224/B2        1.50           1.54          -0.04  (VIOLATED)
       PIN :   U26226/B2        1.50           1.54          -0.04  (VIOLATED)
       PIN :   U26228/B         1.50           1.54          -0.04  (VIOLATED)
       PIN :   U26229/B2        1.50           1.54          -0.04  (VIOLATED)
       PIN :   U26237/B2        1.50           1.54          -0.04  (VIOLATED)
       PIN :   U26270/B         1.50           1.54          -0.04  (VIOLATED)
       PIN :   U26271/B2        1.50           1.54          -0.04  (VIOLATED)
       PIN :   U26279/B2        1.50           1.54          -0.04  (VIOLATED)
       PIN :   U26291/B         1.50           1.54          -0.04  (VIOLATED)
       PIN :   U26292/B2        1.50           1.54          -0.04  (VIOLATED)
       PIN :   U26312/B         1.50           1.54          -0.04  (VIOLATED)
       PIN :   U26323/B2        1.50           1.54          -0.04  (VIOLATED)
       PIN :   U26331/B2        1.50           1.54          -0.04  (VIOLATED)
       PIN :   U26333/B         1.50           1.54          -0.04  (VIOLATED)
       PIN :   U26334/B2        1.50           1.54          -0.04  (VIOLATED)
       PIN :   U26342/B2        1.50           1.54          -0.04  (VIOLATED)
       PIN :   U26348/B2        1.50           1.54          -0.04  (VIOLATED)
       PIN :   U26350/B2        1.50           1.54          -0.04  (VIOLATED)
       PIN :   U26354/B         1.50           1.54          -0.04  (VIOLATED)
       PIN :   U26355/B2        1.50           1.54          -0.04  (VIOLATED)
       PIN :   U26363/B2        1.50           1.54          -0.04  (VIOLATED)
       PIN :   U26365/B2        1.50           1.54          -0.04  (VIOLATED)
       PIN :   U26369/B2        1.50           1.54          -0.04  (VIOLATED)
       PIN :   U26371/B2        1.50           1.54          -0.04  (VIOLATED)
       PIN :   U26375/B         1.50           1.54          -0.04  (VIOLATED)
       PIN :   U26376/B2        1.50           1.54          -0.04  (VIOLATED)
       PIN :   U26384/B2        1.50           1.54          -0.04  (VIOLATED)
       PIN :   U26386/B2        1.50           1.54          -0.04  (VIOLATED)
       PIN :   U26390/B2        1.50           1.54          -0.04  (VIOLATED)
       PIN :   U26392/B2        1.50           1.54          -0.04  (VIOLATED)
       PIN :   U26394/B2        1.50           1.54          -0.04  (VIOLATED)
       PIN :   U26396/B2        1.50           1.54          -0.04  (VIOLATED)
       PIN :   U26063/X         1.51           1.54          -0.03  (VIOLATED)
   n4405                        0.04           0.05          -0.01  (VIOLATED)
       PIN :   gen_ring_banks[0].ring_bank2/u_ring_sram/addr1[0]
                                0.04           0.05          -0.01  (VIOLATED)
   n4406                        0.04           0.05          -0.01  (VIOLATED)
       PIN :   gen_ring_banks[2].ring_bank2/u_ring_sram/addr1[0]
                                0.04           0.05          -0.01  (VIOLATED)
   n4432                        0.04           0.05          -0.01  (VIOLATED)
       PIN :   gen_ring_banks[3].ring_bank1/u_ring_sram/addr1[0]
                                0.04           0.05          -0.01  (VIOLATED)
   n4434                        0.04           0.05          -0.01  (VIOLATED)
       PIN :   gen_ring_banks[1].ring_bank1/u_ring_sram/addr1[0]
                                0.04           0.05          -0.01  (VIOLATED)
   n4452                        0.04           0.05          -0.01  (VIOLATED)
       PIN :   gen_ring_banks[0].ring_bank1/u_ring_sram/addr1[0]
                                0.04           0.05          -0.01  (VIOLATED)
   n4454                        0.04           0.05          -0.01  (VIOLATED)
       PIN :   gen_ring_banks[2].ring_bank1/u_ring_sram/addr1[0]
                                0.04           0.05          -0.01  (VIOLATED)
   n4411                        0.04           0.05          -0.01  (VIOLATED)
       PIN :   gen_ring_banks[3].ring_bank1/u_ring_sram/addr0[4]
                                0.04           0.05          -0.01  (VIOLATED)
   n4414                        0.04           0.05          -0.01  (VIOLATED)
       PIN :   gen_ring_banks[2].ring_bank1/u_ring_sram/addr0[4]
                                0.04           0.05          -0.01  (VIOLATED)
   n4408                        0.04           0.05          -0.01  (VIOLATED)
       PIN :   gen_ring_banks[0].ring_bank1/u_ring_sram/addr0[4]
                                0.04           0.05          -0.01  (VIOLATED)
   n4409                        0.04           0.05          -0.01  (VIOLATED)
       PIN :   gen_ring_banks[0].ring_bank1/u_ring_sram/addr0[6]
                                0.04           0.05          -0.01  (VIOLATED)
   n4412                        0.04           0.05          -0.01  (VIOLATED)
       PIN :   gen_ring_banks[3].ring_bank1/u_ring_sram/addr0[6]
                                0.04           0.05          -0.01  (VIOLATED)
   n4415                        0.04           0.05          -0.01  (VIOLATED)
       PIN :   gen_ring_banks[2].ring_bank1/u_ring_sram/addr0[6]
                                0.04           0.05          -0.01  (VIOLATED)
   n4417                        0.04           0.05          -0.01  (VIOLATED)
       PIN :   gen_ring_banks[1].ring_bank1/u_ring_sram/addr0[4]
                                0.04           0.05          -0.01  (VIOLATED)
   n4418                        0.04           0.05          -0.01  (VIOLATED)
       PIN :   gen_ring_banks[1].ring_bank1/u_ring_sram/addr0[6]
                                0.04           0.05          -0.01  (VIOLATED)
   n4421                        0.04           0.05          -0.01  (VIOLATED)
       PIN :   gen_ring_banks[3].ring_bank2/u_ring_sram/addr0[6]
                                0.04           0.05          -0.01  (VIOLATED)
   n4424                        0.04           0.05          -0.01  (VIOLATED)
       PIN :   gen_ring_banks[2].ring_bank2/u_ring_sram/addr0[6]
                                0.04           0.05          -0.01  (VIOLATED)
   n4426                        0.04           0.05          -0.01  (VIOLATED)
       PIN :   gen_ring_banks[1].ring_bank2/u_ring_sram/addr0[4]
                                0.04           0.05          -0.01  (VIOLATED)
   n4427                        0.04           0.05          -0.01  (VIOLATED)
       PIN :   gen_ring_banks[1].ring_bank2/u_ring_sram/addr0[6]
                                0.04           0.05          -0.01  (VIOLATED)
   n4429                        0.04           0.05          -0.01  (VIOLATED)
       PIN :   gen_ring_banks[0].ring_bank2/u_ring_sram/addr0[4]
                                0.04           0.05          -0.01  (VIOLATED)
   n4430                        0.04           0.05          -0.01  (VIOLATED)
       PIN :   gen_ring_banks[0].ring_bank2/u_ring_sram/addr0[6]
                                0.04           0.05          -0.01  (VIOLATED)
   n4407                        0.04           0.05          -0.01  (VIOLATED)
       PIN :   gen_ring_banks[0].ring_bank1/u_ring_sram/addr0[2]
                                0.04           0.05          -0.01  (VIOLATED)
   n4416                        0.04           0.05          -0.01  (VIOLATED)
       PIN :   gen_ring_banks[1].ring_bank1/u_ring_sram/addr0[2]
                                0.04           0.05          -0.01  (VIOLATED)
   n4419                        0.04           0.05          -0.01  (VIOLATED)
       PIN :   gen_ring_banks[3].ring_bank2/u_ring_sram/addr0[2]
                                0.04           0.05          -0.01  (VIOLATED)
   n4422                        0.04           0.05          -0.01  (VIOLATED)
       PIN :   gen_ring_banks[2].ring_bank2/u_ring_sram/addr0[2]
                                0.04           0.05          -0.01  (VIOLATED)
   n4425                        0.04           0.05          -0.01  (VIOLATED)
       PIN :   gen_ring_banks[1].ring_bank2/u_ring_sram/addr0[2]
                                0.04           0.05          -0.01  (VIOLATED)
   n4428                        0.04           0.05          -0.01  (VIOLATED)
       PIN :   gen_ring_banks[0].ring_bank2/u_ring_sram/addr0[2]
                                0.04           0.05          -0.01  (VIOLATED)
   n4410                        0.04           0.05          -0.01  (VIOLATED)
       PIN :   gen_ring_banks[3].ring_bank1/u_ring_sram/addr0[2]
                                0.04           0.05          -0.01  (VIOLATED)
   n4413                        0.04           0.05          -0.01  (VIOLATED)
       PIN :   gen_ring_banks[2].ring_bank1/u_ring_sram/addr0[2]
                                0.04           0.05          -0.01  (VIOLATED)
   n2400                        0.04           0.05          -0.01  (VIOLATED)
       PIN :   gen_ring_banks[3].ring_bank1/u_ring_sram/addr0[0]
                                0.04           0.05          -0.01  (VIOLATED)
   n2402                        0.04           0.05          -0.01  (VIOLATED)
       PIN :   gen_ring_banks[1].ring_bank1/u_ring_sram/addr0[0]
                                0.04           0.05          -0.01  (VIOLATED)
   n2404                        0.04           0.05          -0.01  (VIOLATED)
       PIN :   gen_ring_banks[0].ring_bank1/u_ring_sram/addr0[0]
                                0.04           0.05          -0.01  (VIOLATED)
   n2406                        0.04           0.05          -0.01  (VIOLATED)
       PIN :   gen_ring_banks[2].ring_bank1/u_ring_sram/addr0[0]
                                0.04           0.05          -0.01  (VIOLATED)
   n4403                        0.04           0.05          -0.01  (VIOLATED)
       PIN :   gen_ring_banks[1].ring_bank2/u_ring_sram/addr0[0]
                                0.04           0.05          -0.01  (VIOLATED)
   n4404                        0.04           0.05          -0.01  (VIOLATED)
       PIN :   gen_ring_banks[3].ring_bank2/u_ring_sram/addr0[0]
                                0.04           0.05          -0.01  (VIOLATED)
   n4388                        0.04           0.05          -0.01  (VIOLATED)
       PIN :   gen_ring_banks[1].ring_bank1/u_ring_sram/addr1[1]
                                0.04           0.05          -0.01  (VIOLATED)
   n4390                        0.04           0.05          -0.01  (VIOLATED)
       PIN :   gen_ring_banks[2].ring_bank1/u_ring_sram/addr1[1]
                                0.04           0.05          -0.01  (VIOLATED)
   n4392                        0.04           0.05          -0.01  (VIOLATED)
       PIN :   gen_ring_banks[3].ring_bank1/u_ring_sram/addr1[1]
                                0.04           0.05          -0.01  (VIOLATED)
   n4394                        0.04           0.05          -0.01  (VIOLATED)
       PIN :   gen_ring_banks[0].ring_bank1/u_ring_sram/addr1[1]
                                0.04           0.05          -0.01  (VIOLATED)
   n4380                        0.04           0.05          -0.01  (VIOLATED)
       PIN :   gen_ring_banks[0].ring_bank2/u_ring_sram/addr1[1]
                                0.04           0.05          -0.01  (VIOLATED)
   n4382                        0.04           0.05          -0.01  (VIOLATED)
       PIN :   gen_ring_banks[1].ring_bank2/u_ring_sram/addr1[1]
                                0.04           0.05          -0.01  (VIOLATED)
   n4384                        0.04           0.05          -0.01  (VIOLATED)
       PIN :   gen_ring_banks[2].ring_bank2/u_ring_sram/addr1[1]
                                0.04           0.05          -0.01  (VIOLATED)
   n4386                        0.04           0.05          -0.01  (VIOLATED)
       PIN :   gen_ring_banks[3].ring_bank2/u_ring_sram/addr1[1]
                                0.04           0.05          -0.01  (VIOLATED)
   n3983                        0.04           0.05          -0.01  (VIOLATED)
       PIN :   gen_ring_banks[2].ring_bank2/u_ring_sram/addr0[0]
                                0.04           0.05          -0.01  (VIOLATED)
   n3982                        0.04           0.05          -0.01  (VIOLATED)
       PIN :   gen_ring_banks[0].ring_bank2/u_ring_sram/addr0[0]
                                0.04           0.05          -0.01  (VIOLATED)
   n4436                        0.04           0.05          -0.01  (VIOLATED)
       PIN :   gen_ring_banks[0].ring_bank1/u_ring_sram/addr0[8]
                                0.04           0.05          -0.01  (VIOLATED)
   n4438                        0.04           0.05          -0.01  (VIOLATED)
       PIN :   gen_ring_banks[3].ring_bank1/u_ring_sram/addr0[8]
                                0.04           0.05          -0.01  (VIOLATED)
   n4440                        0.04           0.05          -0.01  (VIOLATED)
       PIN :   gen_ring_banks[2].ring_bank1/u_ring_sram/addr0[8]
                                0.04           0.05          -0.01  (VIOLATED)
   n4442                        0.04           0.05          -0.01  (VIOLATED)
       PIN :   gen_ring_banks[1].ring_bank1/u_ring_sram/addr0[8]
                                0.04           0.05          -0.01  (VIOLATED)
   n4444                        0.04           0.05          -0.01  (VIOLATED)
       PIN :   gen_ring_banks[3].ring_bank2/u_ring_sram/addr0[8]
                                0.04           0.05          -0.01  (VIOLATED)
   n4446                        0.04           0.05          -0.01  (VIOLATED)
       PIN :   gen_ring_banks[2].ring_bank2/u_ring_sram/addr0[8]
                                0.04           0.05          -0.01  (VIOLATED)
   n4448                        0.04           0.05          -0.01  (VIOLATED)
       PIN :   gen_ring_banks[1].ring_bank2/u_ring_sram/addr0[8]
                                0.04           0.05          -0.01  (VIOLATED)
   n4450                        0.04           0.05          -0.01  (VIOLATED)
       PIN :   gen_ring_banks[0].ring_bank2/u_ring_sram/addr0[8]
                                0.04           0.05          -0.01  (VIOLATED)
   n4336                        0.04           0.05          -0.01  (VIOLATED)
       PIN :   gen_ring_banks[0].ring_bank1/u_ring_sram/addr1[8]
                                0.04           0.05          -0.01  (VIOLATED)
   n4338                        0.04           0.05          -0.01  (VIOLATED)
       PIN :   gen_ring_banks[3].ring_bank1/u_ring_sram/addr1[8]
                                0.04           0.05          -0.01  (VIOLATED)
   n4340                        0.04           0.05          -0.01  (VIOLATED)
       PIN :   gen_ring_banks[2].ring_bank1/u_ring_sram/addr1[8]
                                0.04           0.05          -0.01  (VIOLATED)
   n4342                        0.04           0.05          -0.01  (VIOLATED)
       PIN :   gen_ring_banks[1].ring_bank1/u_ring_sram/addr1[8]
                                0.04           0.05          -0.01  (VIOLATED)
   n4344                        0.04           0.05          -0.01  (VIOLATED)
       PIN :   gen_ring_banks[3].ring_bank2/u_ring_sram/addr1[8]
                                0.04           0.05          -0.01  (VIOLATED)
   n4346                        0.04           0.05          -0.01  (VIOLATED)
       PIN :   gen_ring_banks[2].ring_bank2/u_ring_sram/addr1[8]
                                0.04           0.05          -0.01  (VIOLATED)
   n4348                        0.04           0.05          -0.01  (VIOLATED)
       PIN :   gen_ring_banks[1].ring_bank2/u_ring_sram/addr1[8]
                                0.04           0.05          -0.01  (VIOLATED)
   n4350                        0.04           0.05          -0.01  (VIOLATED)
       PIN :   gen_ring_banks[0].ring_bank2/u_ring_sram/addr1[8]
                                0.04           0.05          -0.01  (VIOLATED)
   gen_ring_banks[0].ring_bank1/read_addr[3]
                                0.04           0.05          -0.01  (VIOLATED)
       PIN :   gen_ring_banks[0].ring_bank1/u_ring_sram/addr1[3]
                                0.04           0.05          -0.01  (VIOLATED)
   gen_ring_banks[0].ring_bank2/read_addr[3]
                                0.04           0.05          -0.01  (VIOLATED)
       PIN :   gen_ring_banks[0].ring_bank2/u_ring_sram/addr1[3]
                                0.04           0.05          -0.01  (VIOLATED)
   gen_ring_banks[1].ring_bank1/read_addr[3]
                                0.04           0.05          -0.01  (VIOLATED)
       PIN :   gen_ring_banks[1].ring_bank1/u_ring_sram/addr1[3]
                                0.04           0.05          -0.01  (VIOLATED)
   gen_ring_banks[1].ring_bank2/read_addr[3]
                                0.04           0.05          -0.01  (VIOLATED)
       PIN :   gen_ring_banks[1].ring_bank2/u_ring_sram/addr1[3]
                                0.04           0.05          -0.01  (VIOLATED)
   gen_ring_banks[2].ring_bank1/read_addr[3]
                                0.04           0.05          -0.01  (VIOLATED)
       PIN :   gen_ring_banks[2].ring_bank1/u_ring_sram/addr1[3]
                                0.04           0.05          -0.01  (VIOLATED)
   gen_ring_banks[2].ring_bank2/read_addr[3]
                                0.04           0.05          -0.01  (VIOLATED)
       PIN :   gen_ring_banks[2].ring_bank2/u_ring_sram/addr1[3]
                                0.04           0.05          -0.01  (VIOLATED)
   gen_ring_banks[3].ring_bank1/read_addr[3]
                                0.04           0.05          -0.01  (VIOLATED)
       PIN :   gen_ring_banks[3].ring_bank1/u_ring_sram/addr1[3]
                                0.04           0.05          -0.01  (VIOLATED)
   gen_ring_banks[3].ring_bank2/read_addr[3]
                                0.04           0.05          -0.01  (VIOLATED)
       PIN :   gen_ring_banks[3].ring_bank2/u_ring_sram/addr1[3]
                                0.04           0.05          -0.01  (VIOLATED)
   gen_ring_banks[2].ring_bank1/read_addr[5]
                                0.04           0.05          -0.01  (VIOLATED)
       PIN :   gen_ring_banks[2].ring_bank1/u_ring_sram/addr1[5]
                                0.04           0.05          -0.01  (VIOLATED)
   gen_ring_banks[3].ring_bank1/read_addr[5]
                                0.04           0.05          -0.01  (VIOLATED)
       PIN :   gen_ring_banks[3].ring_bank1/u_ring_sram/addr1[5]
                                0.04           0.05          -0.01  (VIOLATED)
   gen_ring_banks[0].ring_bank1/read_addr[5]
                                0.04           0.05          -0.01  (VIOLATED)
       PIN :   gen_ring_banks[0].ring_bank1/u_ring_sram/addr1[5]
                                0.04           0.05          -0.01  (VIOLATED)
   gen_ring_banks[0].ring_bank2/read_addr[5]
                                0.04           0.05          -0.01  (VIOLATED)
       PIN :   gen_ring_banks[0].ring_bank2/u_ring_sram/addr1[5]
                                0.04           0.05          -0.01  (VIOLATED)
   gen_ring_banks[1].ring_bank1/read_addr[5]
                                0.04           0.05          -0.01  (VIOLATED)
       PIN :   gen_ring_banks[1].ring_bank1/u_ring_sram/addr1[5]
                                0.04           0.05          -0.01  (VIOLATED)
   gen_ring_banks[1].ring_bank2/read_addr[5]
                                0.04           0.05          -0.01  (VIOLATED)
       PIN :   gen_ring_banks[1].ring_bank2/u_ring_sram/addr1[5]
                                0.04           0.05          -0.01  (VIOLATED)
   gen_ring_banks[2].ring_bank2/read_addr[5]
                                0.04           0.05          -0.01  (VIOLATED)
       PIN :   gen_ring_banks[2].ring_bank2/u_ring_sram/addr1[5]
                                0.04           0.05          -0.01  (VIOLATED)
   gen_ring_banks[3].ring_bank2/read_addr[5]
                                0.04           0.05          -0.01  (VIOLATED)
       PIN :   gen_ring_banks[3].ring_bank2/u_ring_sram/addr1[5]
                                0.04           0.05          -0.01  (VIOLATED)
   gen_ring_banks[0].ring_bank1/read_addr[7]
                                0.04           0.05          -0.01  (VIOLATED)
       PIN :   gen_ring_banks[0].ring_bank1/u_ring_sram/addr1[7]
                                0.04           0.05          -0.01  (VIOLATED)
   gen_ring_banks[0].ring_bank2/read_addr[7]
                                0.04           0.05          -0.01  (VIOLATED)
       PIN :   gen_ring_banks[0].ring_bank2/u_ring_sram/addr1[7]
                                0.04           0.05          -0.01  (VIOLATED)
   gen_ring_banks[1].ring_bank1/read_addr[7]
                                0.04           0.05          -0.01  (VIOLATED)
       PIN :   gen_ring_banks[1].ring_bank1/u_ring_sram/addr1[7]
                                0.04           0.05          -0.01  (VIOLATED)
   gen_ring_banks[1].ring_bank2/read_addr[7]
                                0.04           0.05          -0.01  (VIOLATED)
       PIN :   gen_ring_banks[1].ring_bank2/u_ring_sram/addr1[7]
                                0.04           0.05          -0.01  (VIOLATED)
   gen_ring_banks[2].ring_bank1/read_addr[7]
                                0.04           0.05          -0.01  (VIOLATED)
       PIN :   gen_ring_banks[2].ring_bank1/u_ring_sram/addr1[7]
                                0.04           0.05          -0.01  (VIOLATED)
   gen_ring_banks[2].ring_bank2/read_addr[7]
                                0.04           0.05          -0.01  (VIOLATED)
       PIN :   gen_ring_banks[2].ring_bank2/u_ring_sram/addr1[7]
                                0.04           0.05          -0.01  (VIOLATED)
   gen_ring_banks[3].ring_bank1/read_addr[7]
                                0.04           0.05          -0.01  (VIOLATED)
       PIN :   gen_ring_banks[3].ring_bank1/u_ring_sram/addr1[7]
                                0.04           0.05          -0.01  (VIOLATED)
   gen_ring_banks[3].ring_bank2/read_addr[7]
                                0.04           0.05          -0.01  (VIOLATED)
       PIN :   gen_ring_banks[3].ring_bank2/u_ring_sram/addr1[7]
                                0.04           0.05          -0.01  (VIOLATED)
   n4456                        0.04           0.05          -0.01  (VIOLATED)
       PIN :   gen_ring_banks[0].ring_bank1/u_ring_sram/addr0[3]
                                0.04           0.05          -0.01  (VIOLATED)
   n4458                        0.04           0.05          -0.01  (VIOLATED)
       PIN :   gen_ring_banks[3].ring_bank1/u_ring_sram/addr0[3]
                                0.04           0.05          -0.01  (VIOLATED)
   n4460                        0.04           0.05          -0.01  (VIOLATED)
       PIN :   gen_ring_banks[2].ring_bank1/u_ring_sram/addr0[3]
                                0.04           0.05          -0.01  (VIOLATED)
   n4462                        0.04           0.05          -0.01  (VIOLATED)
       PIN :   gen_ring_banks[1].ring_bank1/u_ring_sram/addr0[3]
                                0.04           0.05          -0.01  (VIOLATED)
   n4464                        0.04           0.05          -0.01  (VIOLATED)
       PIN :   gen_ring_banks[3].ring_bank2/u_ring_sram/addr0[3]
                                0.04           0.05          -0.01  (VIOLATED)
   n4466                        0.04           0.05          -0.01  (VIOLATED)
       PIN :   gen_ring_banks[2].ring_bank2/u_ring_sram/addr0[3]
                                0.04           0.05          -0.01  (VIOLATED)
   n4468                        0.04           0.05          -0.01  (VIOLATED)
       PIN :   gen_ring_banks[1].ring_bank2/u_ring_sram/addr0[3]
                                0.04           0.05          -0.01  (VIOLATED)
   n4470                        0.04           0.05          -0.01  (VIOLATED)
       PIN :   gen_ring_banks[0].ring_bank2/u_ring_sram/addr0[3]
                                0.04           0.05          -0.01  (VIOLATED)
   n4371                        0.04           0.05          -0.01  (VIOLATED)
       PIN :   gen_ring_banks[2].ring_bank1/u_ring_sram/addr1[2]
                                0.04           0.05          -0.01  (VIOLATED)
   n4373                        0.04           0.05          -0.01  (VIOLATED)
       PIN :   gen_ring_banks[3].ring_bank1/u_ring_sram/addr1[2]
                                0.04           0.05          -0.01  (VIOLATED)
   n4354                        0.04           0.05          -0.01  (VIOLATED)
       PIN :   gen_ring_banks[2].ring_bank1/u_ring_sram/addr1[4]
                                0.04           0.05          -0.01  (VIOLATED)
   n4357                        0.04           0.05          -0.01  (VIOLATED)
       PIN :   gen_ring_banks[3].ring_bank1/u_ring_sram/addr1[4]
                                0.04           0.05          -0.01  (VIOLATED)
   n4472                        0.04           0.05          -0.01  (VIOLATED)
       PIN :   gen_ring_banks[0].ring_bank1/u_ring_sram/addr0[5]
                                0.04           0.05          -0.01  (VIOLATED)
   n4474                        0.04           0.05          -0.01  (VIOLATED)
       PIN :   gen_ring_banks[0].ring_bank1/u_ring_sram/addr0[7]
                                0.04           0.05          -0.01  (VIOLATED)
   n4476                        0.04           0.05          -0.01  (VIOLATED)
       PIN :   gen_ring_banks[3].ring_bank1/u_ring_sram/addr0[5]
                                0.04           0.05          -0.01  (VIOLATED)
   n4478                        0.04           0.05          -0.01  (VIOLATED)
       PIN :   gen_ring_banks[3].ring_bank1/u_ring_sram/addr0[7]
                                0.04           0.05          -0.01  (VIOLATED)
   n4480                        0.04           0.05          -0.01  (VIOLATED)
       PIN :   gen_ring_banks[2].ring_bank1/u_ring_sram/addr0[5]
                                0.04           0.05          -0.01  (VIOLATED)
   n4482                        0.04           0.05          -0.01  (VIOLATED)
       PIN :   gen_ring_banks[2].ring_bank1/u_ring_sram/addr0[7]
                                0.04           0.05          -0.01  (VIOLATED)
   n4484                        0.04           0.05          -0.01  (VIOLATED)
       PIN :   gen_ring_banks[1].ring_bank1/u_ring_sram/addr0[5]
                                0.04           0.05          -0.01  (VIOLATED)
   n4486                        0.04           0.05          -0.01  (VIOLATED)
       PIN :   gen_ring_banks[1].ring_bank1/u_ring_sram/addr0[7]
                                0.04           0.05          -0.01  (VIOLATED)
   n4488                        0.04           0.05          -0.01  (VIOLATED)
       PIN :   gen_ring_banks[3].ring_bank2/u_ring_sram/addr0[5]
                                0.04           0.05          -0.01  (VIOLATED)
   n4490                        0.04           0.05          -0.01  (VIOLATED)
       PIN :   gen_ring_banks[3].ring_bank2/u_ring_sram/addr0[7]
                                0.04           0.05          -0.01  (VIOLATED)
   n4492                        0.04           0.05          -0.01  (VIOLATED)
       PIN :   gen_ring_banks[2].ring_bank2/u_ring_sram/addr0[5]
                                0.04           0.05          -0.01  (VIOLATED)
   n4494                        0.04           0.05          -0.01  (VIOLATED)
       PIN :   gen_ring_banks[2].ring_bank2/u_ring_sram/addr0[7]
                                0.04           0.05          -0.01  (VIOLATED)
   n4496                        0.04           0.05          -0.01  (VIOLATED)
       PIN :   gen_ring_banks[1].ring_bank2/u_ring_sram/addr0[5]
                                0.04           0.05          -0.01  (VIOLATED)
   n4498                        0.04           0.05          -0.01  (VIOLATED)
       PIN :   gen_ring_banks[1].ring_bank2/u_ring_sram/addr0[7]
                                0.04           0.05          -0.01  (VIOLATED)
   n4500                        0.04           0.05          -0.01  (VIOLATED)
       PIN :   gen_ring_banks[0].ring_bank2/u_ring_sram/addr0[5]
                                0.04           0.05          -0.01  (VIOLATED)
   n4502                        0.04           0.05          -0.01  (VIOLATED)
       PIN :   gen_ring_banks[0].ring_bank2/u_ring_sram/addr0[7]
                                0.04           0.05          -0.01  (VIOLATED)
   n3984                        0.04           0.05          -0.01  (VIOLATED)
       PIN :   gen_ring_banks[1].ring_bank2/u_ring_sram/addr1[0]
                                0.04           0.05          -0.01  (VIOLATED)
   n3985                        0.04           0.05          -0.01  (VIOLATED)
       PIN :   gen_ring_banks[3].ring_bank2/u_ring_sram/addr1[0]
                                0.04           0.05          -0.01  (VIOLATED)
   n4506                        0.04           0.05          -0.01  (VIOLATED)
       PIN :   gen_ring_banks[0].ring_bank1/u_ring_sram/addr0[1]
                                0.04           0.05          -0.01  (VIOLATED)
   n4507                        0.04           0.05          -0.01  (VIOLATED)
       PIN :   gen_ring_banks[3].ring_bank1/u_ring_sram/addr0[1]
                                0.04           0.05          -0.01  (VIOLATED)
   n4508                        0.04           0.05          -0.01  (VIOLATED)
       PIN :   gen_ring_banks[2].ring_bank1/u_ring_sram/addr0[1]
                                0.04           0.05          -0.01  (VIOLATED)
   n4509                        0.04           0.05          -0.01  (VIOLATED)
       PIN :   gen_ring_banks[1].ring_bank1/u_ring_sram/addr0[1]
                                0.04           0.05          -0.01  (VIOLATED)
   n4510                        0.04           0.05          -0.01  (VIOLATED)
       PIN :   gen_ring_banks[0].ring_bank2/u_ring_sram/addr0[1]
                                0.04           0.05          -0.01  (VIOLATED)
   n4503                        0.04           0.05          -0.01  (VIOLATED)
       PIN :   gen_ring_banks[3].ring_bank2/u_ring_sram/addr0[1]
                                0.04           0.05          -0.01  (VIOLATED)
   n4504                        0.04           0.05          -0.01  (VIOLATED)
       PIN :   gen_ring_banks[2].ring_bank2/u_ring_sram/addr0[1]
                                0.04           0.05          -0.01  (VIOLATED)
   n4505                        0.04           0.05          -0.01  (VIOLATED)
       PIN :   gen_ring_banks[1].ring_bank2/u_ring_sram/addr0[1]
                                0.04           0.05          -0.01  (VIOLATED)
   n4355                        0.04           0.04           0.00  (VIOLATED: increase significant digits)
   n4358                        0.04           0.04           0.00  (VIOLATED: increase significant digits)
   n4366                        0.04           0.04           0.00  (VIOLATED: increase significant digits)
   n4368                        0.04           0.04           0.00  (VIOLATED: increase significant digits)
   n4352                        0.04           0.04           0.00  (VIOLATED: increase significant digits)
   n4360                        0.04           0.04           0.00  (VIOLATED: increase significant digits)
   n4362                        0.04           0.04           0.00  (VIOLATED: increase significant digits)
   n4364                        0.04           0.04           0.00  (VIOLATED: increase significant digits)
   n4351                        0.04           0.04           0.00  (VIOLATED: increase significant digits)
   n4359                        0.04           0.04           0.00  (VIOLATED: increase significant digits)
   n4361                        0.04           0.04           0.00  (VIOLATED: increase significant digits)
   n4363                        0.04           0.04           0.00  (VIOLATED: increase significant digits)
   n4365                        0.04           0.04           0.00  (VIOLATED: increase significant digits)
   n4367                        0.04           0.04           0.00  (VIOLATED: increase significant digits)
   n4369                        0.04           0.04           0.00  (VIOLATED: increase significant digits)
   n4374                        0.04           0.04           0.00  (VIOLATED: increase significant digits)
   n4375                        0.04           0.04           0.00  (VIOLATED: increase significant digits)
   n4376                        0.04           0.04           0.00  (VIOLATED: increase significant digits)
   n4377                        0.04           0.04           0.00  (VIOLATED: increase significant digits)
   n4378                        0.04           0.04           0.00  (VIOLATED: increase significant digits)
   n4420                        0.04           0.04           0.00  (VIOLATED: increase significant digits)
   n4423                        0.04           0.04           0.00  (VIOLATED: increase significant digits)

   -----------------------------------------------------------------
   Total                      149                -1.92  

   max_area

                             Required        Actual
   Design                      Area           Area           Slack
   -----------------------------------------------------------------
   resi_block                   0.00       2484237.25     -2484237.25
                                                                    (VIOLATED)


   max_leakage_power

                             Required        Actual
   Design                   Leakage Power  Leakage Power     Slack
   -----------------------------------------------------------------
   resi_block                   0.00       141891.73      -141891.73
                                                                    (VIOLATED)


1
